{"timestamp":"2025-07-13T04:18:09.337332","level":"info","event":"DAG bundles loaded: dags-folder","logger":"airflow.dag_processing.bundles.manager.DagBundlesManager"}
{"timestamp":"2025-07-13T04:18:09.337974","level":"info","event":"Filling up the DagBag from /opt/airflow/dags/bronze.py","logger":"airflow.models.dagbag.DagBag"}
{"timestamp":"2025-07-13T04:18:09.514237","level":"info","event":"Connection Retrieved 'spark_default'","logger":"airflow.hooks.base"}
{"timestamp":"2025-07-13T04:18:09.515496","level":"info","event":"Spark-Submit cmd: spark-submit --master spark-master:7077 --conf spark.master=spark://spark-master:7077 --conf spark.submit.deployMode=client --conf spark.hadoop.fs.s3a.endpoint=http://minio:9000 --conf spark.hadoop.fs.s3a.access.key=ZPnglo5gVhmWx1iC0FdY --conf spark.hadoop.fs.s3a.secret.key=****** --conf spark.hadoop.fs.s3a.path.style.access=true --conf spark.hadoop.fs.s3a.impl=org.apache.hadoop.fs.s3a.S3AFileSystem --conf spark.hadoop.fs.s3a.connection.ssl.enabled=false --conf spark.executor.memory=2g --conf spark.driver.memory=1g --conf spark.executor.cores=2 --executor-cores 2 --executor-memory 2g --driver-memory 1g --name minio_processing_job --verbose /opt/spark-jobs/spark_job.py","logger":"airflow.task.hooks.airflow.providers.apache.spark.hooks.spark_submit.SparkSubmitHook"}
{"timestamp":"2025-07-13T04:18:09.576606","level":"info","event":"/home/airflow/.local/lib/python3.12/site-packages/pyspark/bin/load-spark-env.sh: line 68: ps: command not found","logger":"airflow.task.hooks.airflow.providers.apache.spark.hooks.spark_submit.SparkSubmitHook"}
{"timestamp":"2025-07-13T04:18:10.870609","level":"info","event":"Using properties file: null","logger":"airflow.task.hooks.airflow.providers.apache.spark.hooks.spark_submit.SparkSubmitHook"}
{"timestamp":"2025-07-13T04:18:10.959639","level":"info","event":"Parsed arguments:","logger":"airflow.task.hooks.airflow.providers.apache.spark.hooks.spark_submit.SparkSubmitHook"}
{"timestamp":"2025-07-13T04:18:10.959803","level":"info","event":"master                  spark-master:7077","logger":"airflow.task.hooks.airflow.providers.apache.spark.hooks.spark_submit.SparkSubmitHook"}
{"timestamp":"2025-07-13T04:18:10.959865","level":"info","event":"remote                  null","logger":"airflow.task.hooks.airflow.providers.apache.spark.hooks.spark_submit.SparkSubmitHook"}
{"timestamp":"2025-07-13T04:18:10.959910","level":"info","event":"deployMode              client","logger":"airflow.task.hooks.airflow.providers.apache.spark.hooks.spark_submit.SparkSubmitHook"}
{"timestamp":"2025-07-13T04:18:10.959953","level":"info","event":"executorMemory          2g","logger":"airflow.task.hooks.airflow.providers.apache.spark.hooks.spark_submit.SparkSubmitHook"}
{"timestamp":"2025-07-13T04:18:10.960032","level":"info","event":"executorCores           2","logger":"airflow.task.hooks.airflow.providers.apache.spark.hooks.spark_submit.SparkSubmitHook"}
{"timestamp":"2025-07-13T04:18:10.960088","level":"info","event":"totalExecutorCores      null","logger":"airflow.task.hooks.airflow.providers.apache.spark.hooks.spark_submit.SparkSubmitHook"}
{"timestamp":"2025-07-13T04:18:10.960126","level":"info","event":"propertiesFile          null","logger":"airflow.task.hooks.airflow.providers.apache.spark.hooks.spark_submit.SparkSubmitHook"}
{"timestamp":"2025-07-13T04:18:10.960161","level":"info","event":"driverMemory            1g","logger":"airflow.task.hooks.airflow.providers.apache.spark.hooks.spark_submit.SparkSubmitHook"}
{"timestamp":"2025-07-13T04:18:10.960196","level":"info","event":"driverCores             null","logger":"airflow.task.hooks.airflow.providers.apache.spark.hooks.spark_submit.SparkSubmitHook"}
{"timestamp":"2025-07-13T04:18:10.960230","level":"info","event":"driverExtraClassPath    null","logger":"airflow.task.hooks.airflow.providers.apache.spark.hooks.spark_submit.SparkSubmitHook"}
{"timestamp":"2025-07-13T04:18:10.960263","level":"info","event":"driverExtraLibraryPath  null","logger":"airflow.task.hooks.airflow.providers.apache.spark.hooks.spark_submit.SparkSubmitHook"}
{"timestamp":"2025-07-13T04:18:10.960296","level":"info","event":"driverExtraJavaOptions  null","logger":"airflow.task.hooks.airflow.providers.apache.spark.hooks.spark_submit.SparkSubmitHook"}
{"timestamp":"2025-07-13T04:18:10.960329","level":"info","event":"supervise               false","logger":"airflow.task.hooks.airflow.providers.apache.spark.hooks.spark_submit.SparkSubmitHook"}
{"timestamp":"2025-07-13T04:18:10.960362","level":"info","event":"queue                   null","logger":"airflow.task.hooks.airflow.providers.apache.spark.hooks.spark_submit.SparkSubmitHook"}
{"timestamp":"2025-07-13T04:18:10.960396","level":"info","event":"numExecutors            null","logger":"airflow.task.hooks.airflow.providers.apache.spark.hooks.spark_submit.SparkSubmitHook"}
{"timestamp":"2025-07-13T04:18:10.960430","level":"info","event":"files                   null","logger":"airflow.task.hooks.airflow.providers.apache.spark.hooks.spark_submit.SparkSubmitHook"}
{"timestamp":"2025-07-13T04:18:10.960463","level":"info","event":"pyFiles                 null","logger":"airflow.task.hooks.airflow.providers.apache.spark.hooks.spark_submit.SparkSubmitHook"}
{"timestamp":"2025-07-13T04:18:10.960497","level":"info","event":"archives                null","logger":"airflow.task.hooks.airflow.providers.apache.spark.hooks.spark_submit.SparkSubmitHook"}
{"timestamp":"2025-07-13T04:18:10.960531","level":"info","event":"mainClass               null","logger":"airflow.task.hooks.airflow.providers.apache.spark.hooks.spark_submit.SparkSubmitHook"}
{"timestamp":"2025-07-13T04:18:10.960564","level":"info","event":"primaryResource         file:/opt/spark-jobs/spark_job.py","logger":"airflow.task.hooks.airflow.providers.apache.spark.hooks.spark_submit.SparkSubmitHook"}
{"timestamp":"2025-07-13T04:18:10.960601","level":"info","event":"name                    minio_processing_job","logger":"airflow.task.hooks.airflow.providers.apache.spark.hooks.spark_submit.SparkSubmitHook"}
{"timestamp":"2025-07-13T04:18:10.960636","level":"info","event":"childArgs               []","logger":"airflow.task.hooks.airflow.providers.apache.spark.hooks.spark_submit.SparkSubmitHook"}
{"timestamp":"2025-07-13T04:18:10.960671","level":"info","event":"jars                    null","logger":"airflow.task.hooks.airflow.providers.apache.spark.hooks.spark_submit.SparkSubmitHook"}
{"timestamp":"2025-07-13T04:18:10.960705","level":"info","event":"packages                null","logger":"airflow.task.hooks.airflow.providers.apache.spark.hooks.spark_submit.SparkSubmitHook"}
{"timestamp":"2025-07-13T04:18:10.960738","level":"info","event":"packagesExclusions      null","logger":"airflow.task.hooks.airflow.providers.apache.spark.hooks.spark_submit.SparkSubmitHook"}
{"timestamp":"2025-07-13T04:18:10.960771","level":"info","event":"repositories            null","logger":"airflow.task.hooks.airflow.providers.apache.spark.hooks.spark_submit.SparkSubmitHook"}
{"timestamp":"2025-07-13T04:18:10.960804","level":"info","event":"verbose                 true","logger":"airflow.task.hooks.airflow.providers.apache.spark.hooks.spark_submit.SparkSubmitHook"}
{"timestamp":"2025-07-13T04:18:10.960841","level":"info","event":"","logger":"airflow.task.hooks.airflow.providers.apache.spark.hooks.spark_submit.SparkSubmitHook"}
{"timestamp":"2025-07-13T04:18:10.960880","level":"info","event":"Spark properties used, including those specified through","logger":"airflow.task.hooks.airflow.providers.apache.spark.hooks.spark_submit.SparkSubmitHook"}
{"timestamp":"2025-07-13T04:18:10.960915","level":"info","event":"--conf and those from the properties file null:","logger":"airflow.task.hooks.airflow.providers.apache.spark.hooks.spark_submit.SparkSubmitHook"}
{"timestamp":"2025-07-13T04:18:10.960989","level":"info","event":"(spark.driver.memory,1g)","logger":"airflow.task.hooks.airflow.providers.apache.spark.hooks.spark_submit.SparkSubmitHook"}
{"timestamp":"2025-07-13T04:18:10.961042","level":"info","event":"(spark.executor.cores,2)","logger":"airflow.task.hooks.airflow.providers.apache.spark.hooks.spark_submit.SparkSubmitHook"}
{"timestamp":"2025-07-13T04:18:10.961083","level":"info","event":"(spark.executor.memory,2g)","logger":"airflow.task.hooks.airflow.providers.apache.spark.hooks.spark_submit.SparkSubmitHook"}
{"timestamp":"2025-07-13T04:18:10.961121","level":"info","event":"(spark.hadoop.fs.s3a.access.key,*********(redacted))","logger":"airflow.task.hooks.airflow.providers.apache.spark.hooks.spark_submit.SparkSubmitHook"}
{"timestamp":"2025-07-13T04:18:10.961160","level":"info","event":"(spark.hadoop.fs.s3a.connection.ssl.enabled,false)","logger":"airflow.task.hooks.airflow.providers.apache.spark.hooks.spark_submit.SparkSubmitHook"}
{"timestamp":"2025-07-13T04:18:10.961197","level":"info","event":"(spark.hadoop.fs.s3a.endpoint,http://minio:9000)","logger":"airflow.task.hooks.airflow.providers.apache.spark.hooks.spark_submit.SparkSubmitHook"}
{"timestamp":"2025-07-13T04:18:10.961234","level":"info","event":"(spark.hadoop.fs.s3a.impl,org.apache.hadoop.fs.s3a.S3AFileSystem)","logger":"airflow.task.hooks.airflow.providers.apache.spark.hooks.spark_submit.SparkSubmitHook"}
{"timestamp":"2025-07-13T04:18:10.961271","level":"info","event":"(spark.hadoop.fs.s3a.path.style.access,true)","logger":"airflow.task.hooks.airflow.providers.apache.spark.hooks.spark_submit.SparkSubmitHook"}
{"timestamp":"2025-07-13T04:18:10.961306","level":"info","event":"(spark.hadoop.fs.s3a.secret.key,*********(redacted))","logger":"airflow.task.hooks.airflow.providers.apache.spark.hooks.spark_submit.SparkSubmitHook"}
{"timestamp":"2025-07-13T04:18:10.961340","level":"info","event":"(spark.master,spark://spark-master:7077)","logger":"airflow.task.hooks.airflow.providers.apache.spark.hooks.spark_submit.SparkSubmitHook"}
{"timestamp":"2025-07-13T04:18:10.961375","level":"info","event":"(spark.submit.deployMode,client)","logger":"airflow.task.hooks.airflow.providers.apache.spark.hooks.spark_submit.SparkSubmitHook"}
{"timestamp":"2025-07-13T04:18:10.961411","level":"info","event":"","logger":"airflow.task.hooks.airflow.providers.apache.spark.hooks.spark_submit.SparkSubmitHook"}
{"timestamp":"2025-07-13T04:18:10.961448","level":"info","event":"","logger":"airflow.task.hooks.airflow.providers.apache.spark.hooks.spark_submit.SparkSubmitHook"}
{"timestamp":"2025-07-13T04:18:11.146716","level":"info","event":"Main class:","logger":"airflow.task.hooks.airflow.providers.apache.spark.hooks.spark_submit.SparkSubmitHook"}
{"timestamp":"2025-07-13T04:18:11.147098","level":"info","event":"org.apache.spark.deploy.PythonRunner","logger":"airflow.task.hooks.airflow.providers.apache.spark.hooks.spark_submit.SparkSubmitHook"}
{"timestamp":"2025-07-13T04:18:11.147234","level":"info","event":"Arguments:","logger":"airflow.task.hooks.airflow.providers.apache.spark.hooks.spark_submit.SparkSubmitHook"}
{"timestamp":"2025-07-13T04:18:11.147315","level":"info","event":"file:/opt/spark-jobs/spark_job.py","logger":"airflow.task.hooks.airflow.providers.apache.spark.hooks.spark_submit.SparkSubmitHook"}
{"timestamp":"2025-07-13T04:18:11.147383","level":"info","event":"null","logger":"airflow.task.hooks.airflow.providers.apache.spark.hooks.spark_submit.SparkSubmitHook"}
{"timestamp":"2025-07-13T04:18:11.149889","level":"info","event":"Spark config:","logger":"airflow.task.hooks.airflow.providers.apache.spark.hooks.spark_submit.SparkSubmitHook"}
{"timestamp":"2025-07-13T04:18:11.149974","level":"info","event":"(spark.app.name,minio_processing_job)","logger":"airflow.task.hooks.airflow.providers.apache.spark.hooks.spark_submit.SparkSubmitHook"}
{"timestamp":"2025-07-13T04:18:11.150018","level":"info","event":"(spark.app.submitTime,1752380291131)","logger":"airflow.task.hooks.airflow.providers.apache.spark.hooks.spark_submit.SparkSubmitHook"}
{"timestamp":"2025-07-13T04:18:11.150057","level":"info","event":"(spark.driver.memory,1g)","logger":"airflow.task.hooks.airflow.providers.apache.spark.hooks.spark_submit.SparkSubmitHook"}
{"timestamp":"2025-07-13T04:18:11.150091","level":"info","event":"(spark.executor.cores,2)","logger":"airflow.task.hooks.airflow.providers.apache.spark.hooks.spark_submit.SparkSubmitHook"}
{"timestamp":"2025-07-13T04:18:11.150127","level":"info","event":"(spark.executor.memory,2g)","logger":"airflow.task.hooks.airflow.providers.apache.spark.hooks.spark_submit.SparkSubmitHook"}
{"timestamp":"2025-07-13T04:18:11.150162","level":"info","event":"(spark.hadoop.fs.s3a.access.key,*********(redacted))","logger":"airflow.task.hooks.airflow.providers.apache.spark.hooks.spark_submit.SparkSubmitHook"}
{"timestamp":"2025-07-13T04:18:11.150196","level":"info","event":"(spark.hadoop.fs.s3a.connection.ssl.enabled,false)","logger":"airflow.task.hooks.airflow.providers.apache.spark.hooks.spark_submit.SparkSubmitHook"}
{"timestamp":"2025-07-13T04:18:11.150231","level":"info","event":"(spark.hadoop.fs.s3a.endpoint,http://minio:9000)","logger":"airflow.task.hooks.airflow.providers.apache.spark.hooks.spark_submit.SparkSubmitHook"}
{"timestamp":"2025-07-13T04:18:11.150265","level":"info","event":"(spark.hadoop.fs.s3a.impl,org.apache.hadoop.fs.s3a.S3AFileSystem)","logger":"airflow.task.hooks.airflow.providers.apache.spark.hooks.spark_submit.SparkSubmitHook"}
{"timestamp":"2025-07-13T04:18:11.150299","level":"info","event":"(spark.hadoop.fs.s3a.path.style.access,true)","logger":"airflow.task.hooks.airflow.providers.apache.spark.hooks.spark_submit.SparkSubmitHook"}
{"timestamp":"2025-07-13T04:18:11.150333","level":"info","event":"(spark.hadoop.fs.s3a.secret.key,*********(redacted))","logger":"airflow.task.hooks.airflow.providers.apache.spark.hooks.spark_submit.SparkSubmitHook"}
{"timestamp":"2025-07-13T04:18:11.150366","level":"info","event":"(spark.master,spark-master:7077)","logger":"airflow.task.hooks.airflow.providers.apache.spark.hooks.spark_submit.SparkSubmitHook"}
{"timestamp":"2025-07-13T04:18:11.150399","level":"info","event":"(spark.submit.deployMode,client)","logger":"airflow.task.hooks.airflow.providers.apache.spark.hooks.spark_submit.SparkSubmitHook"}
{"timestamp":"2025-07-13T04:18:11.150432","level":"info","event":"(spark.submit.pyFiles,)","logger":"airflow.task.hooks.airflow.providers.apache.spark.hooks.spark_submit.SparkSubmitHook"}
{"timestamp":"2025-07-13T04:18:11.150472","level":"info","event":"Classpath elements:","logger":"airflow.task.hooks.airflow.providers.apache.spark.hooks.spark_submit.SparkSubmitHook"}
{"timestamp":"2025-07-13T04:18:11.150510","level":"info","event":"","logger":"airflow.task.hooks.airflow.providers.apache.spark.hooks.spark_submit.SparkSubmitHook"}
{"timestamp":"2025-07-13T04:18:11.150547","level":"info","event":"","logger":"airflow.task.hooks.airflow.providers.apache.spark.hooks.spark_submit.SparkSubmitHook"}
{"timestamp":"2025-07-13T04:18:11.150581","level":"info","event":"","logger":"airflow.task.hooks.airflow.providers.apache.spark.hooks.spark_submit.SparkSubmitHook"}
{"timestamp":"2025-07-13T04:18:12.332865","level":"info","event":"25/07/13 04:18:12 INFO SparkContext: Running Spark version 3.5.1","logger":"airflow.task.hooks.airflow.providers.apache.spark.hooks.spark_submit.SparkSubmitHook"}
{"timestamp":"2025-07-13T04:18:12.334515","level":"info","event":"25/07/13 04:18:12 INFO SparkContext: OS info Linux, 5.15.153.1-microsoft-standard-WSL2, amd64","logger":"airflow.task.hooks.airflow.providers.apache.spark.hooks.spark_submit.SparkSubmitHook"}
{"timestamp":"2025-07-13T04:18:12.334792","level":"info","event":"25/07/13 04:18:12 INFO SparkContext: Java version 17.0.15","logger":"airflow.task.hooks.airflow.providers.apache.spark.hooks.spark_submit.SparkSubmitHook"}
{"timestamp":"2025-07-13T04:18:12.377775","level":"info","event":"25/07/13 04:18:12 WARN NativeCodeLoader: Unable to load native-hadoop library for your platform... using builtin-java classes where applicable","logger":"airflow.task.hooks.airflow.providers.apache.spark.hooks.spark_submit.SparkSubmitHook"}
{"timestamp":"2025-07-13T04:18:12.437758","level":"info","event":"25/07/13 04:18:12 INFO ResourceUtils: ==============================================================","logger":"airflow.task.hooks.airflow.providers.apache.spark.hooks.spark_submit.SparkSubmitHook"}
{"timestamp":"2025-07-13T04:18:12.437988","level":"info","event":"25/07/13 04:18:12 INFO ResourceUtils: No custom resources configured for spark.driver.","logger":"airflow.task.hooks.airflow.providers.apache.spark.hooks.spark_submit.SparkSubmitHook"}
{"timestamp":"2025-07-13T04:18:12.438217","level":"info","event":"25/07/13 04:18:12 INFO ResourceUtils: ==============================================================","logger":"airflow.task.hooks.airflow.providers.apache.spark.hooks.spark_submit.SparkSubmitHook"}
{"timestamp":"2025-07-13T04:18:12.438714","level":"info","event":"25/07/13 04:18:12 INFO SparkContext: Submitted application: MinIOProcessingJob","logger":"airflow.task.hooks.airflow.providers.apache.spark.hooks.spark_submit.SparkSubmitHook"}
{"timestamp":"2025-07-13T04:18:12.452254","level":"info","event":"25/07/13 04:18:12 INFO ResourceProfile: Default ResourceProfile created, executor resources: Map(cores -> name: cores, amount: 2, script: , vendor: , memory -> name: memory, amount: 2048, script: , vendor: , offHeap -> name: offHeap, amount: 0, script: , vendor: ), task resources: Map(cpus -> name: cpus, amount: 1.0)","logger":"airflow.task.hooks.airflow.providers.apache.spark.hooks.spark_submit.SparkSubmitHook"}
{"timestamp":"2025-07-13T04:18:12.459593","level":"info","event":"25/07/13 04:18:12 INFO ResourceProfile: Limiting resource is cpus at 2 tasks per executor","logger":"airflow.task.hooks.airflow.providers.apache.spark.hooks.spark_submit.SparkSubmitHook"}
{"timestamp":"2025-07-13T04:18:12.460876","level":"info","event":"25/07/13 04:18:12 INFO ResourceProfileManager: Added ResourceProfile id: 0","logger":"airflow.task.hooks.airflow.providers.apache.spark.hooks.spark_submit.SparkSubmitHook"}
{"timestamp":"2025-07-13T04:18:12.497875","level":"info","event":"25/07/13 04:18:12 INFO SecurityManager: Changing view acls to: airflow","logger":"airflow.task.hooks.airflow.providers.apache.spark.hooks.spark_submit.SparkSubmitHook"}
{"timestamp":"2025-07-13T04:18:12.498042","level":"info","event":"25/07/13 04:18:12 INFO SecurityManager: Changing modify acls to: airflow","logger":"airflow.task.hooks.airflow.providers.apache.spark.hooks.spark_submit.SparkSubmitHook"}
{"timestamp":"2025-07-13T04:18:12.498721","level":"info","event":"25/07/13 04:18:12 INFO SecurityManager: Changing view acls groups to:","logger":"airflow.task.hooks.airflow.providers.apache.spark.hooks.spark_submit.SparkSubmitHook"}
{"timestamp":"2025-07-13T04:18:12.499267","level":"info","event":"25/07/13 04:18:12 INFO SecurityManager: Changing modify acls groups to:","logger":"airflow.task.hooks.airflow.providers.apache.spark.hooks.spark_submit.SparkSubmitHook"}
{"timestamp":"2025-07-13T04:18:12.499824","level":"info","event":"25/07/13 04:18:12 INFO SecurityManager: SecurityManager: authentication disabled; ui acls disabled; users with view permissions: airflow; groups with view permissions: EMPTY; users with modify permissions: airflow; groups with modify permissions: EMPTY","logger":"airflow.task.hooks.airflow.providers.apache.spark.hooks.spark_submit.SparkSubmitHook"}
{"timestamp":"2025-07-13T04:18:12.686052","level":"info","event":"25/07/13 04:18:12 INFO Utils: Successfully started service 'sparkDriver' on port 38417.","logger":"airflow.task.hooks.airflow.providers.apache.spark.hooks.spark_submit.SparkSubmitHook"}
{"timestamp":"2025-07-13T04:18:12.707916","level":"info","event":"25/07/13 04:18:12 INFO SparkEnv: Registering MapOutputTracker","logger":"airflow.task.hooks.airflow.providers.apache.spark.hooks.spark_submit.SparkSubmitHook"}
{"timestamp":"2025-07-13T04:18:12.736400","level":"info","event":"25/07/13 04:18:12 INFO SparkEnv: Registering BlockManagerMaster","logger":"airflow.task.hooks.airflow.providers.apache.spark.hooks.spark_submit.SparkSubmitHook"}
{"timestamp":"2025-07-13T04:18:12.751057","level":"info","event":"25/07/13 04:18:12 INFO BlockManagerMasterEndpoint: Using org.apache.spark.storage.DefaultTopologyMapper for getting topology information","logger":"airflow.task.hooks.airflow.providers.apache.spark.hooks.spark_submit.SparkSubmitHook"}
{"timestamp":"2025-07-13T04:18:12.751454","level":"info","event":"25/07/13 04:18:12 INFO BlockManagerMasterEndpoint: BlockManagerMasterEndpoint up","logger":"airflow.task.hooks.airflow.providers.apache.spark.hooks.spark_submit.SparkSubmitHook"}
{"timestamp":"2025-07-13T04:18:12.755149","level":"info","event":"25/07/13 04:18:12 INFO SparkEnv: Registering BlockManagerMasterHeartbeat","logger":"airflow.task.hooks.airflow.providers.apache.spark.hooks.spark_submit.SparkSubmitHook"}
{"timestamp":"2025-07-13T04:18:12.788534","level":"info","event":"25/07/13 04:18:12 INFO DiskBlockManager: Created local directory at /tmp/blockmgr-e67c563a-a69c-4a99-b8b2-9db3a711bca0","logger":"airflow.task.hooks.airflow.providers.apache.spark.hooks.spark_submit.SparkSubmitHook"}
{"timestamp":"2025-07-13T04:18:12.817378","level":"info","event":"25/07/13 04:18:12 INFO MemoryStore: MemoryStore started with capacity 434.4 MiB","logger":"airflow.task.hooks.airflow.providers.apache.spark.hooks.spark_submit.SparkSubmitHook"}
{"timestamp":"2025-07-13T04:18:12.842473","level":"info","event":"25/07/13 04:18:12 INFO SparkEnv: Registering OutputCommitCoordinator","logger":"airflow.task.hooks.airflow.providers.apache.spark.hooks.spark_submit.SparkSubmitHook"}
{"timestamp":"2025-07-13T04:18:12.950971","level":"info","event":"25/07/13 04:18:12 INFO JettyUtils: Start Jetty 0.0.0.0:4040 for SparkUI","logger":"airflow.task.hooks.airflow.providers.apache.spark.hooks.spark_submit.SparkSubmitHook"}
{"timestamp":"2025-07-13T04:18:13.003480","level":"info","event":"25/07/13 04:18:13 INFO Utils: Successfully started service 'SparkUI' on port 4040.","logger":"airflow.task.hooks.airflow.providers.apache.spark.hooks.spark_submit.SparkSubmitHook"}
{"timestamp":"2025-07-13T04:18:13.041988","level":"info","event":"25/07/13 04:18:13 ERROR SparkContext: Error initializing SparkContext.","logger":"airflow.task.hooks.airflow.providers.apache.spark.hooks.spark_submit.SparkSubmitHook"}
{"timestamp":"2025-07-13T04:18:13.042279","level":"info","event":"org.apache.spark.SparkException: Could not parse Master URL: 'spark-master:7077'","logger":"airflow.task.hooks.airflow.providers.apache.spark.hooks.spark_submit.SparkSubmitHook"}
{"timestamp":"2025-07-13T04:18:13.042402","level":"info","event":"at org.apache.spark.SparkContext$.org$apache$spark$SparkContext$$createTaskScheduler(SparkContext.scala:3199)","logger":"airflow.task.hooks.airflow.providers.apache.spark.hooks.spark_submit.SparkSubmitHook"}
{"timestamp":"2025-07-13T04:18:13.042506","level":"info","event":"at org.apache.spark.SparkContext.<init>(SparkContext.scala:582)","logger":"airflow.task.hooks.airflow.providers.apache.spark.hooks.spark_submit.SparkSubmitHook"}
{"timestamp":"2025-07-13T04:18:13.042599","level":"info","event":"at org.apache.spark.api.java.JavaSparkContext.<init>(JavaSparkContext.scala:58)","logger":"airflow.task.hooks.airflow.providers.apache.spark.hooks.spark_submit.SparkSubmitHook"}
{"timestamp":"2025-07-13T04:18:13.042794","level":"info","event":"at java.base/jdk.internal.reflect.NativeConstructorAccessorImpl.newInstance0(Native Method)","logger":"airflow.task.hooks.airflow.providers.apache.spark.hooks.spark_submit.SparkSubmitHook"}
{"timestamp":"2025-07-13T04:18:13.042865","level":"info","event":"at java.base/jdk.internal.reflect.NativeConstructorAccessorImpl.newInstance(NativeConstructorAccessorImpl.java:77)","logger":"airflow.task.hooks.airflow.providers.apache.spark.hooks.spark_submit.SparkSubmitHook"}
{"timestamp":"2025-07-13T04:18:13.042915","level":"info","event":"at java.base/jdk.internal.reflect.DelegatingConstructorAccessorImpl.newInstance(DelegatingConstructorAccessorImpl.java:45)","logger":"airflow.task.hooks.airflow.providers.apache.spark.hooks.spark_submit.SparkSubmitHook"}
{"timestamp":"2025-07-13T04:18:13.042957","level":"info","event":"at java.base/java.lang.reflect.Constructor.newInstanceWithCaller(Constructor.java:500)","logger":"airflow.task.hooks.airflow.providers.apache.spark.hooks.spark_submit.SparkSubmitHook"}
{"timestamp":"2025-07-13T04:18:13.042993","level":"info","event":"at java.base/java.lang.reflect.Constructor.newInstance(Constructor.java:481)","logger":"airflow.task.hooks.airflow.providers.apache.spark.hooks.spark_submit.SparkSubmitHook"}
{"timestamp":"2025-07-13T04:18:13.043029","level":"info","event":"at py4j.reflection.MethodInvoker.invoke(MethodInvoker.java:247)","logger":"airflow.task.hooks.airflow.providers.apache.spark.hooks.spark_submit.SparkSubmitHook"}
{"timestamp":"2025-07-13T04:18:13.043064","level":"info","event":"at py4j.reflection.ReflectionEngine.invoke(ReflectionEngine.java:374)","logger":"airflow.task.hooks.airflow.providers.apache.spark.hooks.spark_submit.SparkSubmitHook"}
{"timestamp":"2025-07-13T04:18:13.043097","level":"info","event":"at py4j.Gateway.invoke(Gateway.java:238)","logger":"airflow.task.hooks.airflow.providers.apache.spark.hooks.spark_submit.SparkSubmitHook"}
{"timestamp":"2025-07-13T04:18:13.043131","level":"info","event":"at py4j.commands.ConstructorCommand.invokeConstructor(ConstructorCommand.java:80)","logger":"airflow.task.hooks.airflow.providers.apache.spark.hooks.spark_submit.SparkSubmitHook"}
{"timestamp":"2025-07-13T04:18:13.043166","level":"info","event":"at py4j.commands.ConstructorCommand.execute(ConstructorCommand.java:69)","logger":"airflow.task.hooks.airflow.providers.apache.spark.hooks.spark_submit.SparkSubmitHook"}
{"timestamp":"2025-07-13T04:18:13.043198","level":"info","event":"at py4j.ClientServerConnection.waitForCommands(ClientServerConnection.java:182)","logger":"airflow.task.hooks.airflow.providers.apache.spark.hooks.spark_submit.SparkSubmitHook"}
{"timestamp":"2025-07-13T04:18:13.043231","level":"info","event":"at py4j.ClientServerConnection.run(ClientServerConnection.java:106)","logger":"airflow.task.hooks.airflow.providers.apache.spark.hooks.spark_submit.SparkSubmitHook"}
{"timestamp":"2025-07-13T04:18:13.043264","level":"info","event":"at java.base/java.lang.Thread.run(Thread.java:840)","logger":"airflow.task.hooks.airflow.providers.apache.spark.hooks.spark_submit.SparkSubmitHook"}
{"timestamp":"2025-07-13T04:18:13.043311","level":"info","event":"25/07/13 04:18:13 INFO SparkContext: SparkContext is stopping with exitCode 0.","logger":"airflow.task.hooks.airflow.providers.apache.spark.hooks.spark_submit.SparkSubmitHook"}
{"timestamp":"2025-07-13T04:18:13.065450","level":"info","event":"25/07/13 04:18:13 INFO SparkUI: Stopped Spark web UI at http://4af69c652026:4040","logger":"airflow.task.hooks.airflow.providers.apache.spark.hooks.spark_submit.SparkSubmitHook"}
{"timestamp":"2025-07-13T04:18:13.079260","level":"info","event":"25/07/13 04:18:13 INFO MapOutputTrackerMasterEndpoint: MapOutputTrackerMasterEndpoint stopped!","logger":"airflow.task.hooks.airflow.providers.apache.spark.hooks.spark_submit.SparkSubmitHook"}
{"timestamp":"2025-07-13T04:18:13.087583","level":"info","event":"25/07/13 04:18:13 INFO MemoryStore: MemoryStore cleared","logger":"airflow.task.hooks.airflow.providers.apache.spark.hooks.spark_submit.SparkSubmitHook"}
{"timestamp":"2025-07-13T04:18:13.087991","level":"info","event":"25/07/13 04:18:13 INFO BlockManager: BlockManager stopped","logger":"airflow.task.hooks.airflow.providers.apache.spark.hooks.spark_submit.SparkSubmitHook"}
{"timestamp":"2025-07-13T04:18:13.092606","level":"info","event":"25/07/13 04:18:13 INFO BlockManagerMaster: BlockManagerMaster stopped","logger":"airflow.task.hooks.airflow.providers.apache.spark.hooks.spark_submit.SparkSubmitHook"}
{"timestamp":"2025-07-13T04:18:13.092985","level":"info","event":"25/07/13 04:18:13 WARN MetricsSystem: Stopping a MetricsSystem that is not running","logger":"airflow.task.hooks.airflow.providers.apache.spark.hooks.spark_submit.SparkSubmitHook"}
{"timestamp":"2025-07-13T04:18:13.094887","level":"info","event":"25/07/13 04:18:13 INFO OutputCommitCoordinator$OutputCommitCoordinatorEndpoint: OutputCommitCoordinator stopped!","logger":"airflow.task.hooks.airflow.providers.apache.spark.hooks.spark_submit.SparkSubmitHook"}
{"timestamp":"2025-07-13T04:18:13.101996","level":"info","event":"25/07/13 04:18:13 INFO SparkContext: Successfully stopped SparkContext","logger":"airflow.task.hooks.airflow.providers.apache.spark.hooks.spark_submit.SparkSubmitHook"}
{"timestamp":"2025-07-13T04:18:13.103005","level":"info","event":"ERROR:__main__:Failed to create Spark session: An error occurred while calling None.org.apache.spark.api.java.JavaSparkContext.","logger":"airflow.task.hooks.airflow.providers.apache.spark.hooks.spark_submit.SparkSubmitHook"}
{"timestamp":"2025-07-13T04:18:13.103121","level":"info","event":": org.apache.spark.SparkException: Could not parse Master URL: 'spark-master:7077'","logger":"airflow.task.hooks.airflow.providers.apache.spark.hooks.spark_submit.SparkSubmitHook"}
{"timestamp":"2025-07-13T04:18:13.103180","level":"info","event":"at org.apache.spark.SparkContext$.org$apache$spark$SparkContext$$createTaskScheduler(SparkContext.scala:3199)","logger":"airflow.task.hooks.airflow.providers.apache.spark.hooks.spark_submit.SparkSubmitHook"}
{"timestamp":"2025-07-13T04:18:13.103227","level":"info","event":"at org.apache.spark.SparkContext.<init>(SparkContext.scala:582)","logger":"airflow.task.hooks.airflow.providers.apache.spark.hooks.spark_submit.SparkSubmitHook"}
{"timestamp":"2025-07-13T04:18:13.103271","level":"info","event":"at org.apache.spark.api.java.JavaSparkContext.<init>(JavaSparkContext.scala:58)","logger":"airflow.task.hooks.airflow.providers.apache.spark.hooks.spark_submit.SparkSubmitHook"}
{"timestamp":"2025-07-13T04:18:13.103307","level":"info","event":"at java.base/jdk.internal.reflect.NativeConstructorAccessorImpl.newInstance0(Native Method)","logger":"airflow.task.hooks.airflow.providers.apache.spark.hooks.spark_submit.SparkSubmitHook"}
{"timestamp":"2025-07-13T04:18:13.103342","level":"info","event":"at java.base/jdk.internal.reflect.NativeConstructorAccessorImpl.newInstance(NativeConstructorAccessorImpl.java:77)","logger":"airflow.task.hooks.airflow.providers.apache.spark.hooks.spark_submit.SparkSubmitHook"}
{"timestamp":"2025-07-13T04:18:13.103377","level":"info","event":"at java.base/jdk.internal.reflect.DelegatingConstructorAccessorImpl.newInstance(DelegatingConstructorAccessorImpl.java:45)","logger":"airflow.task.hooks.airflow.providers.apache.spark.hooks.spark_submit.SparkSubmitHook"}
{"timestamp":"2025-07-13T04:18:13.103416","level":"info","event":"at java.base/java.lang.reflect.Constructor.newInstanceWithCaller(Constructor.java:500)","logger":"airflow.task.hooks.airflow.providers.apache.spark.hooks.spark_submit.SparkSubmitHook"}
{"timestamp":"2025-07-13T04:18:13.103450","level":"info","event":"at java.base/java.lang.reflect.Constructor.newInstance(Constructor.java:481)","logger":"airflow.task.hooks.airflow.providers.apache.spark.hooks.spark_submit.SparkSubmitHook"}
{"timestamp":"2025-07-13T04:18:13.103492","level":"info","event":"at py4j.reflection.MethodInvoker.invoke(MethodInvoker.java:247)","logger":"airflow.task.hooks.airflow.providers.apache.spark.hooks.spark_submit.SparkSubmitHook"}
{"timestamp":"2025-07-13T04:18:13.103525","level":"info","event":"at py4j.reflection.ReflectionEngine.invoke(ReflectionEngine.java:374)","logger":"airflow.task.hooks.airflow.providers.apache.spark.hooks.spark_submit.SparkSubmitHook"}
{"timestamp":"2025-07-13T04:18:13.103558","level":"info","event":"at py4j.Gateway.invoke(Gateway.java:238)","logger":"airflow.task.hooks.airflow.providers.apache.spark.hooks.spark_submit.SparkSubmitHook"}
{"timestamp":"2025-07-13T04:18:13.103592","level":"info","event":"at py4j.commands.ConstructorCommand.invokeConstructor(ConstructorCommand.java:80)","logger":"airflow.task.hooks.airflow.providers.apache.spark.hooks.spark_submit.SparkSubmitHook"}
{"timestamp":"2025-07-13T04:18:13.103626","level":"info","event":"at py4j.commands.ConstructorCommand.execute(ConstructorCommand.java:69)","logger":"airflow.task.hooks.airflow.providers.apache.spark.hooks.spark_submit.SparkSubmitHook"}
{"timestamp":"2025-07-13T04:18:13.103659","level":"info","event":"at py4j.ClientServerConnection.waitForCommands(ClientServerConnection.java:182)","logger":"airflow.task.hooks.airflow.providers.apache.spark.hooks.spark_submit.SparkSubmitHook"}
{"timestamp":"2025-07-13T04:18:13.103691","level":"info","event":"at py4j.ClientServerConnection.run(ClientServerConnection.java:106)","logger":"airflow.task.hooks.airflow.providers.apache.spark.hooks.spark_submit.SparkSubmitHook"}
{"timestamp":"2025-07-13T04:18:13.103723","level":"info","event":"at java.base/java.lang.Thread.run(Thread.java:840)","logger":"airflow.task.hooks.airflow.providers.apache.spark.hooks.spark_submit.SparkSubmitHook"}
{"timestamp":"2025-07-13T04:18:13.103760","level":"info","event":"","logger":"airflow.task.hooks.airflow.providers.apache.spark.hooks.spark_submit.SparkSubmitHook"}
{"timestamp":"2025-07-13T04:18:13.103797","level":"info","event":"ERROR:__main__:Error in Spark job: An error occurred while calling None.org.apache.spark.api.java.JavaSparkContext.","logger":"airflow.task.hooks.airflow.providers.apache.spark.hooks.spark_submit.SparkSubmitHook"}
{"timestamp":"2025-07-13T04:18:13.103830","level":"info","event":": org.apache.spark.SparkException: Could not parse Master URL: 'spark-master:7077'","logger":"airflow.task.hooks.airflow.providers.apache.spark.hooks.spark_submit.SparkSubmitHook"}
{"timestamp":"2025-07-13T04:18:13.103862","level":"info","event":"at org.apache.spark.SparkContext$.org$apache$spark$SparkContext$$createTaskScheduler(SparkContext.scala:3199)","logger":"airflow.task.hooks.airflow.providers.apache.spark.hooks.spark_submit.SparkSubmitHook"}
{"timestamp":"2025-07-13T04:18:13.103893","level":"info","event":"at org.apache.spark.SparkContext.<init>(SparkContext.scala:582)","logger":"airflow.task.hooks.airflow.providers.apache.spark.hooks.spark_submit.SparkSubmitHook"}
{"timestamp":"2025-07-13T04:18:13.103925","level":"info","event":"at org.apache.spark.api.java.JavaSparkContext.<init>(JavaSparkContext.scala:58)","logger":"airflow.task.hooks.airflow.providers.apache.spark.hooks.spark_submit.SparkSubmitHook"}
{"timestamp":"2025-07-13T04:18:13.103955","level":"info","event":"at java.base/jdk.internal.reflect.NativeConstructorAccessorImpl.newInstance0(Native Method)","logger":"airflow.task.hooks.airflow.providers.apache.spark.hooks.spark_submit.SparkSubmitHook"}
{"timestamp":"2025-07-13T04:18:13.103986","level":"info","event":"at java.base/jdk.internal.reflect.NativeConstructorAccessorImpl.newInstance(NativeConstructorAccessorImpl.java:77)","logger":"airflow.task.hooks.airflow.providers.apache.spark.hooks.spark_submit.SparkSubmitHook"}
{"timestamp":"2025-07-13T04:18:13.104017","level":"info","event":"at java.base/jdk.internal.reflect.DelegatingConstructorAccessorImpl.newInstance(DelegatingConstructorAccessorImpl.java:45)","logger":"airflow.task.hooks.airflow.providers.apache.spark.hooks.spark_submit.SparkSubmitHook"}
{"timestamp":"2025-07-13T04:18:13.104047","level":"info","event":"at java.base/java.lang.reflect.Constructor.newInstanceWithCaller(Constructor.java:500)","logger":"airflow.task.hooks.airflow.providers.apache.spark.hooks.spark_submit.SparkSubmitHook"}
{"timestamp":"2025-07-13T04:18:13.104078","level":"info","event":"at java.base/java.lang.reflect.Constructor.newInstance(Constructor.java:481)","logger":"airflow.task.hooks.airflow.providers.apache.spark.hooks.spark_submit.SparkSubmitHook"}
{"timestamp":"2025-07-13T04:18:13.104108","level":"info","event":"at py4j.reflection.MethodInvoker.invoke(MethodInvoker.java:247)","logger":"airflow.task.hooks.airflow.providers.apache.spark.hooks.spark_submit.SparkSubmitHook"}
{"timestamp":"2025-07-13T04:18:13.104138","level":"info","event":"at py4j.reflection.ReflectionEngine.invoke(ReflectionEngine.java:374)","logger":"airflow.task.hooks.airflow.providers.apache.spark.hooks.spark_submit.SparkSubmitHook"}
{"timestamp":"2025-07-13T04:18:13.104169","level":"info","event":"at py4j.Gateway.invoke(Gateway.java:238)","logger":"airflow.task.hooks.airflow.providers.apache.spark.hooks.spark_submit.SparkSubmitHook"}
{"timestamp":"2025-07-13T04:18:13.104202","level":"info","event":"at py4j.commands.ConstructorCommand.invokeConstructor(ConstructorCommand.java:80)","logger":"airflow.task.hooks.airflow.providers.apache.spark.hooks.spark_submit.SparkSubmitHook"}
{"timestamp":"2025-07-13T04:18:13.104236","level":"info","event":"at py4j.commands.ConstructorCommand.execute(ConstructorCommand.java:69)","logger":"airflow.task.hooks.airflow.providers.apache.spark.hooks.spark_submit.SparkSubmitHook"}
{"timestamp":"2025-07-13T04:18:13.104267","level":"info","event":"at py4j.ClientServerConnection.waitForCommands(ClientServerConnection.java:182)","logger":"airflow.task.hooks.airflow.providers.apache.spark.hooks.spark_submit.SparkSubmitHook"}
{"timestamp":"2025-07-13T04:18:13.104298","level":"info","event":"at py4j.ClientServerConnection.run(ClientServerConnection.java:106)","logger":"airflow.task.hooks.airflow.providers.apache.spark.hooks.spark_submit.SparkSubmitHook"}
{"timestamp":"2025-07-13T04:18:13.104334","level":"info","event":"at java.base/java.lang.Thread.run(Thread.java:840)","logger":"airflow.task.hooks.airflow.providers.apache.spark.hooks.spark_submit.SparkSubmitHook"}
{"timestamp":"2025-07-13T04:18:13.104366","level":"info","event":"","logger":"airflow.task.hooks.airflow.providers.apache.spark.hooks.spark_submit.SparkSubmitHook"}
{"timestamp":"2025-07-13T04:18:13.104400","level":"info","event":"Traceback (most recent call last):","logger":"airflow.task.hooks.airflow.providers.apache.spark.hooks.spark_submit.SparkSubmitHook"}
{"timestamp":"2025-07-13T04:18:13.104436","level":"info","event":"File \"/opt/spark-jobs/spark_job.py\", line 39, in main","logger":"airflow.task.hooks.airflow.providers.apache.spark.hooks.spark_submit.SparkSubmitHook"}
{"timestamp":"2025-07-13T04:18:13.107864","level":"info","event":"spark = create_spark_session()","logger":"airflow.task.hooks.airflow.providers.apache.spark.hooks.spark_submit.SparkSubmitHook"}
{"timestamp":"2025-07-13T04:18:13.107924","level":"info","event":"^^^^^^^^^^^^^^^^^^^^^^","logger":"airflow.task.hooks.airflow.providers.apache.spark.hooks.spark_submit.SparkSubmitHook"}
{"timestamp":"2025-07-13T04:18:13.107964","level":"info","event":"File \"/opt/spark-jobs/spark_job.py\", line 28, in create_spark_session","logger":"airflow.task.hooks.airflow.providers.apache.spark.hooks.spark_submit.SparkSubmitHook"}
{"timestamp":"2025-07-13T04:18:13.113504","level":"info","event":".getOrCreate())","logger":"airflow.task.hooks.airflow.providers.apache.spark.hooks.spark_submit.SparkSubmitHook"}
{"timestamp":"2025-07-13T04:18:13.113586","level":"info","event":"^^^^^^^^^^^^^","logger":"airflow.task.hooks.airflow.providers.apache.spark.hooks.spark_submit.SparkSubmitHook"}
{"timestamp":"2025-07-13T04:18:13.113633","level":"info","event":"File \"/home/airflow/.local/lib/python3.12/site-packages/pyspark/python/lib/pyspark.zip/pyspark/sql/session.py\", line 497, in getOrCreate","logger":"airflow.task.hooks.airflow.providers.apache.spark.hooks.spark_submit.SparkSubmitHook"}
{"timestamp":"2025-07-13T04:18:13.113822","level":"info","event":"File \"/home/airflow/.local/lib/python3.12/site-packages/pyspark/python/lib/pyspark.zip/pyspark/context.py\", line 515, in getOrCreate","logger":"airflow.task.hooks.airflow.providers.apache.spark.hooks.spark_submit.SparkSubmitHook"}
{"timestamp":"2025-07-13T04:18:13.114393","level":"info","event":"File \"/home/airflow/.local/lib/python3.12/site-packages/pyspark/python/lib/pyspark.zip/pyspark/context.py\", line 203, in __init__","logger":"airflow.task.hooks.airflow.providers.apache.spark.hooks.spark_submit.SparkSubmitHook"}
{"timestamp":"2025-07-13T04:18:13.114715","level":"info","event":"File \"/home/airflow/.local/lib/python3.12/site-packages/pyspark/python/lib/pyspark.zip/pyspark/context.py\", line 296, in _do_init","logger":"airflow.task.hooks.airflow.providers.apache.spark.hooks.spark_submit.SparkSubmitHook"}
{"timestamp":"2025-07-13T04:18:13.114993","level":"info","event":"File \"/home/airflow/.local/lib/python3.12/site-packages/pyspark/python/lib/pyspark.zip/pyspark/context.py\", line 421, in _initialize_context","logger":"airflow.task.hooks.airflow.providers.apache.spark.hooks.spark_submit.SparkSubmitHook"}
{"timestamp":"2025-07-13T04:18:13.115414","level":"info","event":"File \"/home/airflow/.local/lib/python3.12/site-packages/pyspark/python/lib/py4j-0.10.9.7-src.zip/py4j/java_gateway.py\", line 1587, in __call__","logger":"airflow.task.hooks.airflow.providers.apache.spark.hooks.spark_submit.SparkSubmitHook"}
{"timestamp":"2025-07-13T04:18:13.115678","level":"info","event":"File \"/home/airflow/.local/lib/python3.12/site-packages/pyspark/python/lib/py4j-0.10.9.7-src.zip/py4j/protocol.py\", line 326, in get_return_value","logger":"airflow.task.hooks.airflow.providers.apache.spark.hooks.spark_submit.SparkSubmitHook"}
{"timestamp":"2025-07-13T04:18:13.116330","level":"info","event":"py4j.protocol.Py4JJavaError: An error occurred while calling None.org.apache.spark.api.java.JavaSparkContext.","logger":"airflow.task.hooks.airflow.providers.apache.spark.hooks.spark_submit.SparkSubmitHook"}
{"timestamp":"2025-07-13T04:18:13.116395","level":"info","event":": org.apache.spark.SparkException: Could not parse Master URL: 'spark-master:7077'","logger":"airflow.task.hooks.airflow.providers.apache.spark.hooks.spark_submit.SparkSubmitHook"}
{"timestamp":"2025-07-13T04:18:13.116437","level":"info","event":"at org.apache.spark.SparkContext$.org$apache$spark$SparkContext$$createTaskScheduler(SparkContext.scala:3199)","logger":"airflow.task.hooks.airflow.providers.apache.spark.hooks.spark_submit.SparkSubmitHook"}
{"timestamp":"2025-07-13T04:18:13.116473","level":"info","event":"at org.apache.spark.SparkContext.<init>(SparkContext.scala:582)","logger":"airflow.task.hooks.airflow.providers.apache.spark.hooks.spark_submit.SparkSubmitHook"}
{"timestamp":"2025-07-13T04:18:13.116512","level":"info","event":"at org.apache.spark.api.java.JavaSparkContext.<init>(JavaSparkContext.scala:58)","logger":"airflow.task.hooks.airflow.providers.apache.spark.hooks.spark_submit.SparkSubmitHook"}
{"timestamp":"2025-07-13T04:18:13.116547","level":"info","event":"at java.base/jdk.internal.reflect.NativeConstructorAccessorImpl.newInstance0(Native Method)","logger":"airflow.task.hooks.airflow.providers.apache.spark.hooks.spark_submit.SparkSubmitHook"}
{"timestamp":"2025-07-13T04:18:13.116580","level":"info","event":"at java.base/jdk.internal.reflect.NativeConstructorAccessorImpl.newInstance(NativeConstructorAccessorImpl.java:77)","logger":"airflow.task.hooks.airflow.providers.apache.spark.hooks.spark_submit.SparkSubmitHook"}
{"timestamp":"2025-07-13T04:18:13.116614","level":"info","event":"at java.base/jdk.internal.reflect.DelegatingConstructorAccessorImpl.newInstance(DelegatingConstructorAccessorImpl.java:45)","logger":"airflow.task.hooks.airflow.providers.apache.spark.hooks.spark_submit.SparkSubmitHook"}
{"timestamp":"2025-07-13T04:18:13.116647","level":"info","event":"at java.base/java.lang.reflect.Constructor.newInstanceWithCaller(Constructor.java:500)","logger":"airflow.task.hooks.airflow.providers.apache.spark.hooks.spark_submit.SparkSubmitHook"}
{"timestamp":"2025-07-13T04:18:13.116686","level":"info","event":"at java.base/java.lang.reflect.Constructor.newInstance(Constructor.java:481)","logger":"airflow.task.hooks.airflow.providers.apache.spark.hooks.spark_submit.SparkSubmitHook"}
{"timestamp":"2025-07-13T04:18:13.116719","level":"info","event":"at py4j.reflection.MethodInvoker.invoke(MethodInvoker.java:247)","logger":"airflow.task.hooks.airflow.providers.apache.spark.hooks.spark_submit.SparkSubmitHook"}
{"timestamp":"2025-07-13T04:18:13.116750","level":"info","event":"at py4j.reflection.ReflectionEngine.invoke(ReflectionEngine.java:374)","logger":"airflow.task.hooks.airflow.providers.apache.spark.hooks.spark_submit.SparkSubmitHook"}
{"timestamp":"2025-07-13T04:18:13.116831","level":"info","event":"at py4j.Gateway.invoke(Gateway.java:238)","logger":"airflow.task.hooks.airflow.providers.apache.spark.hooks.spark_submit.SparkSubmitHook"}
{"timestamp":"2025-07-13T04:18:13.116884","level":"info","event":"at py4j.commands.ConstructorCommand.invokeConstructor(ConstructorCommand.java:80)","logger":"airflow.task.hooks.airflow.providers.apache.spark.hooks.spark_submit.SparkSubmitHook"}
{"timestamp":"2025-07-13T04:18:13.116925","level":"info","event":"at py4j.commands.ConstructorCommand.execute(ConstructorCommand.java:69)","logger":"airflow.task.hooks.airflow.providers.apache.spark.hooks.spark_submit.SparkSubmitHook"}
{"timestamp":"2025-07-13T04:18:13.116961","level":"info","event":"at py4j.ClientServerConnection.waitForCommands(ClientServerConnection.java:182)","logger":"airflow.task.hooks.airflow.providers.apache.spark.hooks.spark_submit.SparkSubmitHook"}
{"timestamp":"2025-07-13T04:18:13.116997","level":"info","event":"at py4j.ClientServerConnection.run(ClientServerConnection.java:106)","logger":"airflow.task.hooks.airflow.providers.apache.spark.hooks.spark_submit.SparkSubmitHook"}
{"timestamp":"2025-07-13T04:18:13.117035","level":"info","event":"at java.base/java.lang.Thread.run(Thread.java:840)","logger":"airflow.task.hooks.airflow.providers.apache.spark.hooks.spark_submit.SparkSubmitHook"}
{"timestamp":"2025-07-13T04:18:13.117072","level":"info","event":"","logger":"airflow.task.hooks.airflow.providers.apache.spark.hooks.spark_submit.SparkSubmitHook"}
{"timestamp":"2025-07-13T04:18:13.117108","level":"info","event":"","logger":"airflow.task.hooks.airflow.providers.apache.spark.hooks.spark_submit.SparkSubmitHook"}
{"timestamp":"2025-07-13T04:18:13.117142","level":"info","event":"During handling of the above exception, another exception occurred:","logger":"airflow.task.hooks.airflow.providers.apache.spark.hooks.spark_submit.SparkSubmitHook"}
{"timestamp":"2025-07-13T04:18:13.117175","level":"info","event":"","logger":"airflow.task.hooks.airflow.providers.apache.spark.hooks.spark_submit.SparkSubmitHook"}
{"timestamp":"2025-07-13T04:18:13.117208","level":"info","event":"Traceback (most recent call last):","logger":"airflow.task.hooks.airflow.providers.apache.spark.hooks.spark_submit.SparkSubmitHook"}
{"timestamp":"2025-07-13T04:18:13.117242","level":"info","event":"File \"/opt/spark-jobs/spark_job.py\", line 62, in <module>","logger":"airflow.task.hooks.airflow.providers.apache.spark.hooks.spark_submit.SparkSubmitHook"}
{"timestamp":"2025-07-13T04:18:13.120324","level":"info","event":"main()","logger":"airflow.task.hooks.airflow.providers.apache.spark.hooks.spark_submit.SparkSubmitHook"}
{"timestamp":"2025-07-13T04:18:13.120391","level":"info","event":"File \"/opt/spark-jobs/spark_job.py\", line 57, in main","logger":"airflow.task.hooks.airflow.providers.apache.spark.hooks.spark_submit.SparkSubmitHook"}
{"timestamp":"2025-07-13T04:18:13.123778","level":"info","event":"if spark:","logger":"airflow.task.hooks.airflow.providers.apache.spark.hooks.spark_submit.SparkSubmitHook"}
{"timestamp":"2025-07-13T04:18:13.123826","level":"info","event":"^^^^^","logger":"airflow.task.hooks.airflow.providers.apache.spark.hooks.spark_submit.SparkSubmitHook"}
{"timestamp":"2025-07-13T04:18:13.123866","level":"info","event":"UnboundLocalError: cannot access local variable 'spark' where it is not associated with a value","logger":"airflow.task.hooks.airflow.providers.apache.spark.hooks.spark_submit.SparkSubmitHook"}
{"timestamp":"2025-07-13T04:18:13.159393","level":"info","event":"25/07/13 04:18:13 INFO ShutdownHookManager: Shutdown hook called","logger":"airflow.task.hooks.airflow.providers.apache.spark.hooks.spark_submit.SparkSubmitHook"}
{"timestamp":"2025-07-13T04:18:13.159910","level":"info","event":"25/07/13 04:18:13 INFO ShutdownHookManager: Deleting directory /tmp/spark-7b74c5d1-090e-4cba-9896-3d37e07d7c7c","logger":"airflow.task.hooks.airflow.providers.apache.spark.hooks.spark_submit.SparkSubmitHook"}
{"timestamp":"2025-07-13T04:18:13.163199","level":"info","event":"25/07/13 04:18:13 INFO ShutdownHookManager: Deleting directory /tmp/spark-d96b4d06-5e7d-4b32-949e-74eb46844d10","logger":"airflow.task.hooks.airflow.providers.apache.spark.hooks.spark_submit.SparkSubmitHook"}
{"timestamp":"2025-07-13T04:18:13.198694","level":"error","event":"Task failed with exception","logger":"task","error_detail":[{"exc_type":"AirflowException","exc_value":"Cannot execute: spark-submit --master spark-master:7077 --conf spark.master=spark://spark-master:7077 --conf spark.submit.deployMode=client --conf spark.hadoop.fs.s3a.endpoint=http://minio:9000 --conf spark.hadoop.fs.s3a.access.key=ZPnglo5gVhmWx1iC0FdY --conf spark.hadoop.fs.s3a.secret.key=****** --conf spark.hadoop.fs.s3a.path.style.access=true --conf spark.hadoop.fs.s3a.impl=org.apache.hadoop.fs.s3a.S3AFileSystem --conf spark.hadoop.fs.s3a.connection.ssl.enabled=false --conf spark.executor.memory=2g --conf spark.driver.memory=1g --conf spark.executor.cores=2 --executor-cores 2 --executor-memory 2g --driver-memory 1g --name minio_processing_job --verbose /opt/spark-jobs/spark_job.py. Error code is: 1.","exc_notes":[],"syntax_error":null,"is_cause":false,"frames":[{"filename":"/home/airflow/.local/lib/python3.12/site-packages/airflow/sdk/execution_time/task_runner.py","lineno":867,"name":"run"},{"filename":"/home/airflow/.local/lib/python3.12/site-packages/airflow/sdk/execution_time/task_runner.py","lineno":1159,"name":"_execute_task"},{"filename":"/home/airflow/.local/lib/python3.12/site-packages/airflow/sdk/bases/operator.py","lineno":397,"name":"wrapper"},{"filename":"/home/airflow/.local/lib/python3.12/site-packages/airflow/providers/apache/spark/operators/spark_submit.py","lineno":197,"name":"execute"},{"filename":"/home/airflow/.local/lib/python3.12/site-packages/airflow/providers/apache/spark/hooks/spark_submit.py","lineno":566,"name":"submit"}],"is_group":false,"exceptions":[]}]}
