{"timestamp":"2025-07-14T19:01:53.723892","level":"info","event":"DAG bundles loaded: dags-folder","logger":"airflow.dag_processing.bundles.manager.DagBundlesManager"}
{"timestamp":"2025-07-14T19:01:53.725293","level":"info","event":"Filling up the DagBag from /opt/airflow/dags/activefence.py","logger":"airflow.models.dagbag.DagBag"}
{"timestamp":"2025-07-14T19:02:07.007405Z","level":"error","event":"/home/airflow/.local/lib/python3.12/site-packages/pyspark/bin/load-spark-env.sh: line 68: ps: command not found","chan":"stderr","logger":"task"}
{"timestamp":"2025-07-14T19:02:08.660271Z","level":"info","event":":: loading settings :: url = jar:file:/home/airflow/.local/lib/python3.12/site-packages/pyspark/jars/ivy-2.5.1.jar!/org/apache/ivy/core/settings/ivysettings.xml","chan":"stdout","logger":"task"}
{"timestamp":"2025-07-14T19:02:08.762650Z","level":"error","event":"Ivy Default Cache set to: /home/airflow/.ivy2/cache","chan":"stderr","logger":"task"}
{"timestamp":"2025-07-14T19:02:08.763435Z","level":"error","event":"The jars for the packages stored in: /home/airflow/.ivy2/jars","chan":"stderr","logger":"task"}
{"timestamp":"2025-07-14T19:02:08.770055Z","level":"error","event":"org.apache.hadoop#hadoop-aws added as a dependency","chan":"stderr","logger":"task"}
{"timestamp":"2025-07-14T19:02:08.771301Z","level":"error","event":"com.amazonaws#aws-java-sdk-bundle added as a dependency","chan":"stderr","logger":"task"}
{"timestamp":"2025-07-14T19:02:08.772249Z","level":"error","event":"org.apache.spark#spark-avro_2.12 added as a dependency","chan":"stderr","logger":"task"}
{"timestamp":"2025-07-14T19:02:08.772836Z","level":"error","event":"io.delta#delta-spark_2.12 added as a dependency","chan":"stderr","logger":"task"}
{"timestamp":"2025-07-14T19:02:08.773464Z","level":"error","event":":: resolving dependencies :: org.apache.spark#spark-submit-parent-0cbfb3f5-7f82-44f6-acaa-f7af032f3d8a;1.0","chan":"stderr","logger":"task"}
{"timestamp":"2025-07-14T19:02:08.774101Z","level":"error","event":"\tconfs: [default]","chan":"stderr","logger":"task"}
{"timestamp":"2025-07-14T19:02:08.960545Z","level":"error","event":"\tfound org.apache.hadoop#hadoop-aws;3.3.4 in central","chan":"stderr","logger":"task"}
{"timestamp":"2025-07-14T19:02:09.001977Z","level":"error","event":"\tfound org.wildfly.openssl#wildfly-openssl;1.0.7.Final in central","chan":"stderr","logger":"task"}
{"timestamp":"2025-07-14T19:02:09.020060Z","level":"error","event":"\tfound com.amazonaws#aws-java-sdk-bundle;1.12.520 in central","chan":"stderr","logger":"task"}
{"timestamp":"2025-07-14T19:02:09.054493Z","level":"error","event":"\tfound org.apache.spark#spark-avro_2.12;3.5.0 in central","chan":"stderr","logger":"task"}
{"timestamp":"2025-07-14T19:02:09.079618Z","level":"error","event":"\tfound org.tukaani#xz;1.9 in central","chan":"stderr","logger":"task"}
{"timestamp":"2025-07-14T19:02:09.104065Z","level":"error","event":"\tfound io.delta#delta-spark_2.12;3.1.0 in central","chan":"stderr","logger":"task"}
{"timestamp":"2025-07-14T19:02:09.132509Z","level":"error","event":"\tfound io.delta#delta-storage;3.1.0 in central","chan":"stderr","logger":"task"}
{"timestamp":"2025-07-14T19:02:09.153481Z","level":"error","event":"\tfound org.antlr#antlr4-runtime;4.9.3 in spark-list","chan":"stderr","logger":"task"}
{"timestamp":"2025-07-14T19:02:09.197088Z","level":"error","event":":: resolution report :: resolve 398ms :: artifacts dl 26ms","chan":"stderr","logger":"task"}
{"timestamp":"2025-07-14T19:02:09.197723Z","level":"error","event":"\t:: modules in use:","chan":"stderr","logger":"task"}
{"timestamp":"2025-07-14T19:02:09.198157Z","level":"error","event":"\tcom.amazonaws#aws-java-sdk-bundle;1.12.520 from central in [default]","chan":"stderr","logger":"task"}
{"timestamp":"2025-07-14T19:02:09.198590Z","level":"error","event":"\tio.delta#delta-spark_2.12;3.1.0 from central in [default]","chan":"stderr","logger":"task"}
{"timestamp":"2025-07-14T19:02:09.198910Z","level":"error","event":"\tio.delta#delta-storage;3.1.0 from central in [default]","chan":"stderr","logger":"task"}
{"timestamp":"2025-07-14T19:02:09.199366Z","level":"error","event":"\torg.antlr#antlr4-runtime;4.9.3 from spark-list in [default]","chan":"stderr","logger":"task"}
{"timestamp":"2025-07-14T19:02:09.199652Z","level":"error","event":"\torg.apache.hadoop#hadoop-aws;3.3.4 from central in [default]","chan":"stderr","logger":"task"}
{"timestamp":"2025-07-14T19:02:09.199958Z","level":"error","event":"\torg.apache.spark#spark-avro_2.12;3.5.0 from central in [default]","chan":"stderr","logger":"task"}
{"timestamp":"2025-07-14T19:02:09.200273Z","level":"error","event":"\torg.tukaani#xz;1.9 from central in [default]","chan":"stderr","logger":"task"}
{"timestamp":"2025-07-14T19:02:09.200491Z","level":"error","event":"\torg.wildfly.openssl#wildfly-openssl;1.0.7.Final from central in [default]","chan":"stderr","logger":"task"}
{"timestamp":"2025-07-14T19:02:09.200691Z","level":"error","event":"\t:: evicted modules:","chan":"stderr","logger":"task"}
{"timestamp":"2025-07-14T19:02:09.200888Z","level":"error","event":"\tcom.amazonaws#aws-java-sdk-bundle;1.12.262 by [com.amazonaws#aws-java-sdk-bundle;1.12.520] in [default]","chan":"stderr","logger":"task"}
{"timestamp":"2025-07-14T19:02:09.201088Z","level":"error","event":"\t---------------------------------------------------------------------","chan":"stderr","logger":"task"}
{"timestamp":"2025-07-14T19:02:09.201369Z","level":"error","event":"\t|                  |            modules            ||   artifacts   |","chan":"stderr","logger":"task"}
{"timestamp":"2025-07-14T19:02:09.201766Z","level":"error","event":"\t|       conf       | number| search|dwnlded|evicted|| number|dwnlded|","chan":"stderr","logger":"task"}
{"timestamp":"2025-07-14T19:02:09.202125Z","level":"error","event":"\t---------------------------------------------------------------------","chan":"stderr","logger":"task"}
{"timestamp":"2025-07-14T19:02:09.202536Z","level":"error","event":"\t|      default     |   9   |   0   |   0   |   1   ||   8   |   0   |","chan":"stderr","logger":"task"}
{"timestamp":"2025-07-14T19:02:09.202920Z","level":"error","event":"\t---------------------------------------------------------------------","chan":"stderr","logger":"task"}
{"timestamp":"2025-07-14T19:02:09.208153Z","level":"error","event":":: retrieving :: org.apache.spark#spark-submit-parent-0cbfb3f5-7f82-44f6-acaa-f7af032f3d8a","chan":"stderr","logger":"task"}
{"timestamp":"2025-07-14T19:02:09.208673Z","level":"error","event":"\tconfs: [default]","chan":"stderr","logger":"task"}
{"timestamp":"2025-07-14T19:02:09.220323Z","level":"error","event":"\t0 artifacts copied, 8 already retrieved (0kB/12ms)","chan":"stderr","logger":"task"}
{"timestamp":"2025-07-14T19:02:09.491736Z","level":"error","event":"25/07/14 19:02:09 WARN NativeCodeLoader: Unable to load native-hadoop library for your platform... using builtin-java classes where applicable","chan":"stderr","logger":"task"}
{"timestamp":"2025-07-14T19:02:09.797189Z","level":"error","event":"Setting default log level to \"WARN\".","chan":"stderr","logger":"task"}
{"timestamp":"2025-07-14T19:02:09.798114Z","level":"error","event":"To adjust logging level use sc.setLogLevel(newLevel). For SparkR, use setLogLevel(newLevel).","chan":"stderr","logger":"task"}
{"timestamp":"2025-07-14T19:02:12.854814","level":"info","event":"Anonymized telemetry enabled. See                     https://docs.trychroma.com/telemetry for more information.","logger":"chromadb.telemetry.product.posthog"}
{"timestamp":"2025-07-14T19:02:15.989603Z","level":"error","event":"25/07/14 19:02:15 WARN MetricsConfig: Cannot locate configuration: tried hadoop-metrics2-s3a-file-system.properties,hadoop-metrics2.properties","chan":"stderr","logger":"task"}
{"timestamp":"2025-07-14T19:02:30.909389Z","level":"error","event":"\r[Stage 0:>                                                          (0 + 2) / 2]\r\r                                                                                \r25/07/14 19:02:30 WARN SparkStringUtils: Truncated the string representation of a plan since it was too large. This behavior can be adjusted by setting 'spark.sql.debug.maxToStringFields'.","chan":"stderr","logger":"task"}
{"timestamp":"2025-07-14T19:03:10.945508","level":"info","event":"Embedded 390 records","logger":"unusual_prefix_0aab8e1abe4a8f324d874f9a30de87ad63865522_activefence"}
{"timestamp":"2025-07-14T19:03:10.947325","level":"info","event":"Done. Returned value was: None","logger":"airflow.task.operators.airflow.providers.standard.operators.python.PythonOperator"}
{"timestamp":"2025-07-14T19:03:12.081427Z","level":"error","event":"\r[Stage 1:>                                                          (0 + 2) / 2]\r\r[Stage 3:>                                                         (0 + 2) / 50]\r\r[Stage 3:==>                                                       (2 + 2) / 50]\r\r[Stage 3:=====>                                                    (5 + 3) / 50]\r\r[Stage 3:========>                                                 (7 + 2) / 50]\r\r[Stage 3:=========>                                                (8 + 2) / 50]\r\r[Stage 3:===========>                                             (10 + 2) / 50]\r\r[Stage 3:=============>                                           (12 + 2) / 50]\r\r[Stage 3:=================>                                       (15 + 2) / 50]\r\r[Stage 3:====================>                                    (18 + 2) / 50]\r\r[Stage 3:======================>                                  (20 + 2) / 50]\r\r[Stage 3:=========================>                               (22 + 2) / 50]\r\r[Stage 3:=============================>                           (26 + 2) / 50]\r\r[Stage 3:==================================>                      (30 + 2) / 50]\r\r[Stage 3:======================================>                  (34 + 2) / 50]\r\r[Stage 3:===========================================>             (38 + 2) / 50]\r\r[Stage 3:===============================================>         (42 + 4) / 50]\r\r[Stage 3:======================================================>  (48 + 2) / 50]\r\r                                                                                \r\r[Stage 5:>                                                         (0 + 2) / 50]\r\r[Stage 5:====>                                                     (4 + 2) / 50]\r\r[Stage 5:=============>                                           (12 + 2) / 50]\r\r[Stage 5:=========================>                               (22 + 2) / 50]\r\r[Stage 5:====================================>                    (32 + 2) / 50]\r\r[Stage 5:=============================================>           (40 + 3) / 50]\r\r                                                                                \r\r[Stage 9:>                                                          (0 + 1) / 1]\r\r                                                                                \r\r[Stage 11:==========================>                             (24 + 2) / 50]\r\r[Stage 11:========================================>               (36 + 2) / 50]","chan":"stderr","logger":"task"}
