{"timestamp":"2025-07-14T07:02:16.793426","level":"info","event":"DAG bundles loaded: dags-folder","logger":"airflow.dag_processing.bundles.manager.DagBundlesManager"}
{"timestamp":"2025-07-14T07:02:16.794785","level":"info","event":"Filling up the DagBag from /opt/airflow/dags/activefence.py","logger":"airflow.models.dagbag.DagBag"}
{"timestamp":"2025-07-14T07:02:30.829043","level":"info","event":"Saved RSS feed","logger":"unusual_prefix_0aab8e1abe4a8f324d874f9a30de87ad63865522_activefence"}
{"timestamp":"2025-07-14T07:02:33.326796","level":"info","event":"Scraped and uploaded: https://www.bbc.com/news/articles/cx2gy3j9xq6o","logger":"unusual_prefix_0aab8e1abe4a8f324d874f9a30de87ad63865522_activefence"}
{"timestamp":"2025-07-14T07:02:33.329466","level":"info","event":"Scraped and uploaded: https://www.bbc.com/news/articles/cwykgrv374eo","logger":"unusual_prefix_0aab8e1abe4a8f324d874f9a30de87ad63865522_activefence"}
{"timestamp":"2025-07-14T07:02:33.329929","level":"info","event":"Scraped and uploaded: https://www.bbc.com/news/articles/c4g8r34nxeno","logger":"unusual_prefix_0aab8e1abe4a8f324d874f9a30de87ad63865522_activefence"}
{"timestamp":"2025-07-14T07:02:33.331189","level":"info","event":"Scraped and uploaded: https://www.bbc.com/news/articles/cp82447l84ko","logger":"unusual_prefix_0aab8e1abe4a8f324d874f9a30de87ad63865522_activefence"}
{"timestamp":"2025-07-14T07:02:33.331670","level":"info","event":"Scraped and uploaded: https://www.bbc.com/news/articles/c8j13m74lklo","logger":"unusual_prefix_0aab8e1abe4a8f324d874f9a30de87ad63865522_activefence"}
{"timestamp":"2025-07-14T07:02:34.978678","level":"info","event":"Scraped and uploaded: https://www.bbc.com/news/articles/c4ge9xk8wj0o","logger":"unusual_prefix_0aab8e1abe4a8f324d874f9a30de87ad63865522_activefence"}
{"timestamp":"2025-07-14T07:02:35.034652","level":"info","event":"Scraped and uploaded: https://www.bbc.com/sport/tennis/articles/cdr3nk7vd28o","logger":"unusual_prefix_0aab8e1abe4a8f324d874f9a30de87ad63865522_activefence"}
{"timestamp":"2025-07-14T07:02:35.052381","level":"info","event":"Scraped and uploaded: https://www.bbc.com/news/articles/cy8kjdz9nr3o","logger":"unusual_prefix_0aab8e1abe4a8f324d874f9a30de87ad63865522_activefence"}
{"timestamp":"2025-07-14T07:02:35.199573","level":"info","event":"Scraped and uploaded: https://www.bbc.com/news/articles/ce8zqvgpm3lo","logger":"unusual_prefix_0aab8e1abe4a8f324d874f9a30de87ad63865522_activefence"}
{"timestamp":"2025-07-14T07:02:35.266825","level":"info","event":"Scraped and uploaded: https://www.bbc.com/news/articles/cwyxggv9j9zo","logger":"unusual_prefix_0aab8e1abe4a8f324d874f9a30de87ad63865522_activefence"}
{"timestamp":"2025-07-14T07:02:36.464785","level":"info","event":"Scraped and uploaded: https://www.bbc.com/news/articles/ckglzxy389zo","logger":"unusual_prefix_0aab8e1abe4a8f324d874f9a30de87ad63865522_activefence"}
{"timestamp":"2025-07-14T07:02:36.509063","level":"info","event":"Scraped and uploaded: https://www.bbc.com/news/articles/cpvjdm4mp92o","logger":"unusual_prefix_0aab8e1abe4a8f324d874f9a30de87ad63865522_activefence"}
{"timestamp":"2025-07-14T07:02:36.636309","level":"info","event":"Scraped and uploaded: https://www.bbc.com/news/articles/cy7nppe5gkgo","logger":"unusual_prefix_0aab8e1abe4a8f324d874f9a30de87ad63865522_activefence"}
{"timestamp":"2025-07-14T07:02:36.816176","level":"info","event":"Scraped and uploaded: https://www.bbc.com/news/articles/cp8mjnn7eqno","logger":"unusual_prefix_0aab8e1abe4a8f324d874f9a30de87ad63865522_activefence"}
{"timestamp":"2025-07-14T07:02:37.124649","level":"info","event":"Scraped and uploaded: https://www.bbc.com/news/articles/cvgnp9ykm3xo","logger":"unusual_prefix_0aab8e1abe4a8f324d874f9a30de87ad63865522_activefence"}
{"timestamp":"2025-07-14T07:02:39.001609","level":"info","event":"Scraped and uploaded: https://www.bbc.com/news/articles/cvg885p923jo","logger":"unusual_prefix_0aab8e1abe4a8f324d874f9a30de87ad63865522_activefence"}
{"timestamp":"2025-07-14T07:02:39.011408","level":"info","event":"Scraped and uploaded: https://www.bbc.com/news/articles/ckgdydzxe6go","logger":"unusual_prefix_0aab8e1abe4a8f324d874f9a30de87ad63865522_activefence"}
{"timestamp":"2025-07-14T07:02:39.046461","level":"info","event":"Scraped and uploaded: https://www.bbc.com/news/videos/c5ylkyrkjnzo","logger":"unusual_prefix_0aab8e1abe4a8f324d874f9a30de87ad63865522_activefence"}
{"timestamp":"2025-07-14T07:02:39.195453","level":"info","event":"Scraped and uploaded: https://www.bbc.com/news/articles/cgrxxyy2v1jo","logger":"unusual_prefix_0aab8e1abe4a8f324d874f9a30de87ad63865522_activefence"}
{"timestamp":"2025-07-14T07:02:39.197621","level":"info","event":"Scraped and uploaded: https://www.bbc.com/news/articles/cdxl0w1w394o","logger":"unusual_prefix_0aab8e1abe4a8f324d874f9a30de87ad63865522_activefence"}
{"timestamp":"2025-07-14T07:02:40.597814","level":"info","event":"Scraped and uploaded: https://www.bbc.com/news/articles/c20nqdl5ydjo","logger":"unusual_prefix_0aab8e1abe4a8f324d874f9a30de87ad63865522_activefence"}
{"timestamp":"2025-07-14T07:02:40.606318","level":"info","event":"Scraped and uploaded: https://www.bbc.com/news/articles/cz9y1l397vno","logger":"unusual_prefix_0aab8e1abe4a8f324d874f9a30de87ad63865522_activefence"}
{"timestamp":"2025-07-14T07:02:40.609361","level":"info","event":"Scraped and uploaded: https://www.bbc.com/news/articles/cr5v2lz5vl6o","logger":"unusual_prefix_0aab8e1abe4a8f324d874f9a30de87ad63865522_activefence"}
{"timestamp":"2025-07-14T07:02:40.910860","level":"info","event":"Scraped and uploaded: https://www.bbc.com/news/articles/c3r9nwgvwy3o","logger":"unusual_prefix_0aab8e1abe4a8f324d874f9a30de87ad63865522_activefence"}
{"timestamp":"2025-07-14T07:02:40.943430","level":"info","event":"Scraped and uploaded: https://www.bbc.com/news/articles/cy4yv3pmmwjo","logger":"unusual_prefix_0aab8e1abe4a8f324d874f9a30de87ad63865522_activefence"}
{"timestamp":"2025-07-14T07:02:42.115718","level":"info","event":"Scraped and uploaded: https://www.bbc.com/news/articles/cx20kd173z1o","logger":"unusual_prefix_0aab8e1abe4a8f324d874f9a30de87ad63865522_activefence"}
{"timestamp":"2025-07-14T07:02:42.204044","level":"info","event":"Scraped and uploaded: https://www.bbc.com/news/articles/c77vr00enzyo","logger":"unusual_prefix_0aab8e1abe4a8f324d874f9a30de87ad63865522_activefence"}
{"timestamp":"2025-07-14T07:02:42.314063","level":"info","event":"Scraped and uploaded: https://www.bbc.com/news/articles/cdxlqeyw95no","logger":"unusual_prefix_0aab8e1abe4a8f324d874f9a30de87ad63865522_activefence"}
{"timestamp":"2025-07-14T07:02:42.568102","level":"info","event":"Scraped and uploaded: https://www.bbc.com/news/articles/cy4ym77rkgeo","logger":"unusual_prefix_0aab8e1abe4a8f324d874f9a30de87ad63865522_activefence"}
{"timestamp":"2025-07-14T07:02:43.365935","level":"info","event":"Scraped and uploaded: https://www.bbc.com/news/articles/cg75zv4gny2o","logger":"unusual_prefix_0aab8e1abe4a8f324d874f9a30de87ad63865522_activefence"}
{"timestamp":"2025-07-14T07:02:43.755544","level":"info","event":"Scraped and uploaded: https://www.bbc.co.uk/sounds/play/w3ct6znw","logger":"unusual_prefix_0aab8e1abe4a8f324d874f9a30de87ad63865522_activefence"}
{"timestamp":"2025-07-14T07:02:43.802598","level":"info","event":"Scraped and uploaded: https://www.bbc.com/news/articles/cj3rmjjgx6xo","logger":"unusual_prefix_0aab8e1abe4a8f324d874f9a30de87ad63865522_activefence"}
{"timestamp":"2025-07-14T07:02:44.055040","level":"info","event":"Scraped and uploaded: https://www.bbc.co.uk/iplayer/episode/m002fpwd","logger":"unusual_prefix_0aab8e1abe4a8f324d874f9a30de87ad63865522_activefence"}
{"timestamp":"2025-07-14T07:02:44.131317","level":"info","event":"Scraped and uploaded: https://www.bbc.com/news/articles/cj4edkdxz2xo","logger":"unusual_prefix_0aab8e1abe4a8f324d874f9a30de87ad63865522_activefence"}
{"timestamp":"2025-07-14T07:02:44.564665","level":"info","event":"Scraped and uploaded: https://www.bbc.co.uk/sounds/play/w3ct6znv","logger":"unusual_prefix_0aab8e1abe4a8f324d874f9a30de87ad63865522_activefence"}
{"timestamp":"2025-07-14T07:02:44.967154","level":"info","event":"Scraped and uploaded: https://www.bbc.co.uk/sounds/play/w3ct6znt","logger":"unusual_prefix_0aab8e1abe4a8f324d874f9a30de87ad63865522_activefence"}
{"timestamp":"2025-07-14T07:02:45.241392","level":"info","event":"Scraped and uploaded: https://www.bbc.co.uk/sounds/play/w3ct6zns","logger":"unusual_prefix_0aab8e1abe4a8f324d874f9a30de87ad63865522_activefence"}
{"timestamp":"2025-07-14T07:02:45.346356","level":"info","event":"Scraped and uploaded: https://www.bbc.com/news/articles/cj6r06d7xdjo","logger":"unusual_prefix_0aab8e1abe4a8f324d874f9a30de87ad63865522_activefence"}
{"timestamp":"2025-07-14T07:02:45.447405","level":"info","event":"Scraped and uploaded: https://www.bbc.co.uk/iplayer/episode/m002dgb9","logger":"unusual_prefix_0aab8e1abe4a8f324d874f9a30de87ad63865522_activefence"}
{"timestamp":"2025-07-14T07:02:46.312636","level":"info","event":"Scraped and uploaded: https://www.bbc.com/news/articles/c4g2ezl7xqyo","logger":"unusual_prefix_0aab8e1abe4a8f324d874f9a30de87ad63865522_activefence"}
{"timestamp":"2025-07-14T07:02:46.455658","level":"info","event":"Scraped and uploaded: https://www.bbc.com/news/articles/cz9y1l397vno","logger":"unusual_prefix_0aab8e1abe4a8f324d874f9a30de87ad63865522_activefence"}
{"timestamp":"2025-07-14T07:02:46.897733","level":"info","event":"Scraped and uploaded: https://www.bbc.com/weather/articles/cwy6ykp7049o","logger":"unusual_prefix_0aab8e1abe4a8f324d874f9a30de87ad63865522_activefence"}
{"timestamp":"2025-07-14T07:02:46.902206","level":"info","event":"Scraped and uploaded: https://www.bbc.com/news/articles/cqx2jz1l477o","logger":"unusual_prefix_0aab8e1abe4a8f324d874f9a30de87ad63865522_activefence"}
{"timestamp":"2025-07-14T07:02:47.208901","level":"info","event":"Scraped and uploaded: https://www.bbc.com/news/articles/cm234l04xmro","logger":"unusual_prefix_0aab8e1abe4a8f324d874f9a30de87ad63865522_activefence"}
{"timestamp":"2025-07-14T07:02:47.908371","level":"info","event":"Scraped and uploaded: https://www.bbc.com/news/articles/c79ewz7qej4o","logger":"unusual_prefix_0aab8e1abe4a8f324d874f9a30de87ad63865522_activefence"}
{"timestamp":"2025-07-14T07:02:48.432638","level":"info","event":"Scraped and uploaded: https://www.bbc.com/news/articles/c0qg3ylx2g9o","logger":"unusual_prefix_0aab8e1abe4a8f324d874f9a30de87ad63865522_activefence"}
{"timestamp":"2025-07-14T07:02:48.472475","level":"info","event":"Scraped and uploaded: https://www.bbc.com/news/articles/c5y5zg85wnlo","logger":"unusual_prefix_0aab8e1abe4a8f324d874f9a30de87ad63865522_activefence"}
{"timestamp":"2025-07-14T07:02:48.622810","level":"info","event":"Scraped and uploaded: https://www.bbc.com/news/articles/clynkqw236po","logger":"unusual_prefix_0aab8e1abe4a8f324d874f9a30de87ad63865522_activefence"}
{"timestamp":"2025-07-14T07:02:49.012327","level":"info","event":"Scraped and uploaded: https://www.bbc.com/news/articles/c20xlqn0e5po","logger":"unusual_prefix_0aab8e1abe4a8f324d874f9a30de87ad63865522_activefence"}
{"timestamp":"2025-07-14T07:02:49.740231","level":"info","event":"Scraped and uploaded: https://www.bbc.com/news/articles/cpdzjev2d9wo","logger":"unusual_prefix_0aab8e1abe4a8f324d874f9a30de87ad63865522_activefence"}
{"timestamp":"2025-07-14T07:02:50.092574","level":"info","event":"Scraped and uploaded: https://www.bbc.com/news/articles/c62g6vdl3vqo","logger":"unusual_prefix_0aab8e1abe4a8f324d874f9a30de87ad63865522_activefence"}
{"timestamp":"2025-07-14T07:02:50.123960","level":"info","event":"Scraped and uploaded: https://www.bbc.co.uk/bitesize/articles/z2b7rmn","logger":"unusual_prefix_0aab8e1abe4a8f324d874f9a30de87ad63865522_activefence"}
{"timestamp":"2025-07-14T07:02:50.427491","level":"info","event":"Scraped and uploaded: https://www.bbc.com/news/articles/czrve1zrlg3o","logger":"unusual_prefix_0aab8e1abe4a8f324d874f9a30de87ad63865522_activefence"}
{"timestamp":"2025-07-14T07:02:51.010546","level":"info","event":"Scraped and uploaded: https://www.bbc.com/news/articles/c7vnyn17p57o","logger":"unusual_prefix_0aab8e1abe4a8f324d874f9a30de87ad63865522_activefence"}
{"timestamp":"2025-07-14T07:02:51.836023","level":"info","event":"Scraped and uploaded: https://www.bbc.com/news/articles/cql6vgwyv4xo","logger":"unusual_prefix_0aab8e1abe4a8f324d874f9a30de87ad63865522_activefence"}
{"timestamp":"2025-07-14T07:02:51.838436","level":"info","event":"Done. Returned value was: None","logger":"airflow.task.operators.airflow.providers.standard.operators.python.PythonOperator"}
