{"timestamp":"2025-07-11T20:50:10.418274","level":"info","event":"DAG bundles loaded: dags-folder","logger":"airflow.dag_processing.bundles.manager.DagBundlesManager"}
{"timestamp":"2025-07-11T20:50:10.419481","level":"info","event":"Filling up the DagBag from /opt/airflow/dags/main.py","logger":"airflow.models.dagbag.DagBag"}
{"timestamp":"2025-07-11T20:50:12.411291","level":"info","event":"Saved RSS feed","logger":"unusual_prefix_8f3fa82684731fec338e7a38d6fbf711ac450beb_main"}
{"timestamp":"2025-07-11T20:50:15.237100","level":"info","event":"Scraped and uploaded: https://www.bbc.com/news/articles/cx2gy3j9xq6o","logger":"unusual_prefix_8f3fa82684731fec338e7a38d6fbf711ac450beb_main"}
{"timestamp":"2025-07-11T20:50:15.667482","level":"info","event":"Scraped and uploaded: https://www.bbc.com/news/articles/cwykgrv374eo","logger":"unusual_prefix_8f3fa82684731fec338e7a38d6fbf711ac450beb_main"}
{"timestamp":"2025-07-11T20:50:15.934966","level":"info","event":"Scraped and uploaded: https://www.bbc.com/news/articles/cy8kjdz9nr3o","logger":"unusual_prefix_8f3fa82684731fec338e7a38d6fbf711ac450beb_main"}
{"timestamp":"2025-07-11T20:50:16.242116","level":"info","event":"Scraped and uploaded: https://www.bbc.com/news/articles/c8j13m74lklo","logger":"unusual_prefix_8f3fa82684731fec338e7a38d6fbf711ac450beb_main"}
{"timestamp":"2025-07-11T20:50:16.498959","level":"info","event":"Scraped and uploaded: https://www.bbc.com/news/articles/c4g8r34nxeno","logger":"unusual_prefix_8f3fa82684731fec338e7a38d6fbf711ac450beb_main"}
{"timestamp":"2025-07-11T20:50:16.568180","level":"info","event":"Scraped and uploaded: https://www.bbc.com/news/articles/cwyxggv9j9zo","logger":"unusual_prefix_8f3fa82684731fec338e7a38d6fbf711ac450beb_main"}
{"timestamp":"2025-07-11T20:50:16.973017","level":"info","event":"Scraped and uploaded: https://www.bbc.com/sport/tennis/articles/cdr3nk7vd28o","logger":"unusual_prefix_8f3fa82684731fec338e7a38d6fbf711ac450beb_main"}
{"timestamp":"2025-07-11T20:50:18.086933","level":"info","event":"Scraped and uploaded: https://www.bbc.com/news/articles/c4ge9xk8wj0o","logger":"unusual_prefix_8f3fa82684731fec338e7a38d6fbf711ac450beb_main"}
{"timestamp":"2025-07-11T20:50:18.276476","level":"info","event":"Scraped and uploaded: https://www.bbc.com/news/articles/ce8zqvgpm3lo","logger":"unusual_prefix_8f3fa82684731fec338e7a38d6fbf711ac450beb_main"}
{"timestamp":"2025-07-11T20:50:19.321165","level":"info","event":"Scraped and uploaded: https://www.bbc.com/news/articles/cp8mjnn7eqno","logger":"unusual_prefix_8f3fa82684731fec338e7a38d6fbf711ac450beb_main"}
{"timestamp":"2025-07-11T20:50:19.360432","level":"info","event":"Scraped and uploaded: https://www.bbc.com/news/articles/cpvjdm4mp92o","logger":"unusual_prefix_8f3fa82684731fec338e7a38d6fbf711ac450beb_main"}
{"timestamp":"2025-07-11T20:50:19.527298","level":"info","event":"Scraped and uploaded: https://www.bbc.com/news/articles/ckglzxy389zo","logger":"unusual_prefix_8f3fa82684731fec338e7a38d6fbf711ac450beb_main"}
{"timestamp":"2025-07-11T20:50:19.860205","level":"info","event":"Scraped and uploaded: https://www.bbc.com/news/articles/cy7nppe5gkgo","logger":"unusual_prefix_8f3fa82684731fec338e7a38d6fbf711ac450beb_main"}
{"timestamp":"2025-07-11T20:50:21.293584","level":"info","event":"Scraped and uploaded: https://www.bbc.com/news/articles/cdxl0w1w394o","logger":"unusual_prefix_8f3fa82684731fec338e7a38d6fbf711ac450beb_main"}
{"timestamp":"2025-07-11T20:50:21.475243","level":"info","event":"Scraped and uploaded: https://www.bbc.com/news/articles/cvgnp9ykm3xo","logger":"unusual_prefix_8f3fa82684731fec338e7a38d6fbf711ac450beb_main"}
{"timestamp":"2025-07-11T20:50:21.891458","level":"info","event":"Scraped and uploaded: https://www.bbc.com/news/videos/c5ylkyrkjnzo","logger":"unusual_prefix_8f3fa82684731fec338e7a38d6fbf711ac450beb_main"}
{"timestamp":"2025-07-11T20:50:22.007426","level":"info","event":"Scraped and uploaded: https://www.bbc.com/news/articles/ckgdydzxe6go","logger":"unusual_prefix_8f3fa82684731fec338e7a38d6fbf711ac450beb_main"}
{"timestamp":"2025-07-11T20:50:22.020172","level":"info","event":"Scraped and uploaded: https://www.bbc.com/news/articles/cvg885p923jo","logger":"unusual_prefix_8f3fa82684731fec338e7a38d6fbf711ac450beb_main"}
{"timestamp":"2025-07-11T20:50:22.657702","level":"info","event":"Scraped and uploaded: https://www.bbc.com/news/articles/c20nqdl5ydjo","logger":"unusual_prefix_8f3fa82684731fec338e7a38d6fbf711ac450beb_main"}
{"timestamp":"2025-07-11T20:50:23.226342","level":"info","event":"Scraped and uploaded: https://www.bbc.com/news/articles/cy4yv3pmmwjo","logger":"unusual_prefix_8f3fa82684731fec338e7a38d6fbf711ac450beb_main"}
{"timestamp":"2025-07-11T20:50:23.429498","level":"info","event":"Scraped and uploaded: https://www.bbc.com/news/articles/cgrxxyy2v1jo","logger":"unusual_prefix_8f3fa82684731fec338e7a38d6fbf711ac450beb_main"}
{"timestamp":"2025-07-11T20:50:23.611084","level":"info","event":"Scraped and uploaded: https://www.bbc.com/news/articles/cz9y1l397vno","logger":"unusual_prefix_8f3fa82684731fec338e7a38d6fbf711ac450beb_main"}
{"timestamp":"2025-07-11T20:50:23.690932","level":"info","event":"Scraped and uploaded: https://www.bbc.com/news/articles/cr5v2lz5vl6o","logger":"unusual_prefix_8f3fa82684731fec338e7a38d6fbf711ac450beb_main"}
{"timestamp":"2025-07-11T20:50:24.938759","level":"info","event":"Scraped and uploaded: https://www.bbc.com/news/articles/c3r9nwgvwy3o","logger":"unusual_prefix_8f3fa82684731fec338e7a38d6fbf711ac450beb_main"}
{"timestamp":"2025-07-11T20:50:25.748792","level":"info","event":"Scraped and uploaded: https://www.bbc.com/news/articles/c77vr00enzyo","logger":"unusual_prefix_8f3fa82684731fec338e7a38d6fbf711ac450beb_main"}
{"timestamp":"2025-07-11T20:50:26.113014","level":"info","event":"Scraped and uploaded: https://www.bbc.com/news/articles/cx20kd173z1o","logger":"unusual_prefix_8f3fa82684731fec338e7a38d6fbf711ac450beb_main"}
{"timestamp":"2025-07-11T20:50:26.255271","level":"info","event":"Scraped and uploaded: https://www.bbc.com/news/articles/cg75zv4gny2o","logger":"unusual_prefix_8f3fa82684731fec338e7a38d6fbf711ac450beb_main"}
{"timestamp":"2025-07-11T20:50:26.404603","level":"info","event":"Scraped and uploaded: https://www.bbc.com/news/articles/cdxlqeyw95no","logger":"unusual_prefix_8f3fa82684731fec338e7a38d6fbf711ac450beb_main"}
{"timestamp":"2025-07-11T20:50:27.358716","level":"info","event":"Scraped and uploaded: https://www.bbc.com/news/articles/cy4ym77rkgeo","logger":"unusual_prefix_8f3fa82684731fec338e7a38d6fbf711ac450beb_main"}
{"timestamp":"2025-07-11T20:50:27.465994","level":"info","event":"Scraped and uploaded: https://www.bbc.com/news/articles/cj3rmjjgx6xo","logger":"unusual_prefix_8f3fa82684731fec338e7a38d6fbf711ac450beb_main"}
{"timestamp":"2025-07-11T20:50:27.966410","level":"info","event":"Scraped and uploaded: https://www.bbc.com/news/articles/cjwnlje3yp1o","logger":"unusual_prefix_8f3fa82684731fec338e7a38d6fbf711ac450beb_main"}
{"timestamp":"2025-07-11T20:50:28.012964","level":"info","event":"Scraped and uploaded: https://www.bbc.com/news/articles/cy7ndgylzzmo","logger":"unusual_prefix_8f3fa82684731fec338e7a38d6fbf711ac450beb_main"}
{"timestamp":"2025-07-11T20:50:28.358408","level":"info","event":"Scraped and uploaded: https://www.bbc.com/news/articles/cj4edkdxz2xo","logger":"unusual_prefix_8f3fa82684731fec338e7a38d6fbf711ac450beb_main"}
{"timestamp":"2025-07-11T20:50:28.706781","level":"info","event":"Scraped and uploaded: https://www.bbc.co.uk/sounds/play/w3ct6znw","logger":"unusual_prefix_8f3fa82684731fec338e7a38d6fbf711ac450beb_main"}
{"timestamp":"2025-07-11T20:50:29.098452","level":"info","event":"Scraped and uploaded: https://www.bbc.co.uk/iplayer/episode/m002fpwd","logger":"unusual_prefix_8f3fa82684731fec338e7a38d6fbf711ac450beb_main"}
{"timestamp":"2025-07-11T20:50:29.198251","level":"info","event":"Scraped and uploaded: https://www.bbc.co.uk/sounds/play/w3ct6znv","logger":"unusual_prefix_8f3fa82684731fec338e7a38d6fbf711ac450beb_main"}
{"timestamp":"2025-07-11T20:50:29.202155","level":"info","event":"Scraped and uploaded: https://www.bbc.co.uk/sounds/play/w3ct6znt","logger":"unusual_prefix_8f3fa82684731fec338e7a38d6fbf711ac450beb_main"}
{"timestamp":"2025-07-11T20:50:29.914877","level":"info","event":"Scraped and uploaded: https://www.bbc.co.uk/sounds/play/w3ct6zns","logger":"unusual_prefix_8f3fa82684731fec338e7a38d6fbf711ac450beb_main"}
{"timestamp":"2025-07-11T20:50:30.333989","level":"info","event":"Scraped and uploaded: https://www.bbc.com/news/articles/cj6r06d7xdjo","logger":"unusual_prefix_8f3fa82684731fec338e7a38d6fbf711ac450beb_main"}
{"timestamp":"2025-07-11T20:50:30.409630","level":"info","event":"Scraped and uploaded: https://www.bbc.com/news/articles/cz9y1l397vno","logger":"unusual_prefix_8f3fa82684731fec338e7a38d6fbf711ac450beb_main"}
{"timestamp":"2025-07-11T20:50:30.521179","level":"info","event":"Scraped and uploaded: https://www.bbc.co.uk/iplayer/episode/m002dgb9","logger":"unusual_prefix_8f3fa82684731fec338e7a38d6fbf711ac450beb_main"}
{"timestamp":"2025-07-11T20:50:30.889966","level":"info","event":"Scraped and uploaded: https://www.bbc.com/news/articles/c4g2ezl7xqyo","logger":"unusual_prefix_8f3fa82684731fec338e7a38d6fbf711ac450beb_main"}
{"timestamp":"2025-07-11T20:50:31.551269","level":"info","event":"Scraped and uploaded: https://www.bbc.com/weather/articles/cwy6ykp7049o","logger":"unusual_prefix_8f3fa82684731fec338e7a38d6fbf711ac450beb_main"}
{"timestamp":"2025-07-11T20:50:31.618702","level":"info","event":"Scraped and uploaded: https://www.bbc.com/news/articles/cm234l04xmro","logger":"unusual_prefix_8f3fa82684731fec338e7a38d6fbf711ac450beb_main"}
{"timestamp":"2025-07-11T20:50:31.653001","level":"info","event":"Scraped and uploaded: https://www.bbc.com/news/articles/cqx2jz1l477o","logger":"unusual_prefix_8f3fa82684731fec338e7a38d6fbf711ac450beb_main"}
{"timestamp":"2025-07-11T20:50:32.107681","level":"info","event":"Scraped and uploaded: https://www.bbc.com/news/articles/c0qg3ylx2g9o","logger":"unusual_prefix_8f3fa82684731fec338e7a38d6fbf711ac450beb_main"}
{"timestamp":"2025-07-11T20:50:32.159991","level":"info","event":"Scraped and uploaded: https://www.bbc.com/news/articles/c79ewz7qej4o","logger":"unusual_prefix_8f3fa82684731fec338e7a38d6fbf711ac450beb_main"}
{"timestamp":"2025-07-11T20:50:32.878549","level":"info","event":"Scraped and uploaded: https://www.bbc.com/news/articles/c20xlqn0e5po","logger":"unusual_prefix_8f3fa82684731fec338e7a38d6fbf711ac450beb_main"}
{"timestamp":"2025-07-11T20:50:33.153384","level":"info","event":"Scraped and uploaded: https://www.bbc.com/news/articles/c5y5zg85wnlo","logger":"unusual_prefix_8f3fa82684731fec338e7a38d6fbf711ac450beb_main"}
{"timestamp":"2025-07-11T20:50:33.166696","level":"info","event":"Scraped and uploaded: https://www.bbc.com/news/articles/clynkqw236po","logger":"unusual_prefix_8f3fa82684731fec338e7a38d6fbf711ac450beb_main"}
{"timestamp":"2025-07-11T20:50:33.363324","level":"info","event":"Scraped and uploaded: https://www.bbc.co.uk/bitesize/articles/z2b7rmn","logger":"unusual_prefix_8f3fa82684731fec338e7a38d6fbf711ac450beb_main"}
{"timestamp":"2025-07-11T20:50:33.772340","level":"info","event":"Scraped and uploaded: https://www.bbc.com/news/articles/cpdzjev2d9wo","logger":"unusual_prefix_8f3fa82684731fec338e7a38d6fbf711ac450beb_main"}
{"timestamp":"2025-07-11T20:50:34.498586","level":"info","event":"Scraped and uploaded: https://www.bbc.com/news/articles/c62g6vdl3vqo","logger":"unusual_prefix_8f3fa82684731fec338e7a38d6fbf711ac450beb_main"}
{"timestamp":"2025-07-11T20:50:34.793585","level":"info","event":"Scraped and uploaded: https://www.bbc.com/news/articles/c7vnyn17p57o","logger":"unusual_prefix_8f3fa82684731fec338e7a38d6fbf711ac450beb_main"}
{"timestamp":"2025-07-11T20:50:34.850236","level":"info","event":"Scraped and uploaded: https://www.bbc.com/news/articles/czrve1zrlg3o","logger":"unusual_prefix_8f3fa82684731fec338e7a38d6fbf711ac450beb_main"}
{"timestamp":"2025-07-11T20:50:35.203267","level":"info","event":"Scraped and uploaded: https://www.bbc.com/news/articles/cql6vgwyv4xo","logger":"unusual_prefix_8f3fa82684731fec338e7a38d6fbf711ac450beb_main"}
{"timestamp":"2025-07-11T20:50:35.205898","level":"info","event":"Done. Returned value was: None","logger":"airflow.task.operators.airflow.providers.standard.operators.python.PythonOperator"}
