{"timestamp":"2025-07-13T15:51:46.062316","level":"info","event":"DAG bundles loaded: dags-folder","logger":"airflow.dag_processing.bundles.manager.DagBundlesManager"}
{"timestamp":"2025-07-13T15:51:46.063001","level":"info","event":"Filling up the DagBag from /opt/airflow/dags/bronze.py","logger":"airflow.models.dagbag.DagBag"}
{"timestamp":"2025-07-13T15:51:46.141615","level":"info","event":"Connection Retrieved 'spark_submit_default'","logger":"airflow.hooks.base"}
{"timestamp":"2025-07-13T15:51:46.143465","level":"info","event":"Spark-Submit cmd: spark-submit --master spark://spark-master:7077 --conf spark.submit.deployMode=client --conf spark.hadoop.fs.s3a.endpoint=http://minio:9000 --conf spark.hadoop.fs.s3a.access.key=ZPnglo5gVhmWx1iC0FdY --conf spark.hadoop.fs.s3a.secret.key=****** --conf spark.hadoop.fs.s3a.path.style.access=true --conf spark.hadoop.fs.s3a.impl=org.apache.hadoop.fs.s3a.S3AFileSystem --conf spark.hadoop.fs.s3a.connection.ssl.enabled=false --conf spark.executor.memory=2g --conf spark.driver.memory=1g --conf spark.executor.cores=2 --packages org.apache.hadoop:hadoop-aws:3.3.4,com.amazonaws:aws-java-sdk-bundle:1.12.520,org.apache.spark:spark-avro_2.12:3.5.0,io.delta:delta-spark_2.12:3.1.0 --executor-cores 2 --executor-memory 2g --driver-memory 1g --name minio_processing_job --verbose --deploy-mode client /opt/spark-jobs/spark_job.py","logger":"airflow.task.hooks.airflow.providers.apache.spark.hooks.spark_submit.SparkSubmitHook"}
{"timestamp":"2025-07-13T15:51:46.202712","level":"info","event":"/home/airflow/.local/lib/python3.12/site-packages/pyspark/bin/load-spark-env.sh: line 68: ps: command not found","logger":"airflow.task.hooks.airflow.providers.apache.spark.hooks.spark_submit.SparkSubmitHook"}
{"timestamp":"2025-07-13T15:51:48.204472","level":"info","event":"Using properties file: null","logger":"airflow.task.hooks.airflow.providers.apache.spark.hooks.spark_submit.SparkSubmitHook"}
{"timestamp":"2025-07-13T15:51:48.341525","level":"info","event":"Parsed arguments:","logger":"airflow.task.hooks.airflow.providers.apache.spark.hooks.spark_submit.SparkSubmitHook"}
{"timestamp":"2025-07-13T15:51:48.341696","level":"info","event":"master                  spark://spark-master:7077","logger":"airflow.task.hooks.airflow.providers.apache.spark.hooks.spark_submit.SparkSubmitHook"}
{"timestamp":"2025-07-13T15:51:48.341754","level":"info","event":"remote                  null","logger":"airflow.task.hooks.airflow.providers.apache.spark.hooks.spark_submit.SparkSubmitHook"}
{"timestamp":"2025-07-13T15:51:48.341798","level":"info","event":"deployMode              client","logger":"airflow.task.hooks.airflow.providers.apache.spark.hooks.spark_submit.SparkSubmitHook"}
{"timestamp":"2025-07-13T15:51:48.341836","level":"info","event":"executorMemory          2g","logger":"airflow.task.hooks.airflow.providers.apache.spark.hooks.spark_submit.SparkSubmitHook"}
{"timestamp":"2025-07-13T15:51:48.341872","level":"info","event":"executorCores           2","logger":"airflow.task.hooks.airflow.providers.apache.spark.hooks.spark_submit.SparkSubmitHook"}
{"timestamp":"2025-07-13T15:51:48.341907","level":"info","event":"totalExecutorCores      null","logger":"airflow.task.hooks.airflow.providers.apache.spark.hooks.spark_submit.SparkSubmitHook"}
{"timestamp":"2025-07-13T15:51:48.341941","level":"info","event":"propertiesFile          null","logger":"airflow.task.hooks.airflow.providers.apache.spark.hooks.spark_submit.SparkSubmitHook"}
{"timestamp":"2025-07-13T15:51:48.341976","level":"info","event":"driverMemory            1g","logger":"airflow.task.hooks.airflow.providers.apache.spark.hooks.spark_submit.SparkSubmitHook"}
{"timestamp":"2025-07-13T15:51:48.342031","level":"info","event":"driverCores             null","logger":"airflow.task.hooks.airflow.providers.apache.spark.hooks.spark_submit.SparkSubmitHook"}
{"timestamp":"2025-07-13T15:51:48.342073","level":"info","event":"driverExtraClassPath    null","logger":"airflow.task.hooks.airflow.providers.apache.spark.hooks.spark_submit.SparkSubmitHook"}
{"timestamp":"2025-07-13T15:51:48.342108","level":"info","event":"driverExtraLibraryPath  null","logger":"airflow.task.hooks.airflow.providers.apache.spark.hooks.spark_submit.SparkSubmitHook"}
{"timestamp":"2025-07-13T15:51:48.342141","level":"info","event":"driverExtraJavaOptions  null","logger":"airflow.task.hooks.airflow.providers.apache.spark.hooks.spark_submit.SparkSubmitHook"}
{"timestamp":"2025-07-13T15:51:48.342173","level":"info","event":"supervise               false","logger":"airflow.task.hooks.airflow.providers.apache.spark.hooks.spark_submit.SparkSubmitHook"}
{"timestamp":"2025-07-13T15:51:48.342205","level":"info","event":"queue                   null","logger":"airflow.task.hooks.airflow.providers.apache.spark.hooks.spark_submit.SparkSubmitHook"}
{"timestamp":"2025-07-13T15:51:48.342237","level":"info","event":"numExecutors            null","logger":"airflow.task.hooks.airflow.providers.apache.spark.hooks.spark_submit.SparkSubmitHook"}
{"timestamp":"2025-07-13T15:51:48.342270","level":"info","event":"files                   null","logger":"airflow.task.hooks.airflow.providers.apache.spark.hooks.spark_submit.SparkSubmitHook"}
{"timestamp":"2025-07-13T15:51:48.342303","level":"info","event":"pyFiles                 null","logger":"airflow.task.hooks.airflow.providers.apache.spark.hooks.spark_submit.SparkSubmitHook"}
{"timestamp":"2025-07-13T15:51:48.342336","level":"info","event":"archives                null","logger":"airflow.task.hooks.airflow.providers.apache.spark.hooks.spark_submit.SparkSubmitHook"}
{"timestamp":"2025-07-13T15:51:48.342368","level":"info","event":"mainClass               null","logger":"airflow.task.hooks.airflow.providers.apache.spark.hooks.spark_submit.SparkSubmitHook"}
{"timestamp":"2025-07-13T15:51:48.342400","level":"info","event":"primaryResource         file:/opt/spark-jobs/spark_job.py","logger":"airflow.task.hooks.airflow.providers.apache.spark.hooks.spark_submit.SparkSubmitHook"}
{"timestamp":"2025-07-13T15:51:48.342432","level":"info","event":"name                    minio_processing_job","logger":"airflow.task.hooks.airflow.providers.apache.spark.hooks.spark_submit.SparkSubmitHook"}
{"timestamp":"2025-07-13T15:51:48.342464","level":"info","event":"childArgs               []","logger":"airflow.task.hooks.airflow.providers.apache.spark.hooks.spark_submit.SparkSubmitHook"}
{"timestamp":"2025-07-13T15:51:48.342495","level":"info","event":"jars                    null","logger":"airflow.task.hooks.airflow.providers.apache.spark.hooks.spark_submit.SparkSubmitHook"}
{"timestamp":"2025-07-13T15:51:48.342527","level":"info","event":"packages                org.apache.hadoop:hadoop-aws:3.3.4,com.amazonaws:aws-java-sdk-bundle:1.12.520,org.apache.spark:spark-avro_2.12:3.5.0,io.delta:delta-spark_2.12:3.1.0","logger":"airflow.task.hooks.airflow.providers.apache.spark.hooks.spark_submit.SparkSubmitHook"}
{"timestamp":"2025-07-13T15:51:48.342561","level":"info","event":"packagesExclusions      null","logger":"airflow.task.hooks.airflow.providers.apache.spark.hooks.spark_submit.SparkSubmitHook"}
{"timestamp":"2025-07-13T15:51:48.342593","level":"info","event":"repositories            null","logger":"airflow.task.hooks.airflow.providers.apache.spark.hooks.spark_submit.SparkSubmitHook"}
{"timestamp":"2025-07-13T15:51:48.342625","level":"info","event":"verbose                 true","logger":"airflow.task.hooks.airflow.providers.apache.spark.hooks.spark_submit.SparkSubmitHook"}
{"timestamp":"2025-07-13T15:51:48.342659","level":"info","event":"","logger":"airflow.task.hooks.airflow.providers.apache.spark.hooks.spark_submit.SparkSubmitHook"}
{"timestamp":"2025-07-13T15:51:48.342694","level":"info","event":"Spark properties used, including those specified through","logger":"airflow.task.hooks.airflow.providers.apache.spark.hooks.spark_submit.SparkSubmitHook"}
{"timestamp":"2025-07-13T15:51:48.342728","level":"info","event":"--conf and those from the properties file null:","logger":"airflow.task.hooks.airflow.providers.apache.spark.hooks.spark_submit.SparkSubmitHook"}
{"timestamp":"2025-07-13T15:51:48.342760","level":"info","event":"(spark.driver.memory,1g)","logger":"airflow.task.hooks.airflow.providers.apache.spark.hooks.spark_submit.SparkSubmitHook"}
{"timestamp":"2025-07-13T15:51:48.342801","level":"info","event":"(spark.executor.cores,2)","logger":"airflow.task.hooks.airflow.providers.apache.spark.hooks.spark_submit.SparkSubmitHook"}
{"timestamp":"2025-07-13T15:51:48.342855","level":"info","event":"(spark.executor.memory,2g)","logger":"airflow.task.hooks.airflow.providers.apache.spark.hooks.spark_submit.SparkSubmitHook"}
{"timestamp":"2025-07-13T15:51:48.342894","level":"info","event":"(spark.hadoop.fs.s3a.access.key,*********(redacted))","logger":"airflow.task.hooks.airflow.providers.apache.spark.hooks.spark_submit.SparkSubmitHook"}
{"timestamp":"2025-07-13T15:51:48.342934","level":"info","event":"(spark.hadoop.fs.s3a.connection.ssl.enabled,false)","logger":"airflow.task.hooks.airflow.providers.apache.spark.hooks.spark_submit.SparkSubmitHook"}
{"timestamp":"2025-07-13T15:51:48.342970","level":"info","event":"(spark.hadoop.fs.s3a.endpoint,http://minio:9000)","logger":"airflow.task.hooks.airflow.providers.apache.spark.hooks.spark_submit.SparkSubmitHook"}
{"timestamp":"2025-07-13T15:51:48.343005","level":"info","event":"(spark.hadoop.fs.s3a.impl,org.apache.hadoop.fs.s3a.S3AFileSystem)","logger":"airflow.task.hooks.airflow.providers.apache.spark.hooks.spark_submit.SparkSubmitHook"}
{"timestamp":"2025-07-13T15:51:48.343041","level":"info","event":"(spark.hadoop.fs.s3a.path.style.access,true)","logger":"airflow.task.hooks.airflow.providers.apache.spark.hooks.spark_submit.SparkSubmitHook"}
{"timestamp":"2025-07-13T15:51:48.343104","level":"info","event":"(spark.hadoop.fs.s3a.secret.key,*********(redacted))","logger":"airflow.task.hooks.airflow.providers.apache.spark.hooks.spark_submit.SparkSubmitHook"}
{"timestamp":"2025-07-13T15:51:48.343151","level":"info","event":"(spark.submit.deployMode,client)","logger":"airflow.task.hooks.airflow.providers.apache.spark.hooks.spark_submit.SparkSubmitHook"}
{"timestamp":"2025-07-13T15:51:48.343191","level":"info","event":"","logger":"airflow.task.hooks.airflow.providers.apache.spark.hooks.spark_submit.SparkSubmitHook"}
{"timestamp":"2025-07-13T15:51:48.343229","level":"info","event":"","logger":"airflow.task.hooks.airflow.providers.apache.spark.hooks.spark_submit.SparkSubmitHook"}
{"timestamp":"2025-07-13T15:51:48.519688","level":"info","event":":: loading settings :: url = jar:file:/home/airflow/.local/lib/python3.12/site-packages/pyspark/jars/ivy-2.5.1.jar!/org/apache/ivy/core/settings/ivysettings.xml","logger":"airflow.task.hooks.airflow.providers.apache.spark.hooks.spark_submit.SparkSubmitHook"}
{"timestamp":"2025-07-13T15:51:48.639241","level":"info","event":"Ivy Default Cache set to: /home/airflow/.ivy2/cache","logger":"airflow.task.hooks.airflow.providers.apache.spark.hooks.spark_submit.SparkSubmitHook"}
{"timestamp":"2025-07-13T15:51:48.639493","level":"info","event":"The jars for the packages stored in: /home/airflow/.ivy2/jars","logger":"airflow.task.hooks.airflow.providers.apache.spark.hooks.spark_submit.SparkSubmitHook"}
{"timestamp":"2025-07-13T15:51:48.647203","level":"info","event":"org.apache.hadoop#hadoop-aws added as a dependency","logger":"airflow.task.hooks.airflow.providers.apache.spark.hooks.spark_submit.SparkSubmitHook"}
{"timestamp":"2025-07-13T15:51:48.647418","level":"info","event":"com.amazonaws#aws-java-sdk-bundle added as a dependency","logger":"airflow.task.hooks.airflow.providers.apache.spark.hooks.spark_submit.SparkSubmitHook"}
{"timestamp":"2025-07-13T15:51:48.647491","level":"info","event":"org.apache.spark#spark-avro_2.12 added as a dependency","logger":"airflow.task.hooks.airflow.providers.apache.spark.hooks.spark_submit.SparkSubmitHook"}
{"timestamp":"2025-07-13T15:51:48.647545","level":"info","event":"io.delta#delta-spark_2.12 added as a dependency","logger":"airflow.task.hooks.airflow.providers.apache.spark.hooks.spark_submit.SparkSubmitHook"}
{"timestamp":"2025-07-13T15:51:48.648912","level":"info","event":":: resolving dependencies :: org.apache.spark#spark-submit-parent-5038be46-b695-49f5-82e3-59d82c9323bb;1.0","logger":"airflow.task.hooks.airflow.providers.apache.spark.hooks.spark_submit.SparkSubmitHook"}
{"timestamp":"2025-07-13T15:51:48.649017","level":"info","event":"confs: [default]","logger":"airflow.task.hooks.airflow.providers.apache.spark.hooks.spark_submit.SparkSubmitHook"}
{"timestamp":"2025-07-13T15:51:48.885606","level":"info","event":"found org.apache.hadoop#hadoop-aws;3.3.4 in central","logger":"airflow.task.hooks.airflow.providers.apache.spark.hooks.spark_submit.SparkSubmitHook"}
{"timestamp":"2025-07-13T15:51:48.942578","level":"info","event":"found org.wildfly.openssl#wildfly-openssl;1.0.7.Final in central","logger":"airflow.task.hooks.airflow.providers.apache.spark.hooks.spark_submit.SparkSubmitHook"}
{"timestamp":"2025-07-13T15:51:48.967005","level":"info","event":"found com.amazonaws#aws-java-sdk-bundle;1.12.520 in central","logger":"airflow.task.hooks.airflow.providers.apache.spark.hooks.spark_submit.SparkSubmitHook"}
{"timestamp":"2025-07-13T15:51:49.010164","level":"info","event":"found org.apache.spark#spark-avro_2.12;3.5.0 in central","logger":"airflow.task.hooks.airflow.providers.apache.spark.hooks.spark_submit.SparkSubmitHook"}
{"timestamp":"2025-07-13T15:51:49.037851","level":"info","event":"found org.tukaani#xz;1.9 in central","logger":"airflow.task.hooks.airflow.providers.apache.spark.hooks.spark_submit.SparkSubmitHook"}
{"timestamp":"2025-07-13T15:51:49.055863","level":"info","event":"found io.delta#delta-spark_2.12;3.1.0 in central","logger":"airflow.task.hooks.airflow.providers.apache.spark.hooks.spark_submit.SparkSubmitHook"}
{"timestamp":"2025-07-13T15:51:49.080539","level":"info","event":"found io.delta#delta-storage;3.1.0 in central","logger":"airflow.task.hooks.airflow.providers.apache.spark.hooks.spark_submit.SparkSubmitHook"}
{"timestamp":"2025-07-13T15:51:49.095254","level":"info","event":"found org.antlr#antlr4-runtime;4.9.3 in central","logger":"airflow.task.hooks.airflow.providers.apache.spark.hooks.spark_submit.SparkSubmitHook"}
{"timestamp":"2025-07-13T15:51:49.126313","level":"info","event":":: resolution report :: resolve 460ms :: artifacts dl 16ms","logger":"airflow.task.hooks.airflow.providers.apache.spark.hooks.spark_submit.SparkSubmitHook"}
{"timestamp":"2025-07-13T15:51:49.126679","level":"info","event":":: modules in use:","logger":"airflow.task.hooks.airflow.providers.apache.spark.hooks.spark_submit.SparkSubmitHook"}
{"timestamp":"2025-07-13T15:51:49.126810","level":"info","event":"com.amazonaws#aws-java-sdk-bundle;1.12.520 from central in [default]","logger":"airflow.task.hooks.airflow.providers.apache.spark.hooks.spark_submit.SparkSubmitHook"}
{"timestamp":"2025-07-13T15:51:49.126871","level":"info","event":"io.delta#delta-spark_2.12;3.1.0 from central in [default]","logger":"airflow.task.hooks.airflow.providers.apache.spark.hooks.spark_submit.SparkSubmitHook"}
{"timestamp":"2025-07-13T15:51:49.126936","level":"info","event":"io.delta#delta-storage;3.1.0 from central in [default]","logger":"airflow.task.hooks.airflow.providers.apache.spark.hooks.spark_submit.SparkSubmitHook"}
{"timestamp":"2025-07-13T15:51:49.127017","level":"info","event":"org.antlr#antlr4-runtime;4.9.3 from central in [default]","logger":"airflow.task.hooks.airflow.providers.apache.spark.hooks.spark_submit.SparkSubmitHook"}
{"timestamp":"2025-07-13T15:51:49.127069","level":"info","event":"org.apache.hadoop#hadoop-aws;3.3.4 from central in [default]","logger":"airflow.task.hooks.airflow.providers.apache.spark.hooks.spark_submit.SparkSubmitHook"}
{"timestamp":"2025-07-13T15:51:49.127109","level":"info","event":"org.apache.spark#spark-avro_2.12;3.5.0 from central in [default]","logger":"airflow.task.hooks.airflow.providers.apache.spark.hooks.spark_submit.SparkSubmitHook"}
{"timestamp":"2025-07-13T15:51:49.127354","level":"info","event":"org.tukaani#xz;1.9 from central in [default]","logger":"airflow.task.hooks.airflow.providers.apache.spark.hooks.spark_submit.SparkSubmitHook"}
{"timestamp":"2025-07-13T15:51:49.127508","level":"info","event":"org.wildfly.openssl#wildfly-openssl;1.0.7.Final from central in [default]","logger":"airflow.task.hooks.airflow.providers.apache.spark.hooks.spark_submit.SparkSubmitHook"}
{"timestamp":"2025-07-13T15:51:49.127614","level":"info","event":":: evicted modules:","logger":"airflow.task.hooks.airflow.providers.apache.spark.hooks.spark_submit.SparkSubmitHook"}
{"timestamp":"2025-07-13T15:51:49.127712","level":"info","event":"com.amazonaws#aws-java-sdk-bundle;1.12.262 by [com.amazonaws#aws-java-sdk-bundle;1.12.520] in [default]","logger":"airflow.task.hooks.airflow.providers.apache.spark.hooks.spark_submit.SparkSubmitHook"}
{"timestamp":"2025-07-13T15:51:49.127809","level":"info","event":"---------------------------------------------------------------------","logger":"airflow.task.hooks.airflow.providers.apache.spark.hooks.spark_submit.SparkSubmitHook"}
{"timestamp":"2025-07-13T15:51:49.127909","level":"info","event":"|                  |            modules            ||   artifacts   |","logger":"airflow.task.hooks.airflow.providers.apache.spark.hooks.spark_submit.SparkSubmitHook"}
{"timestamp":"2025-07-13T15:51:49.127994","level":"info","event":"|       conf       | number| search|dwnlded|evicted|| number|dwnlded|","logger":"airflow.task.hooks.airflow.providers.apache.spark.hooks.spark_submit.SparkSubmitHook"}
{"timestamp":"2025-07-13T15:51:49.128144","level":"info","event":"---------------------------------------------------------------------","logger":"airflow.task.hooks.airflow.providers.apache.spark.hooks.spark_submit.SparkSubmitHook"}
{"timestamp":"2025-07-13T15:51:49.128227","level":"info","event":"|      default     |   9   |   0   |   0   |   1   ||   8   |   0   |","logger":"airflow.task.hooks.airflow.providers.apache.spark.hooks.spark_submit.SparkSubmitHook"}
{"timestamp":"2025-07-13T15:51:49.128271","level":"info","event":"---------------------------------------------------------------------","logger":"airflow.task.hooks.airflow.providers.apache.spark.hooks.spark_submit.SparkSubmitHook"}
{"timestamp":"2025-07-13T15:51:49.134741","level":"info","event":":: retrieving :: org.apache.spark#spark-submit-parent-5038be46-b695-49f5-82e3-59d82c9323bb","logger":"airflow.task.hooks.airflow.providers.apache.spark.hooks.spark_submit.SparkSubmitHook"}
{"timestamp":"2025-07-13T15:51:49.135017","level":"info","event":"confs: [default]","logger":"airflow.task.hooks.airflow.providers.apache.spark.hooks.spark_submit.SparkSubmitHook"}
{"timestamp":"2025-07-13T15:51:49.146177","level":"info","event":"0 artifacts copied, 8 already retrieved (0kB/11ms)","logger":"airflow.task.hooks.airflow.providers.apache.spark.hooks.spark_submit.SparkSubmitHook"}
{"timestamp":"2025-07-13T15:51:49.425652","level":"info","event":"25/07/13 15:51:49 WARN NativeCodeLoader: Unable to load native-hadoop library for your platform... using builtin-java classes where applicable","logger":"airflow.task.hooks.airflow.providers.apache.spark.hooks.spark_submit.SparkSubmitHook"}
{"timestamp":"2025-07-13T15:51:49.655221","level":"info","event":"Main class:","logger":"airflow.task.hooks.airflow.providers.apache.spark.hooks.spark_submit.SparkSubmitHook"}
{"timestamp":"2025-07-13T15:51:49.655381","level":"info","event":"org.apache.spark.deploy.PythonRunner","logger":"airflow.task.hooks.airflow.providers.apache.spark.hooks.spark_submit.SparkSubmitHook"}
{"timestamp":"2025-07-13T15:51:49.655450","level":"info","event":"Arguments:","logger":"airflow.task.hooks.airflow.providers.apache.spark.hooks.spark_submit.SparkSubmitHook"}
{"timestamp":"2025-07-13T15:51:49.655489","level":"info","event":"file:/opt/spark-jobs/spark_job.py","logger":"airflow.task.hooks.airflow.providers.apache.spark.hooks.spark_submit.SparkSubmitHook"}
{"timestamp":"2025-07-13T15:51:49.655528","level":"info","event":"file:///home/airflow/.ivy2/jars/org.apache.hadoop_hadoop-aws-3.3.4.jar,file:///home/airflow/.ivy2/jars/com.amazonaws_aws-java-sdk-bundle-1.12.520.jar,file:///home/airflow/.ivy2/jars/org.apache.spark_spark-avro_2.12-3.5.0.jar,file:///home/airflow/.ivy2/jars/io.delta_delta-spark_2.12-3.1.0.jar,file:///home/airflow/.ivy2/jars/org.wildfly.openssl_wildfly-openssl-1.0.7.Final.jar,file:///home/airflow/.ivy2/jars/org.tukaani_xz-1.9.jar,file:///home/airflow/.ivy2/jars/io.delta_delta-storage-3.1.0.jar,file:///home/airflow/.ivy2/jars/org.antlr_antlr4-runtime-4.9.3.jar","logger":"airflow.task.hooks.airflow.providers.apache.spark.hooks.spark_submit.SparkSubmitHook"}
{"timestamp":"2025-07-13T15:51:49.658187","level":"info","event":"Spark config:","logger":"airflow.task.hooks.airflow.providers.apache.spark.hooks.spark_submit.SparkSubmitHook"}
{"timestamp":"2025-07-13T15:51:49.658346","level":"info","event":"(spark.app.name,minio_processing_job)","logger":"airflow.task.hooks.airflow.providers.apache.spark.hooks.spark_submit.SparkSubmitHook"}
{"timestamp":"2025-07-13T15:51:49.658436","level":"info","event":"(spark.app.submitTime,1752421909631)","logger":"airflow.task.hooks.airflow.providers.apache.spark.hooks.spark_submit.SparkSubmitHook"}
{"timestamp":"2025-07-13T15:51:49.658490","level":"info","event":"(spark.driver.memory,1g)","logger":"airflow.task.hooks.airflow.providers.apache.spark.hooks.spark_submit.SparkSubmitHook"}
{"timestamp":"2025-07-13T15:51:49.658530","level":"info","event":"(spark.executor.cores,2)","logger":"airflow.task.hooks.airflow.providers.apache.spark.hooks.spark_submit.SparkSubmitHook"}
{"timestamp":"2025-07-13T15:51:49.658568","level":"info","event":"(spark.executor.memory,2g)","logger":"airflow.task.hooks.airflow.providers.apache.spark.hooks.spark_submit.SparkSubmitHook"}
{"timestamp":"2025-07-13T15:51:49.658603","level":"info","event":"(spark.files,file:///home/airflow/.ivy2/jars/org.apache.hadoop_hadoop-aws-3.3.4.jar,file:///home/airflow/.ivy2/jars/com.amazonaws_aws-java-sdk-bundle-1.12.520.jar,file:///home/airflow/.ivy2/jars/org.apache.spark_spark-avro_2.12-3.5.0.jar,file:///home/airflow/.ivy2/jars/io.delta_delta-spark_2.12-3.1.0.jar,file:///home/airflow/.ivy2/jars/org.wildfly.openssl_wildfly-openssl-1.0.7.Final.jar,file:///home/airflow/.ivy2/jars/org.tukaani_xz-1.9.jar,file:///home/airflow/.ivy2/jars/io.delta_delta-storage-3.1.0.jar,file:///home/airflow/.ivy2/jars/org.antlr_antlr4-runtime-4.9.3.jar)","logger":"airflow.task.hooks.airflow.providers.apache.spark.hooks.spark_submit.SparkSubmitHook"}
{"timestamp":"2025-07-13T15:51:49.658643","level":"info","event":"(spark.hadoop.fs.s3a.access.key,*********(redacted))","logger":"airflow.task.hooks.airflow.providers.apache.spark.hooks.spark_submit.SparkSubmitHook"}
{"timestamp":"2025-07-13T15:51:49.658678","level":"info","event":"(spark.hadoop.fs.s3a.connection.ssl.enabled,false)","logger":"airflow.task.hooks.airflow.providers.apache.spark.hooks.spark_submit.SparkSubmitHook"}
{"timestamp":"2025-07-13T15:51:49.658712","level":"info","event":"(spark.hadoop.fs.s3a.endpoint,http://minio:9000)","logger":"airflow.task.hooks.airflow.providers.apache.spark.hooks.spark_submit.SparkSubmitHook"}
{"timestamp":"2025-07-13T15:51:49.658745","level":"info","event":"(spark.hadoop.fs.s3a.impl,org.apache.hadoop.fs.s3a.S3AFileSystem)","logger":"airflow.task.hooks.airflow.providers.apache.spark.hooks.spark_submit.SparkSubmitHook"}
{"timestamp":"2025-07-13T15:51:49.658781","level":"info","event":"(spark.hadoop.fs.s3a.path.style.access,true)","logger":"airflow.task.hooks.airflow.providers.apache.spark.hooks.spark_submit.SparkSubmitHook"}
{"timestamp":"2025-07-13T15:51:49.658814","level":"info","event":"(spark.hadoop.fs.s3a.secret.key,*********(redacted))","logger":"airflow.task.hooks.airflow.providers.apache.spark.hooks.spark_submit.SparkSubmitHook"}
{"timestamp":"2025-07-13T15:51:49.658849","level":"info","event":"(spark.jars,file:///home/airflow/.ivy2/jars/org.apache.hadoop_hadoop-aws-3.3.4.jar,file:///home/airflow/.ivy2/jars/com.amazonaws_aws-java-sdk-bundle-1.12.520.jar,file:///home/airflow/.ivy2/jars/org.apache.spark_spark-avro_2.12-3.5.0.jar,file:///home/airflow/.ivy2/jars/io.delta_delta-spark_2.12-3.1.0.jar,file:///home/airflow/.ivy2/jars/org.wildfly.openssl_wildfly-openssl-1.0.7.Final.jar,file:///home/airflow/.ivy2/jars/org.tukaani_xz-1.9.jar,file:///home/airflow/.ivy2/jars/io.delta_delta-storage-3.1.0.jar,file:///home/airflow/.ivy2/jars/org.antlr_antlr4-runtime-4.9.3.jar)","logger":"airflow.task.hooks.airflow.providers.apache.spark.hooks.spark_submit.SparkSubmitHook"}
{"timestamp":"2025-07-13T15:51:49.658884","level":"info","event":"(spark.master,spark://spark-master:7077)","logger":"airflow.task.hooks.airflow.providers.apache.spark.hooks.spark_submit.SparkSubmitHook"}
{"timestamp":"2025-07-13T15:51:49.658920","level":"info","event":"(spark.repl.local.jars,file:///home/airflow/.ivy2/jars/org.apache.hadoop_hadoop-aws-3.3.4.jar,file:///home/airflow/.ivy2/jars/com.amazonaws_aws-java-sdk-bundle-1.12.520.jar,file:///home/airflow/.ivy2/jars/org.apache.spark_spark-avro_2.12-3.5.0.jar,file:///home/airflow/.ivy2/jars/io.delta_delta-spark_2.12-3.1.0.jar,file:///home/airflow/.ivy2/jars/org.wildfly.openssl_wildfly-openssl-1.0.7.Final.jar,file:///home/airflow/.ivy2/jars/org.tukaani_xz-1.9.jar,file:///home/airflow/.ivy2/jars/io.delta_delta-storage-3.1.0.jar,file:///home/airflow/.ivy2/jars/org.antlr_antlr4-runtime-4.9.3.jar)","logger":"airflow.task.hooks.airflow.providers.apache.spark.hooks.spark_submit.SparkSubmitHook"}
{"timestamp":"2025-07-13T15:51:49.658957","level":"info","event":"(spark.submit.deployMode,client)","logger":"airflow.task.hooks.airflow.providers.apache.spark.hooks.spark_submit.SparkSubmitHook"}
{"timestamp":"2025-07-13T15:51:49.658992","level":"info","event":"(spark.submit.pyFiles,/home/airflow/.ivy2/jars/org.apache.hadoop_hadoop-aws-3.3.4.jar,/home/airflow/.ivy2/jars/com.amazonaws_aws-java-sdk-bundle-1.12.520.jar,/home/airflow/.ivy2/jars/org.apache.spark_spark-avro_2.12-3.5.0.jar,/home/airflow/.ivy2/jars/io.delta_delta-spark_2.12-3.1.0.jar,/home/airflow/.ivy2/jars/org.wildfly.openssl_wildfly-openssl-1.0.7.Final.jar,/home/airflow/.ivy2/jars/org.tukaani_xz-1.9.jar,/home/airflow/.ivy2/jars/io.delta_delta-storage-3.1.0.jar,/home/airflow/.ivy2/jars/org.antlr_antlr4-runtime-4.9.3.jar)","logger":"airflow.task.hooks.airflow.providers.apache.spark.hooks.spark_submit.SparkSubmitHook"}
{"timestamp":"2025-07-13T15:51:49.659043","level":"info","event":"Classpath elements:","logger":"airflow.task.hooks.airflow.providers.apache.spark.hooks.spark_submit.SparkSubmitHook"}
{"timestamp":"2025-07-13T15:51:49.659080","level":"info","event":"file:///home/airflow/.ivy2/jars/org.apache.hadoop_hadoop-aws-3.3.4.jar","logger":"airflow.task.hooks.airflow.providers.apache.spark.hooks.spark_submit.SparkSubmitHook"}
{"timestamp":"2025-07-13T15:51:49.659115","level":"info","event":"file:///home/airflow/.ivy2/jars/com.amazonaws_aws-java-sdk-bundle-1.12.520.jar","logger":"airflow.task.hooks.airflow.providers.apache.spark.hooks.spark_submit.SparkSubmitHook"}
{"timestamp":"2025-07-13T15:51:49.659150","level":"info","event":"file:///home/airflow/.ivy2/jars/org.apache.spark_spark-avro_2.12-3.5.0.jar","logger":"airflow.task.hooks.airflow.providers.apache.spark.hooks.spark_submit.SparkSubmitHook"}
{"timestamp":"2025-07-13T15:51:49.659183","level":"info","event":"file:///home/airflow/.ivy2/jars/io.delta_delta-spark_2.12-3.1.0.jar","logger":"airflow.task.hooks.airflow.providers.apache.spark.hooks.spark_submit.SparkSubmitHook"}
{"timestamp":"2025-07-13T15:51:49.659215","level":"info","event":"file:///home/airflow/.ivy2/jars/org.wildfly.openssl_wildfly-openssl-1.0.7.Final.jar","logger":"airflow.task.hooks.airflow.providers.apache.spark.hooks.spark_submit.SparkSubmitHook"}
{"timestamp":"2025-07-13T15:51:49.659248","level":"info","event":"file:///home/airflow/.ivy2/jars/org.tukaani_xz-1.9.jar","logger":"airflow.task.hooks.airflow.providers.apache.spark.hooks.spark_submit.SparkSubmitHook"}
{"timestamp":"2025-07-13T15:51:49.659280","level":"info","event":"file:///home/airflow/.ivy2/jars/io.delta_delta-storage-3.1.0.jar","logger":"airflow.task.hooks.airflow.providers.apache.spark.hooks.spark_submit.SparkSubmitHook"}
{"timestamp":"2025-07-13T15:51:49.659315","level":"info","event":"file:///home/airflow/.ivy2/jars/org.antlr_antlr4-runtime-4.9.3.jar","logger":"airflow.task.hooks.airflow.providers.apache.spark.hooks.spark_submit.SparkSubmitHook"}
{"timestamp":"2025-07-13T15:51:49.659355","level":"info","event":"","logger":"airflow.task.hooks.airflow.providers.apache.spark.hooks.spark_submit.SparkSubmitHook"}
{"timestamp":"2025-07-13T15:51:49.659392","level":"info","event":"","logger":"airflow.task.hooks.airflow.providers.apache.spark.hooks.spark_submit.SparkSubmitHook"}
{"timestamp":"2025-07-13T15:51:51.409192","level":"info","event":"25/07/13 15:51:51 INFO SparkContext: Running Spark version 3.5.3","logger":"airflow.task.hooks.airflow.providers.apache.spark.hooks.spark_submit.SparkSubmitHook"}
{"timestamp":"2025-07-13T15:51:51.409375","level":"info","event":"25/07/13 15:51:51 INFO SparkContext: OS info Linux, 5.15.153.1-microsoft-standard-WSL2, amd64","logger":"airflow.task.hooks.airflow.providers.apache.spark.hooks.spark_submit.SparkSubmitHook"}
{"timestamp":"2025-07-13T15:51:51.409932","level":"info","event":"25/07/13 15:51:51 INFO SparkContext: Java version 17.0.15","logger":"airflow.task.hooks.airflow.providers.apache.spark.hooks.spark_submit.SparkSubmitHook"}
{"timestamp":"2025-07-13T15:51:51.433953","level":"info","event":"25/07/13 15:51:51 INFO ResourceUtils: ==============================================================","logger":"airflow.task.hooks.airflow.providers.apache.spark.hooks.spark_submit.SparkSubmitHook"}
{"timestamp":"2025-07-13T15:51:51.434410","level":"info","event":"25/07/13 15:51:51 INFO ResourceUtils: No custom resources configured for spark.driver.","logger":"airflow.task.hooks.airflow.providers.apache.spark.hooks.spark_submit.SparkSubmitHook"}
{"timestamp":"2025-07-13T15:51:51.434687","level":"info","event":"25/07/13 15:51:51 INFO ResourceUtils: ==============================================================","logger":"airflow.task.hooks.airflow.providers.apache.spark.hooks.spark_submit.SparkSubmitHook"}
{"timestamp":"2025-07-13T15:51:51.435197","level":"info","event":"25/07/13 15:51:51 INFO SparkContext: Submitted application: MinIOProcessingJob","logger":"airflow.task.hooks.airflow.providers.apache.spark.hooks.spark_submit.SparkSubmitHook"}
{"timestamp":"2025-07-13T15:51:51.459207","level":"info","event":"25/07/13 15:51:51 INFO ResourceProfile: Default ResourceProfile created, executor resources: Map(cores -> name: cores, amount: 2, script: , vendor: , memory -> name: memory, amount: 2048, script: , vendor: , offHeap -> name: offHeap, amount: 0, script: , vendor: ), task resources: Map(cpus -> name: cpus, amount: 1.0)","logger":"airflow.task.hooks.airflow.providers.apache.spark.hooks.spark_submit.SparkSubmitHook"}
{"timestamp":"2025-07-13T15:51:51.469376","level":"info","event":"25/07/13 15:51:51 INFO ResourceProfile: Limiting resource is cpus at 2 tasks per executor","logger":"airflow.task.hooks.airflow.providers.apache.spark.hooks.spark_submit.SparkSubmitHook"}
{"timestamp":"2025-07-13T15:51:51.470844","level":"info","event":"25/07/13 15:51:51 INFO ResourceProfileManager: Added ResourceProfile id: 0","logger":"airflow.task.hooks.airflow.providers.apache.spark.hooks.spark_submit.SparkSubmitHook"}
{"timestamp":"2025-07-13T15:51:51.542161","level":"info","event":"25/07/13 15:51:51 INFO SecurityManager: Changing view acls to: airflow","logger":"airflow.task.hooks.airflow.providers.apache.spark.hooks.spark_submit.SparkSubmitHook"}
{"timestamp":"2025-07-13T15:51:51.542642","level":"info","event":"25/07/13 15:51:51 INFO SecurityManager: Changing modify acls to: airflow","logger":"airflow.task.hooks.airflow.providers.apache.spark.hooks.spark_submit.SparkSubmitHook"}
{"timestamp":"2025-07-13T15:51:51.543234","level":"info","event":"25/07/13 15:51:51 INFO SecurityManager: Changing view acls groups to:","logger":"airflow.task.hooks.airflow.providers.apache.spark.hooks.spark_submit.SparkSubmitHook"}
{"timestamp":"2025-07-13T15:51:51.543536","level":"info","event":"25/07/13 15:51:51 INFO SecurityManager: Changing modify acls groups to:","logger":"airflow.task.hooks.airflow.providers.apache.spark.hooks.spark_submit.SparkSubmitHook"}
{"timestamp":"2025-07-13T15:51:51.543934","level":"info","event":"25/07/13 15:51:51 INFO SecurityManager: SecurityManager: authentication disabled; ui acls disabled; users with view permissions: airflow; groups with view permissions: EMPTY; users with modify permissions: airflow; groups with modify permissions: EMPTY","logger":"airflow.task.hooks.airflow.providers.apache.spark.hooks.spark_submit.SparkSubmitHook"}
{"timestamp":"2025-07-13T15:51:51.799054","level":"info","event":"25/07/13 15:51:51 INFO Utils: Successfully started service 'sparkDriver' on port 38557.","logger":"airflow.task.hooks.airflow.providers.apache.spark.hooks.spark_submit.SparkSubmitHook"}
{"timestamp":"2025-07-13T15:51:51.830662","level":"info","event":"25/07/13 15:51:51 INFO SparkEnv: Registering MapOutputTracker","logger":"airflow.task.hooks.airflow.providers.apache.spark.hooks.spark_submit.SparkSubmitHook"}
{"timestamp":"2025-07-13T15:51:51.865471","level":"info","event":"25/07/13 15:51:51 INFO SparkEnv: Registering BlockManagerMaster","logger":"airflow.task.hooks.airflow.providers.apache.spark.hooks.spark_submit.SparkSubmitHook"}
{"timestamp":"2025-07-13T15:51:51.884351","level":"info","event":"25/07/13 15:51:51 INFO BlockManagerMasterEndpoint: Using org.apache.spark.storage.DefaultTopologyMapper for getting topology information","logger":"airflow.task.hooks.airflow.providers.apache.spark.hooks.spark_submit.SparkSubmitHook"}
{"timestamp":"2025-07-13T15:51:51.884776","level":"info","event":"25/07/13 15:51:51 INFO BlockManagerMasterEndpoint: BlockManagerMasterEndpoint up","logger":"airflow.task.hooks.airflow.providers.apache.spark.hooks.spark_submit.SparkSubmitHook"}
{"timestamp":"2025-07-13T15:51:51.890297","level":"info","event":"25/07/13 15:51:51 INFO SparkEnv: Registering BlockManagerMasterHeartbeat","logger":"airflow.task.hooks.airflow.providers.apache.spark.hooks.spark_submit.SparkSubmitHook"}
{"timestamp":"2025-07-13T15:51:51.914449","level":"info","event":"25/07/13 15:51:51 INFO DiskBlockManager: Created local directory at /tmp/blockmgr-ed1d339c-9964-4fda-8f16-b3fd5f31f49b","logger":"airflow.task.hooks.airflow.providers.apache.spark.hooks.spark_submit.SparkSubmitHook"}
{"timestamp":"2025-07-13T15:51:51.932562","level":"info","event":"25/07/13 15:51:51 INFO MemoryStore: MemoryStore started with capacity 434.4 MiB","logger":"airflow.task.hooks.airflow.providers.apache.spark.hooks.spark_submit.SparkSubmitHook"}
{"timestamp":"2025-07-13T15:51:51.947725","level":"info","event":"25/07/13 15:51:51 INFO SparkEnv: Registering OutputCommitCoordinator","logger":"airflow.task.hooks.airflow.providers.apache.spark.hooks.spark_submit.SparkSubmitHook"}
{"timestamp":"2025-07-13T15:51:52.098663","level":"info","event":"25/07/13 15:51:52 INFO JettyUtils: Start Jetty 0.0.0.0:4040 for SparkUI","logger":"airflow.task.hooks.airflow.providers.apache.spark.hooks.spark_submit.SparkSubmitHook"}
{"timestamp":"2025-07-13T15:51:52.197872","level":"info","event":"25/07/13 15:51:52 INFO Utils: Successfully started service 'SparkUI' on port 4040.","logger":"airflow.task.hooks.airflow.providers.apache.spark.hooks.spark_submit.SparkSubmitHook"}
{"timestamp":"2025-07-13T15:51:52.239787","level":"info","event":"25/07/13 15:51:52 INFO SparkContext: Added JAR file:///home/airflow/.ivy2/jars/org.apache.hadoop_hadoop-aws-3.3.4.jar at spark://9337bece92b1:38557/jars/org.apache.hadoop_hadoop-aws-3.3.4.jar with timestamp 1752421911403","logger":"airflow.task.hooks.airflow.providers.apache.spark.hooks.spark_submit.SparkSubmitHook"}
{"timestamp":"2025-07-13T15:51:52.240205","level":"info","event":"25/07/13 15:51:52 INFO SparkContext: Added JAR file:///home/airflow/.ivy2/jars/com.amazonaws_aws-java-sdk-bundle-1.12.520.jar at spark://9337bece92b1:38557/jars/com.amazonaws_aws-java-sdk-bundle-1.12.520.jar with timestamp 1752421911403","logger":"airflow.task.hooks.airflow.providers.apache.spark.hooks.spark_submit.SparkSubmitHook"}
{"timestamp":"2025-07-13T15:51:52.240315","level":"info","event":"25/07/13 15:51:52 INFO SparkContext: Added JAR file:///home/airflow/.ivy2/jars/org.apache.spark_spark-avro_2.12-3.5.0.jar at spark://9337bece92b1:38557/jars/org.apache.spark_spark-avro_2.12-3.5.0.jar with timestamp 1752421911403","logger":"airflow.task.hooks.airflow.providers.apache.spark.hooks.spark_submit.SparkSubmitHook"}
{"timestamp":"2025-07-13T15:51:52.240369","level":"info","event":"25/07/13 15:51:52 INFO SparkContext: Added JAR file:///home/airflow/.ivy2/jars/io.delta_delta-spark_2.12-3.1.0.jar at spark://9337bece92b1:38557/jars/io.delta_delta-spark_2.12-3.1.0.jar with timestamp 1752421911403","logger":"airflow.task.hooks.airflow.providers.apache.spark.hooks.spark_submit.SparkSubmitHook"}
{"timestamp":"2025-07-13T15:51:52.240502","level":"info","event":"25/07/13 15:51:52 INFO SparkContext: Added JAR file:///home/airflow/.ivy2/jars/org.wildfly.openssl_wildfly-openssl-1.0.7.Final.jar at spark://9337bece92b1:38557/jars/org.wildfly.openssl_wildfly-openssl-1.0.7.Final.jar with timestamp 1752421911403","logger":"airflow.task.hooks.airflow.providers.apache.spark.hooks.spark_submit.SparkSubmitHook"}
{"timestamp":"2025-07-13T15:51:52.240769","level":"info","event":"25/07/13 15:51:52 INFO SparkContext: Added JAR file:///home/airflow/.ivy2/jars/org.tukaani_xz-1.9.jar at spark://9337bece92b1:38557/jars/org.tukaani_xz-1.9.jar with timestamp 1752421911403","logger":"airflow.task.hooks.airflow.providers.apache.spark.hooks.spark_submit.SparkSubmitHook"}
{"timestamp":"2025-07-13T15:51:52.240908","level":"info","event":"25/07/13 15:51:52 INFO SparkContext: Added JAR file:///home/airflow/.ivy2/jars/io.delta_delta-storage-3.1.0.jar at spark://9337bece92b1:38557/jars/io.delta_delta-storage-3.1.0.jar with timestamp 1752421911403","logger":"airflow.task.hooks.airflow.providers.apache.spark.hooks.spark_submit.SparkSubmitHook"}
{"timestamp":"2025-07-13T15:51:52.241103","level":"info","event":"25/07/13 15:51:52 INFO SparkContext: Added JAR file:///home/airflow/.ivy2/jars/org.antlr_antlr4-runtime-4.9.3.jar at spark://9337bece92b1:38557/jars/org.antlr_antlr4-runtime-4.9.3.jar with timestamp 1752421911403","logger":"airflow.task.hooks.airflow.providers.apache.spark.hooks.spark_submit.SparkSubmitHook"}
{"timestamp":"2025-07-13T15:51:52.244771","level":"info","event":"25/07/13 15:51:52 INFO SparkContext: Added file file:///home/airflow/.ivy2/jars/org.apache.hadoop_hadoop-aws-3.3.4.jar at spark://9337bece92b1:38557/files/org.apache.hadoop_hadoop-aws-3.3.4.jar with timestamp 1752421911403","logger":"airflow.task.hooks.airflow.providers.apache.spark.hooks.spark_submit.SparkSubmitHook"}
{"timestamp":"2025-07-13T15:51:52.245851","level":"info","event":"25/07/13 15:51:52 INFO Utils: Copying /home/airflow/.ivy2/jars/org.apache.hadoop_hadoop-aws-3.3.4.jar to /tmp/spark-62e96591-19be-4f31-8c72-683a0349c843/userFiles-2541d84b-eb7f-40fc-b249-7dc4c68f24ab/org.apache.hadoop_hadoop-aws-3.3.4.jar","logger":"airflow.task.hooks.airflow.providers.apache.spark.hooks.spark_submit.SparkSubmitHook"}
{"timestamp":"2025-07-13T15:51:52.264568","level":"info","event":"25/07/13 15:51:52 INFO SparkContext: Added file file:///home/airflow/.ivy2/jars/com.amazonaws_aws-java-sdk-bundle-1.12.520.jar at spark://9337bece92b1:38557/files/com.amazonaws_aws-java-sdk-bundle-1.12.520.jar with timestamp 1752421911403","logger":"airflow.task.hooks.airflow.providers.apache.spark.hooks.spark_submit.SparkSubmitHook"}
{"timestamp":"2025-07-13T15:51:52.264774","level":"info","event":"25/07/13 15:51:52 INFO Utils: Copying /home/airflow/.ivy2/jars/com.amazonaws_aws-java-sdk-bundle-1.12.520.jar to /tmp/spark-62e96591-19be-4f31-8c72-683a0349c843/userFiles-2541d84b-eb7f-40fc-b249-7dc4c68f24ab/com.amazonaws_aws-java-sdk-bundle-1.12.520.jar","logger":"airflow.task.hooks.airflow.providers.apache.spark.hooks.spark_submit.SparkSubmitHook"}
{"timestamp":"2025-07-13T15:51:52.747035","level":"info","event":"25/07/13 15:51:52 INFO SparkContext: Added file file:///home/airflow/.ivy2/jars/org.apache.spark_spark-avro_2.12-3.5.0.jar at spark://9337bece92b1:38557/files/org.apache.spark_spark-avro_2.12-3.5.0.jar with timestamp 1752421911403","logger":"airflow.task.hooks.airflow.providers.apache.spark.hooks.spark_submit.SparkSubmitHook"}
{"timestamp":"2025-07-13T15:51:52.747206","level":"info","event":"25/07/13 15:51:52 INFO Utils: Copying /home/airflow/.ivy2/jars/org.apache.spark_spark-avro_2.12-3.5.0.jar to /tmp/spark-62e96591-19be-4f31-8c72-683a0349c843/userFiles-2541d84b-eb7f-40fc-b249-7dc4c68f24ab/org.apache.spark_spark-avro_2.12-3.5.0.jar","logger":"airflow.task.hooks.airflow.providers.apache.spark.hooks.spark_submit.SparkSubmitHook"}
{"timestamp":"2025-07-13T15:51:52.752622","level":"info","event":"25/07/13 15:51:52 INFO SparkContext: Added file file:///home/airflow/.ivy2/jars/io.delta_delta-spark_2.12-3.1.0.jar at spark://9337bece92b1:38557/files/io.delta_delta-spark_2.12-3.1.0.jar with timestamp 1752421911403","logger":"airflow.task.hooks.airflow.providers.apache.spark.hooks.spark_submit.SparkSubmitHook"}
{"timestamp":"2025-07-13T15:51:52.752874","level":"info","event":"25/07/13 15:51:52 INFO Utils: Copying /home/airflow/.ivy2/jars/io.delta_delta-spark_2.12-3.1.0.jar to /tmp/spark-62e96591-19be-4f31-8c72-683a0349c843/userFiles-2541d84b-eb7f-40fc-b249-7dc4c68f24ab/io.delta_delta-spark_2.12-3.1.0.jar","logger":"airflow.task.hooks.airflow.providers.apache.spark.hooks.spark_submit.SparkSubmitHook"}
{"timestamp":"2025-07-13T15:51:52.766606","level":"info","event":"25/07/13 15:51:52 INFO SparkContext: Added file file:///home/airflow/.ivy2/jars/org.wildfly.openssl_wildfly-openssl-1.0.7.Final.jar at spark://9337bece92b1:38557/files/org.wildfly.openssl_wildfly-openssl-1.0.7.Final.jar with timestamp 1752421911403","logger":"airflow.task.hooks.airflow.providers.apache.spark.hooks.spark_submit.SparkSubmitHook"}
{"timestamp":"2025-07-13T15:51:52.766826","level":"info","event":"25/07/13 15:51:52 INFO Utils: Copying /home/airflow/.ivy2/jars/org.wildfly.openssl_wildfly-openssl-1.0.7.Final.jar to /tmp/spark-62e96591-19be-4f31-8c72-683a0349c843/userFiles-2541d84b-eb7f-40fc-b249-7dc4c68f24ab/org.wildfly.openssl_wildfly-openssl-1.0.7.Final.jar","logger":"airflow.task.hooks.airflow.providers.apache.spark.hooks.spark_submit.SparkSubmitHook"}
{"timestamp":"2025-07-13T15:51:52.772616","level":"info","event":"25/07/13 15:51:52 INFO SparkContext: Added file file:///home/airflow/.ivy2/jars/org.tukaani_xz-1.9.jar at spark://9337bece92b1:38557/files/org.tukaani_xz-1.9.jar with timestamp 1752421911403","logger":"airflow.task.hooks.airflow.providers.apache.spark.hooks.spark_submit.SparkSubmitHook"}
{"timestamp":"2025-07-13T15:51:52.772797","level":"info","event":"25/07/13 15:51:52 INFO Utils: Copying /home/airflow/.ivy2/jars/org.tukaani_xz-1.9.jar to /tmp/spark-62e96591-19be-4f31-8c72-683a0349c843/userFiles-2541d84b-eb7f-40fc-b249-7dc4c68f24ab/org.tukaani_xz-1.9.jar","logger":"airflow.task.hooks.airflow.providers.apache.spark.hooks.spark_submit.SparkSubmitHook"}
{"timestamp":"2025-07-13T15:51:52.778908","level":"info","event":"25/07/13 15:51:52 INFO SparkContext: Added file file:///home/airflow/.ivy2/jars/io.delta_delta-storage-3.1.0.jar at spark://9337bece92b1:38557/files/io.delta_delta-storage-3.1.0.jar with timestamp 1752421911403","logger":"airflow.task.hooks.airflow.providers.apache.spark.hooks.spark_submit.SparkSubmitHook"}
{"timestamp":"2025-07-13T15:51:52.779070","level":"info","event":"25/07/13 15:51:52 INFO Utils: Copying /home/airflow/.ivy2/jars/io.delta_delta-storage-3.1.0.jar to /tmp/spark-62e96591-19be-4f31-8c72-683a0349c843/userFiles-2541d84b-eb7f-40fc-b249-7dc4c68f24ab/io.delta_delta-storage-3.1.0.jar","logger":"airflow.task.hooks.airflow.providers.apache.spark.hooks.spark_submit.SparkSubmitHook"}
{"timestamp":"2025-07-13T15:51:52.783447","level":"info","event":"25/07/13 15:51:52 INFO SparkContext: Added file file:///home/airflow/.ivy2/jars/org.antlr_antlr4-runtime-4.9.3.jar at spark://9337bece92b1:38557/files/org.antlr_antlr4-runtime-4.9.3.jar with timestamp 1752421911403","logger":"airflow.task.hooks.airflow.providers.apache.spark.hooks.spark_submit.SparkSubmitHook"}
{"timestamp":"2025-07-13T15:51:52.783580","level":"info","event":"25/07/13 15:51:52 INFO Utils: Copying /home/airflow/.ivy2/jars/org.antlr_antlr4-runtime-4.9.3.jar to /tmp/spark-62e96591-19be-4f31-8c72-683a0349c843/userFiles-2541d84b-eb7f-40fc-b249-7dc4c68f24ab/org.antlr_antlr4-runtime-4.9.3.jar","logger":"airflow.task.hooks.airflow.providers.apache.spark.hooks.spark_submit.SparkSubmitHook"}
{"timestamp":"2025-07-13T15:51:52.865931","level":"info","event":"25/07/13 15:51:52 INFO StandaloneAppClient$ClientEndpoint: Connecting to master spark://spark-master:7077...","logger":"airflow.task.hooks.airflow.providers.apache.spark.hooks.spark_submit.SparkSubmitHook"}
{"timestamp":"2025-07-13T15:51:52.912574","level":"info","event":"25/07/13 15:51:52 INFO TransportClientFactory: Successfully created connection to spark-master/172.28.0.5:7077 after 27 ms (0 ms spent in bootstraps)","logger":"airflow.task.hooks.airflow.providers.apache.spark.hooks.spark_submit.SparkSubmitHook"}
{"timestamp":"2025-07-13T15:51:53.014992","level":"info","event":"25/07/13 15:51:53 INFO StandaloneSchedulerBackend: Connected to Spark cluster with app ID app-20250713155153-0001","logger":"airflow.task.hooks.airflow.providers.apache.spark.hooks.spark_submit.SparkSubmitHook"}
{"timestamp":"2025-07-13T15:51:53.016885","level":"info","event":"25/07/13 15:51:53 INFO StandaloneAppClient$ClientEndpoint: Executor added: app-20250713155153-0001/0 on worker-20250713143405-172.28.0.6-41473 (172.28.0.6:41473) with 2 core(s)","logger":"airflow.task.hooks.airflow.providers.apache.spark.hooks.spark_submit.SparkSubmitHook"}
{"timestamp":"2025-07-13T15:51:53.018088","level":"info","event":"25/07/13 15:51:53 INFO StandaloneSchedulerBackend: Granted executor ID app-20250713155153-0001/0 on hostPort 172.28.0.6:41473 with 2 core(s), 2.0 GiB RAM","logger":"airflow.task.hooks.airflow.providers.apache.spark.hooks.spark_submit.SparkSubmitHook"}
{"timestamp":"2025-07-13T15:51:53.025464","level":"info","event":"25/07/13 15:51:53 INFO Utils: Successfully started service 'org.apache.spark.network.netty.NettyBlockTransferService' on port 45879.","logger":"airflow.task.hooks.airflow.providers.apache.spark.hooks.spark_submit.SparkSubmitHook"}
{"timestamp":"2025-07-13T15:51:53.025671","level":"info","event":"25/07/13 15:51:53 INFO NettyBlockTransferService: Server created on 9337bece92b1:45879","logger":"airflow.task.hooks.airflow.providers.apache.spark.hooks.spark_submit.SparkSubmitHook"}
{"timestamp":"2025-07-13T15:51:53.029341","level":"info","event":"25/07/13 15:51:53 INFO BlockManager: Using org.apache.spark.storage.RandomBlockReplicationPolicy for block replication policy","logger":"airflow.task.hooks.airflow.providers.apache.spark.hooks.spark_submit.SparkSubmitHook"}
{"timestamp":"2025-07-13T15:51:53.037224","level":"info","event":"25/07/13 15:51:53 INFO BlockManagerMaster: Registering BlockManager BlockManagerId(driver, 9337bece92b1, 45879, None)","logger":"airflow.task.hooks.airflow.providers.apache.spark.hooks.spark_submit.SparkSubmitHook"}
{"timestamp":"2025-07-13T15:51:53.041091","level":"info","event":"25/07/13 15:51:53 INFO BlockManagerMasterEndpoint: Registering block manager 9337bece92b1:45879 with 434.4 MiB RAM, BlockManagerId(driver, 9337bece92b1, 45879, None)","logger":"airflow.task.hooks.airflow.providers.apache.spark.hooks.spark_submit.SparkSubmitHook"}
{"timestamp":"2025-07-13T15:51:53.043556","level":"info","event":"25/07/13 15:51:53 INFO BlockManagerMaster: Registered BlockManager BlockManagerId(driver, 9337bece92b1, 45879, None)","logger":"airflow.task.hooks.airflow.providers.apache.spark.hooks.spark_submit.SparkSubmitHook"}
{"timestamp":"2025-07-13T15:51:53.044555","level":"info","event":"25/07/13 15:51:53 INFO BlockManager: Initialized BlockManager: BlockManagerId(driver, 9337bece92b1, 45879, None)","logger":"airflow.task.hooks.airflow.providers.apache.spark.hooks.spark_submit.SparkSubmitHook"}
{"timestamp":"2025-07-13T15:51:53.106709","level":"info","event":"25/07/13 15:51:53 INFO StandaloneAppClient$ClientEndpoint: Executor updated: app-20250713155153-0001/0 is now RUNNING","logger":"airflow.task.hooks.airflow.providers.apache.spark.hooks.spark_submit.SparkSubmitHook"}
{"timestamp":"2025-07-13T15:51:53.249150","level":"info","event":"25/07/13 15:51:53 INFO StandaloneSchedulerBackend: SchedulerBackend is ready for scheduling beginning after reached minRegisteredResourcesRatio: 0.0","logger":"airflow.task.hooks.airflow.providers.apache.spark.hooks.spark_submit.SparkSubmitHook"}
{"timestamp":"2025-07-13T15:51:53.515783","level":"info","event":"INFO:__main__:Spark session created successfully","logger":"airflow.task.hooks.airflow.providers.apache.spark.hooks.spark_submit.SparkSubmitHook"}
{"timestamp":"2025-07-13T15:51:53.523317","level":"info","event":"25/07/13 15:51:53 INFO SharedState: Setting hive.metastore.warehouse.dir ('null') to the value of spark.sql.warehouse.dir.","logger":"airflow.task.hooks.airflow.providers.apache.spark.hooks.spark_submit.SparkSubmitHook"}
{"timestamp":"2025-07-13T15:51:53.527559","level":"info","event":"25/07/13 15:51:53 INFO SharedState: Warehouse path is 'file:/opt/airflow/spark-warehouse'.","logger":"airflow.task.hooks.airflow.providers.apache.spark.hooks.spark_submit.SparkSubmitHook"}
{"timestamp":"2025-07-13T15:51:54.505542","level":"info","event":"25/07/13 15:51:54 WARN MetricsConfig: Cannot locate configuration: tried hadoop-metrics2-s3a-file-system.properties,hadoop-metrics2.properties","logger":"airflow.task.hooks.airflow.providers.apache.spark.hooks.spark_submit.SparkSubmitHook"}
{"timestamp":"2025-07-13T15:51:54.518751","level":"info","event":"25/07/13 15:51:54 INFO MetricsSystemImpl: Scheduled Metric snapshot period at 10 second(s).","logger":"airflow.task.hooks.airflow.providers.apache.spark.hooks.spark_submit.SparkSubmitHook"}
{"timestamp":"2025-07-13T15:51:54.518923","level":"info","event":"25/07/13 15:51:54 INFO MetricsSystemImpl: s3a-file-system metrics system started","logger":"airflow.task.hooks.airflow.providers.apache.spark.hooks.spark_submit.SparkSubmitHook"}
{"timestamp":"2025-07-13T15:51:55.771944","level":"info","event":"25/07/13 15:51:55 INFO InMemoryFileIndex: It took 71 ms to list leaf files for 1 paths.","logger":"airflow.task.hooks.airflow.providers.apache.spark.hooks.spark_submit.SparkSubmitHook"}
{"timestamp":"2025-07-13T15:51:56.075080","level":"info","event":"25/07/13 15:51:56 INFO StandaloneSchedulerBackend$StandaloneDriverEndpoint: Registered executor NettyRpcEndpointRef(spark-client://Executor) (172.28.0.6:51618) with ID 0,  ResourceProfileId 0","logger":"airflow.task.hooks.airflow.providers.apache.spark.hooks.spark_submit.SparkSubmitHook"}
{"timestamp":"2025-07-13T15:51:56.153735","level":"info","event":"25/07/13 15:51:56 INFO BlockManagerMasterEndpoint: Registering block manager 172.28.0.6:33253 with 1048.8 MiB RAM, BlockManagerId(0, 172.28.0.6, 33253, None)","logger":"airflow.task.hooks.airflow.providers.apache.spark.hooks.spark_submit.SparkSubmitHook"}
{"timestamp":"2025-07-13T15:51:56.317469","level":"info","event":"25/07/13 15:51:56 INFO SparkContext: Starting job: parquet at NativeMethodAccessorImpl.java:0","logger":"airflow.task.hooks.airflow.providers.apache.spark.hooks.spark_submit.SparkSubmitHook"}
{"timestamp":"2025-07-13T15:51:56.335014","level":"info","event":"25/07/13 15:51:56 INFO DAGScheduler: Got job 0 (parquet at NativeMethodAccessorImpl.java:0) with 1 output partitions","logger":"airflow.task.hooks.airflow.providers.apache.spark.hooks.spark_submit.SparkSubmitHook"}
{"timestamp":"2025-07-13T15:51:56.335864","level":"info","event":"25/07/13 15:51:56 INFO DAGScheduler: Final stage: ResultStage 0 (parquet at NativeMethodAccessorImpl.java:0)","logger":"airflow.task.hooks.airflow.providers.apache.spark.hooks.spark_submit.SparkSubmitHook"}
{"timestamp":"2025-07-13T15:51:56.337102","level":"info","event":"25/07/13 15:51:56 INFO DAGScheduler: Parents of final stage: List()","logger":"airflow.task.hooks.airflow.providers.apache.spark.hooks.spark_submit.SparkSubmitHook"}
{"timestamp":"2025-07-13T15:51:56.339621","level":"info","event":"25/07/13 15:51:56 INFO DAGScheduler: Missing parents: List()","logger":"airflow.task.hooks.airflow.providers.apache.spark.hooks.spark_submit.SparkSubmitHook"}
{"timestamp":"2025-07-13T15:51:56.345065","level":"info","event":"25/07/13 15:51:56 INFO DAGScheduler: Submitting ResultStage 0 (MapPartitionsRDD[1] at parquet at NativeMethodAccessorImpl.java:0), which has no missing parents","logger":"airflow.task.hooks.airflow.providers.apache.spark.hooks.spark_submit.SparkSubmitHook"}
{"timestamp":"2025-07-13T15:51:56.442917","level":"info","event":"25/07/13 15:51:56 INFO MemoryStore: Block broadcast_0 stored as values in memory (estimated size 108.2 KiB, free 434.3 MiB)","logger":"airflow.task.hooks.airflow.providers.apache.spark.hooks.spark_submit.SparkSubmitHook"}
{"timestamp":"2025-07-13T15:51:56.506623","level":"info","event":"25/07/13 15:51:56 INFO MemoryStore: Block broadcast_0_piece0 stored as bytes in memory (estimated size 39.2 KiB, free 434.3 MiB)","logger":"airflow.task.hooks.airflow.providers.apache.spark.hooks.spark_submit.SparkSubmitHook"}
{"timestamp":"2025-07-13T15:51:56.510995","level":"info","event":"25/07/13 15:51:56 INFO BlockManagerInfo: Added broadcast_0_piece0 in memory on 9337bece92b1:45879 (size: 39.2 KiB, free: 434.4 MiB)","logger":"airflow.task.hooks.airflow.providers.apache.spark.hooks.spark_submit.SparkSubmitHook"}
{"timestamp":"2025-07-13T15:51:56.515691","level":"info","event":"25/07/13 15:51:56 INFO SparkContext: Created broadcast 0 from broadcast at DAGScheduler.scala:1585","logger":"airflow.task.hooks.airflow.providers.apache.spark.hooks.spark_submit.SparkSubmitHook"}
{"timestamp":"2025-07-13T15:51:56.538168","level":"info","event":"25/07/13 15:51:56 INFO DAGScheduler: Submitting 1 missing tasks from ResultStage 0 (MapPartitionsRDD[1] at parquet at NativeMethodAccessorImpl.java:0) (first 15 tasks are for partitions Vector(0))","logger":"airflow.task.hooks.airflow.providers.apache.spark.hooks.spark_submit.SparkSubmitHook"}
{"timestamp":"2025-07-13T15:51:56.539111","level":"info","event":"25/07/13 15:51:56 INFO TaskSchedulerImpl: Adding task set 0.0 with 1 tasks resource profile 0","logger":"airflow.task.hooks.airflow.providers.apache.spark.hooks.spark_submit.SparkSubmitHook"}
{"timestamp":"2025-07-13T15:52:00.726618","level":"info","event":"25/07/13 15:52:00 INFO TaskSetManager: Starting task 0.0 in stage 0.0 (TID 0) (172.28.0.6, executor 0, partition 0, PROCESS_LOCAL, 10672 bytes)","logger":"airflow.task.hooks.airflow.providers.apache.spark.hooks.spark_submit.SparkSubmitHook"}
{"timestamp":"2025-07-13T15:52:01.157849","level":"info","event":"25/07/13 15:52:01 INFO BlockManagerInfo: Added broadcast_0_piece0 in memory on 172.28.0.6:33253 (size: 39.2 KiB, free: 1048.8 MiB)","logger":"airflow.task.hooks.airflow.providers.apache.spark.hooks.spark_submit.SparkSubmitHook"}
{"timestamp":"2025-07-13T15:52:03.056963","level":"info","event":"25/07/13 15:52:03 INFO TaskSetManager: Finished task 0.0 in stage 0.0 (TID 0) in 2356 ms on 172.28.0.6 (executor 0) (1/1)","logger":"airflow.task.hooks.airflow.providers.apache.spark.hooks.spark_submit.SparkSubmitHook"}
{"timestamp":"2025-07-13T15:52:03.060769","level":"info","event":"25/07/13 15:52:03 INFO TaskSchedulerImpl: Removed TaskSet 0.0, whose tasks have all completed, from pool","logger":"airflow.task.hooks.airflow.providers.apache.spark.hooks.spark_submit.SparkSubmitHook"}
{"timestamp":"2025-07-13T15:52:03.069163","level":"info","event":"25/07/13 15:52:03 INFO DAGScheduler: ResultStage 0 (parquet at NativeMethodAccessorImpl.java:0) finished in 6.699 s","logger":"airflow.task.hooks.airflow.providers.apache.spark.hooks.spark_submit.SparkSubmitHook"}
{"timestamp":"2025-07-13T15:52:03.074452","level":"info","event":"25/07/13 15:52:03 INFO DAGScheduler: Job 0 is finished. Cancelling potential speculative or zombie tasks for this job","logger":"airflow.task.hooks.airflow.providers.apache.spark.hooks.spark_submit.SparkSubmitHook"}
{"timestamp":"2025-07-13T15:52:03.074906","level":"info","event":"25/07/13 15:52:03 INFO TaskSchedulerImpl: Killing all running tasks in stage 0: Stage finished","logger":"airflow.task.hooks.airflow.providers.apache.spark.hooks.spark_submit.SparkSubmitHook"}
{"timestamp":"2025-07-13T15:52:03.077734","level":"info","event":"25/07/13 15:52:03 INFO DAGScheduler: Job 0 finished: parquet at NativeMethodAccessorImpl.java:0, took 6.757669 s","logger":"airflow.task.hooks.airflow.providers.apache.spark.hooks.spark_submit.SparkSubmitHook"}
{"timestamp":"2025-07-13T15:52:04.031714","level":"info","event":"root","logger":"airflow.task.hooks.airflow.providers.apache.spark.hooks.spark_submit.SparkSubmitHook"}
{"timestamp":"2025-07-13T15:52:04.031906","level":"info","event":"|-- article_id: string (nullable = true)","logger":"airflow.task.hooks.airflow.providers.apache.spark.hooks.spark_submit.SparkSubmitHook"}
{"timestamp":"2025-07-13T15:52:04.031976","level":"info","event":"|-- title: string (nullable = true)","logger":"airflow.task.hooks.airflow.providers.apache.spark.hooks.spark_submit.SparkSubmitHook"}
{"timestamp":"2025-07-13T15:52:04.032027","level":"info","event":"|-- pub_date: string (nullable = true)","logger":"airflow.task.hooks.airflow.providers.apache.spark.hooks.spark_submit.SparkSubmitHook"}
{"timestamp":"2025-07-13T15:52:04.032071","level":"info","event":"|-- summary: string (nullable = true)","logger":"airflow.task.hooks.airflow.providers.apache.spark.hooks.spark_submit.SparkSubmitHook"}
{"timestamp":"2025-07-13T15:52:04.032112","level":"info","event":"|-- load_timestamp: timestamp_ntz (nullable = true)","logger":"airflow.task.hooks.airflow.providers.apache.spark.hooks.spark_submit.SparkSubmitHook"}
{"timestamp":"2025-07-13T15:52:04.032151","level":"info","event":"|-- year_month: string (nullable = true)","logger":"airflow.task.hooks.airflow.providers.apache.spark.hooks.spark_submit.SparkSubmitHook"}
{"timestamp":"2025-07-13T15:52:04.032194","level":"info","event":"","logger":"airflow.task.hooks.airflow.providers.apache.spark.hooks.spark_submit.SparkSubmitHook"}
{"timestamp":"2025-07-13T15:52:04.032247","level":"info","event":"INFO:__main__:Schema : None","logger":"airflow.task.hooks.airflow.providers.apache.spark.hooks.spark_submit.SparkSubmitHook"}
{"timestamp":"2025-07-13T15:52:04.032288","level":"info","event":"INFO:__main__:Bronze layer processing complete","logger":"airflow.task.hooks.airflow.providers.apache.spark.hooks.spark_submit.SparkSubmitHook"}
{"timestamp":"2025-07-13T15:52:04.032894","level":"info","event":"25/07/13 15:52:04 INFO SparkContext: SparkContext is stopping with exitCode 0.","logger":"airflow.task.hooks.airflow.providers.apache.spark.hooks.spark_submit.SparkSubmitHook"}
{"timestamp":"2025-07-13T15:52:04.050980","level":"info","event":"25/07/13 15:52:04 INFO SparkUI: Stopped Spark web UI at http://9337bece92b1:4040","logger":"airflow.task.hooks.airflow.providers.apache.spark.hooks.spark_submit.SparkSubmitHook"}
{"timestamp":"2025-07-13T15:52:04.054490","level":"info","event":"25/07/13 15:52:04 INFO StandaloneSchedulerBackend: Shutting down all executors","logger":"airflow.task.hooks.airflow.providers.apache.spark.hooks.spark_submit.SparkSubmitHook"}
{"timestamp":"2025-07-13T15:52:04.055107","level":"info","event":"25/07/13 15:52:04 INFO StandaloneSchedulerBackend$StandaloneDriverEndpoint: Asking each executor to shut down","logger":"airflow.task.hooks.airflow.providers.apache.spark.hooks.spark_submit.SparkSubmitHook"}
{"timestamp":"2025-07-13T15:52:04.093574","level":"info","event":"25/07/13 15:52:04 INFO MapOutputTrackerMasterEndpoint: MapOutputTrackerMasterEndpoint stopped!","logger":"airflow.task.hooks.airflow.providers.apache.spark.hooks.spark_submit.SparkSubmitHook"}
{"timestamp":"2025-07-13T15:52:04.116863","level":"info","event":"25/07/13 15:52:04 INFO MemoryStore: MemoryStore cleared","logger":"airflow.task.hooks.airflow.providers.apache.spark.hooks.spark_submit.SparkSubmitHook"}
{"timestamp":"2025-07-13T15:52:04.117415","level":"info","event":"25/07/13 15:52:04 INFO BlockManager: BlockManager stopped","logger":"airflow.task.hooks.airflow.providers.apache.spark.hooks.spark_submit.SparkSubmitHook"}
{"timestamp":"2025-07-13T15:52:04.125684","level":"info","event":"25/07/13 15:52:04 INFO BlockManagerMaster: BlockManagerMaster stopped","logger":"airflow.task.hooks.airflow.providers.apache.spark.hooks.spark_submit.SparkSubmitHook"}
{"timestamp":"2025-07-13T15:52:04.128352","level":"info","event":"25/07/13 15:52:04 INFO OutputCommitCoordinator$OutputCommitCoordinatorEndpoint: OutputCommitCoordinator stopped!","logger":"airflow.task.hooks.airflow.providers.apache.spark.hooks.spark_submit.SparkSubmitHook"}
{"timestamp":"2025-07-13T15:52:04.157120","level":"info","event":"25/07/13 15:52:04 INFO SparkContext: Successfully stopped SparkContext","logger":"airflow.task.hooks.airflow.providers.apache.spark.hooks.spark_submit.SparkSubmitHook"}
{"timestamp":"2025-07-13T15:52:04.294071","level":"info","event":"INFO:__main__:Spark session stopped","logger":"airflow.task.hooks.airflow.providers.apache.spark.hooks.spark_submit.SparkSubmitHook"}
{"timestamp":"2025-07-13T15:52:04.295786","level":"info","event":"INFO:py4j.clientserver:Closing down clientserver connection","logger":"airflow.task.hooks.airflow.providers.apache.spark.hooks.spark_submit.SparkSubmitHook"}
{"timestamp":"2025-07-13T15:52:04.410943","level":"info","event":"25/07/13 15:52:04 INFO ShutdownHookManager: Shutdown hook called","logger":"airflow.task.hooks.airflow.providers.apache.spark.hooks.spark_submit.SparkSubmitHook"}
{"timestamp":"2025-07-13T15:52:04.411682","level":"info","event":"25/07/13 15:52:04 INFO ShutdownHookManager: Deleting directory /tmp/spark-62e96591-19be-4f31-8c72-683a0349c843","logger":"airflow.task.hooks.airflow.providers.apache.spark.hooks.spark_submit.SparkSubmitHook"}
{"timestamp":"2025-07-13T15:52:04.416247","level":"info","event":"25/07/13 15:52:04 INFO ShutdownHookManager: Deleting directory /tmp/spark-62e96591-19be-4f31-8c72-683a0349c843/pyspark-4658c265-43e3-4a7d-8bab-2c16c1ee676f","logger":"airflow.task.hooks.airflow.providers.apache.spark.hooks.spark_submit.SparkSubmitHook"}
{"timestamp":"2025-07-13T15:52:04.419926","level":"info","event":"25/07/13 15:52:04 INFO ShutdownHookManager: Deleting directory /tmp/spark-f1563772-e245-46a3-afd4-fe1ccc0cc0d2","logger":"airflow.task.hooks.airflow.providers.apache.spark.hooks.spark_submit.SparkSubmitHook"}
{"timestamp":"2025-07-13T15:52:04.426524","level":"info","event":"25/07/13 15:52:04 INFO MetricsSystemImpl: Stopping s3a-file-system metrics system...","logger":"airflow.task.hooks.airflow.providers.apache.spark.hooks.spark_submit.SparkSubmitHook"}
{"timestamp":"2025-07-13T15:52:04.426712","level":"info","event":"25/07/13 15:52:04 INFO MetricsSystemImpl: s3a-file-system metrics system stopped.","logger":"airflow.task.hooks.airflow.providers.apache.spark.hooks.spark_submit.SparkSubmitHook"}
{"timestamp":"2025-07-13T15:52:04.426788","level":"info","event":"25/07/13 15:52:04 INFO MetricsSystemImpl: s3a-file-system metrics system shutdown complete.","logger":"airflow.task.hooks.airflow.providers.apache.spark.hooks.spark_submit.SparkSubmitHook"}
