{"timestamp":"2025-08-01T07:52:08.144026","level":"warning","event":"\n        OpenLineage support for Airflow version 3.0.2 is REMOVED.\n        For Airflow 2.7 and later, use the native Airflow Openlineage provider package.\n        Documentation can be found at https://airflow.apache.org/docs/apache-airflow-providers-openlineage\n        ","logger":"root"}
{"timestamp":"2025-08-01T07:52:08.258608","level":"warning","event":"No module named 'airflow.providers.dbt'","logger":"openlineage.airflow.utils"}
{"timestamp":"2025-08-01T07:52:08.261244","level":"info","event":"DAG bundles loaded: dags-folder","logger":"airflow.dag_processing.bundles.manager.DagBundlesManager"}
{"timestamp":"2025-08-01T07:52:08.261524","level":"info","event":"Filling up the DagBag from /opt/airflow/dags/activefence.py","logger":"airflow.models.dagbag.DagBag"}
{"timestamp":"2025-08-01T07:52:09.673591","level":"info","event":"Saved RSS feed","logger":"unusual_prefix_0aab8e1abe4a8f324d874f9a30de87ad63865522_activefence"}
{"timestamp":"2025-08-01T07:52:11.319488","level":"info","event":"Scraped and uploaded: https://www.bbc.com/news/articles/c5y2xx6z6eko?at_medium=RSS&at_campaign=rss","logger":"unusual_prefix_0aab8e1abe4a8f324d874f9a30de87ad63865522_activefence"}
{"timestamp":"2025-08-01T07:52:12.887160","level":"info","event":"Scraped and uploaded: https://www.bbc.com/news/articles/cqlernrw62yo?at_medium=RSS&at_campaign=rss","logger":"unusual_prefix_0aab8e1abe4a8f324d874f9a30de87ad63865522_activefence"}
{"timestamp":"2025-08-01T07:52:12.982354","level":"info","event":"Scraped and uploaded: https://www.bbc.com/news/articles/c93d7qlp974o?at_medium=RSS&at_campaign=rss","logger":"unusual_prefix_0aab8e1abe4a8f324d874f9a30de87ad63865522_activefence"}
{"timestamp":"2025-08-01T07:52:13.115755","level":"info","event":"Scraped and uploaded: https://www.bbc.com/news/articles/c9d0l40v551o?at_medium=RSS&at_campaign=rss","logger":"unusual_prefix_0aab8e1abe4a8f324d874f9a30de87ad63865522_activefence"}
{"timestamp":"2025-08-01T07:52:13.344463","level":"info","event":"Scraped and uploaded: https://www.bbc.com/news/articles/cj3l0e4vr0ko?at_medium=RSS&at_campaign=rss","logger":"unusual_prefix_0aab8e1abe4a8f324d874f9a30de87ad63865522_activefence"}
{"timestamp":"2025-08-01T07:52:13.527556","level":"info","event":"Scraped and uploaded: https://www.bbc.com/news/articles/cd0dgkjgzvjo?at_medium=RSS&at_campaign=rss","logger":"unusual_prefix_0aab8e1abe4a8f324d874f9a30de87ad63865522_activefence"}
{"timestamp":"2025-08-01T07:52:14.938615","level":"info","event":"Scraped and uploaded: https://www.bbc.com/news/articles/cpv0zkxx0njo?at_medium=RSS&at_campaign=rss","logger":"unusual_prefix_0aab8e1abe4a8f324d874f9a30de87ad63865522_activefence"}
{"timestamp":"2025-08-01T07:52:15.134605","level":"info","event":"Scraped and uploaded: https://www.bbc.com/news/articles/cgery3eeqzxo?at_medium=RSS&at_campaign=rss","logger":"unusual_prefix_0aab8e1abe4a8f324d874f9a30de87ad63865522_activefence"}
{"timestamp":"2025-08-01T07:52:15.792999","level":"info","event":"Scraped and uploaded: https://www.bbc.com/news/articles/cvg3lgdv3r7o?at_medium=RSS&at_campaign=rss","logger":"unusual_prefix_0aab8e1abe4a8f324d874f9a30de87ad63865522_activefence"}
{"timestamp":"2025-08-01T07:52:15.809400","level":"info","event":"Scraped and uploaded: https://www.bbc.com/news/articles/clyj4zky4zwo?at_medium=RSS&at_campaign=rss","logger":"unusual_prefix_0aab8e1abe4a8f324d874f9a30de87ad63865522_activefence"}
{"timestamp":"2025-08-01T07:52:16.282684","level":"info","event":"Scraped and uploaded: https://www.bbc.com/news/articles/c7vl57n74pqo?at_medium=RSS&at_campaign=rss","logger":"unusual_prefix_0aab8e1abe4a8f324d874f9a30de87ad63865522_activefence"}
{"timestamp":"2025-08-01T07:52:16.377889","level":"info","event":"Scraped and uploaded: https://www.bbc.com/news/articles/cvg8z2mx508o?at_medium=RSS&at_campaign=rss","logger":"unusual_prefix_0aab8e1abe4a8f324d874f9a30de87ad63865522_activefence"}
{"timestamp":"2025-08-01T07:52:17.533319","level":"info","event":"Scraped and uploaded: https://www.bbc.com/news/articles/c24v4dl5r16o?at_medium=RSS&at_campaign=rss","logger":"unusual_prefix_0aab8e1abe4a8f324d874f9a30de87ad63865522_activefence"}
{"timestamp":"2025-08-01T07:52:17.761304","level":"info","event":"Scraped and uploaded: https://www.bbc.com/news/articles/cd78lvd94zyo?at_medium=RSS&at_campaign=rss","logger":"unusual_prefix_0aab8e1abe4a8f324d874f9a30de87ad63865522_activefence"}
{"timestamp":"2025-08-01T07:52:18.280649","level":"info","event":"Scraped and uploaded: https://www.bbc.com/news/articles/c77v2kx304go?at_medium=RSS&at_campaign=rss","logger":"unusual_prefix_0aab8e1abe4a8f324d874f9a30de87ad63865522_activefence"}
{"timestamp":"2025-08-01T07:52:18.439152","level":"info","event":"Scraped and uploaded: https://www.bbc.com/news/articles/cx2q8qw0q0go?at_medium=RSS&at_campaign=rss","logger":"unusual_prefix_0aab8e1abe4a8f324d874f9a30de87ad63865522_activefence"}
{"timestamp":"2025-08-01T07:52:18.531157","level":"info","event":"Scraped and uploaded: https://www.bbc.com/news/articles/czdv68gejm7o?at_medium=RSS&at_campaign=rss","logger":"unusual_prefix_0aab8e1abe4a8f324d874f9a30de87ad63865522_activefence"}
{"timestamp":"2025-08-01T07:52:18.870683","level":"info","event":"Scraped and uploaded: https://www.bbc.com/news/articles/c30741j351go?at_medium=RSS&at_campaign=rss","logger":"unusual_prefix_0aab8e1abe4a8f324d874f9a30de87ad63865522_activefence"}
{"timestamp":"2025-08-01T07:52:19.116677","level":"info","event":"Scraped and uploaded: https://www.bbc.com/news/articles/cx2jmledvr3o?at_medium=RSS&at_campaign=rss","logger":"unusual_prefix_0aab8e1abe4a8f324d874f9a30de87ad63865522_activefence"}
{"timestamp":"2025-08-01T07:52:19.653732","level":"info","event":"Scraped and uploaded: https://www.bbc.com/news/articles/c9vr4rymlw9o?at_medium=RSS&at_campaign=rss","logger":"unusual_prefix_0aab8e1abe4a8f324d874f9a30de87ad63865522_activefence"}
{"timestamp":"2025-08-01T07:52:19.905910","level":"info","event":"Scraped and uploaded: https://www.bbc.com/news/articles/ceq7ye3q2zwo?at_medium=RSS&at_campaign=rss","logger":"unusual_prefix_0aab8e1abe4a8f324d874f9a30de87ad63865522_activefence"}
{"timestamp":"2025-08-01T07:52:20.170076","level":"info","event":"Scraped and uploaded: https://www.bbc.com/news/articles/cql0ple066po?at_medium=RSS&at_campaign=rss","logger":"unusual_prefix_0aab8e1abe4a8f324d874f9a30de87ad63865522_activefence"}
{"timestamp":"2025-08-01T07:52:20.932906","level":"info","event":"Scraped and uploaded: https://www.bbc.com/news/articles/c07d2dyx19zo?at_medium=RSS&at_campaign=rss","logger":"unusual_prefix_0aab8e1abe4a8f324d874f9a30de87ad63865522_activefence"}
{"timestamp":"2025-08-01T07:52:20.996067","level":"info","event":"Scraped and uploaded: https://www.bbc.com/news/articles/cy8g22n32d0o?at_medium=RSS&at_campaign=rss","logger":"unusual_prefix_0aab8e1abe4a8f324d874f9a30de87ad63865522_activefence"}
{"timestamp":"2025-08-01T07:52:21.578486","level":"info","event":"Scraped and uploaded: https://www.bbc.com/news/articles/cp8mp79gyz1o?at_medium=RSS&at_campaign=rss","logger":"unusual_prefix_0aab8e1abe4a8f324d874f9a30de87ad63865522_activefence"}
{"timestamp":"2025-08-01T07:52:21.834403","level":"info","event":"Scraped and uploaded: https://www.bbc.com/news/articles/cj4ep1znk4zo?at_medium=RSS&at_campaign=rss","logger":"unusual_prefix_0aab8e1abe4a8f324d874f9a30de87ad63865522_activefence"}
{"timestamp":"2025-08-01T07:52:22.949879","level":"info","event":"Scraped and uploaded: https://www.bbc.com/news/articles/cy5w2k5k5ylo?at_medium=RSS&at_campaign=rss","logger":"unusual_prefix_0aab8e1abe4a8f324d874f9a30de87ad63865522_activefence"}
{"timestamp":"2025-08-01T07:52:23.522338","level":"info","event":"Scraped and uploaded: https://www.bbc.com/news/articles/cz7l29zved9o?at_medium=RSS&at_campaign=rss","logger":"unusual_prefix_0aab8e1abe4a8f324d874f9a30de87ad63865522_activefence"}
{"timestamp":"2025-08-01T07:52:23.722064","level":"info","event":"Scraped and uploaded: https://www.bbc.com/news/articles/c1e02vx55wpo?at_medium=RSS&at_campaign=rss","logger":"unusual_prefix_0aab8e1abe4a8f324d874f9a30de87ad63865522_activefence"}
{"timestamp":"2025-08-01T07:52:23.879243","level":"info","event":"Scraped and uploaded: https://www.bbc.com/news/articles/crmvl3remg2o?at_medium=RSS&at_campaign=rss","logger":"unusual_prefix_0aab8e1abe4a8f324d874f9a30de87ad63865522_activefence"}
{"timestamp":"2025-08-01T07:52:24.658334","level":"info","event":"Scraped and uploaded: https://www.bbc.com/news/articles/cp82447l84ko?at_medium=RSS&at_campaign=rss","logger":"unusual_prefix_0aab8e1abe4a8f324d874f9a30de87ad63865522_activefence"}
{"timestamp":"2025-08-01T07:52:24.814478","level":"info","event":"Scraped and uploaded: https://www.bbc.co.uk/sounds/play/w3ct6zp1?at_medium=RSS&at_campaign=rss","logger":"unusual_prefix_0aab8e1abe4a8f324d874f9a30de87ad63865522_activefence"}
{"timestamp":"2025-08-01T07:52:25.159524","level":"info","event":"Scraped and uploaded: https://www.bbc.co.uk/sounds/play/w3ct6zp0?at_medium=RSS&at_campaign=rss","logger":"unusual_prefix_0aab8e1abe4a8f324d874f9a30de87ad63865522_activefence"}
{"timestamp":"2025-08-01T07:52:25.389047","level":"info","event":"Scraped and uploaded: https://www.bbc.com/news/articles/cwykgrv374eo?at_medium=RSS&at_campaign=rss","logger":"unusual_prefix_0aab8e1abe4a8f324d874f9a30de87ad63865522_activefence"}
{"timestamp":"2025-08-01T07:52:26.539302","level":"info","event":"Scraped and uploaded: https://www.bbc.co.uk/iplayer/episode/m002gm6k?at_medium=RSS&at_campaign=rss","logger":"unusual_prefix_0aab8e1abe4a8f324d874f9a30de87ad63865522_activefence"}
{"timestamp":"2025-08-01T07:52:26.615858","level":"info","event":"Scraped and uploaded: https://www.bbc.co.uk/iplayer/episode/m002g8zw?at_medium=RSS&at_campaign=rss","logger":"unusual_prefix_0aab8e1abe4a8f324d874f9a30de87ad63865522_activefence"}
{"timestamp":"2025-08-01T07:52:27.302293","level":"info","event":"Scraped and uploaded: https://www.bbc.co.uk/iplayer/episode/m002fzws?at_medium=RSS&at_campaign=rss","logger":"unusual_prefix_0aab8e1abe4a8f324d874f9a30de87ad63865522_activefence"}
{"timestamp":"2025-08-01T07:52:27.505093","level":"info","event":"Scraped and uploaded: https://www.bbc.co.uk/sounds/play/w3ct6znz?at_medium=RSS&at_campaign=rss","logger":"unusual_prefix_0aab8e1abe4a8f324d874f9a30de87ad63865522_activefence"}
{"timestamp":"2025-08-01T07:52:27.697175","level":"info","event":"Scraped and uploaded: https://www.bbc.com/news/videos/cn5kn3dln3ko?at_medium=RSS&at_campaign=rss","logger":"unusual_prefix_0aab8e1abe4a8f324d874f9a30de87ad63865522_activefence"}
{"timestamp":"2025-08-01T07:52:28.157678","level":"info","event":"Scraped and uploaded: https://www.bbc.co.uk/sounds/play/w3ct6zny?at_medium=RSS&at_campaign=rss","logger":"unusual_prefix_0aab8e1abe4a8f324d874f9a30de87ad63865522_activefence"}
{"timestamp":"2025-08-01T07:52:28.705228","level":"info","event":"Scraped and uploaded: https://www.bbc.com/news/articles/c4g83dpeendo?at_medium=RSS&at_campaign=rss","logger":"unusual_prefix_0aab8e1abe4a8f324d874f9a30de87ad63865522_activefence"}
{"timestamp":"2025-08-01T07:52:28.826908","level":"info","event":"Scraped and uploaded: https://www.bbc.com/news/articles/c5yeyn4gl80o?at_medium=RSS&at_campaign=rss","logger":"unusual_prefix_0aab8e1abe4a8f324d874f9a30de87ad63865522_activefence"}
{"timestamp":"2025-08-01T07:52:29.014755","level":"info","event":"Scraped and uploaded: https://www.bbc.com/news/articles/cj6r06d7xdjo?at_medium=RSS&at_campaign=rss","logger":"unusual_prefix_0aab8e1abe4a8f324d874f9a30de87ad63865522_activefence"}
{"timestamp":"2025-08-01T07:52:29.198488","level":"info","event":"Scraped and uploaded: https://www.bbc.com/news/articles/ce3nw5vnzgpo?at_medium=RSS&at_campaign=rss","logger":"unusual_prefix_0aab8e1abe4a8f324d874f9a30de87ad63865522_activefence"}
{"timestamp":"2025-08-01T07:52:30.350950","level":"info","event":"Scraped and uploaded: https://www.bbc.com/weather/articles/cwy6ykp7049o?at_medium=RSS&at_campaign=rss","logger":"unusual_prefix_0aab8e1abe4a8f324d874f9a30de87ad63865522_activefence"}
{"timestamp":"2025-08-01T07:52:30.773059","level":"info","event":"Scraped and uploaded: https://www.bbc.com/news/articles/c4g2ezl7xqyo?at_medium=RSS&at_campaign=rss","logger":"unusual_prefix_0aab8e1abe4a8f324d874f9a30de87ad63865522_activefence"}
{"timestamp":"2025-08-01T07:52:30.949628","level":"info","event":"Scraped and uploaded: https://www.bbc.com/news/articles/cz9y1l397vno?at_medium=RSS&at_campaign=rss","logger":"unusual_prefix_0aab8e1abe4a8f324d874f9a30de87ad63865522_activefence"}
{"timestamp":"2025-08-01T07:52:31.140609","level":"info","event":"Scraped and uploaded: https://www.bbc.com/news/articles/cqx2jz1l477o?at_medium=RSS&at_campaign=rss","logger":"unusual_prefix_0aab8e1abe4a8f324d874f9a30de87ad63865522_activefence"}
{"timestamp":"2025-08-01T07:52:32.106629","level":"info","event":"Scraped and uploaded: https://www.bbc.com/news/articles/cm234l04xmro?at_medium=RSS&at_campaign=rss","logger":"unusual_prefix_0aab8e1abe4a8f324d874f9a30de87ad63865522_activefence"}
{"timestamp":"2025-08-01T07:52:32.521253","level":"info","event":"Scraped and uploaded: https://www.bbc.com/news/articles/c79ewz7qej4o?at_medium=RSS&at_campaign=rss","logger":"unusual_prefix_0aab8e1abe4a8f324d874f9a30de87ad63865522_activefence"}
{"timestamp":"2025-08-01T07:52:32.612327","level":"info","event":"Scraped and uploaded: https://www.bbc.com/news/articles/c0qg3ylx2g9o?at_medium=RSS&at_campaign=rss","logger":"unusual_prefix_0aab8e1abe4a8f324d874f9a30de87ad63865522_activefence"}
{"timestamp":"2025-08-01T07:52:32.693950","level":"info","event":"Scraped and uploaded: https://www.bbc.com/news/articles/c5y5zg85wnlo?at_medium=RSS&at_campaign=rss","logger":"unusual_prefix_0aab8e1abe4a8f324d874f9a30de87ad63865522_activefence"}
{"timestamp":"2025-08-01T07:52:32.891307","level":"info","event":"Scraped and uploaded: https://www.bbc.com/news/articles/clynkqw236po?at_medium=RSS&at_campaign=rss","logger":"unusual_prefix_0aab8e1abe4a8f324d874f9a30de87ad63865522_activefence"}
{"timestamp":"2025-08-01T07:52:33.492634","level":"info","event":"Scraped and uploaded: https://www.bbc.com/news/articles/c20xlqn0e5po?at_medium=RSS&at_campaign=rss","logger":"unusual_prefix_0aab8e1abe4a8f324d874f9a30de87ad63865522_activefence"}
{"timestamp":"2025-08-01T07:52:33.908720","level":"info","event":"Scraped and uploaded: https://www.bbc.co.uk/bitesize/articles/z2b7rmn?at_medium=RSS&at_campaign=rss","logger":"unusual_prefix_0aab8e1abe4a8f324d874f9a30de87ad63865522_activefence"}
{"timestamp":"2025-08-01T07:52:34.019465","level":"info","event":"Scraped and uploaded: https://www.bbc.com/news/articles/c62g6vdl3vqo?at_medium=RSS&at_campaign=rss","logger":"unusual_prefix_0aab8e1abe4a8f324d874f9a30de87ad63865522_activefence"}
{"timestamp":"2025-08-01T07:52:34.211692","level":"info","event":"Scraped and uploaded: https://www.bbc.com/news/articles/cpdzjev2d9wo?at_medium=RSS&at_campaign=rss","logger":"unusual_prefix_0aab8e1abe4a8f324d874f9a30de87ad63865522_activefence"}
{"timestamp":"2025-08-01T07:52:34.648888","level":"info","event":"Scraped and uploaded: https://www.bbc.com/news/articles/czrve1zrlg3o?at_medium=RSS&at_campaign=rss","logger":"unusual_prefix_0aab8e1abe4a8f324d874f9a30de87ad63865522_activefence"}
{"timestamp":"2025-08-01T07:52:35.153526","level":"info","event":"Scraped and uploaded: https://www.bbc.com/news/articles/c7vnyn17p57o?at_medium=RSS&at_campaign=rss","logger":"unusual_prefix_0aab8e1abe4a8f324d874f9a30de87ad63865522_activefence"}
{"timestamp":"2025-08-01T07:52:36.108168","level":"info","event":"Scraped and uploaded: https://www.bbc.com/news/articles/cql6vgwyv4xo?at_medium=RSS&at_campaign=rss","logger":"unusual_prefix_0aab8e1abe4a8f324d874f9a30de87ad63865522_activefence"}
{"timestamp":"2025-08-01T07:52:36.110506","level":"info","event":"Done. Returned value was: None","logger":"airflow.task.operators.airflow.providers.standard.operators.python.PythonOperator"}
