{"timestamp":"2025-07-13T09:22:25.398640","level":"info","event":"DAG bundles loaded: dags-folder","logger":"airflow.dag_processing.bundles.manager.DagBundlesManager"}
{"timestamp":"2025-07-13T09:22:25.399296","level":"info","event":"Filling up the DagBag from /opt/airflow/dags/main.py","logger":"airflow.models.dagbag.DagBag"}
{"timestamp":"2025-07-13T09:22:25.847702Z","level":"error","event":"/home/airflow/.local/lib/python3.12/site-packages/pyspark/bin/load-spark-env.sh: line 68: ps: command not found","chan":"stderr","logger":"task"}
{"timestamp":"2025-07-13T09:22:27.913162Z","level":"info","event":":: loading settings :: url = jar:file:/home/airflow/.local/lib/python3.12/site-packages/pyspark/jars/ivy-2.5.1.jar!/org/apache/ivy/core/settings/ivysettings.xml","chan":"stdout","logger":"task"}
{"timestamp":"2025-07-13T09:22:27.998961Z","level":"error","event":"Ivy Default Cache set to: /home/airflow/.ivy2/cache","chan":"stderr","logger":"task"}
{"timestamp":"2025-07-13T09:22:27.999875Z","level":"error","event":"The jars for the packages stored in: /home/airflow/.ivy2/jars","chan":"stderr","logger":"task"}
{"timestamp":"2025-07-13T09:22:28.003545Z","level":"error","event":"org.apache.hadoop#hadoop-aws added as a dependency","chan":"stderr","logger":"task"}
{"timestamp":"2025-07-13T09:22:28.004405Z","level":"error","event":"com.amazonaws#aws-java-sdk-bundle added as a dependency","chan":"stderr","logger":"task"}
{"timestamp":"2025-07-13T09:22:28.005098Z","level":"error","event":":: resolving dependencies :: org.apache.spark#spark-submit-parent-0a8ff5b2-6a20-48fd-b085-97fbeec6b2f8;1.0","chan":"stderr","logger":"task"}
{"timestamp":"2025-07-13T09:22:28.005835Z","level":"error","event":"\tconfs: [default]","chan":"stderr","logger":"task"}
{"timestamp":"2025-07-13T09:22:33.190232Z","level":"error","event":"\tfound org.apache.hadoop#hadoop-aws;3.4.0 in central","chan":"stderr","logger":"task"}
{"timestamp":"2025-07-13T09:22:37.381004Z","level":"error","event":"\tfound software.amazon.awssdk#bundle;2.23.19 in central","chan":"stderr","logger":"task"}
{"timestamp":"2025-07-13T09:22:37.405997Z","level":"error","event":"\tfound org.wildfly.openssl#wildfly-openssl;1.1.3.Final in central","chan":"stderr","logger":"task"}
{"timestamp":"2025-07-13T09:22:37.421211Z","level":"error","event":"\tfound com.amazonaws#aws-java-sdk-bundle;1.12.520 in central","chan":"stderr","logger":"task"}
{"timestamp":"2025-07-13T09:22:37.661200Z","level":"error","event":"downloading https://repo1.maven.org/maven2/org/apache/hadoop/hadoop-aws/3.4.0/hadoop-aws-3.4.0.jar ...","chan":"stderr","logger":"task"}
{"timestamp":"2025-07-13T09:22:39.595913Z","level":"error","event":"\t[SUCCESSFUL ] org.apache.hadoop#hadoop-aws;3.4.0!hadoop-aws.jar (2166ms)","chan":"stderr","logger":"task"}
{"timestamp":"2025-07-13T09:22:39.809711Z","level":"error","event":"downloading https://repo1.maven.org/maven2/software/amazon/awssdk/bundle/2.23.19/bundle-2.23.19.jar ...","chan":"stderr","logger":"task"}
{"timestamp":"2025-07-13T09:23:18.322062Z","level":"error","event":"\t[SUCCESSFUL ] software.amazon.awssdk#bundle;2.23.19!bundle.jar (38720ms)","chan":"stderr","logger":"task"}
{"timestamp":"2025-07-13T09:23:18.323643Z","level":"error","event":":: resolution report :: resolve 9424ms :: artifacts dl 40895ms","chan":"stderr","logger":"task"}
{"timestamp":"2025-07-13T09:23:18.324159Z","level":"error","event":"\t:: modules in use:","chan":"stderr","logger":"task"}
{"timestamp":"2025-07-13T09:23:18.325718Z","level":"error","event":"\tcom.amazonaws#aws-java-sdk-bundle;1.12.520 from central in [default]","chan":"stderr","logger":"task"}
{"timestamp":"2025-07-13T09:23:18.326063Z","level":"error","event":"\torg.apache.hadoop#hadoop-aws;3.4.0 from central in [default]","chan":"stderr","logger":"task"}
{"timestamp":"2025-07-13T09:23:18.326651Z","level":"error","event":"\torg.wildfly.openssl#wildfly-openssl;1.1.3.Final from central in [default]","chan":"stderr","logger":"task"}
{"timestamp":"2025-07-13T09:23:18.327162Z","level":"error","event":"\tsoftware.amazon.awssdk#bundle;2.23.19 from central in [default]","chan":"stderr","logger":"task"}
{"timestamp":"2025-07-13T09:23:18.327664Z","level":"error","event":"\t---------------------------------------------------------------------","chan":"stderr","logger":"task"}
{"timestamp":"2025-07-13T09:23:18.328171Z","level":"error","event":"\t|                  |            modules            ||   artifacts   |","chan":"stderr","logger":"task"}
{"timestamp":"2025-07-13T09:23:18.328468Z","level":"error","event":"\t|       conf       | number| search|dwnlded|evicted|| number|dwnlded|","chan":"stderr","logger":"task"}
{"timestamp":"2025-07-13T09:23:18.328824Z","level":"error","event":"\t---------------------------------------------------------------------","chan":"stderr","logger":"task"}
{"timestamp":"2025-07-13T09:23:18.329100Z","level":"error","event":"\t|      default     |   4   |   2   |   2   |   0   ||   4   |   2   |","chan":"stderr","logger":"task"}
{"timestamp":"2025-07-13T09:23:18.329433Z","level":"error","event":"\t---------------------------------------------------------------------","chan":"stderr","logger":"task"}
{"timestamp":"2025-07-13T09:23:18.329924Z","level":"error","event":":: retrieving :: org.apache.spark#spark-submit-parent-0a8ff5b2-6a20-48fd-b085-97fbeec6b2f8","chan":"stderr","logger":"task"}
{"timestamp":"2025-07-13T09:23:18.330371Z","level":"error","event":"\tconfs: [default]","chan":"stderr","logger":"task"}
{"timestamp":"2025-07-13T09:23:21.445452Z","level":"error","event":"\t2 artifacts copied, 2 already retrieved (543275kB/3116ms)","chan":"stderr","logger":"task"}
{"timestamp":"2025-07-13T09:23:21.797042Z","level":"error","event":"25/07/13 09:23:21 WARN NativeCodeLoader: Unable to load native-hadoop library for your platform... using builtin-java classes where applicable","chan":"stderr","logger":"task"}
{"timestamp":"2025-07-13T09:23:22.020579Z","level":"error","event":"Setting default log level to \"WARN\".","chan":"stderr","logger":"task"}
{"timestamp":"2025-07-13T09:23:22.021663Z","level":"error","event":"To adjust logging level use sc.setLogLevel(newLevel). For SparkR, use setLogLevel(newLevel).","chan":"stderr","logger":"task"}
{"timestamp":"2025-07-13T09:23:33.205272Z","level":"error","event":"25/07/13 09:23:33 WARN SparkSession: Cannot use io.delta.sql.DeltaSparkSessionExtension to configure session extensions.","chan":"stderr","logger":"task"}
{"timestamp":"2025-07-13T09:23:33.206283Z","level":"error","event":"java.lang.ClassNotFoundException: io.delta.sql.DeltaSparkSessionExtension","chan":"stderr","logger":"task"}
{"timestamp":"2025-07-13T09:23:33.206807Z","level":"error","event":"\tat java.base/java.net.URLClassLoader.findClass(URLClassLoader.java:445)","chan":"stderr","logger":"task"}
{"timestamp":"2025-07-13T09:23:33.207422Z","level":"error","event":"\tat java.base/java.lang.ClassLoader.loadClass(ClassLoader.java:592)","chan":"stderr","logger":"task"}
{"timestamp":"2025-07-13T09:23:33.208031Z","level":"error","event":"\tat java.base/java.lang.ClassLoader.loadClass(ClassLoader.java:525)","chan":"stderr","logger":"task"}
{"timestamp":"2025-07-13T09:23:33.208521Z","level":"error","event":"\tat java.base/java.lang.Class.forName0(Native Method)","chan":"stderr","logger":"task"}
{"timestamp":"2025-07-13T09:23:33.209064Z","level":"error","event":"\tat java.base/java.lang.Class.forName(Class.java:467)","chan":"stderr","logger":"task"}
{"timestamp":"2025-07-13T09:23:33.209517Z","level":"error","event":"\tat org.apache.spark.util.SparkClassUtils.classForName(SparkClassUtils.scala:41)","chan":"stderr","logger":"task"}
{"timestamp":"2025-07-13T09:23:33.209978Z","level":"error","event":"\tat org.apache.spark.util.SparkClassUtils.classForName$(SparkClassUtils.scala:36)","chan":"stderr","logger":"task"}
{"timestamp":"2025-07-13T09:23:33.210393Z","level":"error","event":"\tat org.apache.spark.util.Utils$.classForName(Utils.scala:94)","chan":"stderr","logger":"task"}
{"timestamp":"2025-07-13T09:23:33.210810Z","level":"error","event":"\tat org.apache.spark.sql.SparkSession$.$anonfun$applyExtensions$2(SparkSession.scala:1367)","chan":"stderr","logger":"task"}
{"timestamp":"2025-07-13T09:23:33.211461Z","level":"error","event":"\tat org.apache.spark.sql.SparkSession$.$anonfun$applyExtensions$2$adapted(SparkSession.scala:1365)","chan":"stderr","logger":"task"}
{"timestamp":"2025-07-13T09:23:33.211890Z","level":"error","event":"\tat scala.collection.mutable.ResizableArray.foreach(ResizableArray.scala:62)","chan":"stderr","logger":"task"}
{"timestamp":"2025-07-13T09:23:33.212590Z","level":"error","event":"\tat scala.collection.mutable.ResizableArray.foreach$(ResizableArray.scala:55)","chan":"stderr","logger":"task"}
{"timestamp":"2025-07-13T09:23:33.213025Z","level":"error","event":"\tat scala.collection.mutable.ArrayBuffer.foreach(ArrayBuffer.scala:49)","chan":"stderr","logger":"task"}
{"timestamp":"2025-07-13T09:23:33.213512Z","level":"error","event":"\tat org.apache.spark.sql.SparkSession$.org$apache$spark$sql$SparkSession$$applyExtensions(SparkSession.scala:1365)","chan":"stderr","logger":"task"}
{"timestamp":"2025-07-13T09:23:33.213999Z","level":"error","event":"\tat org.apache.spark.sql.SparkSession.<init>(SparkSession.scala:105)","chan":"stderr","logger":"task"}
{"timestamp":"2025-07-13T09:23:33.214482Z","level":"error","event":"\tat java.base/jdk.internal.reflect.NativeConstructorAccessorImpl.newInstance0(Native Method)","chan":"stderr","logger":"task"}
{"timestamp":"2025-07-13T09:23:33.214862Z","level":"error","event":"\tat java.base/jdk.internal.reflect.NativeConstructorAccessorImpl.newInstance(NativeConstructorAccessorImpl.java:77)","chan":"stderr","logger":"task"}
{"timestamp":"2025-07-13T09:23:33.215274Z","level":"error","event":"\tat java.base/jdk.internal.reflect.DelegatingConstructorAccessorImpl.newInstance(DelegatingConstructorAccessorImpl.java:45)","chan":"stderr","logger":"task"}
{"timestamp":"2025-07-13T09:23:33.215710Z","level":"error","event":"\tat java.base/java.lang.reflect.Constructor.newInstanceWithCaller(Constructor.java:500)","chan":"stderr","logger":"task"}
{"timestamp":"2025-07-13T09:23:33.216340Z","level":"error","event":"\tat java.base/java.lang.reflect.Constructor.newInstance(Constructor.java:481)","chan":"stderr","logger":"task"}
{"timestamp":"2025-07-13T09:23:33.216794Z","level":"error","event":"\tat py4j.reflection.MethodInvoker.invoke(MethodInvoker.java:247)","chan":"stderr","logger":"task"}
{"timestamp":"2025-07-13T09:23:33.217070Z","level":"error","event":"\tat py4j.reflection.ReflectionEngine.invoke(ReflectionEngine.java:374)","chan":"stderr","logger":"task"}
{"timestamp":"2025-07-13T09:23:33.217490Z","level":"error","event":"\tat py4j.Gateway.invoke(Gateway.java:238)","chan":"stderr","logger":"task"}
{"timestamp":"2025-07-13T09:23:33.218015Z","level":"error","event":"\tat py4j.commands.ConstructorCommand.invokeConstructor(ConstructorCommand.java:80)","chan":"stderr","logger":"task"}
{"timestamp":"2025-07-13T09:23:33.218518Z","level":"error","event":"\tat py4j.commands.ConstructorCommand.execute(ConstructorCommand.java:69)","chan":"stderr","logger":"task"}
{"timestamp":"2025-07-13T09:23:33.218926Z","level":"error","event":"\tat py4j.ClientServerConnection.waitForCommands(ClientServerConnection.java:182)","chan":"stderr","logger":"task"}
{"timestamp":"2025-07-13T09:23:33.219394Z","level":"error","event":"\tat py4j.ClientServerConnection.run(ClientServerConnection.java:106)","chan":"stderr","logger":"task"}
{"timestamp":"2025-07-13T09:23:33.219836Z","level":"error","event":"\tat java.base/java.lang.Thread.run(Thread.java:840)","chan":"stderr","logger":"task"}
{"timestamp":"2025-07-13T09:23:34.529541","level":"error","event":"Bronze processing failed: An error occurred while calling o49.load.\n: java.lang.NoClassDefFoundError: org/apache/hadoop/fs/impl/prefetch/PrefetchingStatistics\n\tat java.base/java.lang.ClassLoader.defineClass1(Native Method)\n\tat java.base/java.lang.ClassLoader.defineClass(ClassLoader.java:1017)\n\tat java.base/java.security.SecureClassLoader.defineClass(SecureClassLoader.java:150)\n\tat java.base/java.net.URLClassLoader.defineClass(URLClassLoader.java:524)\n\tat java.base/java.net.URLClassLoader$1.run(URLClassLoader.java:427)\n\tat java.base/java.net.URLClassLoader$1.run(URLClassLoader.java:421)\n\tat java.base/java.security.AccessController.doPrivileged(AccessController.java:712)\n\tat java.base/java.net.URLClassLoader.findClass(URLClassLoader.java:420)\n\tat java.base/java.lang.ClassLoader.loadClass(ClassLoader.java:592)\n\tat java.base/java.lang.ClassLoader.loadClass(ClassLoader.java:525)\n\tat org.apache.hadoop.fs.s3a.S3AFileSystem.initialize(S3AFileSystem.java:586)\n\tat org.apache.hadoop.fs.FileSystem.createFileSystem(FileSystem.java:3469)\n\tat org.apache.hadoop.fs.FileSystem.access$300(FileSystem.java:174)\n\tat org.apache.hadoop.fs.FileSystem$Cache.getInternal(FileSystem.java:3574)\n\tat org.apache.hadoop.fs.FileSystem$Cache.get(FileSystem.java:3521)\n\tat org.apache.hadoop.fs.FileSystem.get(FileSystem.java:540)\n\tat org.apache.hadoop.fs.Path.getFileSystem(Path.java:365)\n\tat org.apache.spark.sql.execution.streaming.FileStreamSink$.hasMetadata(FileStreamSink.scala:53)\n\tat org.apache.spark.sql.execution.datasources.DataSource.resolveRelation(DataSource.scala:366)\n\tat org.apache.spark.sql.DataFrameReader.loadV1Source(DataFrameReader.scala:229)\n\tat org.apache.spark.sql.DataFrameReader.$anonfun$load$2(DataFrameReader.scala:211)\n\tat scala.Option.getOrElse(Option.scala:189)\n\tat org.apache.spark.sql.DataFrameReader.load(DataFrameReader.scala:211)\n\tat org.apache.spark.sql.DataFrameReader.load(DataFrameReader.scala:186)\n\tat java.base/jdk.internal.reflect.NativeMethodAccessorImpl.invoke0(Native Method)\n\tat java.base/jdk.internal.reflect.NativeMethodAccessorImpl.invoke(NativeMethodAccessorImpl.java:77)\n\tat java.base/jdk.internal.reflect.DelegatingMethodAccessorImpl.invoke(DelegatingMethodAccessorImpl.java:43)\n\tat java.base/java.lang.reflect.Method.invoke(Method.java:569)\n\tat py4j.reflection.MethodInvoker.invoke(MethodInvoker.java:244)\n\tat py4j.reflection.ReflectionEngine.invoke(ReflectionEngine.java:374)\n\tat py4j.Gateway.invoke(Gateway.java:282)\n\tat py4j.commands.AbstractCommand.invokeMethod(AbstractCommand.java:132)\n\tat py4j.commands.CallCommand.execute(CallCommand.java:79)\n\tat py4j.ClientServerConnection.waitForCommands(ClientServerConnection.java:182)\n\tat py4j.ClientServerConnection.run(ClientServerConnection.java:106)\n\tat java.base/java.lang.Thread.run(Thread.java:840)\nCaused by: java.lang.ClassNotFoundException: org.apache.hadoop.fs.impl.prefetch.PrefetchingStatistics\n\tat java.base/java.net.URLClassLoader.findClass(URLClassLoader.java:445)\n\tat java.base/java.lang.ClassLoader.loadClass(ClassLoader.java:592)\n\tat java.base/java.lang.ClassLoader.loadClass(ClassLoader.java:525)\n\t... 36 more\n","logger":"unusual_prefix_8f3fa82684731fec338e7a38d6fbf711ac450beb_main"}
{"timestamp":"2025-07-13T09:23:35.006496","level":"error","event":"Task failed with exception","logger":"task","error_detail":[{"exc_type":"Py4JJavaError","exc_value":"An error occurred while calling o49.load.\n: java.lang.NoClassDefFoundError: org/apache/hadoop/fs/impl/prefetch/PrefetchingStatistics\n\tat java.base/java.lang.ClassLoader.defineClass1(Native Method)\n\tat java.base/java.lang.ClassLoader.defineClass(ClassLoader.java:1017)\n\tat java.base/java.security.SecureClassLoader.defineClass(SecureClassLoader.java:150)\n\tat java.base/java.net.URLClassLoader.defineClass(URLClassLoader.java:524)\n\tat java.base/java.net.URLClassLoader$1.run(URLClassLoader.java:427)\n\tat java.base/java.net.URLClassLoader$1.run(URLClassLoader.java:421)\n\tat java.base/java.security.AccessController.doPrivileged(AccessController.java:712)\n\tat java.base/java.net.URLClassLoader.findClass(URLClassLoader.java:420)\n\tat java.base/java.lang.ClassLoader.loadClass(ClassLoader.java:592)\n\tat java.base/java.lang.ClassLoader.loadClass(ClassLoader.java:525)\n\tat org.apache.hadoop.fs.s3a.S3AFileSystem.initialize(S3AFileSystem.java:586)\n\tat org.apache.hadoop.fs.FileSystem.createFileSystem(FileSystem.java:3469)\n\tat org.apache.hadoop.fs.FileSystem.access$300(FileSystem.java:174)\n\tat org.apache.hadoop.fs.FileSystem$Cache.getInternal(FileSystem.java:3574)\n\tat org.apache.hadoop.fs.FileSystem$Cache.get(FileSystem.java:3521)\n\tat org.apache.hadoop.fs.FileSystem.get(FileSystem.java:540)\n\tat org.apache.hadoop.fs.Path.getFileSystem(Path.java:365)\n\tat org.apache.spark.sql.execution.streaming.FileStreamSink$.hasMetadata(FileStreamSink.scala:53)\n\tat org.apache.spark.sql.execution.datasources.DataSource.resolveRelation(DataSource.scala:366)\n\tat org.apache.spark.sql.DataFrameReader.loadV1Source(DataFrameReader.scala:229)\n\tat org.apache.spark.sql.DataFrameReader.$anonfun$load$2(DataFrameReader.scala:211)\n\tat scala.Option.getOrElse(Option.scala:189)\n\tat org.apache.spark.sql.DataFrameReader.load(DataFrameReader.scala:211)\n\tat org.apache.spark.sql.DataFrameReader.load(DataFrameReader.scala:186)\n\tat java.base/jdk.internal.reflect.NativeMethodAccessorImpl.invoke0(Native Method)\n\tat java.base/jdk.internal.reflect.NativeMethodAccessorImpl.invoke(NativeMethodAccessorImpl.java:77)\n\tat java.base/jdk.internal.reflect.DelegatingMethodAccessorImpl.invoke(DelegatingMethodAccessorImpl.java:43)\n\tat java.base/java.lang.reflect.Method.invoke(Method.java:569)\n\tat py4j.reflection.MethodInvoker.invoke(MethodInvoker.java:244)\n\tat py4j.reflection.ReflectionEngine.invoke(ReflectionEngine.java:374)\n\tat py4j.Gateway.invoke(Gateway.java:282)\n\tat py4j.commands.AbstractCommand.invokeMethod(AbstractCommand.java:132)\n\tat py4j.commands.CallCommand.execute(CallCommand.java:79)\n\tat py4j.ClientServerConnection.waitForCommands(ClientServerConnection.java:182)\n\tat py4j.ClientServerConnection.run(ClientServerConnection.java:106)\n\tat java.base/java.lang.Thread.run(Thread.java:840)\nCaused by: java.lang.ClassNotFoundException: org.apache.hadoop.fs.impl.prefetch.PrefetchingStatistics\n\tat java.base/java.net.URLClassLoader.findClass(URLClassLoader.java:445)\n\tat java.base/java.lang.ClassLoader.loadClass(ClassLoader.java:592)\n\tat java.base/java.lang.ClassLoader.loadClass(ClassLoader.java:525)\n\t... 36 more\n","exc_notes":[],"syntax_error":null,"is_cause":false,"frames":[{"filename":"/home/airflow/.local/lib/python3.12/site-packages/airflow/sdk/execution_time/task_runner.py","lineno":867,"name":"run"},{"filename":"/home/airflow/.local/lib/python3.12/site-packages/airflow/sdk/execution_time/task_runner.py","lineno":1159,"name":"_execute_task"},{"filename":"/home/airflow/.local/lib/python3.12/site-packages/airflow/sdk/bases/operator.py","lineno":397,"name":"wrapper"},{"filename":"/home/airflow/.local/lib/python3.12/site-packages/airflow/providers/standard/operators/python.py","lineno":216,"name":"execute"},{"filename":"/home/airflow/.local/lib/python3.12/site-packages/airflow/providers/standard/operators/python.py","lineno":239,"name":"execute_callable"},{"filename":"/home/airflow/.local/lib/python3.12/site-packages/airflow/sdk/execution_time/callback_runner.py","lineno":81,"name":"run"},{"filename":"/opt/airflow/dags/main.py","lineno":136,"name":"process_bronze"},{"filename":"/home/airflow/.local/lib/python3.12/site-packages/pyspark/sql/readwriter.py","lineno":307,"name":"load"},{"filename":"/home/airflow/.local/lib/python3.12/site-packages/py4j/java_gateway.py","lineno":1322,"name":"__call__"},{"filename":"/home/airflow/.local/lib/python3.12/site-packages/pyspark/errors/exceptions/captured.py","lineno":179,"name":"deco"},{"filename":"/home/airflow/.local/lib/python3.12/site-packages/py4j/protocol.py","lineno":326,"name":"get_return_value"}],"is_group":false,"exceptions":[]}]}
