{"timestamp":"2025-07-14T16:36:28.241185","level":"info","event":"DAG bundles loaded: dags-folder","logger":"airflow.dag_processing.bundles.manager.DagBundlesManager"}
{"timestamp":"2025-07-14T16:36:28.243648","level":"info","event":"Filling up the DagBag from /opt/airflow/dags/activefence.py","logger":"airflow.models.dagbag.DagBag"}
{"timestamp":"2025-07-14T16:36:38.301102Z","level":"error","event":"/home/airflow/.local/lib/python3.12/site-packages/pyspark/bin/load-spark-env.sh: line 68: ps: command not found","chan":"stderr","logger":"task"}
{"timestamp":"2025-07-14T16:36:40.911374Z","level":"info","event":":: loading settings :: url = jar:file:/home/airflow/.local/lib/python3.12/site-packages/pyspark/jars/ivy-2.5.1.jar!/org/apache/ivy/core/settings/ivysettings.xml","chan":"stdout","logger":"task"}
{"timestamp":"2025-07-14T16:36:41.010264Z","level":"error","event":"Ivy Default Cache set to: /home/airflow/.ivy2/cache","chan":"stderr","logger":"task"}
{"timestamp":"2025-07-14T16:36:41.011188Z","level":"error","event":"The jars for the packages stored in: /home/airflow/.ivy2/jars","chan":"stderr","logger":"task"}
{"timestamp":"2025-07-14T16:36:41.014386Z","level":"error","event":"org.apache.hadoop#hadoop-aws added as a dependency","chan":"stderr","logger":"task"}
{"timestamp":"2025-07-14T16:36:41.015083Z","level":"error","event":"com.amazonaws#aws-java-sdk-bundle added as a dependency","chan":"stderr","logger":"task"}
{"timestamp":"2025-07-14T16:36:41.015915Z","level":"error","event":"org.apache.spark#spark-avro_2.12 added as a dependency","chan":"stderr","logger":"task"}
{"timestamp":"2025-07-14T16:36:41.016578Z","level":"error","event":"io.delta#delta-spark_2.12 added as a dependency","chan":"stderr","logger":"task"}
{"timestamp":"2025-07-14T16:36:41.017154Z","level":"error","event":":: resolving dependencies :: org.apache.spark#spark-submit-parent-af4d3083-70fc-4aba-b9cb-13690790398d;1.0","chan":"stderr","logger":"task"}
{"timestamp":"2025-07-14T16:36:41.017906Z","level":"error","event":"\tconfs: [default]","chan":"stderr","logger":"task"}
{"timestamp":"2025-07-14T16:36:41.252249Z","level":"error","event":"\tfound org.apache.hadoop#hadoop-aws;3.3.4 in central","chan":"stderr","logger":"task"}
{"timestamp":"2025-07-14T16:36:41.297212Z","level":"error","event":"\tfound org.wildfly.openssl#wildfly-openssl;1.0.7.Final in central","chan":"stderr","logger":"task"}
{"timestamp":"2025-07-14T16:36:41.320198Z","level":"error","event":"\tfound com.amazonaws#aws-java-sdk-bundle;1.12.520 in central","chan":"stderr","logger":"task"}
{"timestamp":"2025-07-14T16:36:41.361876Z","level":"error","event":"\tfound org.apache.spark#spark-avro_2.12;3.5.0 in central","chan":"stderr","logger":"task"}
{"timestamp":"2025-07-14T16:36:41.383724Z","level":"error","event":"\tfound org.tukaani#xz;1.9 in central","chan":"stderr","logger":"task"}
{"timestamp":"2025-07-14T16:36:41.407356Z","level":"error","event":"\tfound io.delta#delta-spark_2.12;3.1.0 in central","chan":"stderr","logger":"task"}
{"timestamp":"2025-07-14T16:36:41.428034Z","level":"error","event":"\tfound io.delta#delta-storage;3.1.0 in central","chan":"stderr","logger":"task"}
{"timestamp":"2025-07-14T16:36:41.444334Z","level":"error","event":"\tfound org.antlr#antlr4-runtime;4.9.3 in central","chan":"stderr","logger":"task"}
{"timestamp":"2025-07-14T16:36:41.474562Z","level":"error","event":":: resolution report :: resolve 443ms :: artifacts dl 15ms","chan":"stderr","logger":"task"}
{"timestamp":"2025-07-14T16:36:41.475808Z","level":"error","event":"\t:: modules in use:","chan":"stderr","logger":"task"}
{"timestamp":"2025-07-14T16:36:41.476237Z","level":"error","event":"\tcom.amazonaws#aws-java-sdk-bundle;1.12.520 from central in [default]","chan":"stderr","logger":"task"}
{"timestamp":"2025-07-14T16:36:41.476687Z","level":"error","event":"\tio.delta#delta-spark_2.12;3.1.0 from central in [default]","chan":"stderr","logger":"task"}
{"timestamp":"2025-07-14T16:36:41.477112Z","level":"error","event":"\tio.delta#delta-storage;3.1.0 from central in [default]","chan":"stderr","logger":"task"}
{"timestamp":"2025-07-14T16:36:41.477516Z","level":"error","event":"\torg.antlr#antlr4-runtime;4.9.3 from central in [default]","chan":"stderr","logger":"task"}
{"timestamp":"2025-07-14T16:36:41.477967Z","level":"error","event":"\torg.apache.hadoop#hadoop-aws;3.3.4 from central in [default]","chan":"stderr","logger":"task"}
{"timestamp":"2025-07-14T16:36:41.478329Z","level":"error","event":"\torg.apache.spark#spark-avro_2.12;3.5.0 from central in [default]","chan":"stderr","logger":"task"}
{"timestamp":"2025-07-14T16:36:41.478683Z","level":"error","event":"\torg.tukaani#xz;1.9 from central in [default]","chan":"stderr","logger":"task"}
{"timestamp":"2025-07-14T16:36:41.479209Z","level":"error","event":"\torg.wildfly.openssl#wildfly-openssl;1.0.7.Final from central in [default]","chan":"stderr","logger":"task"}
{"timestamp":"2025-07-14T16:36:41.479648Z","level":"error","event":"\t:: evicted modules:","chan":"stderr","logger":"task"}
{"timestamp":"2025-07-14T16:36:41.480059Z","level":"error","event":"\tcom.amazonaws#aws-java-sdk-bundle;1.12.262 by [com.amazonaws#aws-java-sdk-bundle;1.12.520] in [default]","chan":"stderr","logger":"task"}
{"timestamp":"2025-07-14T16:36:41.480460Z","level":"error","event":"\t---------------------------------------------------------------------","chan":"stderr","logger":"task"}
{"timestamp":"2025-07-14T16:36:41.481015Z","level":"error","event":"\t|                  |            modules            ||   artifacts   |","chan":"stderr","logger":"task"}
{"timestamp":"2025-07-14T16:36:41.481628Z","level":"error","event":"\t|       conf       | number| search|dwnlded|evicted|| number|dwnlded|","chan":"stderr","logger":"task"}
{"timestamp":"2025-07-14T16:36:41.482106Z","level":"error","event":"\t---------------------------------------------------------------------","chan":"stderr","logger":"task"}
{"timestamp":"2025-07-14T16:36:41.482550Z","level":"error","event":"\t|      default     |   9   |   0   |   0   |   1   ||   8   |   0   |","chan":"stderr","logger":"task"}
{"timestamp":"2025-07-14T16:36:41.482981Z","level":"error","event":"\t---------------------------------------------------------------------","chan":"stderr","logger":"task"}
{"timestamp":"2025-07-14T16:36:41.485847Z","level":"error","event":":: retrieving :: org.apache.spark#spark-submit-parent-af4d3083-70fc-4aba-b9cb-13690790398d","chan":"stderr","logger":"task"}
{"timestamp":"2025-07-14T16:36:41.487123Z","level":"error","event":"\tconfs: [default]","chan":"stderr","logger":"task"}
{"timestamp":"2025-07-14T16:36:41.497766Z","level":"error","event":"\t0 artifacts copied, 8 already retrieved (0kB/12ms)","chan":"stderr","logger":"task"}
{"timestamp":"2025-07-14T16:36:41.793471Z","level":"error","event":"25/07/14 16:36:41 WARN NativeCodeLoader: Unable to load native-hadoop library for your platform... using builtin-java classes where applicable","chan":"stderr","logger":"task"}
{"timestamp":"2025-07-14T16:36:42.067617Z","level":"error","event":"Setting default log level to \"WARN\".","chan":"stderr","logger":"task"}
{"timestamp":"2025-07-14T16:36:42.068415Z","level":"error","event":"To adjust logging level use sc.setLogLevel(newLevel). For SparkR, use setLogLevel(newLevel).","chan":"stderr","logger":"task"}
{"timestamp":"2025-07-14T16:36:46.263916","level":"info","event":"Anonymized telemetry enabled. See                     https://docs.trychroma.com/telemetry for more information.","logger":"chromadb.telemetry.product.posthog"}
{"timestamp":"2025-07-14T16:36:49.487131Z","level":"error","event":"25/07/14 16:36:49 WARN MetricsConfig: Cannot locate configuration: tried hadoop-metrics2-s3a-file-system.properties,hadoop-metrics2.properties","chan":"stderr","logger":"task"}
{"timestamp":"2025-07-14T16:37:01.774071Z","level":"info","event":"root","chan":"stdout","logger":"task"}
{"timestamp":"2025-07-14T16:37:01.775967Z","level":"info","event":" |-- article_id: string (nullable = true)","chan":"stdout","logger":"task"}
{"timestamp":"2025-07-14T16:37:01.776348Z","level":"info","event":" |-- title: string (nullable = true)","chan":"stdout","logger":"task"}
{"timestamp":"2025-07-14T16:37:01.776685Z","level":"info","event":" |-- pub_date: date (nullable = true)","chan":"stdout","logger":"task"}
{"timestamp":"2025-07-14T16:37:01.776915Z","level":"info","event":" |-- summary: string (nullable = true)","chan":"stdout","logger":"task"}
{"timestamp":"2025-07-14T16:37:01.777135Z","level":"info","event":" |-- load_timestamp: timestamp_ntz (nullable = true)","chan":"stdout","logger":"task"}
{"timestamp":"2025-07-14T16:37:01.777405Z","level":"info","event":" |-- year_month: string (nullable = true)","chan":"stdout","logger":"task"}
{"timestamp":"2025-07-14T16:37:01.777713Z","level":"info","event":"","chan":"stdout","logger":"task"}
{"timestamp":"2025-07-14T16:37:03.117028Z","level":"error","event":"\r[Stage 0:>                                                          (0 + 0) / 2]\r\r[Stage 0:>                                                          (0 + 2) / 2]\r\r                                                                                \r25/07/14 16:37:03 WARN SparkStringUtils: Truncated the string representation of a plan since it was too large. This behavior can be adjusted by setting 'spark.sql.debug.maxToStringFields'.","chan":"stderr","logger":"task"}
{"timestamp":"2025-07-14T16:37:17.578839","level":"error","event":"Error processing Delta table: 'embedding'","logger":"unusual_prefix_0aab8e1abe4a8f324d874f9a30de87ad63865522_activefence"}
{"timestamp":"2025-07-14T16:37:17.579816","level":"error","event":"Task failed with exception","logger":"task","error_detail":[{"exc_type":"KeyError","exc_value":"'embedding'","exc_notes":[],"syntax_error":null,"is_cause":false,"frames":[{"filename":"/home/airflow/.local/lib/python3.12/site-packages/airflow/sdk/execution_time/task_runner.py","lineno":867,"name":"run"},{"filename":"/home/airflow/.local/lib/python3.12/site-packages/airflow/sdk/execution_time/task_runner.py","lineno":1159,"name":"_execute_task"},{"filename":"/home/airflow/.local/lib/python3.12/site-packages/airflow/sdk/bases/operator.py","lineno":397,"name":"wrapper"},{"filename":"/home/airflow/.local/lib/python3.12/site-packages/airflow/providers/standard/operators/python.py","lineno":216,"name":"execute"},{"filename":"/home/airflow/.local/lib/python3.12/site-packages/airflow/providers/standard/operators/python.py","lineno":239,"name":"execute_callable"},{"filename":"/home/airflow/.local/lib/python3.12/site-packages/airflow/sdk/execution_time/callback_runner.py","lineno":81,"name":"run"},{"filename":"/opt/airflow/dags/activefence.py","lineno":304,"name":"embed_gold_data"}],"is_group":false,"exceptions":[]}]}
{"timestamp":"2025-07-14T16:37:18.212942Z","level":"error","event":"\r[Stage 1:>                                                          (0 + 2) / 2]\r\r[Stage 3:>                                                         (0 + 2) / 50]\r\r[Stage 3:==>                                                       (2 + 2) / 50]\r\r[Stage 3:===>                                                      (3 + 2) / 50]\r\r[Stage 3:====>                                                     (4 + 2) / 50]\r\r[Stage 3:=====>                                                    (5 + 2) / 50]\r\r[Stage 3:========>                                                 (7 + 2) / 50]\r\r[Stage 3:==========>                                               (9 + 2) / 50]\r\r[Stage 3:=============>                                           (12 + 2) / 50]\r\r[Stage 3:===============>                                         (14 + 2) / 50]\r\r[Stage 3:==================>                                      (16 + 2) / 50]\r\r[Stage 3:====================>                                    (18 + 3) / 50]\r\r[Stage 3:=======================>                                 (21 + 2) / 50]\r\r[Stage 3:===========================>                             (24 + 2) / 50]\r\r[Stage 3:==============================>                          (27 + 2) / 50]\r\r[Stage 3:==================================>                      (30 + 2) / 50]\r\r[Stage 3:====================================>                    (32 + 2) / 50]\r\r[Stage 3:=========================================>               (36 + 2) / 50]\r\r[Stage 3:=============================================>           (40 + 2) / 50]\r\r[Stage 3:===============================================>         (42 + 2) / 50]\r\r[Stage 3:======================================================>  (48 + 2) / 50]\r\r                                                                                \r\r[Stage 8:======================>                                  (20 + 2) / 50]\r\r[Stage 8:=================================>                       (29 + 2) / 50]\r\r[Stage 8:=================================================>       (43 + 2) / 50]\r\r                                                                                \r\r[Stage 9:>                                                          (0 + 2) / 2]","chan":"stderr","logger":"task"}
