{"timestamp":"2025-08-01T07:29:51.560009","level":"warning","event":"\n        OpenLineage support for Airflow version 3.0.2 is REMOVED.\n        For Airflow 2.7 and later, use the native Airflow Openlineage provider package.\n        Documentation can be found at https://airflow.apache.org/docs/apache-airflow-providers-openlineage\n        ","logger":"root"}
{"timestamp":"2025-08-01T07:29:51.661520","level":"warning","event":"No module named 'airflow.providers.dbt'","logger":"openlineage.airflow.utils"}
{"timestamp":"2025-08-01T07:29:51.663803","level":"info","event":"DAG bundles loaded: dags-folder","logger":"airflow.dag_processing.bundles.manager.DagBundlesManager"}
{"timestamp":"2025-08-01T07:29:51.664033","level":"info","event":"Filling up the DagBag from /opt/airflow/dags/activefence.py","logger":"airflow.models.dagbag.DagBag"}
{"timestamp":"2025-08-01T07:29:52.987238","level":"info","event":"Saved RSS feed","logger":"unusual_prefix_0aab8e1abe4a8f324d874f9a30de87ad63865522_activefence"}
{"timestamp":"2025-08-01T07:29:54.411809","level":"info","event":"Scraped and uploaded: https://www.bbc.com/news/articles/c9d0l40v551o?at_medium=RSS&at_campaign=rss","logger":"unusual_prefix_0aab8e1abe4a8f324d874f9a30de87ad63865522_activefence"}
{"timestamp":"2025-08-01T07:29:54.524489","level":"info","event":"Scraped and uploaded: https://www.bbc.com/news/articles/c5y2xx6z6eko?at_medium=RSS&at_campaign=rss","logger":"unusual_prefix_0aab8e1abe4a8f324d874f9a30de87ad63865522_activefence"}
{"timestamp":"2025-08-01T07:29:54.650241","level":"info","event":"Scraped and uploaded: https://www.bbc.com/news/articles/c93d7qlp974o?at_medium=RSS&at_campaign=rss","logger":"unusual_prefix_0aab8e1abe4a8f324d874f9a30de87ad63865522_activefence"}
{"timestamp":"2025-08-01T07:29:54.662025","level":"info","event":"Scraped and uploaded: https://www.bbc.com/news/articles/cqlernrw62yo?at_medium=RSS&at_campaign=rss","logger":"unusual_prefix_0aab8e1abe4a8f324d874f9a30de87ad63865522_activefence"}
{"timestamp":"2025-08-01T07:29:54.748126","level":"info","event":"Scraped and uploaded: https://www.bbc.com/news/articles/cj3l0e4vr0ko?at_medium=RSS&at_campaign=rss","logger":"unusual_prefix_0aab8e1abe4a8f324d874f9a30de87ad63865522_activefence"}
{"timestamp":"2025-08-01T07:29:56.006902","level":"info","event":"Scraped and uploaded: https://www.bbc.com/news/articles/cd0dgkjgzvjo?at_medium=RSS&at_campaign=rss","logger":"unusual_prefix_0aab8e1abe4a8f324d874f9a30de87ad63865522_activefence"}
{"timestamp":"2025-08-01T07:29:56.213264","level":"info","event":"Scraped and uploaded: https://www.bbc.com/news/articles/cpv0zkxx0njo?at_medium=RSS&at_campaign=rss","logger":"unusual_prefix_0aab8e1abe4a8f324d874f9a30de87ad63865522_activefence"}
{"timestamp":"2025-08-01T07:29:56.269631","level":"info","event":"Scraped and uploaded: https://www.bbc.com/news/articles/cgery3eeqzxo?at_medium=RSS&at_campaign=rss","logger":"unusual_prefix_0aab8e1abe4a8f324d874f9a30de87ad63865522_activefence"}
{"timestamp":"2025-08-01T07:29:56.280722","level":"info","event":"Scraped and uploaded: https://www.bbc.com/news/articles/cvg3lgdv3r7o?at_medium=RSS&at_campaign=rss","logger":"unusual_prefix_0aab8e1abe4a8f324d874f9a30de87ad63865522_activefence"}
{"timestamp":"2025-08-01T07:29:56.306873","level":"info","event":"Scraped and uploaded: https://www.bbc.com/news/articles/clyj4zky4zwo?at_medium=RSS&at_campaign=rss","logger":"unusual_prefix_0aab8e1abe4a8f324d874f9a30de87ad63865522_activefence"}
{"timestamp":"2025-08-01T07:29:57.446172","level":"info","event":"Scraped and uploaded: https://www.bbc.com/news/articles/c7vl57n74pqo?at_medium=RSS&at_campaign=rss","logger":"unusual_prefix_0aab8e1abe4a8f324d874f9a30de87ad63865522_activefence"}
{"timestamp":"2025-08-01T07:29:57.615184","level":"info","event":"Scraped and uploaded: https://www.bbc.com/news/articles/cvg8z2mx508o?at_medium=RSS&at_campaign=rss","logger":"unusual_prefix_0aab8e1abe4a8f324d874f9a30de87ad63865522_activefence"}
{"timestamp":"2025-08-01T07:29:57.826722","level":"info","event":"Scraped and uploaded: https://www.bbc.com/news/articles/c24v4dl5r16o?at_medium=RSS&at_campaign=rss","logger":"unusual_prefix_0aab8e1abe4a8f324d874f9a30de87ad63865522_activefence"}
{"timestamp":"2025-08-01T07:29:57.903206","level":"info","event":"Scraped and uploaded: https://www.bbc.com/news/articles/cx2q8qw0q0go?at_medium=RSS&at_campaign=rss","logger":"unusual_prefix_0aab8e1abe4a8f324d874f9a30de87ad63865522_activefence"}
{"timestamp":"2025-08-01T07:29:57.952616","level":"info","event":"Scraped and uploaded: https://www.bbc.com/news/articles/c77v2kx304go?at_medium=RSS&at_campaign=rss","logger":"unusual_prefix_0aab8e1abe4a8f324d874f9a30de87ad63865522_activefence"}
{"timestamp":"2025-08-01T07:29:58.841927","level":"info","event":"Scraped and uploaded: https://www.bbc.com/news/articles/cd78lvd94zyo?at_medium=RSS&at_campaign=rss","logger":"unusual_prefix_0aab8e1abe4a8f324d874f9a30de87ad63865522_activefence"}
{"timestamp":"2025-08-01T07:29:58.991221","level":"info","event":"Scraped and uploaded: https://www.bbc.com/news/articles/czdv68gejm7o?at_medium=RSS&at_campaign=rss","logger":"unusual_prefix_0aab8e1abe4a8f324d874f9a30de87ad63865522_activefence"}
{"timestamp":"2025-08-01T07:29:59.053169","level":"info","event":"Scraped and uploaded: https://www.bbc.com/news/articles/c30741j351go?at_medium=RSS&at_campaign=rss","logger":"unusual_prefix_0aab8e1abe4a8f324d874f9a30de87ad63865522_activefence"}
{"timestamp":"2025-08-01T07:29:59.154213","level":"info","event":"Scraped and uploaded: https://www.bbc.com/news/articles/cx2jmledvr3o?at_medium=RSS&at_campaign=rss","logger":"unusual_prefix_0aab8e1abe4a8f324d874f9a30de87ad63865522_activefence"}
{"timestamp":"2025-08-01T07:29:59.167673","level":"info","event":"Scraped and uploaded: https://www.bbc.com/news/articles/c9vr4rymlw9o?at_medium=RSS&at_campaign=rss","logger":"unusual_prefix_0aab8e1abe4a8f324d874f9a30de87ad63865522_activefence"}
{"timestamp":"2025-08-01T07:30:00.198422","level":"info","event":"Scraped and uploaded: https://www.bbc.com/news/articles/ceq7ye3q2zwo?at_medium=RSS&at_campaign=rss","logger":"unusual_prefix_0aab8e1abe4a8f324d874f9a30de87ad63865522_activefence"}
{"timestamp":"2025-08-01T07:30:00.402339","level":"info","event":"Scraped and uploaded: https://www.bbc.com/news/articles/cy8g22n32d0o?at_medium=RSS&at_campaign=rss","logger":"unusual_prefix_0aab8e1abe4a8f324d874f9a30de87ad63865522_activefence"}
{"timestamp":"2025-08-01T07:30:00.514294","level":"info","event":"Scraped and uploaded: https://www.bbc.com/news/articles/cql0ple066po?at_medium=RSS&at_campaign=rss","logger":"unusual_prefix_0aab8e1abe4a8f324d874f9a30de87ad63865522_activefence"}
{"timestamp":"2025-08-01T07:30:00.670126","level":"info","event":"Scraped and uploaded: https://www.bbc.com/news/articles/cp8mp79gyz1o?at_medium=RSS&at_campaign=rss","logger":"unusual_prefix_0aab8e1abe4a8f324d874f9a30de87ad63865522_activefence"}
{"timestamp":"2025-08-01T07:30:00.780009","level":"info","event":"Scraped and uploaded: https://www.bbc.com/news/articles/c07d2dyx19zo?at_medium=RSS&at_campaign=rss","logger":"unusual_prefix_0aab8e1abe4a8f324d874f9a30de87ad63865522_activefence"}
{"timestamp":"2025-08-01T07:30:01.781967","level":"info","event":"Scraped and uploaded: https://www.bbc.com/news/articles/c1e02vx55wpo?at_medium=RSS&at_campaign=rss","logger":"unusual_prefix_0aab8e1abe4a8f324d874f9a30de87ad63865522_activefence"}
{"timestamp":"2025-08-01T07:30:01.991634","level":"info","event":"Scraped and uploaded: https://www.bbc.com/news/articles/cj4ep1znk4zo?at_medium=RSS&at_campaign=rss","logger":"unusual_prefix_0aab8e1abe4a8f324d874f9a30de87ad63865522_activefence"}
{"timestamp":"2025-08-01T07:30:01.992437","level":"info","event":"Scraped and uploaded: https://www.bbc.com/news/articles/cy5w2k5k5ylo?at_medium=RSS&at_campaign=rss","logger":"unusual_prefix_0aab8e1abe4a8f324d874f9a30de87ad63865522_activefence"}
{"timestamp":"2025-08-01T07:30:02.123299","level":"info","event":"Scraped and uploaded: https://www.bbc.com/news/articles/crmvl3remg2o?at_medium=RSS&at_campaign=rss","logger":"unusual_prefix_0aab8e1abe4a8f324d874f9a30de87ad63865522_activefence"}
{"timestamp":"2025-08-01T07:30:02.336004","level":"info","event":"Scraped and uploaded: https://www.bbc.com/news/articles/cz7l29zved9o?at_medium=RSS&at_campaign=rss","logger":"unusual_prefix_0aab8e1abe4a8f324d874f9a30de87ad63865522_activefence"}
{"timestamp":"2025-08-01T07:30:03.394339","level":"info","event":"Scraped and uploaded: https://www.bbc.com/news/articles/cp82447l84ko?at_medium=RSS&at_campaign=rss","logger":"unusual_prefix_0aab8e1abe4a8f324d874f9a30de87ad63865522_activefence"}
{"timestamp":"2025-08-01T07:30:03.420486","level":"info","event":"Scraped and uploaded: https://www.bbc.co.uk/sounds/play/w3ct6zp1?at_medium=RSS&at_campaign=rss","logger":"unusual_prefix_0aab8e1abe4a8f324d874f9a30de87ad63865522_activefence"}
{"timestamp":"2025-08-01T07:30:03.525957","level":"info","event":"Scraped and uploaded: https://www.bbc.co.uk/sounds/play/w3ct6zp0?at_medium=RSS&at_campaign=rss","logger":"unusual_prefix_0aab8e1abe4a8f324d874f9a30de87ad63865522_activefence"}
{"timestamp":"2025-08-01T07:30:03.946441","level":"info","event":"Scraped and uploaded: https://www.bbc.com/news/articles/cwykgrv374eo?at_medium=RSS&at_campaign=rss","logger":"unusual_prefix_0aab8e1abe4a8f324d874f9a30de87ad63865522_activefence"}
{"timestamp":"2025-08-01T07:30:04.469232","level":"info","event":"Scraped and uploaded: https://www.bbc.co.uk/iplayer/episode/m002gm6k?at_medium=RSS&at_campaign=rss","logger":"unusual_prefix_0aab8e1abe4a8f324d874f9a30de87ad63865522_activefence"}
{"timestamp":"2025-08-01T07:30:04.875945","level":"info","event":"Scraped and uploaded: https://www.bbc.com/news/videos/cn5kn3dln3ko?at_medium=RSS&at_campaign=rss","logger":"unusual_prefix_0aab8e1abe4a8f324d874f9a30de87ad63865522_activefence"}
{"timestamp":"2025-08-01T07:30:04.986115","level":"info","event":"Scraped and uploaded: https://www.bbc.co.uk/sounds/play/w3ct6znz?at_medium=RSS&at_campaign=rss","logger":"unusual_prefix_0aab8e1abe4a8f324d874f9a30de87ad63865522_activefence"}
{"timestamp":"2025-08-01T07:30:05.082694","level":"info","event":"Scraped and uploaded: https://www.bbc.co.uk/iplayer/episode/m002g8zw?at_medium=RSS&at_campaign=rss","logger":"unusual_prefix_0aab8e1abe4a8f324d874f9a30de87ad63865522_activefence"}
{"timestamp":"2025-08-01T07:30:05.669800","level":"info","event":"Scraped and uploaded: https://www.bbc.co.uk/iplayer/episode/m002fzws?at_medium=RSS&at_campaign=rss","logger":"unusual_prefix_0aab8e1abe4a8f324d874f9a30de87ad63865522_activefence"}
{"timestamp":"2025-08-01T07:30:05.977321","level":"info","event":"Scraped and uploaded: https://www.bbc.co.uk/sounds/play/w3ct6zny?at_medium=RSS&at_campaign=rss","logger":"unusual_prefix_0aab8e1abe4a8f324d874f9a30de87ad63865522_activefence"}
{"timestamp":"2025-08-01T07:30:06.423087","level":"info","event":"Scraped and uploaded: https://www.bbc.com/news/articles/ce3nw5vnzgpo?at_medium=RSS&at_campaign=rss","logger":"unusual_prefix_0aab8e1abe4a8f324d874f9a30de87ad63865522_activefence"}
{"timestamp":"2025-08-01T07:30:06.611533","level":"info","event":"Scraped and uploaded: https://www.bbc.com/news/articles/c4g83dpeendo?at_medium=RSS&at_campaign=rss","logger":"unusual_prefix_0aab8e1abe4a8f324d874f9a30de87ad63865522_activefence"}
{"timestamp":"2025-08-01T07:30:06.633994","level":"info","event":"Scraped and uploaded: https://www.bbc.com/news/articles/c5yeyn4gl80o?at_medium=RSS&at_campaign=rss","logger":"unusual_prefix_0aab8e1abe4a8f324d874f9a30de87ad63865522_activefence"}
{"timestamp":"2025-08-01T07:30:06.873160","level":"info","event":"Scraped and uploaded: https://www.bbc.com/news/articles/cj6r06d7xdjo?at_medium=RSS&at_campaign=rss","logger":"unusual_prefix_0aab8e1abe4a8f324d874f9a30de87ad63865522_activefence"}
{"timestamp":"2025-08-01T07:30:07.494069","level":"info","event":"Scraped and uploaded: https://www.bbc.com/news/articles/c4g2ezl7xqyo?at_medium=RSS&at_campaign=rss","logger":"unusual_prefix_0aab8e1abe4a8f324d874f9a30de87ad63865522_activefence"}
{"timestamp":"2025-08-01T07:30:07.825272","level":"info","event":"Scraped and uploaded: https://www.bbc.com/weather/articles/cwy6ykp7049o?at_medium=RSS&at_campaign=rss","logger":"unusual_prefix_0aab8e1abe4a8f324d874f9a30de87ad63865522_activefence"}
{"timestamp":"2025-08-01T07:30:08.426817","level":"info","event":"Scraped and uploaded: https://www.bbc.com/news/articles/cqx2jz1l477o?at_medium=RSS&at_campaign=rss","logger":"unusual_prefix_0aab8e1abe4a8f324d874f9a30de87ad63865522_activefence"}
{"timestamp":"2025-08-01T07:30:08.977880","level":"info","event":"Scraped and uploaded: https://www.bbc.com/news/articles/cm234l04xmro?at_medium=RSS&at_campaign=rss","logger":"unusual_prefix_0aab8e1abe4a8f324d874f9a30de87ad63865522_activefence"}
{"timestamp":"2025-08-01T07:30:09.160422","level":"info","event":"Scraped and uploaded: https://www.bbc.com/news/articles/cz9y1l397vno?at_medium=RSS&at_campaign=rss","logger":"unusual_prefix_0aab8e1abe4a8f324d874f9a30de87ad63865522_activefence"}
{"timestamp":"2025-08-01T07:30:09.597974","level":"info","event":"Scraped and uploaded: https://www.bbc.com/news/articles/c79ewz7qej4o?at_medium=RSS&at_campaign=rss","logger":"unusual_prefix_0aab8e1abe4a8f324d874f9a30de87ad63865522_activefence"}
{"timestamp":"2025-08-01T07:30:09.835111","level":"info","event":"Scraped and uploaded: https://www.bbc.com/news/articles/c0qg3ylx2g9o?at_medium=RSS&at_campaign=rss","logger":"unusual_prefix_0aab8e1abe4a8f324d874f9a30de87ad63865522_activefence"}
{"timestamp":"2025-08-01T07:30:10.316701","level":"info","event":"Scraped and uploaded: https://www.bbc.com/news/articles/c5y5zg85wnlo?at_medium=RSS&at_campaign=rss","logger":"unusual_prefix_0aab8e1abe4a8f324d874f9a30de87ad63865522_activefence"}
{"timestamp":"2025-08-01T07:30:10.402115","level":"info","event":"Scraped and uploaded: https://www.bbc.com/news/articles/c20xlqn0e5po?at_medium=RSS&at_campaign=rss","logger":"unusual_prefix_0aab8e1abe4a8f324d874f9a30de87ad63865522_activefence"}
{"timestamp":"2025-08-01T07:30:11.017377","level":"info","event":"Scraped and uploaded: https://www.bbc.co.uk/bitesize/articles/z2b7rmn?at_medium=RSS&at_campaign=rss","logger":"unusual_prefix_0aab8e1abe4a8f324d874f9a30de87ad63865522_activefence"}
{"timestamp":"2025-08-01T07:30:11.363910","level":"info","event":"Scraped and uploaded: https://www.bbc.com/news/articles/cpdzjev2d9wo?at_medium=RSS&at_campaign=rss","logger":"unusual_prefix_0aab8e1abe4a8f324d874f9a30de87ad63865522_activefence"}
{"timestamp":"2025-08-01T07:30:11.519163","level":"info","event":"Scraped and uploaded: https://www.bbc.com/news/articles/c62g6vdl3vqo?at_medium=RSS&at_campaign=rss","logger":"unusual_prefix_0aab8e1abe4a8f324d874f9a30de87ad63865522_activefence"}
{"timestamp":"2025-08-01T07:30:11.607091","level":"info","event":"Scraped and uploaded: https://www.bbc.com/news/articles/clynkqw236po?at_medium=RSS&at_campaign=rss","logger":"unusual_prefix_0aab8e1abe4a8f324d874f9a30de87ad63865522_activefence"}
{"timestamp":"2025-08-01T07:30:12.275781","level":"info","event":"Scraped and uploaded: https://www.bbc.com/news/articles/czrve1zrlg3o?at_medium=RSS&at_campaign=rss","logger":"unusual_prefix_0aab8e1abe4a8f324d874f9a30de87ad63865522_activefence"}
{"timestamp":"2025-08-01T07:30:12.741018","level":"info","event":"Scraped and uploaded: https://www.bbc.com/news/articles/c7vnyn17p57o?at_medium=RSS&at_campaign=rss","logger":"unusual_prefix_0aab8e1abe4a8f324d874f9a30de87ad63865522_activefence"}
{"timestamp":"2025-08-01T07:30:13.100972","level":"info","event":"Scraped and uploaded: https://www.bbc.com/news/articles/cql6vgwyv4xo?at_medium=RSS&at_campaign=rss","logger":"unusual_prefix_0aab8e1abe4a8f324d874f9a30de87ad63865522_activefence"}
{"timestamp":"2025-08-01T07:30:13.103837","level":"info","event":"Done. Returned value was: None","logger":"airflow.task.operators.airflow.providers.standard.operators.python.PythonOperator"}
