{"timestamp":"2025-07-15T03:53:34.771632","level":"info","event":"DAG bundles loaded: dags-folder","logger":"airflow.dag_processing.bundles.manager.DagBundlesManager"}
{"timestamp":"2025-07-15T03:53:34.772997","level":"info","event":"Filling up the DagBag from /opt/airflow/dags/activefence.py","logger":"airflow.models.dagbag.DagBag"}
{"timestamp":"2025-07-15T03:53:47.618143Z","level":"error","event":"/home/airflow/.local/lib/python3.12/site-packages/pyspark/bin/load-spark-env.sh: line 68: ps: command not found","chan":"stderr","logger":"task"}
{"timestamp":"2025-07-15T03:53:49.242066Z","level":"info","event":":: loading settings :: url = jar:file:/home/airflow/.local/lib/python3.12/site-packages/pyspark/jars/ivy-2.5.1.jar!/org/apache/ivy/core/settings/ivysettings.xml","chan":"stdout","logger":"task"}
{"timestamp":"2025-07-15T03:53:49.355187Z","level":"error","event":"Ivy Default Cache set to: /home/airflow/.ivy2/cache","chan":"stderr","logger":"task"}
{"timestamp":"2025-07-15T03:53:49.356254Z","level":"error","event":"The jars for the packages stored in: /home/airflow/.ivy2/jars","chan":"stderr","logger":"task"}
{"timestamp":"2025-07-15T03:53:49.360374Z","level":"error","event":"org.apache.hadoop#hadoop-aws added as a dependency","chan":"stderr","logger":"task"}
{"timestamp":"2025-07-15T03:53:49.361154Z","level":"error","event":"com.amazonaws#aws-java-sdk-bundle added as a dependency","chan":"stderr","logger":"task"}
{"timestamp":"2025-07-15T03:53:49.361667Z","level":"error","event":"org.apache.spark#spark-avro_2.12 added as a dependency","chan":"stderr","logger":"task"}
{"timestamp":"2025-07-15T03:53:49.361968Z","level":"error","event":"io.delta#delta-spark_2.12 added as a dependency","chan":"stderr","logger":"task"}
{"timestamp":"2025-07-15T03:53:49.362279Z","level":"error","event":":: resolving dependencies :: org.apache.spark#spark-submit-parent-5b75dd85-7b36-4c85-8695-6c6ae324914f;1.0","chan":"stderr","logger":"task"}
{"timestamp":"2025-07-15T03:53:49.362493Z","level":"error","event":"\tconfs: [default]","chan":"stderr","logger":"task"}
{"timestamp":"2025-07-15T03:53:49.572773Z","level":"error","event":"\tfound org.apache.hadoop#hadoop-aws;3.3.4 in central","chan":"stderr","logger":"task"}
{"timestamp":"2025-07-15T03:53:49.618318Z","level":"error","event":"\tfound org.wildfly.openssl#wildfly-openssl;1.0.7.Final in central","chan":"stderr","logger":"task"}
{"timestamp":"2025-07-15T03:53:49.647539Z","level":"error","event":"\tfound com.amazonaws#aws-java-sdk-bundle;1.12.520 in central","chan":"stderr","logger":"task"}
{"timestamp":"2025-07-15T03:53:49.700046Z","level":"error","event":"\tfound org.apache.spark#spark-avro_2.12;3.5.0 in central","chan":"stderr","logger":"task"}
{"timestamp":"2025-07-15T03:53:49.731343Z","level":"error","event":"\tfound org.tukaani#xz;1.9 in central","chan":"stderr","logger":"task"}
{"timestamp":"2025-07-15T03:53:49.754409Z","level":"error","event":"\tfound io.delta#delta-spark_2.12;3.1.0 in central","chan":"stderr","logger":"task"}
{"timestamp":"2025-07-15T03:53:49.781567Z","level":"error","event":"\tfound io.delta#delta-storage;3.1.0 in central","chan":"stderr","logger":"task"}
{"timestamp":"2025-07-15T03:53:49.806495Z","level":"error","event":"\tfound org.antlr#antlr4-runtime;4.9.3 in central","chan":"stderr","logger":"task"}
{"timestamp":"2025-07-15T03:53:49.847238Z","level":"error","event":":: resolution report :: resolve 458ms :: artifacts dl 27ms","chan":"stderr","logger":"task"}
{"timestamp":"2025-07-15T03:53:49.876499Z","level":"error","event":"\t:: modules in use:","chan":"stderr","logger":"task"}
{"timestamp":"2025-07-15T03:53:49.877357Z","level":"error","event":"\tcom.amazonaws#aws-java-sdk-bundle;1.12.520 from central in [default]","chan":"stderr","logger":"task"}
{"timestamp":"2025-07-15T03:53:49.878014Z","level":"error","event":"\tio.delta#delta-spark_2.12;3.1.0 from central in [default]","chan":"stderr","logger":"task"}
{"timestamp":"2025-07-15T03:53:49.878493Z","level":"error","event":"\tio.delta#delta-storage;3.1.0 from central in [default]","chan":"stderr","logger":"task"}
{"timestamp":"2025-07-15T03:53:49.879056Z","level":"error","event":"\torg.antlr#antlr4-runtime;4.9.3 from central in [default]","chan":"stderr","logger":"task"}
{"timestamp":"2025-07-15T03:53:49.880786Z","level":"error","event":"\torg.apache.hadoop#hadoop-aws;3.3.4 from central in [default]","chan":"stderr","logger":"task"}
{"timestamp":"2025-07-15T03:53:49.881998Z","level":"error","event":"\torg.apache.spark#spark-avro_2.12;3.5.0 from central in [default]","chan":"stderr","logger":"task"}
{"timestamp":"2025-07-15T03:53:49.882636Z","level":"error","event":"\torg.tukaani#xz;1.9 from central in [default]","chan":"stderr","logger":"task"}
{"timestamp":"2025-07-15T03:53:49.884645Z","level":"error","event":"\torg.wildfly.openssl#wildfly-openssl;1.0.7.Final from central in [default]","chan":"stderr","logger":"task"}
{"timestamp":"2025-07-15T03:53:49.886171Z","level":"error","event":"\t:: evicted modules:","chan":"stderr","logger":"task"}
{"timestamp":"2025-07-15T03:53:49.887686Z","level":"error","event":"\tcom.amazonaws#aws-java-sdk-bundle;1.12.262 by [com.amazonaws#aws-java-sdk-bundle;1.12.520] in [default]","chan":"stderr","logger":"task"}
{"timestamp":"2025-07-15T03:53:49.888281Z","level":"error","event":"\t---------------------------------------------------------------------","chan":"stderr","logger":"task"}
{"timestamp":"2025-07-15T03:53:49.888802Z","level":"error","event":"\t|                  |            modules            ||   artifacts   |","chan":"stderr","logger":"task"}
{"timestamp":"2025-07-15T03:53:49.889194Z","level":"error","event":"\t|       conf       | number| search|dwnlded|evicted|| number|dwnlded|","chan":"stderr","logger":"task"}
{"timestamp":"2025-07-15T03:53:49.889665Z","level":"error","event":"\t---------------------------------------------------------------------","chan":"stderr","logger":"task"}
{"timestamp":"2025-07-15T03:53:49.890184Z","level":"error","event":"\t|      default     |   9   |   0   |   0   |   1   ||   8   |   0   |","chan":"stderr","logger":"task"}
{"timestamp":"2025-07-15T03:53:49.890662Z","level":"error","event":"\t---------------------------------------------------------------------","chan":"stderr","logger":"task"}
{"timestamp":"2025-07-15T03:53:49.891110Z","level":"error","event":":: retrieving :: org.apache.spark#spark-submit-parent-5b75dd85-7b36-4c85-8695-6c6ae324914f","chan":"stderr","logger":"task"}
{"timestamp":"2025-07-15T03:53:49.891533Z","level":"error","event":"\tconfs: [default]","chan":"stderr","logger":"task"}
{"timestamp":"2025-07-15T03:53:49.892094Z","level":"error","event":"\t0 artifacts copied, 8 already retrieved (0kB/19ms)","chan":"stderr","logger":"task"}
{"timestamp":"2025-07-15T03:53:50.237764Z","level":"error","event":"25/07/15 03:53:50 WARN NativeCodeLoader: Unable to load native-hadoop library for your platform... using builtin-java classes where applicable","chan":"stderr","logger":"task"}
{"timestamp":"2025-07-15T03:53:50.509225Z","level":"error","event":"Setting default log level to \"WARN\".","chan":"stderr","logger":"task"}
{"timestamp":"2025-07-15T03:53:50.509938Z","level":"error","event":"To adjust logging level use sc.setLogLevel(newLevel). For SparkR, use setLogLevel(newLevel).","chan":"stderr","logger":"task"}
{"timestamp":"2025-07-15T03:53:54.008045","level":"info","event":"Anonymized telemetry enabled. See                     https://docs.trychroma.com/telemetry for more information.","logger":"chromadb.telemetry.product.posthog"}
{"timestamp":"2025-07-15T03:53:56.113442Z","level":"error","event":"25/07/15 03:53:56 WARN MetricsConfig: Cannot locate configuration: tried hadoop-metrics2-s3a-file-system.properties,hadoop-metrics2.properties","chan":"stderr","logger":"task"}
{"timestamp":"2025-07-15T03:54:11.160023Z","level":"error","event":"\r[Stage 0:>                                                          (0 + 2) / 2]\r\r                                                                                \r25/07/15 03:54:11 WARN SparkStringUtils: Truncated the string representation of a plan since it was too large. This behavior can be adjusted by setting 'spark.sql.debug.maxToStringFields'.","chan":"stderr","logger":"task"}
{"timestamp":"2025-07-15T03:55:00.753518","level":"info","event":"Embedded 580 records","logger":"unusual_prefix_0aab8e1abe4a8f324d874f9a30de87ad63865522_activefence"}
{"timestamp":"2025-07-15T03:55:00.798243","level":"info","event":"Count 580 records","logger":"unusual_prefix_0aab8e1abe4a8f324d874f9a30de87ad63865522_activefence"}
{"timestamp":"2025-07-15T03:55:00.955562","level":"error","event":"Failed to connect to ChromaDB: {\"detail\":\"Not Found\"}","logger":"unusual_prefix_0aab8e1abe4a8f324d874f9a30de87ad63865522_activefence"}
{"timestamp":"2025-07-15T03:55:00.956086","level":"error","event":"Task failed with exception","logger":"task","error_detail":[{"exc_type":"ValueError","exc_value":"{\"detail\":\"Not Found\"}","exc_notes":[],"syntax_error":null,"is_cause":false,"frames":[{"filename":"/home/airflow/.local/lib/python3.12/site-packages/airflow/sdk/execution_time/task_runner.py","lineno":867,"name":"run"},{"filename":"/home/airflow/.local/lib/python3.12/site-packages/airflow/sdk/execution_time/task_runner.py","lineno":1159,"name":"_execute_task"},{"filename":"/home/airflow/.local/lib/python3.12/site-packages/airflow/sdk/bases/operator.py","lineno":397,"name":"wrapper"},{"filename":"/home/airflow/.local/lib/python3.12/site-packages/airflow/providers/standard/operators/python.py","lineno":216,"name":"execute"},{"filename":"/home/airflow/.local/lib/python3.12/site-packages/airflow/providers/standard/operators/python.py","lineno":239,"name":"execute_callable"},{"filename":"/home/airflow/.local/lib/python3.12/site-packages/airflow/sdk/execution_time/callback_runner.py","lineno":81,"name":"run"},{"filename":"/opt/airflow/dags/activefence.py","lineno":334,"name":"embed_gold_data"},{"filename":"/home/airflow/.local/lib/python3.12/site-packages/chromadb/__init__.py","lineno":244,"name":"HttpClient"},{"filename":"/home/airflow/.local/lib/python3.12/site-packages/chromadb/api/client.py","lineno":72,"name":"__init__"},{"filename":"/home/airflow/.local/lib/python3.12/site-packages/chromadb/api/client.py","lineno":117,"name":"get_user_identity"}],"is_group":false,"exceptions":[]},{"exc_type":"Exception","exc_value":"{\"detail\":\"Not Found\"}","exc_notes":[],"syntax_error":null,"is_cause":false,"frames":[{"filename":"/home/airflow/.local/lib/python3.12/site-packages/chromadb/api/client.py","lineno":108,"name":"get_user_identity"},{"filename":"/home/airflow/.local/lib/python3.12/site-packages/chromadb/telemetry/opentelemetry/__init__.py","lineno":150,"name":"wrapper"},{"filename":"/home/airflow/.local/lib/python3.12/site-packages/chromadb/api/fastapi.py","lineno":202,"name":"get_user_identity"},{"filename":"/home/airflow/.local/lib/python3.12/site-packages/chromadb/api/fastapi.py","lineno":108,"name":"_make_request"},{"filename":"/home/airflow/.local/lib/python3.12/site-packages/chromadb/api/base_http_client.py","lineno":105,"name":"_raise_chroma_error"}],"is_group":false,"exceptions":[]},{"exc_type":"HTTPStatusError","exc_value":"Client error '404 Not Found' for url 'http://chroma:8000/api/v2/auth/identity'\nFor more information check: https://developer.mozilla.org/en-US/docs/Web/HTTP/Status/404","exc_notes":[],"syntax_error":null,"is_cause":false,"frames":[{"filename":"/home/airflow/.local/lib/python3.12/site-packages/chromadb/api/base_http_client.py","lineno":100,"name":"_raise_chroma_error"},{"filename":"/home/airflow/.local/lib/python3.12/site-packages/httpx/_models.py","lineno":761,"name":"raise_for_status"}],"is_group":false,"exceptions":[]}]}
{"timestamp":"2025-07-15T03:55:01.890052Z","level":"error","event":"\r[Stage 1:>                                                          (0 + 2) / 2]\r\r[Stage 3:>                                                         (0 + 2) / 50]\r\r[Stage 3:==>                                                       (2 + 2) / 50]\r\r[Stage 3:===>                                                      (3 + 3) / 50]\r\r[Stage 3:======>                                                   (6 + 2) / 50]\r\r[Stage 3:=========>                                                (8 + 2) / 50]\r\r[Stage 3:==========>                                               (9 + 2) / 50]\r\r[Stage 3:=============>                                           (12 + 2) / 50]\r\r[Stage 3:=================>                                       (15 + 2) / 50]\r\r[Stage 3:====================>                                    (18 + 2) / 50]\r\r[Stage 3:=========================>                               (22 + 2) / 50]\r\r[Stage 3:=============================>                           (26 + 2) / 50]\r\r[Stage 3:==================================>                      (30 + 2) / 50]\r\r[Stage 3:======================================>                  (34 + 2) / 50]\r\r[Stage 3:===========================================>             (38 + 2) / 50]\r\r[Stage 3:==================================================>      (44 + 2) / 50]\r\r[Stage 3:======================================================>  (48 + 2) / 50]\r\r                                                                                \r\r[Stage 5:>                                                         (0 + 2) / 50]\r\r[Stage 5:=========>                                                (8 + 2) / 50]\r\r[Stage 5:====================>                                    (18 + 2) / 50]\r\r[Stage 5:===========================>                             (24 + 2) / 50]\r\r[Stage 5:====================================>                    (32 + 2) / 50]\r\r[Stage 5:===============================================>         (42 + 2) / 50]\r\r                                                                                \r\r[Stage 9:>                                                          (0 + 1) / 1]\r\r                                                                                \r\r[Stage 11:===================================================>    (46 + 2) / 50]","chan":"stderr","logger":"task"}
