{"timestamp":"2025-07-13T10:54:06.778299","level":"info","event":"DAG bundles loaded: dags-folder","logger":"airflow.dag_processing.bundles.manager.DagBundlesManager"}
{"timestamp":"2025-07-13T10:54:06.778915","level":"info","event":"Filling up the DagBag from /opt/airflow/dags/main.py","logger":"airflow.models.dagbag.DagBag"}
{"timestamp":"2025-07-13T10:54:07.139832Z","level":"error","event":"/home/airflow/.local/lib/python3.12/site-packages/pyspark/bin/load-spark-env.sh: line 68: ps: command not found","chan":"stderr","logger":"task"}
{"timestamp":"2025-07-13T10:54:09.475357Z","level":"info","event":":: loading settings :: url = jar:file:/home/airflow/.local/lib/python3.12/site-packages/pyspark/jars/ivy-2.5.1.jar!/org/apache/ivy/core/settings/ivysettings.xml","chan":"stdout","logger":"task"}
{"timestamp":"2025-07-13T10:54:09.564401Z","level":"error","event":"Ivy Default Cache set to: /home/airflow/.ivy2/cache","chan":"stderr","logger":"task"}
{"timestamp":"2025-07-13T10:54:09.565141Z","level":"error","event":"The jars for the packages stored in: /home/airflow/.ivy2/jars","chan":"stderr","logger":"task"}
{"timestamp":"2025-07-13T10:54:09.569975Z","level":"error","event":"org.apache.hadoop#hadoop-aws added as a dependency","chan":"stderr","logger":"task"}
{"timestamp":"2025-07-13T10:54:09.570783Z","level":"error","event":"com.amazonaws#aws-java-sdk-bundle added as a dependency","chan":"stderr","logger":"task"}
{"timestamp":"2025-07-13T10:54:09.571205Z","level":"error","event":":: resolving dependencies :: org.apache.spark#spark-submit-parent-df12e390-5411-4c24-9791-ac4f88f013a4;1.0","chan":"stderr","logger":"task"}
{"timestamp":"2025-07-13T10:54:09.571540Z","level":"error","event":"\tconfs: [default]","chan":"stderr","logger":"task"}
{"timestamp":"2025-07-13T10:54:15.040030Z","level":"error","event":"\tfound org.apache.hadoop#hadoop-aws;3.4.0 in central","chan":"stderr","logger":"task"}
{"timestamp":"2025-07-13T10:54:19.294034Z","level":"error","event":"\tfound software.amazon.awssdk#bundle;2.23.19 in central","chan":"stderr","logger":"task"}
{"timestamp":"2025-07-13T10:54:21.328343Z","level":"error","event":"\tfound org.wildfly.openssl#wildfly-openssl;1.1.3.Final in central","chan":"stderr","logger":"task"}
{"timestamp":"2025-07-13T10:54:21.344424Z","level":"error","event":"\tfound com.amazonaws#aws-java-sdk-bundle;1.12.520 in central","chan":"stderr","logger":"task"}
{"timestamp":"2025-07-13T10:54:21.627549Z","level":"error","event":"downloading https://repo1.maven.org/maven2/org/apache/hadoop/hadoop-aws/3.4.0/hadoop-aws-3.4.0.jar ...","chan":"stderr","logger":"task"}
{"timestamp":"2025-07-13T10:54:23.631531Z","level":"error","event":"\t[SUCCESSFUL ] org.apache.hadoop#hadoop-aws;3.4.0!hadoop-aws.jar (2283ms)","chan":"stderr","logger":"task"}
{"timestamp":"2025-07-13T10:54:23.813776Z","level":"error","event":"downloading https://repo1.maven.org/maven2/software/amazon/awssdk/bundle/2.23.19/bundle-2.23.19.jar ...","chan":"stderr","logger":"task"}
{"timestamp":"2025-07-13T10:56:01.980147Z","level":"error","event":"\t[SUCCESSFUL ] software.amazon.awssdk#bundle;2.23.19!bundle.jar (98345ms)","chan":"stderr","logger":"task"}
{"timestamp":"2025-07-13T10:56:02.185279Z","level":"error","event":"downloading https://repo1.maven.org/maven2/org/wildfly/openssl/wildfly-openssl/1.1.3.Final/wildfly-openssl-1.1.3.Final.jar ...","chan":"stderr","logger":"task"}
{"timestamp":"2025-07-13T10:56:05.702526Z","level":"error","event":"\t[SUCCESSFUL ] org.wildfly.openssl#wildfly-openssl;1.1.3.Final!wildfly-openssl.jar (3721ms)","chan":"stderr","logger":"task"}
{"timestamp":"2025-07-13T10:56:05.715005Z","level":"error","event":":: resolution report :: resolve 11777ms :: artifacts dl 104355ms","chan":"stderr","logger":"task"}
{"timestamp":"2025-07-13T10:56:05.715520Z","level":"error","event":"\t:: modules in use:","chan":"stderr","logger":"task"}
{"timestamp":"2025-07-13T10:56:05.715784Z","level":"error","event":"\tcom.amazonaws#aws-java-sdk-bundle;1.12.520 from central in [default]","chan":"stderr","logger":"task"}
{"timestamp":"2025-07-13T10:56:05.716005Z","level":"error","event":"\torg.apache.hadoop#hadoop-aws;3.4.0 from central in [default]","chan":"stderr","logger":"task"}
{"timestamp":"2025-07-13T10:56:05.716296Z","level":"error","event":"\torg.wildfly.openssl#wildfly-openssl;1.1.3.Final from central in [default]","chan":"stderr","logger":"task"}
{"timestamp":"2025-07-13T10:56:05.716690Z","level":"error","event":"\tsoftware.amazon.awssdk#bundle;2.23.19 from central in [default]","chan":"stderr","logger":"task"}
{"timestamp":"2025-07-13T10:56:05.717025Z","level":"error","event":"\t---------------------------------------------------------------------","chan":"stderr","logger":"task"}
{"timestamp":"2025-07-13T10:56:05.717320Z","level":"error","event":"\t|                  |            modules            ||   artifacts   |","chan":"stderr","logger":"task"}
{"timestamp":"2025-07-13T10:56:05.717652Z","level":"error","event":"\t|       conf       | number| search|dwnlded|evicted|| number|dwnlded|","chan":"stderr","logger":"task"}
{"timestamp":"2025-07-13T10:56:05.718061Z","level":"error","event":"\t---------------------------------------------------------------------","chan":"stderr","logger":"task"}
{"timestamp":"2025-07-13T10:56:05.718479Z","level":"error","event":"\t|      default     |   4   |   3   |   3   |   0   ||   4   |   3   |","chan":"stderr","logger":"task"}
{"timestamp":"2025-07-13T10:56:05.719023Z","level":"error","event":"\t---------------------------------------------------------------------","chan":"stderr","logger":"task"}
{"timestamp":"2025-07-13T10:56:05.719464Z","level":"error","event":":: retrieving :: org.apache.spark#spark-submit-parent-df12e390-5411-4c24-9791-ac4f88f013a4","chan":"stderr","logger":"task"}
{"timestamp":"2025-07-13T10:56:05.719875Z","level":"error","event":"\tconfs: [default]","chan":"stderr","logger":"task"}
{"timestamp":"2025-07-13T10:56:06.355297Z","level":"error","event":"\t3 artifacts copied, 1 already retrieved (543702kB/646ms)","chan":"stderr","logger":"task"}
{"timestamp":"2025-07-13T10:56:06.566067Z","level":"error","event":"25/07/13 10:56:06 WARN NativeCodeLoader: Unable to load native-hadoop library for your platform... using builtin-java classes where applicable","chan":"stderr","logger":"task"}
{"timestamp":"2025-07-13T10:56:06.747626Z","level":"error","event":"Setting default log level to \"WARN\".","chan":"stderr","logger":"task"}
{"timestamp":"2025-07-13T10:56:06.748276Z","level":"error","event":"To adjust logging level use sc.setLogLevel(newLevel). For SparkR, use setLogLevel(newLevel).","chan":"stderr","logger":"task"}
{"timestamp":"2025-07-13T10:56:13.611004Z","level":"error","event":"25/07/13 10:56:13 WARN SparkSession: Cannot use io.delta.sql.DeltaSparkSessionExtension to configure session extensions.","chan":"stderr","logger":"task"}
{"timestamp":"2025-07-13T10:56:13.611874Z","level":"error","event":"java.lang.ClassNotFoundException: io.delta.sql.DeltaSparkSessionExtension","chan":"stderr","logger":"task"}
{"timestamp":"2025-07-13T10:56:13.612430Z","level":"error","event":"\tat java.base/java.net.URLClassLoader.findClass(URLClassLoader.java:445)","chan":"stderr","logger":"task"}
{"timestamp":"2025-07-13T10:56:13.612931Z","level":"error","event":"\tat java.base/java.lang.ClassLoader.loadClass(ClassLoader.java:592)","chan":"stderr","logger":"task"}
{"timestamp":"2025-07-13T10:56:13.613533Z","level":"error","event":"\tat java.base/java.lang.ClassLoader.loadClass(ClassLoader.java:525)","chan":"stderr","logger":"task"}
{"timestamp":"2025-07-13T10:56:13.614034Z","level":"error","event":"\tat java.base/java.lang.Class.forName0(Native Method)","chan":"stderr","logger":"task"}
{"timestamp":"2025-07-13T10:56:13.614536Z","level":"error","event":"\tat java.base/java.lang.Class.forName(Class.java:467)","chan":"stderr","logger":"task"}
{"timestamp":"2025-07-13T10:56:13.615025Z","level":"error","event":"\tat org.apache.spark.util.SparkClassUtils.classForName(SparkClassUtils.scala:41)","chan":"stderr","logger":"task"}
{"timestamp":"2025-07-13T10:56:13.615402Z","level":"error","event":"\tat org.apache.spark.util.SparkClassUtils.classForName$(SparkClassUtils.scala:36)","chan":"stderr","logger":"task"}
{"timestamp":"2025-07-13T10:56:13.615801Z","level":"error","event":"\tat org.apache.spark.util.Utils$.classForName(Utils.scala:94)","chan":"stderr","logger":"task"}
{"timestamp":"2025-07-13T10:56:13.616206Z","level":"error","event":"\tat org.apache.spark.sql.SparkSession$.$anonfun$applyExtensions$2(SparkSession.scala:1367)","chan":"stderr","logger":"task"}
{"timestamp":"2025-07-13T10:56:13.616585Z","level":"error","event":"\tat org.apache.spark.sql.SparkSession$.$anonfun$applyExtensions$2$adapted(SparkSession.scala:1365)","chan":"stderr","logger":"task"}
{"timestamp":"2025-07-13T10:56:13.616995Z","level":"error","event":"\tat scala.collection.mutable.ResizableArray.foreach(ResizableArray.scala:62)","chan":"stderr","logger":"task"}
{"timestamp":"2025-07-13T10:56:13.617366Z","level":"error","event":"\tat scala.collection.mutable.ResizableArray.foreach$(ResizableArray.scala:55)","chan":"stderr","logger":"task"}
{"timestamp":"2025-07-13T10:56:13.617759Z","level":"error","event":"\tat scala.collection.mutable.ArrayBuffer.foreach(ArrayBuffer.scala:49)","chan":"stderr","logger":"task"}
{"timestamp":"2025-07-13T10:56:13.618116Z","level":"error","event":"\tat org.apache.spark.sql.SparkSession$.org$apache$spark$sql$SparkSession$$applyExtensions(SparkSession.scala:1365)","chan":"stderr","logger":"task"}
{"timestamp":"2025-07-13T10:56:13.618548Z","level":"error","event":"\tat org.apache.spark.sql.SparkSession.<init>(SparkSession.scala:105)","chan":"stderr","logger":"task"}
{"timestamp":"2025-07-13T10:56:13.619205Z","level":"error","event":"\tat java.base/jdk.internal.reflect.NativeConstructorAccessorImpl.newInstance0(Native Method)","chan":"stderr","logger":"task"}
{"timestamp":"2025-07-13T10:56:13.619936Z","level":"error","event":"\tat java.base/jdk.internal.reflect.NativeConstructorAccessorImpl.newInstance(NativeConstructorAccessorImpl.java:77)","chan":"stderr","logger":"task"}
{"timestamp":"2025-07-13T10:56:13.620401Z","level":"error","event":"\tat java.base/jdk.internal.reflect.DelegatingConstructorAccessorImpl.newInstance(DelegatingConstructorAccessorImpl.java:45)","chan":"stderr","logger":"task"}
{"timestamp":"2025-07-13T10:56:13.620775Z","level":"error","event":"\tat java.base/java.lang.reflect.Constructor.newInstanceWithCaller(Constructor.java:500)","chan":"stderr","logger":"task"}
{"timestamp":"2025-07-13T10:56:13.621141Z","level":"error","event":"\tat java.base/java.lang.reflect.Constructor.newInstance(Constructor.java:481)","chan":"stderr","logger":"task"}
{"timestamp":"2025-07-13T10:56:13.621513Z","level":"error","event":"\tat py4j.reflection.MethodInvoker.invoke(MethodInvoker.java:247)","chan":"stderr","logger":"task"}
{"timestamp":"2025-07-13T10:56:13.621817Z","level":"error","event":"\tat py4j.reflection.ReflectionEngine.invoke(ReflectionEngine.java:374)","chan":"stderr","logger":"task"}
{"timestamp":"2025-07-13T10:56:13.622193Z","level":"error","event":"\tat py4j.Gateway.invoke(Gateway.java:238)","chan":"stderr","logger":"task"}
{"timestamp":"2025-07-13T10:56:13.622673Z","level":"error","event":"\tat py4j.commands.ConstructorCommand.invokeConstructor(ConstructorCommand.java:80)","chan":"stderr","logger":"task"}
{"timestamp":"2025-07-13T10:56:13.623018Z","level":"error","event":"\tat py4j.commands.ConstructorCommand.execute(ConstructorCommand.java:69)","chan":"stderr","logger":"task"}
{"timestamp":"2025-07-13T10:56:13.623350Z","level":"error","event":"\tat py4j.ClientServerConnection.waitForCommands(ClientServerConnection.java:182)","chan":"stderr","logger":"task"}
{"timestamp":"2025-07-13T10:56:13.623683Z","level":"error","event":"\tat py4j.ClientServerConnection.run(ClientServerConnection.java:106)","chan":"stderr","logger":"task"}
{"timestamp":"2025-07-13T10:56:13.624089Z","level":"error","event":"\tat java.base/java.lang.Thread.run(Thread.java:840)","chan":"stderr","logger":"task"}
{"timestamp":"2025-07-13T10:56:14.530885","level":"error","event":"Bronze processing failed: An error occurred while calling o49.load.\n: java.lang.NoClassDefFoundError: org/apache/hadoop/fs/impl/prefetch/PrefetchingStatistics\n\tat java.base/java.lang.ClassLoader.defineClass1(Native Method)\n\tat java.base/java.lang.ClassLoader.defineClass(ClassLoader.java:1017)\n\tat java.base/java.security.SecureClassLoader.defineClass(SecureClassLoader.java:150)\n\tat java.base/java.net.URLClassLoader.defineClass(URLClassLoader.java:524)\n\tat java.base/java.net.URLClassLoader$1.run(URLClassLoader.java:427)\n\tat java.base/java.net.URLClassLoader$1.run(URLClassLoader.java:421)\n\tat java.base/java.security.AccessController.doPrivileged(AccessController.java:712)\n\tat java.base/java.net.URLClassLoader.findClass(URLClassLoader.java:420)\n\tat java.base/java.lang.ClassLoader.loadClass(ClassLoader.java:592)\n\tat java.base/java.lang.ClassLoader.loadClass(ClassLoader.java:525)\n\tat org.apache.hadoop.fs.s3a.S3AFileSystem.initialize(S3AFileSystem.java:586)\n\tat org.apache.hadoop.fs.FileSystem.createFileSystem(FileSystem.java:3469)\n\tat org.apache.hadoop.fs.FileSystem.access$300(FileSystem.java:174)\n\tat org.apache.hadoop.fs.FileSystem$Cache.getInternal(FileSystem.java:3574)\n\tat org.apache.hadoop.fs.FileSystem$Cache.get(FileSystem.java:3521)\n\tat org.apache.hadoop.fs.FileSystem.get(FileSystem.java:540)\n\tat org.apache.hadoop.fs.Path.getFileSystem(Path.java:365)\n\tat org.apache.spark.sql.execution.streaming.FileStreamSink$.hasMetadata(FileStreamSink.scala:53)\n\tat org.apache.spark.sql.execution.datasources.DataSource.resolveRelation(DataSource.scala:366)\n\tat org.apache.spark.sql.DataFrameReader.loadV1Source(DataFrameReader.scala:229)\n\tat org.apache.spark.sql.DataFrameReader.$anonfun$load$2(DataFrameReader.scala:211)\n\tat scala.Option.getOrElse(Option.scala:189)\n\tat org.apache.spark.sql.DataFrameReader.load(DataFrameReader.scala:211)\n\tat org.apache.spark.sql.DataFrameReader.load(DataFrameReader.scala:186)\n\tat java.base/jdk.internal.reflect.NativeMethodAccessorImpl.invoke0(Native Method)\n\tat java.base/jdk.internal.reflect.NativeMethodAccessorImpl.invoke(NativeMethodAccessorImpl.java:77)\n\tat java.base/jdk.internal.reflect.DelegatingMethodAccessorImpl.invoke(DelegatingMethodAccessorImpl.java:43)\n\tat java.base/java.lang.reflect.Method.invoke(Method.java:569)\n\tat py4j.reflection.MethodInvoker.invoke(MethodInvoker.java:244)\n\tat py4j.reflection.ReflectionEngine.invoke(ReflectionEngine.java:374)\n\tat py4j.Gateway.invoke(Gateway.java:282)\n\tat py4j.commands.AbstractCommand.invokeMethod(AbstractCommand.java:132)\n\tat py4j.commands.CallCommand.execute(CallCommand.java:79)\n\tat py4j.ClientServerConnection.waitForCommands(ClientServerConnection.java:182)\n\tat py4j.ClientServerConnection.run(ClientServerConnection.java:106)\n\tat java.base/java.lang.Thread.run(Thread.java:840)\nCaused by: java.lang.ClassNotFoundException: org.apache.hadoop.fs.impl.prefetch.PrefetchingStatistics\n\tat java.base/java.net.URLClassLoader.findClass(URLClassLoader.java:445)\n\tat java.base/java.lang.ClassLoader.loadClass(ClassLoader.java:592)\n\tat java.base/java.lang.ClassLoader.loadClass(ClassLoader.java:525)\n\t... 36 more\n","logger":"unusual_prefix_8f3fa82684731fec338e7a38d6fbf711ac450beb_main"}
{"timestamp":"2025-07-13T10:56:14.942882","level":"error","event":"Task failed with exception","logger":"task","error_detail":[{"exc_type":"Py4JJavaError","exc_value":"An error occurred while calling o49.load.\n: java.lang.NoClassDefFoundError: org/apache/hadoop/fs/impl/prefetch/PrefetchingStatistics\n\tat java.base/java.lang.ClassLoader.defineClass1(Native Method)\n\tat java.base/java.lang.ClassLoader.defineClass(ClassLoader.java:1017)\n\tat java.base/java.security.SecureClassLoader.defineClass(SecureClassLoader.java:150)\n\tat java.base/java.net.URLClassLoader.defineClass(URLClassLoader.java:524)\n\tat java.base/java.net.URLClassLoader$1.run(URLClassLoader.java:427)\n\tat java.base/java.net.URLClassLoader$1.run(URLClassLoader.java:421)\n\tat java.base/java.security.AccessController.doPrivileged(AccessController.java:712)\n\tat java.base/java.net.URLClassLoader.findClass(URLClassLoader.java:420)\n\tat java.base/java.lang.ClassLoader.loadClass(ClassLoader.java:592)\n\tat java.base/java.lang.ClassLoader.loadClass(ClassLoader.java:525)\n\tat org.apache.hadoop.fs.s3a.S3AFileSystem.initialize(S3AFileSystem.java:586)\n\tat org.apache.hadoop.fs.FileSystem.createFileSystem(FileSystem.java:3469)\n\tat org.apache.hadoop.fs.FileSystem.access$300(FileSystem.java:174)\n\tat org.apache.hadoop.fs.FileSystem$Cache.getInternal(FileSystem.java:3574)\n\tat org.apache.hadoop.fs.FileSystem$Cache.get(FileSystem.java:3521)\n\tat org.apache.hadoop.fs.FileSystem.get(FileSystem.java:540)\n\tat org.apache.hadoop.fs.Path.getFileSystem(Path.java:365)\n\tat org.apache.spark.sql.execution.streaming.FileStreamSink$.hasMetadata(FileStreamSink.scala:53)\n\tat org.apache.spark.sql.execution.datasources.DataSource.resolveRelation(DataSource.scala:366)\n\tat org.apache.spark.sql.DataFrameReader.loadV1Source(DataFrameReader.scala:229)\n\tat org.apache.spark.sql.DataFrameReader.$anonfun$load$2(DataFrameReader.scala:211)\n\tat scala.Option.getOrElse(Option.scala:189)\n\tat org.apache.spark.sql.DataFrameReader.load(DataFrameReader.scala:211)\n\tat org.apache.spark.sql.DataFrameReader.load(DataFrameReader.scala:186)\n\tat java.base/jdk.internal.reflect.NativeMethodAccessorImpl.invoke0(Native Method)\n\tat java.base/jdk.internal.reflect.NativeMethodAccessorImpl.invoke(NativeMethodAccessorImpl.java:77)\n\tat java.base/jdk.internal.reflect.DelegatingMethodAccessorImpl.invoke(DelegatingMethodAccessorImpl.java:43)\n\tat java.base/java.lang.reflect.Method.invoke(Method.java:569)\n\tat py4j.reflection.MethodInvoker.invoke(MethodInvoker.java:244)\n\tat py4j.reflection.ReflectionEngine.invoke(ReflectionEngine.java:374)\n\tat py4j.Gateway.invoke(Gateway.java:282)\n\tat py4j.commands.AbstractCommand.invokeMethod(AbstractCommand.java:132)\n\tat py4j.commands.CallCommand.execute(CallCommand.java:79)\n\tat py4j.ClientServerConnection.waitForCommands(ClientServerConnection.java:182)\n\tat py4j.ClientServerConnection.run(ClientServerConnection.java:106)\n\tat java.base/java.lang.Thread.run(Thread.java:840)\nCaused by: java.lang.ClassNotFoundException: org.apache.hadoop.fs.impl.prefetch.PrefetchingStatistics\n\tat java.base/java.net.URLClassLoader.findClass(URLClassLoader.java:445)\n\tat java.base/java.lang.ClassLoader.loadClass(ClassLoader.java:592)\n\tat java.base/java.lang.ClassLoader.loadClass(ClassLoader.java:525)\n\t... 36 more\n","exc_notes":[],"syntax_error":null,"is_cause":false,"frames":[{"filename":"/home/airflow/.local/lib/python3.12/site-packages/airflow/sdk/execution_time/task_runner.py","lineno":867,"name":"run"},{"filename":"/home/airflow/.local/lib/python3.12/site-packages/airflow/sdk/execution_time/task_runner.py","lineno":1159,"name":"_execute_task"},{"filename":"/home/airflow/.local/lib/python3.12/site-packages/airflow/sdk/bases/operator.py","lineno":397,"name":"wrapper"},{"filename":"/home/airflow/.local/lib/python3.12/site-packages/airflow/providers/standard/operators/python.py","lineno":216,"name":"execute"},{"filename":"/home/airflow/.local/lib/python3.12/site-packages/airflow/providers/standard/operators/python.py","lineno":239,"name":"execute_callable"},{"filename":"/home/airflow/.local/lib/python3.12/site-packages/airflow/sdk/execution_time/callback_runner.py","lineno":81,"name":"run"},{"filename":"/opt/airflow/dags/main.py","lineno":136,"name":"process_bronze"},{"filename":"/home/airflow/.local/lib/python3.12/site-packages/pyspark/sql/readwriter.py","lineno":307,"name":"load"},{"filename":"/home/airflow/.local/lib/python3.12/site-packages/py4j/java_gateway.py","lineno":1322,"name":"__call__"},{"filename":"/home/airflow/.local/lib/python3.12/site-packages/pyspark/errors/exceptions/captured.py","lineno":179,"name":"deco"},{"filename":"/home/airflow/.local/lib/python3.12/site-packages/py4j/protocol.py","lineno":326,"name":"get_return_value"}],"is_group":false,"exceptions":[]}]}
