{"timestamp":"2025-07-13T10:51:55.951290","level":"info","event":"DAG bundles loaded: dags-folder","logger":"airflow.dag_processing.bundles.manager.DagBundlesManager"}
{"timestamp":"2025-07-13T10:51:55.952543","level":"info","event":"Filling up the DagBag from /opt/airflow/dags/bronze.py","logger":"airflow.models.dagbag.DagBag"}
{"timestamp":"2025-07-13T10:51:56.061178","level":"info","event":"Connection Retrieved 'spark_submit_default'","logger":"airflow.hooks.base"}
{"timestamp":"2025-07-13T10:51:56.063782","level":"info","event":"Spark-Submit cmd: spark-submit --master spark://spark-master:7077 --conf spark.submit.deployMode=client --conf spark.hadoop.fs.s3a.endpoint=http://minio:9000 --conf spark.hadoop.fs.s3a.access.key=ZPnglo5gVhmWx1iC0FdY --conf spark.hadoop.fs.s3a.secret.key=****** --conf spark.hadoop.fs.s3a.path.style.access=true --conf spark.hadoop.fs.s3a.impl=org.apache.hadoop.fs.s3a.S3AFileSystem --conf spark.hadoop.fs.s3a.connection.ssl.enabled=false --conf spark.executor.memory=2g --conf spark.driver.memory=1g --conf spark.executor.cores=2 --packages org.apache.hadoop:hadoop-aws:3.3.4,com.amazonaws:aws-java-sdk-bundle:1.12.520,org.apache.spark:spark-avro_2.12:3.5.0,io.delta:delta-core_2.12:2.4.0 --executor-cores 2 --executor-memory 2g --driver-memory 1g --name minio_processing_job --verbose --deploy-mode client /opt/spark-jobs/spark_job.py","logger":"airflow.task.hooks.airflow.providers.apache.spark.hooks.spark_submit.SparkSubmitHook"}
{"timestamp":"2025-07-13T10:51:56.138676","level":"info","event":"/home/airflow/.local/lib/python3.12/site-packages/pyspark/bin/load-spark-env.sh: line 68: ps: command not found","logger":"airflow.task.hooks.airflow.providers.apache.spark.hooks.spark_submit.SparkSubmitHook"}
{"timestamp":"2025-07-13T10:51:58.363193","level":"info","event":"Using properties file: null","logger":"airflow.task.hooks.airflow.providers.apache.spark.hooks.spark_submit.SparkSubmitHook"}
{"timestamp":"2025-07-13T10:51:58.504476","level":"info","event":"Parsed arguments:","logger":"airflow.task.hooks.airflow.providers.apache.spark.hooks.spark_submit.SparkSubmitHook"}
{"timestamp":"2025-07-13T10:51:58.504695","level":"info","event":"master                  spark://spark-master:7077","logger":"airflow.task.hooks.airflow.providers.apache.spark.hooks.spark_submit.SparkSubmitHook"}
{"timestamp":"2025-07-13T10:51:58.504785","level":"info","event":"remote                  null","logger":"airflow.task.hooks.airflow.providers.apache.spark.hooks.spark_submit.SparkSubmitHook"}
{"timestamp":"2025-07-13T10:51:58.504853","level":"info","event":"deployMode              client","logger":"airflow.task.hooks.airflow.providers.apache.spark.hooks.spark_submit.SparkSubmitHook"}
{"timestamp":"2025-07-13T10:51:58.504913","level":"info","event":"executorMemory          2g","logger":"airflow.task.hooks.airflow.providers.apache.spark.hooks.spark_submit.SparkSubmitHook"}
{"timestamp":"2025-07-13T10:51:58.504966","level":"info","event":"executorCores           2","logger":"airflow.task.hooks.airflow.providers.apache.spark.hooks.spark_submit.SparkSubmitHook"}
{"timestamp":"2025-07-13T10:51:58.505015","level":"info","event":"totalExecutorCores      null","logger":"airflow.task.hooks.airflow.providers.apache.spark.hooks.spark_submit.SparkSubmitHook"}
{"timestamp":"2025-07-13T10:51:58.505064","level":"info","event":"propertiesFile          null","logger":"airflow.task.hooks.airflow.providers.apache.spark.hooks.spark_submit.SparkSubmitHook"}
{"timestamp":"2025-07-13T10:51:58.505111","level":"info","event":"driverMemory            1g","logger":"airflow.task.hooks.airflow.providers.apache.spark.hooks.spark_submit.SparkSubmitHook"}
{"timestamp":"2025-07-13T10:51:58.505160","level":"info","event":"driverCores             null","logger":"airflow.task.hooks.airflow.providers.apache.spark.hooks.spark_submit.SparkSubmitHook"}
{"timestamp":"2025-07-13T10:51:58.505207","level":"info","event":"driverExtraClassPath    null","logger":"airflow.task.hooks.airflow.providers.apache.spark.hooks.spark_submit.SparkSubmitHook"}
{"timestamp":"2025-07-13T10:51:58.505257","level":"info","event":"driverExtraLibraryPath  null","logger":"airflow.task.hooks.airflow.providers.apache.spark.hooks.spark_submit.SparkSubmitHook"}
{"timestamp":"2025-07-13T10:51:58.505305","level":"info","event":"driverExtraJavaOptions  null","logger":"airflow.task.hooks.airflow.providers.apache.spark.hooks.spark_submit.SparkSubmitHook"}
{"timestamp":"2025-07-13T10:51:58.505351","level":"info","event":"supervise               false","logger":"airflow.task.hooks.airflow.providers.apache.spark.hooks.spark_submit.SparkSubmitHook"}
{"timestamp":"2025-07-13T10:51:58.505398","level":"info","event":"queue                   null","logger":"airflow.task.hooks.airflow.providers.apache.spark.hooks.spark_submit.SparkSubmitHook"}
{"timestamp":"2025-07-13T10:51:58.505442","level":"info","event":"numExecutors            null","logger":"airflow.task.hooks.airflow.providers.apache.spark.hooks.spark_submit.SparkSubmitHook"}
{"timestamp":"2025-07-13T10:51:58.505486","level":"info","event":"files                   null","logger":"airflow.task.hooks.airflow.providers.apache.spark.hooks.spark_submit.SparkSubmitHook"}
{"timestamp":"2025-07-13T10:51:58.505529","level":"info","event":"pyFiles                 null","logger":"airflow.task.hooks.airflow.providers.apache.spark.hooks.spark_submit.SparkSubmitHook"}
{"timestamp":"2025-07-13T10:51:58.505574","level":"info","event":"archives                null","logger":"airflow.task.hooks.airflow.providers.apache.spark.hooks.spark_submit.SparkSubmitHook"}
{"timestamp":"2025-07-13T10:51:58.505646","level":"info","event":"mainClass               null","logger":"airflow.task.hooks.airflow.providers.apache.spark.hooks.spark_submit.SparkSubmitHook"}
{"timestamp":"2025-07-13T10:51:58.505704","level":"info","event":"primaryResource         file:/opt/spark-jobs/spark_job.py","logger":"airflow.task.hooks.airflow.providers.apache.spark.hooks.spark_submit.SparkSubmitHook"}
{"timestamp":"2025-07-13T10:51:58.505754","level":"info","event":"name                    minio_processing_job","logger":"airflow.task.hooks.airflow.providers.apache.spark.hooks.spark_submit.SparkSubmitHook"}
{"timestamp":"2025-07-13T10:51:58.505800","level":"info","event":"childArgs               []","logger":"airflow.task.hooks.airflow.providers.apache.spark.hooks.spark_submit.SparkSubmitHook"}
{"timestamp":"2025-07-13T10:51:58.505846","level":"info","event":"jars                    null","logger":"airflow.task.hooks.airflow.providers.apache.spark.hooks.spark_submit.SparkSubmitHook"}
{"timestamp":"2025-07-13T10:51:58.505892","level":"info","event":"packages                org.apache.hadoop:hadoop-aws:3.3.4,com.amazonaws:aws-java-sdk-bundle:1.12.520,org.apache.spark:spark-avro_2.12:3.5.0,io.delta:delta-core_2.12:2.4.0","logger":"airflow.task.hooks.airflow.providers.apache.spark.hooks.spark_submit.SparkSubmitHook"}
{"timestamp":"2025-07-13T10:51:58.505940","level":"info","event":"packagesExclusions      null","logger":"airflow.task.hooks.airflow.providers.apache.spark.hooks.spark_submit.SparkSubmitHook"}
{"timestamp":"2025-07-13T10:51:58.506031","level":"info","event":"repositories            null","logger":"airflow.task.hooks.airflow.providers.apache.spark.hooks.spark_submit.SparkSubmitHook"}
{"timestamp":"2025-07-13T10:51:58.506096","level":"info","event":"verbose                 true","logger":"airflow.task.hooks.airflow.providers.apache.spark.hooks.spark_submit.SparkSubmitHook"}
{"timestamp":"2025-07-13T10:51:58.506159","level":"info","event":"","logger":"airflow.task.hooks.airflow.providers.apache.spark.hooks.spark_submit.SparkSubmitHook"}
{"timestamp":"2025-07-13T10:51:58.506222","level":"info","event":"Spark properties used, including those specified through","logger":"airflow.task.hooks.airflow.providers.apache.spark.hooks.spark_submit.SparkSubmitHook"}
{"timestamp":"2025-07-13T10:51:58.506277","level":"info","event":"--conf and those from the properties file null:","logger":"airflow.task.hooks.airflow.providers.apache.spark.hooks.spark_submit.SparkSubmitHook"}
{"timestamp":"2025-07-13T10:51:58.506495","level":"info","event":"(spark.driver.memory,1g)","logger":"airflow.task.hooks.airflow.providers.apache.spark.hooks.spark_submit.SparkSubmitHook"}
{"timestamp":"2025-07-13T10:51:58.506575","level":"info","event":"(spark.executor.cores,2)","logger":"airflow.task.hooks.airflow.providers.apache.spark.hooks.spark_submit.SparkSubmitHook"}
{"timestamp":"2025-07-13T10:51:58.506634","level":"info","event":"(spark.executor.memory,2g)","logger":"airflow.task.hooks.airflow.providers.apache.spark.hooks.spark_submit.SparkSubmitHook"}
{"timestamp":"2025-07-13T10:51:58.506711","level":"info","event":"(spark.hadoop.fs.s3a.access.key,*********(redacted))","logger":"airflow.task.hooks.airflow.providers.apache.spark.hooks.spark_submit.SparkSubmitHook"}
{"timestamp":"2025-07-13T10:51:58.506884","level":"info","event":"(spark.hadoop.fs.s3a.connection.ssl.enabled,false)","logger":"airflow.task.hooks.airflow.providers.apache.spark.hooks.spark_submit.SparkSubmitHook"}
{"timestamp":"2025-07-13T10:51:58.506959","level":"info","event":"(spark.hadoop.fs.s3a.endpoint,http://minio:9000)","logger":"airflow.task.hooks.airflow.providers.apache.spark.hooks.spark_submit.SparkSubmitHook"}
{"timestamp":"2025-07-13T10:51:58.507101","level":"info","event":"(spark.hadoop.fs.s3a.impl,org.apache.hadoop.fs.s3a.S3AFileSystem)","logger":"airflow.task.hooks.airflow.providers.apache.spark.hooks.spark_submit.SparkSubmitHook"}
{"timestamp":"2025-07-13T10:51:58.507275","level":"info","event":"(spark.hadoop.fs.s3a.path.style.access,true)","logger":"airflow.task.hooks.airflow.providers.apache.spark.hooks.spark_submit.SparkSubmitHook"}
{"timestamp":"2025-07-13T10:51:58.507353","level":"info","event":"(spark.hadoop.fs.s3a.secret.key,*********(redacted))","logger":"airflow.task.hooks.airflow.providers.apache.spark.hooks.spark_submit.SparkSubmitHook"}
{"timestamp":"2025-07-13T10:51:58.507466","level":"info","event":"(spark.submit.deployMode,client)","logger":"airflow.task.hooks.airflow.providers.apache.spark.hooks.spark_submit.SparkSubmitHook"}
{"timestamp":"2025-07-13T10:51:58.507844","level":"info","event":"","logger":"airflow.task.hooks.airflow.providers.apache.spark.hooks.spark_submit.SparkSubmitHook"}
{"timestamp":"2025-07-13T10:51:58.507983","level":"info","event":"","logger":"airflow.task.hooks.airflow.providers.apache.spark.hooks.spark_submit.SparkSubmitHook"}
{"timestamp":"2025-07-13T10:51:58.681113","level":"info","event":":: loading settings :: url = jar:file:/home/airflow/.local/lib/python3.12/site-packages/pyspark/jars/ivy-2.5.1.jar!/org/apache/ivy/core/settings/ivysettings.xml","logger":"airflow.task.hooks.airflow.providers.apache.spark.hooks.spark_submit.SparkSubmitHook"}
{"timestamp":"2025-07-13T10:51:58.780752","level":"info","event":"Ivy Default Cache set to: /home/airflow/.ivy2/cache","logger":"airflow.task.hooks.airflow.providers.apache.spark.hooks.spark_submit.SparkSubmitHook"}
{"timestamp":"2025-07-13T10:51:58.781010","level":"info","event":"The jars for the packages stored in: /home/airflow/.ivy2/jars","logger":"airflow.task.hooks.airflow.providers.apache.spark.hooks.spark_submit.SparkSubmitHook"}
{"timestamp":"2025-07-13T10:51:58.785606","level":"info","event":"org.apache.hadoop#hadoop-aws added as a dependency","logger":"airflow.task.hooks.airflow.providers.apache.spark.hooks.spark_submit.SparkSubmitHook"}
{"timestamp":"2025-07-13T10:51:58.785845","level":"info","event":"com.amazonaws#aws-java-sdk-bundle added as a dependency","logger":"airflow.task.hooks.airflow.providers.apache.spark.hooks.spark_submit.SparkSubmitHook"}
{"timestamp":"2025-07-13T10:51:58.785912","level":"info","event":"org.apache.spark#spark-avro_2.12 added as a dependency","logger":"airflow.task.hooks.airflow.providers.apache.spark.hooks.spark_submit.SparkSubmitHook"}
{"timestamp":"2025-07-13T10:51:58.785959","level":"info","event":"io.delta#delta-core_2.12 added as a dependency","logger":"airflow.task.hooks.airflow.providers.apache.spark.hooks.spark_submit.SparkSubmitHook"}
{"timestamp":"2025-07-13T10:51:58.786983","level":"info","event":":: resolving dependencies :: org.apache.spark#spark-submit-parent-93827d4b-322d-4bac-bfab-ec10e80d0c4a;1.0","logger":"airflow.task.hooks.airflow.providers.apache.spark.hooks.spark_submit.SparkSubmitHook"}
{"timestamp":"2025-07-13T10:51:58.787041","level":"info","event":"confs: [default]","logger":"airflow.task.hooks.airflow.providers.apache.spark.hooks.spark_submit.SparkSubmitHook"}
{"timestamp":"2025-07-13T10:52:02.660258","level":"info","event":"found org.apache.hadoop#hadoop-aws;3.3.4 in central","logger":"airflow.task.hooks.airflow.providers.apache.spark.hooks.spark_submit.SparkSubmitHook"}
{"timestamp":"2025-07-13T10:52:05.581590","level":"info","event":"found org.wildfly.openssl#wildfly-openssl;1.0.7.Final in central","logger":"airflow.task.hooks.airflow.providers.apache.spark.hooks.spark_submit.SparkSubmitHook"}
{"timestamp":"2025-07-13T10:52:07.495965","level":"info","event":"found com.amazonaws#aws-java-sdk-bundle;1.12.520 in central","logger":"airflow.task.hooks.airflow.providers.apache.spark.hooks.spark_submit.SparkSubmitHook"}
{"timestamp":"2025-07-13T10:52:10.286354","level":"info","event":"found org.apache.spark#spark-avro_2.12;3.5.0 in central","logger":"airflow.task.hooks.airflow.providers.apache.spark.hooks.spark_submit.SparkSubmitHook"}
{"timestamp":"2025-07-13T10:52:10.766205","level":"info","event":"found org.tukaani#xz;1.9 in central","logger":"airflow.task.hooks.airflow.providers.apache.spark.hooks.spark_submit.SparkSubmitHook"}
{"timestamp":"2025-07-13T10:52:11.184237","level":"info","event":"found io.delta#delta-core_2.12;2.4.0 in central","logger":"airflow.task.hooks.airflow.providers.apache.spark.hooks.spark_submit.SparkSubmitHook"}
{"timestamp":"2025-07-13T10:52:11.692913","level":"info","event":"found io.delta#delta-storage;2.4.0 in central","logger":"airflow.task.hooks.airflow.providers.apache.spark.hooks.spark_submit.SparkSubmitHook"}
{"timestamp":"2025-07-13T10:52:15.066036","level":"info","event":"found org.antlr#antlr4-runtime;4.9.3 in central","logger":"airflow.task.hooks.airflow.providers.apache.spark.hooks.spark_submit.SparkSubmitHook"}
{"timestamp":"2025-07-13T10:52:15.264631","level":"info","event":"downloading https://repo1.maven.org/maven2/org/apache/hadoop/hadoop-aws/3.3.4/hadoop-aws-3.3.4.jar ...","logger":"airflow.task.hooks.airflow.providers.apache.spark.hooks.spark_submit.SparkSubmitHook"}
{"timestamp":"2025-07-13T10:52:16.438119","level":"info","event":"[SUCCESSFUL ] org.apache.hadoop#hadoop-aws;3.3.4!hadoop-aws.jar (1363ms)","logger":"airflow.task.hooks.airflow.providers.apache.spark.hooks.spark_submit.SparkSubmitHook"}
{"timestamp":"2025-07-13T10:52:16.698026","level":"info","event":"downloading https://repo1.maven.org/maven2/com/amazonaws/aws-java-sdk-bundle/1.12.520/aws-java-sdk-bundle-1.12.520.jar ...","logger":"airflow.task.hooks.airflow.providers.apache.spark.hooks.spark_submit.SparkSubmitHook"}
{"timestamp":"2025-07-13T10:53:15.824232","level":"info","event":"[SUCCESSFUL ] com.amazonaws#aws-java-sdk-bundle;1.12.520!aws-java-sdk-bundle.jar (59384ms)","logger":"airflow.task.hooks.airflow.providers.apache.spark.hooks.spark_submit.SparkSubmitHook"}
{"timestamp":"2025-07-13T10:53:16.089926","level":"info","event":"downloading https://repo1.maven.org/maven2/org/apache/spark/spark-avro_2.12/3.5.0/spark-avro_2.12-3.5.0.jar ...","logger":"airflow.task.hooks.airflow.providers.apache.spark.hooks.spark_submit.SparkSubmitHook"}
{"timestamp":"2025-07-13T10:53:16.332843","level":"info","event":"[SUCCESSFUL ] org.apache.spark#spark-avro_2.12;3.5.0!spark-avro_2.12.jar (506ms)","logger":"airflow.task.hooks.airflow.providers.apache.spark.hooks.spark_submit.SparkSubmitHook"}
{"timestamp":"2025-07-13T10:53:16.599902","level":"info","event":"downloading https://repo1.maven.org/maven2/io/delta/delta-core_2.12/2.4.0/delta-core_2.12-2.4.0.jar ...","logger":"airflow.task.hooks.airflow.providers.apache.spark.hooks.spark_submit.SparkSubmitHook"}
{"timestamp":"2025-07-13T10:53:17.049186","level":"info","event":"[SUCCESSFUL ] io.delta#delta-core_2.12;2.4.0!delta-core_2.12.jar (711ms)","logger":"airflow.task.hooks.airflow.providers.apache.spark.hooks.spark_submit.SparkSubmitHook"}
{"timestamp":"2025-07-13T10:53:17.319107","level":"info","event":"downloading https://repo1.maven.org/maven2/org/wildfly/openssl/wildfly-openssl/1.0.7.Final/wildfly-openssl-1.0.7.Final.jar ...","logger":"airflow.task.hooks.airflow.providers.apache.spark.hooks.spark_submit.SparkSubmitHook"}
{"timestamp":"2025-07-13T10:53:17.534729","level":"info","event":"[SUCCESSFUL ] org.wildfly.openssl#wildfly-openssl;1.0.7.Final!wildfly-openssl.jar (485ms)","logger":"airflow.task.hooks.airflow.providers.apache.spark.hooks.spark_submit.SparkSubmitHook"}
{"timestamp":"2025-07-13T10:53:17.727598","level":"info","event":"downloading https://repo1.maven.org/maven2/org/tukaani/xz/1.9/xz-1.9.jar ...","logger":"airflow.task.hooks.airflow.providers.apache.spark.hooks.spark_submit.SparkSubmitHook"}
{"timestamp":"2025-07-13T10:53:19.880167","level":"info","event":"[SUCCESSFUL ] org.tukaani#xz;1.9!xz.jar (2344ms)","logger":"airflow.task.hooks.airflow.providers.apache.spark.hooks.spark_submit.SparkSubmitHook"}
{"timestamp":"2025-07-13T10:53:20.064592","level":"info","event":"downloading https://repo1.maven.org/maven2/io/delta/delta-storage/2.4.0/delta-storage-2.4.0.jar ...","logger":"airflow.task.hooks.airflow.providers.apache.spark.hooks.spark_submit.SparkSubmitHook"}
{"timestamp":"2025-07-13T10:53:20.290575","level":"info","event":"[SUCCESSFUL ] io.delta#delta-storage;2.4.0!delta-storage.jar (409ms)","logger":"airflow.task.hooks.airflow.providers.apache.spark.hooks.spark_submit.SparkSubmitHook"}
{"timestamp":"2025-07-13T10:53:20.493801","level":"info","event":"downloading https://repo1.maven.org/maven2/org/antlr/antlr4-runtime/4.9.3/antlr4-runtime-4.9.3.jar ...","logger":"airflow.task.hooks.airflow.providers.apache.spark.hooks.spark_submit.SparkSubmitHook"}
{"timestamp":"2025-07-13T10:53:20.717224","level":"info","event":"[SUCCESSFUL ] org.antlr#antlr4-runtime;4.9.3!antlr4-runtime.jar (424ms)","logger":"airflow.task.hooks.airflow.providers.apache.spark.hooks.spark_submit.SparkSubmitHook"}
{"timestamp":"2025-07-13T10:53:20.717645","level":"info","event":":: resolution report :: resolve 16287ms :: artifacts dl 65644ms","logger":"airflow.task.hooks.airflow.providers.apache.spark.hooks.spark_submit.SparkSubmitHook"}
{"timestamp":"2025-07-13T10:53:20.717767","level":"info","event":":: modules in use:","logger":"airflow.task.hooks.airflow.providers.apache.spark.hooks.spark_submit.SparkSubmitHook"}
{"timestamp":"2025-07-13T10:53:20.717820","level":"info","event":"com.amazonaws#aws-java-sdk-bundle;1.12.520 from central in [default]","logger":"airflow.task.hooks.airflow.providers.apache.spark.hooks.spark_submit.SparkSubmitHook"}
{"timestamp":"2025-07-13T10:53:20.717865","level":"info","event":"io.delta#delta-core_2.12;2.4.0 from central in [default]","logger":"airflow.task.hooks.airflow.providers.apache.spark.hooks.spark_submit.SparkSubmitHook"}
{"timestamp":"2025-07-13T10:53:20.717902","level":"info","event":"io.delta#delta-storage;2.4.0 from central in [default]","logger":"airflow.task.hooks.airflow.providers.apache.spark.hooks.spark_submit.SparkSubmitHook"}
{"timestamp":"2025-07-13T10:53:20.717937","level":"info","event":"org.antlr#antlr4-runtime;4.9.3 from central in [default]","logger":"airflow.task.hooks.airflow.providers.apache.spark.hooks.spark_submit.SparkSubmitHook"}
{"timestamp":"2025-07-13T10:53:20.717977","level":"info","event":"org.apache.hadoop#hadoop-aws;3.3.4 from central in [default]","logger":"airflow.task.hooks.airflow.providers.apache.spark.hooks.spark_submit.SparkSubmitHook"}
{"timestamp":"2025-07-13T10:53:20.718011","level":"info","event":"org.apache.spark#spark-avro_2.12;3.5.0 from central in [default]","logger":"airflow.task.hooks.airflow.providers.apache.spark.hooks.spark_submit.SparkSubmitHook"}
{"timestamp":"2025-07-13T10:53:20.718043","level":"info","event":"org.tukaani#xz;1.9 from central in [default]","logger":"airflow.task.hooks.airflow.providers.apache.spark.hooks.spark_submit.SparkSubmitHook"}
{"timestamp":"2025-07-13T10:53:20.718079","level":"info","event":"org.wildfly.openssl#wildfly-openssl;1.0.7.Final from central in [default]","logger":"airflow.task.hooks.airflow.providers.apache.spark.hooks.spark_submit.SparkSubmitHook"}
{"timestamp":"2025-07-13T10:53:20.718112","level":"info","event":":: evicted modules:","logger":"airflow.task.hooks.airflow.providers.apache.spark.hooks.spark_submit.SparkSubmitHook"}
{"timestamp":"2025-07-13T10:53:20.718146","level":"info","event":"com.amazonaws#aws-java-sdk-bundle;1.12.262 by [com.amazonaws#aws-java-sdk-bundle;1.12.520] in [default]","logger":"airflow.task.hooks.airflow.providers.apache.spark.hooks.spark_submit.SparkSubmitHook"}
{"timestamp":"2025-07-13T10:53:20.718295","level":"info","event":"---------------------------------------------------------------------","logger":"airflow.task.hooks.airflow.providers.apache.spark.hooks.spark_submit.SparkSubmitHook"}
{"timestamp":"2025-07-13T10:53:20.718337","level":"info","event":"|                  |            modules            ||   artifacts   |","logger":"airflow.task.hooks.airflow.providers.apache.spark.hooks.spark_submit.SparkSubmitHook"}
{"timestamp":"2025-07-13T10:53:20.718373","level":"info","event":"|       conf       | number| search|dwnlded|evicted|| number|dwnlded|","logger":"airflow.task.hooks.airflow.providers.apache.spark.hooks.spark_submit.SparkSubmitHook"}
{"timestamp":"2025-07-13T10:53:20.718417","level":"info","event":"---------------------------------------------------------------------","logger":"airflow.task.hooks.airflow.providers.apache.spark.hooks.spark_submit.SparkSubmitHook"}
{"timestamp":"2025-07-13T10:53:20.718462","level":"info","event":"|      default     |   9   |   8   |   8   |   1   ||   8   |   8   |","logger":"airflow.task.hooks.airflow.providers.apache.spark.hooks.spark_submit.SparkSubmitHook"}
{"timestamp":"2025-07-13T10:53:20.718496","level":"info","event":"---------------------------------------------------------------------","logger":"airflow.task.hooks.airflow.providers.apache.spark.hooks.spark_submit.SparkSubmitHook"}
{"timestamp":"2025-07-13T10:53:20.729402","level":"info","event":":: retrieving :: org.apache.spark#spark-submit-parent-93827d4b-322d-4bac-bfab-ec10e80d0c4a","logger":"airflow.task.hooks.airflow.providers.apache.spark.hooks.spark_submit.SparkSubmitHook"}
{"timestamp":"2025-07-13T10:53:20.729717","level":"info","event":"confs: [default]","logger":"airflow.task.hooks.airflow.providers.apache.spark.hooks.spark_submit.SparkSubmitHook"}
{"timestamp":"2025-07-13T10:53:21.282134","level":"info","event":"8 artifacts copied, 0 already retrieved (336413kB/552ms)","logger":"airflow.task.hooks.airflow.providers.apache.spark.hooks.spark_submit.SparkSubmitHook"}
{"timestamp":"2025-07-13T10:53:21.557187","level":"info","event":"25/07/13 10:53:21 WARN NativeCodeLoader: Unable to load native-hadoop library for your platform... using builtin-java classes where applicable","logger":"airflow.task.hooks.airflow.providers.apache.spark.hooks.spark_submit.SparkSubmitHook"}
{"timestamp":"2025-07-13T10:53:21.786100","level":"info","event":"Main class:","logger":"airflow.task.hooks.airflow.providers.apache.spark.hooks.spark_submit.SparkSubmitHook"}
{"timestamp":"2025-07-13T10:53:21.786277","level":"info","event":"org.apache.spark.deploy.PythonRunner","logger":"airflow.task.hooks.airflow.providers.apache.spark.hooks.spark_submit.SparkSubmitHook"}
{"timestamp":"2025-07-13T10:53:21.786355","level":"info","event":"Arguments:","logger":"airflow.task.hooks.airflow.providers.apache.spark.hooks.spark_submit.SparkSubmitHook"}
{"timestamp":"2025-07-13T10:53:21.786403","level":"info","event":"file:/opt/spark-jobs/spark_job.py","logger":"airflow.task.hooks.airflow.providers.apache.spark.hooks.spark_submit.SparkSubmitHook"}
{"timestamp":"2025-07-13T10:53:21.786447","level":"info","event":"file:///home/airflow/.ivy2/jars/org.apache.hadoop_hadoop-aws-3.3.4.jar,file:///home/airflow/.ivy2/jars/com.amazonaws_aws-java-sdk-bundle-1.12.520.jar,file:///home/airflow/.ivy2/jars/org.apache.spark_spark-avro_2.12-3.5.0.jar,file:///home/airflow/.ivy2/jars/io.delta_delta-core_2.12-2.4.0.jar,file:///home/airflow/.ivy2/jars/org.wildfly.openssl_wildfly-openssl-1.0.7.Final.jar,file:///home/airflow/.ivy2/jars/org.tukaani_xz-1.9.jar,file:///home/airflow/.ivy2/jars/io.delta_delta-storage-2.4.0.jar,file:///home/airflow/.ivy2/jars/org.antlr_antlr4-runtime-4.9.3.jar","logger":"airflow.task.hooks.airflow.providers.apache.spark.hooks.spark_submit.SparkSubmitHook"}
{"timestamp":"2025-07-13T10:53:21.788111","level":"info","event":"Spark config:","logger":"airflow.task.hooks.airflow.providers.apache.spark.hooks.spark_submit.SparkSubmitHook"}
{"timestamp":"2025-07-13T10:53:21.788212","level":"info","event":"(spark.app.name,minio_processing_job)","logger":"airflow.task.hooks.airflow.providers.apache.spark.hooks.spark_submit.SparkSubmitHook"}
{"timestamp":"2025-07-13T10:53:21.788259","level":"info","event":"(spark.app.submitTime,1752404001771)","logger":"airflow.task.hooks.airflow.providers.apache.spark.hooks.spark_submit.SparkSubmitHook"}
{"timestamp":"2025-07-13T10:53:21.788298","level":"info","event":"(spark.driver.memory,1g)","logger":"airflow.task.hooks.airflow.providers.apache.spark.hooks.spark_submit.SparkSubmitHook"}
{"timestamp":"2025-07-13T10:53:21.788333","level":"info","event":"(spark.executor.cores,2)","logger":"airflow.task.hooks.airflow.providers.apache.spark.hooks.spark_submit.SparkSubmitHook"}
{"timestamp":"2025-07-13T10:53:21.788367","level":"info","event":"(spark.executor.memory,2g)","logger":"airflow.task.hooks.airflow.providers.apache.spark.hooks.spark_submit.SparkSubmitHook"}
{"timestamp":"2025-07-13T10:53:21.788401","level":"info","event":"(spark.files,file:///home/airflow/.ivy2/jars/org.apache.hadoop_hadoop-aws-3.3.4.jar,file:///home/airflow/.ivy2/jars/com.amazonaws_aws-java-sdk-bundle-1.12.520.jar,file:///home/airflow/.ivy2/jars/org.apache.spark_spark-avro_2.12-3.5.0.jar,file:///home/airflow/.ivy2/jars/io.delta_delta-core_2.12-2.4.0.jar,file:///home/airflow/.ivy2/jars/org.wildfly.openssl_wildfly-openssl-1.0.7.Final.jar,file:///home/airflow/.ivy2/jars/org.tukaani_xz-1.9.jar,file:///home/airflow/.ivy2/jars/io.delta_delta-storage-2.4.0.jar,file:///home/airflow/.ivy2/jars/org.antlr_antlr4-runtime-4.9.3.jar)","logger":"airflow.task.hooks.airflow.providers.apache.spark.hooks.spark_submit.SparkSubmitHook"}
{"timestamp":"2025-07-13T10:53:21.788438","level":"info","event":"(spark.hadoop.fs.s3a.access.key,*********(redacted))","logger":"airflow.task.hooks.airflow.providers.apache.spark.hooks.spark_submit.SparkSubmitHook"}
{"timestamp":"2025-07-13T10:53:21.788471","level":"info","event":"(spark.hadoop.fs.s3a.connection.ssl.enabled,false)","logger":"airflow.task.hooks.airflow.providers.apache.spark.hooks.spark_submit.SparkSubmitHook"}
{"timestamp":"2025-07-13T10:53:21.788506","level":"info","event":"(spark.hadoop.fs.s3a.endpoint,http://minio:9000)","logger":"airflow.task.hooks.airflow.providers.apache.spark.hooks.spark_submit.SparkSubmitHook"}
{"timestamp":"2025-07-13T10:53:21.788540","level":"info","event":"(spark.hadoop.fs.s3a.impl,org.apache.hadoop.fs.s3a.S3AFileSystem)","logger":"airflow.task.hooks.airflow.providers.apache.spark.hooks.spark_submit.SparkSubmitHook"}
{"timestamp":"2025-07-13T10:53:21.788575","level":"info","event":"(spark.hadoop.fs.s3a.path.style.access,true)","logger":"airflow.task.hooks.airflow.providers.apache.spark.hooks.spark_submit.SparkSubmitHook"}
{"timestamp":"2025-07-13T10:53:21.788612","level":"info","event":"(spark.hadoop.fs.s3a.secret.key,*********(redacted))","logger":"airflow.task.hooks.airflow.providers.apache.spark.hooks.spark_submit.SparkSubmitHook"}
{"timestamp":"2025-07-13T10:53:21.788645","level":"info","event":"(spark.jars,file:///home/airflow/.ivy2/jars/org.apache.hadoop_hadoop-aws-3.3.4.jar,file:///home/airflow/.ivy2/jars/com.amazonaws_aws-java-sdk-bundle-1.12.520.jar,file:///home/airflow/.ivy2/jars/org.apache.spark_spark-avro_2.12-3.5.0.jar,file:///home/airflow/.ivy2/jars/io.delta_delta-core_2.12-2.4.0.jar,file:///home/airflow/.ivy2/jars/org.wildfly.openssl_wildfly-openssl-1.0.7.Final.jar,file:///home/airflow/.ivy2/jars/org.tukaani_xz-1.9.jar,file:///home/airflow/.ivy2/jars/io.delta_delta-storage-2.4.0.jar,file:///home/airflow/.ivy2/jars/org.antlr_antlr4-runtime-4.9.3.jar)","logger":"airflow.task.hooks.airflow.providers.apache.spark.hooks.spark_submit.SparkSubmitHook"}
{"timestamp":"2025-07-13T10:53:21.788679","level":"info","event":"(spark.master,spark://spark-master:7077)","logger":"airflow.task.hooks.airflow.providers.apache.spark.hooks.spark_submit.SparkSubmitHook"}
{"timestamp":"2025-07-13T10:53:21.788712","level":"info","event":"(spark.repl.local.jars,file:///home/airflow/.ivy2/jars/org.apache.hadoop_hadoop-aws-3.3.4.jar,file:///home/airflow/.ivy2/jars/com.amazonaws_aws-java-sdk-bundle-1.12.520.jar,file:///home/airflow/.ivy2/jars/org.apache.spark_spark-avro_2.12-3.5.0.jar,file:///home/airflow/.ivy2/jars/io.delta_delta-core_2.12-2.4.0.jar,file:///home/airflow/.ivy2/jars/org.wildfly.openssl_wildfly-openssl-1.0.7.Final.jar,file:///home/airflow/.ivy2/jars/org.tukaani_xz-1.9.jar,file:///home/airflow/.ivy2/jars/io.delta_delta-storage-2.4.0.jar,file:///home/airflow/.ivy2/jars/org.antlr_antlr4-runtime-4.9.3.jar)","logger":"airflow.task.hooks.airflow.providers.apache.spark.hooks.spark_submit.SparkSubmitHook"}
{"timestamp":"2025-07-13T10:53:21.788748","level":"info","event":"(spark.submit.deployMode,client)","logger":"airflow.task.hooks.airflow.providers.apache.spark.hooks.spark_submit.SparkSubmitHook"}
{"timestamp":"2025-07-13T10:53:21.788782","level":"info","event":"(spark.submit.pyFiles,/home/airflow/.ivy2/jars/org.apache.hadoop_hadoop-aws-3.3.4.jar,/home/airflow/.ivy2/jars/com.amazonaws_aws-java-sdk-bundle-1.12.520.jar,/home/airflow/.ivy2/jars/org.apache.spark_spark-avro_2.12-3.5.0.jar,/home/airflow/.ivy2/jars/io.delta_delta-core_2.12-2.4.0.jar,/home/airflow/.ivy2/jars/org.wildfly.openssl_wildfly-openssl-1.0.7.Final.jar,/home/airflow/.ivy2/jars/org.tukaani_xz-1.9.jar,/home/airflow/.ivy2/jars/io.delta_delta-storage-2.4.0.jar,/home/airflow/.ivy2/jars/org.antlr_antlr4-runtime-4.9.3.jar)","logger":"airflow.task.hooks.airflow.providers.apache.spark.hooks.spark_submit.SparkSubmitHook"}
{"timestamp":"2025-07-13T10:53:21.788825","level":"info","event":"Classpath elements:","logger":"airflow.task.hooks.airflow.providers.apache.spark.hooks.spark_submit.SparkSubmitHook"}
{"timestamp":"2025-07-13T10:53:21.788857","level":"info","event":"file:///home/airflow/.ivy2/jars/org.apache.hadoop_hadoop-aws-3.3.4.jar","logger":"airflow.task.hooks.airflow.providers.apache.spark.hooks.spark_submit.SparkSubmitHook"}
{"timestamp":"2025-07-13T10:53:21.788890","level":"info","event":"file:///home/airflow/.ivy2/jars/com.amazonaws_aws-java-sdk-bundle-1.12.520.jar","logger":"airflow.task.hooks.airflow.providers.apache.spark.hooks.spark_submit.SparkSubmitHook"}
{"timestamp":"2025-07-13T10:53:21.788921","level":"info","event":"file:///home/airflow/.ivy2/jars/org.apache.spark_spark-avro_2.12-3.5.0.jar","logger":"airflow.task.hooks.airflow.providers.apache.spark.hooks.spark_submit.SparkSubmitHook"}
{"timestamp":"2025-07-13T10:53:21.788952","level":"info","event":"file:///home/airflow/.ivy2/jars/io.delta_delta-core_2.12-2.4.0.jar","logger":"airflow.task.hooks.airflow.providers.apache.spark.hooks.spark_submit.SparkSubmitHook"}
{"timestamp":"2025-07-13T10:53:21.788983","level":"info","event":"file:///home/airflow/.ivy2/jars/org.wildfly.openssl_wildfly-openssl-1.0.7.Final.jar","logger":"airflow.task.hooks.airflow.providers.apache.spark.hooks.spark_submit.SparkSubmitHook"}
{"timestamp":"2025-07-13T10:53:21.789131","level":"info","event":"file:///home/airflow/.ivy2/jars/org.tukaani_xz-1.9.jar","logger":"airflow.task.hooks.airflow.providers.apache.spark.hooks.spark_submit.SparkSubmitHook"}
{"timestamp":"2025-07-13T10:53:21.789182","level":"info","event":"file:///home/airflow/.ivy2/jars/io.delta_delta-storage-2.4.0.jar","logger":"airflow.task.hooks.airflow.providers.apache.spark.hooks.spark_submit.SparkSubmitHook"}
{"timestamp":"2025-07-13T10:53:21.789254","level":"info","event":"file:///home/airflow/.ivy2/jars/org.antlr_antlr4-runtime-4.9.3.jar","logger":"airflow.task.hooks.airflow.providers.apache.spark.hooks.spark_submit.SparkSubmitHook"}
{"timestamp":"2025-07-13T10:53:21.789357","level":"info","event":"","logger":"airflow.task.hooks.airflow.providers.apache.spark.hooks.spark_submit.SparkSubmitHook"}
{"timestamp":"2025-07-13T10:53:21.789409","level":"info","event":"","logger":"airflow.task.hooks.airflow.providers.apache.spark.hooks.spark_submit.SparkSubmitHook"}
{"timestamp":"2025-07-13T10:53:23.406859","level":"info","event":"25/07/13 10:53:23 INFO SparkContext: Running Spark version 3.5.1","logger":"airflow.task.hooks.airflow.providers.apache.spark.hooks.spark_submit.SparkSubmitHook"}
{"timestamp":"2025-07-13T10:53:23.407089","level":"info","event":"25/07/13 10:53:23 INFO SparkContext: OS info Linux, 5.15.153.1-microsoft-standard-WSL2, amd64","logger":"airflow.task.hooks.airflow.providers.apache.spark.hooks.spark_submit.SparkSubmitHook"}
{"timestamp":"2025-07-13T10:53:23.407447","level":"info","event":"25/07/13 10:53:23 INFO SparkContext: Java version 17.0.15","logger":"airflow.task.hooks.airflow.providers.apache.spark.hooks.spark_submit.SparkSubmitHook"}
{"timestamp":"2025-07-13T10:53:23.432879","level":"info","event":"25/07/13 10:53:23 INFO ResourceUtils: ==============================================================","logger":"airflow.task.hooks.airflow.providers.apache.spark.hooks.spark_submit.SparkSubmitHook"}
{"timestamp":"2025-07-13T10:53:23.433138","level":"info","event":"25/07/13 10:53:23 INFO ResourceUtils: No custom resources configured for spark.driver.","logger":"airflow.task.hooks.airflow.providers.apache.spark.hooks.spark_submit.SparkSubmitHook"}
{"timestamp":"2025-07-13T10:53:23.433395","level":"info","event":"25/07/13 10:53:23 INFO ResourceUtils: ==============================================================","logger":"airflow.task.hooks.airflow.providers.apache.spark.hooks.spark_submit.SparkSubmitHook"}
{"timestamp":"2025-07-13T10:53:23.433915","level":"info","event":"25/07/13 10:53:23 INFO SparkContext: Submitted application: MinIOProcessingJob","logger":"airflow.task.hooks.airflow.providers.apache.spark.hooks.spark_submit.SparkSubmitHook"}
{"timestamp":"2025-07-13T10:53:23.465368","level":"info","event":"25/07/13 10:53:23 INFO ResourceProfile: Default ResourceProfile created, executor resources: Map(cores -> name: cores, amount: 2, script: , vendor: , memory -> name: memory, amount: 2048, script: , vendor: , offHeap -> name: offHeap, amount: 0, script: , vendor: ), task resources: Map(cpus -> name: cpus, amount: 1.0)","logger":"airflow.task.hooks.airflow.providers.apache.spark.hooks.spark_submit.SparkSubmitHook"}
{"timestamp":"2025-07-13T10:53:23.480102","level":"info","event":"25/07/13 10:53:23 INFO ResourceProfile: Limiting resource is cpus at 2 tasks per executor","logger":"airflow.task.hooks.airflow.providers.apache.spark.hooks.spark_submit.SparkSubmitHook"}
{"timestamp":"2025-07-13T10:53:23.481411","level":"info","event":"25/07/13 10:53:23 INFO ResourceProfileManager: Added ResourceProfile id: 0","logger":"airflow.task.hooks.airflow.providers.apache.spark.hooks.spark_submit.SparkSubmitHook"}
{"timestamp":"2025-07-13T10:53:23.549951","level":"info","event":"25/07/13 10:53:23 INFO SecurityManager: Changing view acls to: airflow","logger":"airflow.task.hooks.airflow.providers.apache.spark.hooks.spark_submit.SparkSubmitHook"}
{"timestamp":"2025-07-13T10:53:23.550218","level":"info","event":"25/07/13 10:53:23 INFO SecurityManager: Changing modify acls to: airflow","logger":"airflow.task.hooks.airflow.providers.apache.spark.hooks.spark_submit.SparkSubmitHook"}
{"timestamp":"2025-07-13T10:53:23.550531","level":"info","event":"25/07/13 10:53:23 INFO SecurityManager: Changing view acls groups to:","logger":"airflow.task.hooks.airflow.providers.apache.spark.hooks.spark_submit.SparkSubmitHook"}
{"timestamp":"2025-07-13T10:53:23.550960","level":"info","event":"25/07/13 10:53:23 INFO SecurityManager: Changing modify acls groups to:","logger":"airflow.task.hooks.airflow.providers.apache.spark.hooks.spark_submit.SparkSubmitHook"}
{"timestamp":"2025-07-13T10:53:23.551150","level":"info","event":"25/07/13 10:53:23 INFO SecurityManager: SecurityManager: authentication disabled; ui acls disabled; users with view permissions: airflow; groups with view permissions: EMPTY; users with modify permissions: airflow; groups with modify permissions: EMPTY","logger":"airflow.task.hooks.airflow.providers.apache.spark.hooks.spark_submit.SparkSubmitHook"}
{"timestamp":"2025-07-13T10:53:23.847923","level":"info","event":"25/07/13 10:53:23 INFO Utils: Successfully started service 'sparkDriver' on port 38303.","logger":"airflow.task.hooks.airflow.providers.apache.spark.hooks.spark_submit.SparkSubmitHook"}
{"timestamp":"2025-07-13T10:53:23.889734","level":"info","event":"25/07/13 10:53:23 INFO SparkEnv: Registering MapOutputTracker","logger":"airflow.task.hooks.airflow.providers.apache.spark.hooks.spark_submit.SparkSubmitHook"}
{"timestamp":"2025-07-13T10:53:23.931914","level":"info","event":"25/07/13 10:53:23 INFO SparkEnv: Registering BlockManagerMaster","logger":"airflow.task.hooks.airflow.providers.apache.spark.hooks.spark_submit.SparkSubmitHook"}
{"timestamp":"2025-07-13T10:53:23.954140","level":"info","event":"25/07/13 10:53:23 INFO BlockManagerMasterEndpoint: Using org.apache.spark.storage.DefaultTopologyMapper for getting topology information","logger":"airflow.task.hooks.airflow.providers.apache.spark.hooks.spark_submit.SparkSubmitHook"}
{"timestamp":"2025-07-13T10:53:23.954594","level":"info","event":"25/07/13 10:53:23 INFO BlockManagerMasterEndpoint: BlockManagerMasterEndpoint up","logger":"airflow.task.hooks.airflow.providers.apache.spark.hooks.spark_submit.SparkSubmitHook"}
{"timestamp":"2025-07-13T10:53:23.960024","level":"info","event":"25/07/13 10:53:23 INFO SparkEnv: Registering BlockManagerMasterHeartbeat","logger":"airflow.task.hooks.airflow.providers.apache.spark.hooks.spark_submit.SparkSubmitHook"}
{"timestamp":"2025-07-13T10:53:23.990949","level":"info","event":"25/07/13 10:53:23 INFO DiskBlockManager: Created local directory at /tmp/blockmgr-5f3f1075-c2b9-4d03-b153-ae906c03180a","logger":"airflow.task.hooks.airflow.providers.apache.spark.hooks.spark_submit.SparkSubmitHook"}
{"timestamp":"2025-07-13T10:53:24.008388","level":"info","event":"25/07/13 10:53:24 INFO MemoryStore: MemoryStore started with capacity 434.4 MiB","logger":"airflow.task.hooks.airflow.providers.apache.spark.hooks.spark_submit.SparkSubmitHook"}
{"timestamp":"2025-07-13T10:53:24.025589","level":"info","event":"25/07/13 10:53:24 INFO SparkEnv: Registering OutputCommitCoordinator","logger":"airflow.task.hooks.airflow.providers.apache.spark.hooks.spark_submit.SparkSubmitHook"}
{"timestamp":"2025-07-13T10:53:24.178096","level":"info","event":"25/07/13 10:53:24 INFO JettyUtils: Start Jetty 0.0.0.0:4040 for SparkUI","logger":"airflow.task.hooks.airflow.providers.apache.spark.hooks.spark_submit.SparkSubmitHook"}
{"timestamp":"2025-07-13T10:53:24.263879","level":"info","event":"25/07/13 10:53:24 INFO Utils: Successfully started service 'SparkUI' on port 4040.","logger":"airflow.task.hooks.airflow.providers.apache.spark.hooks.spark_submit.SparkSubmitHook"}
{"timestamp":"2025-07-13T10:53:24.312170","level":"info","event":"25/07/13 10:53:24 INFO SparkContext: Added JAR file:///home/airflow/.ivy2/jars/org.apache.hadoop_hadoop-aws-3.3.4.jar at spark://93801b787e5d:38303/jars/org.apache.hadoop_hadoop-aws-3.3.4.jar with timestamp 1752404003394","logger":"airflow.task.hooks.airflow.providers.apache.spark.hooks.spark_submit.SparkSubmitHook"}
{"timestamp":"2025-07-13T10:53:24.312407","level":"info","event":"25/07/13 10:53:24 INFO SparkContext: Added JAR file:///home/airflow/.ivy2/jars/com.amazonaws_aws-java-sdk-bundle-1.12.520.jar at spark://93801b787e5d:38303/jars/com.amazonaws_aws-java-sdk-bundle-1.12.520.jar with timestamp 1752404003394","logger":"airflow.task.hooks.airflow.providers.apache.spark.hooks.spark_submit.SparkSubmitHook"}
{"timestamp":"2025-07-13T10:53:24.312952","level":"info","event":"25/07/13 10:53:24 INFO SparkContext: Added JAR file:///home/airflow/.ivy2/jars/org.apache.spark_spark-avro_2.12-3.5.0.jar at spark://93801b787e5d:38303/jars/org.apache.spark_spark-avro_2.12-3.5.0.jar with timestamp 1752404003394","logger":"airflow.task.hooks.airflow.providers.apache.spark.hooks.spark_submit.SparkSubmitHook"}
{"timestamp":"2025-07-13T10:53:24.313174","level":"info","event":"25/07/13 10:53:24 INFO SparkContext: Added JAR file:///home/airflow/.ivy2/jars/io.delta_delta-core_2.12-2.4.0.jar at spark://93801b787e5d:38303/jars/io.delta_delta-core_2.12-2.4.0.jar with timestamp 1752404003394","logger":"airflow.task.hooks.airflow.providers.apache.spark.hooks.spark_submit.SparkSubmitHook"}
{"timestamp":"2025-07-13T10:53:24.313365","level":"info","event":"25/07/13 10:53:24 INFO SparkContext: Added JAR file:///home/airflow/.ivy2/jars/org.wildfly.openssl_wildfly-openssl-1.0.7.Final.jar at spark://93801b787e5d:38303/jars/org.wildfly.openssl_wildfly-openssl-1.0.7.Final.jar with timestamp 1752404003394","logger":"airflow.task.hooks.airflow.providers.apache.spark.hooks.spark_submit.SparkSubmitHook"}
{"timestamp":"2025-07-13T10:53:24.313558","level":"info","event":"25/07/13 10:53:24 INFO SparkContext: Added JAR file:///home/airflow/.ivy2/jars/org.tukaani_xz-1.9.jar at spark://93801b787e5d:38303/jars/org.tukaani_xz-1.9.jar with timestamp 1752404003394","logger":"airflow.task.hooks.airflow.providers.apache.spark.hooks.spark_submit.SparkSubmitHook"}
{"timestamp":"2025-07-13T10:53:24.313743","level":"info","event":"25/07/13 10:53:24 INFO SparkContext: Added JAR file:///home/airflow/.ivy2/jars/io.delta_delta-storage-2.4.0.jar at spark://93801b787e5d:38303/jars/io.delta_delta-storage-2.4.0.jar with timestamp 1752404003394","logger":"airflow.task.hooks.airflow.providers.apache.spark.hooks.spark_submit.SparkSubmitHook"}
{"timestamp":"2025-07-13T10:53:24.313878","level":"info","event":"25/07/13 10:53:24 INFO SparkContext: Added JAR file:///home/airflow/.ivy2/jars/org.antlr_antlr4-runtime-4.9.3.jar at spark://93801b787e5d:38303/jars/org.antlr_antlr4-runtime-4.9.3.jar with timestamp 1752404003394","logger":"airflow.task.hooks.airflow.providers.apache.spark.hooks.spark_submit.SparkSubmitHook"}
{"timestamp":"2025-07-13T10:53:24.317267","level":"info","event":"25/07/13 10:53:24 INFO SparkContext: Added file file:///home/airflow/.ivy2/jars/org.apache.hadoop_hadoop-aws-3.3.4.jar at spark://93801b787e5d:38303/files/org.apache.hadoop_hadoop-aws-3.3.4.jar with timestamp 1752404003394","logger":"airflow.task.hooks.airflow.providers.apache.spark.hooks.spark_submit.SparkSubmitHook"}
{"timestamp":"2025-07-13T10:53:24.318279","level":"info","event":"25/07/13 10:53:24 INFO Utils: Copying /home/airflow/.ivy2/jars/org.apache.hadoop_hadoop-aws-3.3.4.jar to /tmp/spark-10a6cb1d-586f-485a-a1a5-6ff9dc53279d/userFiles-b4d69104-0512-4797-82c4-b6b76cb3ef7d/org.apache.hadoop_hadoop-aws-3.3.4.jar","logger":"airflow.task.hooks.airflow.providers.apache.spark.hooks.spark_submit.SparkSubmitHook"}
{"timestamp":"2025-07-13T10:53:24.339269","level":"info","event":"25/07/13 10:53:24 INFO SparkContext: Added file file:///home/airflow/.ivy2/jars/com.amazonaws_aws-java-sdk-bundle-1.12.520.jar at spark://93801b787e5d:38303/files/com.amazonaws_aws-java-sdk-bundle-1.12.520.jar with timestamp 1752404003394","logger":"airflow.task.hooks.airflow.providers.apache.spark.hooks.spark_submit.SparkSubmitHook"}
{"timestamp":"2025-07-13T10:53:24.339465","level":"info","event":"25/07/13 10:53:24 INFO Utils: Copying /home/airflow/.ivy2/jars/com.amazonaws_aws-java-sdk-bundle-1.12.520.jar to /tmp/spark-10a6cb1d-586f-485a-a1a5-6ff9dc53279d/userFiles-b4d69104-0512-4797-82c4-b6b76cb3ef7d/com.amazonaws_aws-java-sdk-bundle-1.12.520.jar","logger":"airflow.task.hooks.airflow.providers.apache.spark.hooks.spark_submit.SparkSubmitHook"}
{"timestamp":"2025-07-13T10:53:24.758131","level":"info","event":"25/07/13 10:53:24 INFO SparkContext: Added file file:///home/airflow/.ivy2/jars/org.apache.spark_spark-avro_2.12-3.5.0.jar at spark://93801b787e5d:38303/files/org.apache.spark_spark-avro_2.12-3.5.0.jar with timestamp 1752404003394","logger":"airflow.task.hooks.airflow.providers.apache.spark.hooks.spark_submit.SparkSubmitHook"}
{"timestamp":"2025-07-13T10:53:24.758323","level":"info","event":"25/07/13 10:53:24 INFO Utils: Copying /home/airflow/.ivy2/jars/org.apache.spark_spark-avro_2.12-3.5.0.jar to /tmp/spark-10a6cb1d-586f-485a-a1a5-6ff9dc53279d/userFiles-b4d69104-0512-4797-82c4-b6b76cb3ef7d/org.apache.spark_spark-avro_2.12-3.5.0.jar","logger":"airflow.task.hooks.airflow.providers.apache.spark.hooks.spark_submit.SparkSubmitHook"}
{"timestamp":"2025-07-13T10:53:24.764423","level":"info","event":"25/07/13 10:53:24 INFO SparkContext: Added file file:///home/airflow/.ivy2/jars/io.delta_delta-core_2.12-2.4.0.jar at spark://93801b787e5d:38303/files/io.delta_delta-core_2.12-2.4.0.jar with timestamp 1752404003394","logger":"airflow.task.hooks.airflow.providers.apache.spark.hooks.spark_submit.SparkSubmitHook"}
{"timestamp":"2025-07-13T10:53:24.764600","level":"info","event":"25/07/13 10:53:24 INFO Utils: Copying /home/airflow/.ivy2/jars/io.delta_delta-core_2.12-2.4.0.jar to /tmp/spark-10a6cb1d-586f-485a-a1a5-6ff9dc53279d/userFiles-b4d69104-0512-4797-82c4-b6b76cb3ef7d/io.delta_delta-core_2.12-2.4.0.jar","logger":"airflow.task.hooks.airflow.providers.apache.spark.hooks.spark_submit.SparkSubmitHook"}
{"timestamp":"2025-07-13T10:53:24.773636","level":"info","event":"25/07/13 10:53:24 INFO SparkContext: Added file file:///home/airflow/.ivy2/jars/org.wildfly.openssl_wildfly-openssl-1.0.7.Final.jar at spark://93801b787e5d:38303/files/org.wildfly.openssl_wildfly-openssl-1.0.7.Final.jar with timestamp 1752404003394","logger":"airflow.task.hooks.airflow.providers.apache.spark.hooks.spark_submit.SparkSubmitHook"}
{"timestamp":"2025-07-13T10:53:24.773841","level":"info","event":"25/07/13 10:53:24 INFO Utils: Copying /home/airflow/.ivy2/jars/org.wildfly.openssl_wildfly-openssl-1.0.7.Final.jar to /tmp/spark-10a6cb1d-586f-485a-a1a5-6ff9dc53279d/userFiles-b4d69104-0512-4797-82c4-b6b76cb3ef7d/org.wildfly.openssl_wildfly-openssl-1.0.7.Final.jar","logger":"airflow.task.hooks.airflow.providers.apache.spark.hooks.spark_submit.SparkSubmitHook"}
{"timestamp":"2025-07-13T10:53:24.781355","level":"info","event":"25/07/13 10:53:24 INFO SparkContext: Added file file:///home/airflow/.ivy2/jars/org.tukaani_xz-1.9.jar at spark://93801b787e5d:38303/files/org.tukaani_xz-1.9.jar with timestamp 1752404003394","logger":"airflow.task.hooks.airflow.providers.apache.spark.hooks.spark_submit.SparkSubmitHook"}
{"timestamp":"2025-07-13T10:53:24.781511","level":"info","event":"25/07/13 10:53:24 INFO Utils: Copying /home/airflow/.ivy2/jars/org.tukaani_xz-1.9.jar to /tmp/spark-10a6cb1d-586f-485a-a1a5-6ff9dc53279d/userFiles-b4d69104-0512-4797-82c4-b6b76cb3ef7d/org.tukaani_xz-1.9.jar","logger":"airflow.task.hooks.airflow.providers.apache.spark.hooks.spark_submit.SparkSubmitHook"}
{"timestamp":"2025-07-13T10:53:24.785577","level":"info","event":"25/07/13 10:53:24 INFO SparkContext: Added file file:///home/airflow/.ivy2/jars/io.delta_delta-storage-2.4.0.jar at spark://93801b787e5d:38303/files/io.delta_delta-storage-2.4.0.jar with timestamp 1752404003394","logger":"airflow.task.hooks.airflow.providers.apache.spark.hooks.spark_submit.SparkSubmitHook"}
{"timestamp":"2025-07-13T10:53:24.785734","level":"info","event":"25/07/13 10:53:24 INFO Utils: Copying /home/airflow/.ivy2/jars/io.delta_delta-storage-2.4.0.jar to /tmp/spark-10a6cb1d-586f-485a-a1a5-6ff9dc53279d/userFiles-b4d69104-0512-4797-82c4-b6b76cb3ef7d/io.delta_delta-storage-2.4.0.jar","logger":"airflow.task.hooks.airflow.providers.apache.spark.hooks.spark_submit.SparkSubmitHook"}
{"timestamp":"2025-07-13T10:53:24.789945","level":"info","event":"25/07/13 10:53:24 INFO SparkContext: Added file file:///home/airflow/.ivy2/jars/org.antlr_antlr4-runtime-4.9.3.jar at spark://93801b787e5d:38303/files/org.antlr_antlr4-runtime-4.9.3.jar with timestamp 1752404003394","logger":"airflow.task.hooks.airflow.providers.apache.spark.hooks.spark_submit.SparkSubmitHook"}
{"timestamp":"2025-07-13T10:53:24.790180","level":"info","event":"25/07/13 10:53:24 INFO Utils: Copying /home/airflow/.ivy2/jars/org.antlr_antlr4-runtime-4.9.3.jar to /tmp/spark-10a6cb1d-586f-485a-a1a5-6ff9dc53279d/userFiles-b4d69104-0512-4797-82c4-b6b76cb3ef7d/org.antlr_antlr4-runtime-4.9.3.jar","logger":"airflow.task.hooks.airflow.providers.apache.spark.hooks.spark_submit.SparkSubmitHook"}
{"timestamp":"2025-07-13T10:53:24.898902","level":"info","event":"25/07/13 10:53:24 INFO StandaloneAppClient$ClientEndpoint: Connecting to master spark://spark-master:7077...","logger":"airflow.task.hooks.airflow.providers.apache.spark.hooks.spark_submit.SparkSubmitHook"}
{"timestamp":"2025-07-13T10:53:24.974891","level":"info","event":"25/07/13 10:53:24 INFO TransportClientFactory: Successfully created connection to spark-master/172.25.0.5:7077 after 43 ms (0 ms spent in bootstraps)","logger":"airflow.task.hooks.airflow.providers.apache.spark.hooks.spark_submit.SparkSubmitHook"}
{"timestamp":"2025-07-13T10:53:25.426060","level":"info","event":"25/07/13 10:53:25 INFO StandaloneSchedulerBackend: Connected to Spark cluster with app ID app-20250713105325-0000","logger":"airflow.task.hooks.airflow.providers.apache.spark.hooks.spark_submit.SparkSubmitHook"}
{"timestamp":"2025-07-13T10:53:25.435061","level":"info","event":"25/07/13 10:53:25 INFO Utils: Successfully started service 'org.apache.spark.network.netty.NettyBlockTransferService' on port 36495.","logger":"airflow.task.hooks.airflow.providers.apache.spark.hooks.spark_submit.SparkSubmitHook"}
{"timestamp":"2025-07-13T10:53:25.435240","level":"info","event":"25/07/13 10:53:25 INFO NettyBlockTransferService: Server created on 93801b787e5d:36495","logger":"airflow.task.hooks.airflow.providers.apache.spark.hooks.spark_submit.SparkSubmitHook"}
{"timestamp":"2025-07-13T10:53:25.437744","level":"info","event":"25/07/13 10:53:25 INFO BlockManager: Using org.apache.spark.storage.RandomBlockReplicationPolicy for block replication policy","logger":"airflow.task.hooks.airflow.providers.apache.spark.hooks.spark_submit.SparkSubmitHook"}
{"timestamp":"2025-07-13T10:53:25.447238","level":"info","event":"25/07/13 10:53:25 INFO BlockManagerMaster: Registering BlockManager BlockManagerId(driver, 93801b787e5d, 36495, None)","logger":"airflow.task.hooks.airflow.providers.apache.spark.hooks.spark_submit.SparkSubmitHook"}
{"timestamp":"2025-07-13T10:53:25.449851","level":"info","event":"25/07/13 10:53:25 INFO BlockManagerMasterEndpoint: Registering block manager 93801b787e5d:36495 with 434.4 MiB RAM, BlockManagerId(driver, 93801b787e5d, 36495, None)","logger":"airflow.task.hooks.airflow.providers.apache.spark.hooks.spark_submit.SparkSubmitHook"}
{"timestamp":"2025-07-13T10:53:25.452053","level":"info","event":"25/07/13 10:53:25 INFO BlockManagerMaster: Registered BlockManager BlockManagerId(driver, 93801b787e5d, 36495, None)","logger":"airflow.task.hooks.airflow.providers.apache.spark.hooks.spark_submit.SparkSubmitHook"}
{"timestamp":"2025-07-13T10:53:25.453300","level":"info","event":"25/07/13 10:53:25 INFO BlockManager: Initialized BlockManager: BlockManagerId(driver, 93801b787e5d, 36495, None)","logger":"airflow.task.hooks.airflow.providers.apache.spark.hooks.spark_submit.SparkSubmitHook"}
{"timestamp":"2025-07-13T10:53:25.472546","level":"info","event":"25/07/13 10:53:25 INFO StandaloneAppClient$ClientEndpoint: Executor added: app-20250713105325-0000/0 on worker-20250713104939-172.25.0.6-44849 (172.25.0.6:44849) with 2 core(s)","logger":"airflow.task.hooks.airflow.providers.apache.spark.hooks.spark_submit.SparkSubmitHook"}
{"timestamp":"2025-07-13T10:53:25.474640","level":"info","event":"25/07/13 10:53:25 INFO StandaloneSchedulerBackend: Granted executor ID app-20250713105325-0000/0 on hostPort 172.25.0.6:44849 with 2 core(s), 2.0 GiB RAM","logger":"airflow.task.hooks.airflow.providers.apache.spark.hooks.spark_submit.SparkSubmitHook"}
{"timestamp":"2025-07-13T10:53:25.694983","level":"info","event":"25/07/13 10:53:25 INFO StandaloneSchedulerBackend: SchedulerBackend is ready for scheduling beginning after reached minRegisteredResourcesRatio: 0.0","logger":"airflow.task.hooks.airflow.providers.apache.spark.hooks.spark_submit.SparkSubmitHook"}
{"timestamp":"2025-07-13T10:53:25.968426","level":"info","event":"25/07/13 10:53:25 INFO StandaloneAppClient$ClientEndpoint: Executor updated: app-20250713105325-0000/0 is now RUNNING","logger":"airflow.task.hooks.airflow.providers.apache.spark.hooks.spark_submit.SparkSubmitHook"}
{"timestamp":"2025-07-13T10:53:25.976735","level":"info","event":"INFO:__main__:Spark session created successfully","logger":"airflow.task.hooks.airflow.providers.apache.spark.hooks.spark_submit.SparkSubmitHook"}
{"timestamp":"2025-07-13T10:53:25.984124","level":"info","event":"25/07/13 10:53:25 INFO SharedState: Setting hive.metastore.warehouse.dir ('null') to the value of spark.sql.warehouse.dir.","logger":"airflow.task.hooks.airflow.providers.apache.spark.hooks.spark_submit.SparkSubmitHook"}
{"timestamp":"2025-07-13T10:53:25.986466","level":"info","event":"25/07/13 10:53:25 INFO SharedState: Warehouse path is 'file:/opt/airflow/spark-warehouse'.","logger":"airflow.task.hooks.airflow.providers.apache.spark.hooks.spark_submit.SparkSubmitHook"}
{"timestamp":"2025-07-13T10:53:27.170175","level":"info","event":"25/07/13 10:53:27 WARN MetricsConfig: Cannot locate configuration: tried hadoop-metrics2-s3a-file-system.properties,hadoop-metrics2.properties","logger":"airflow.task.hooks.airflow.providers.apache.spark.hooks.spark_submit.SparkSubmitHook"}
{"timestamp":"2025-07-13T10:53:27.183752","level":"info","event":"25/07/13 10:53:27 INFO MetricsSystemImpl: Scheduled Metric snapshot period at 10 second(s).","logger":"airflow.task.hooks.airflow.providers.apache.spark.hooks.spark_submit.SparkSubmitHook"}
{"timestamp":"2025-07-13T10:53:27.183919","level":"info","event":"25/07/13 10:53:27 INFO MetricsSystemImpl: s3a-file-system metrics system started","logger":"airflow.task.hooks.airflow.providers.apache.spark.hooks.spark_submit.SparkSubmitHook"}
{"timestamp":"2025-07-13T10:53:28.554018","level":"info","event":"ERROR:__main__:Error in Spark job: [PATH_NOT_FOUND] Path does not exist: s3a://activefence-bucket/bbc_tech/land/*.html.","logger":"airflow.task.hooks.airflow.providers.apache.spark.hooks.spark_submit.SparkSubmitHook"}
{"timestamp":"2025-07-13T10:53:28.554469","level":"info","event":"25/07/13 10:53:28 INFO SparkContext: SparkContext is stopping with exitCode 0.","logger":"airflow.task.hooks.airflow.providers.apache.spark.hooks.spark_submit.SparkSubmitHook"}
{"timestamp":"2025-07-13T10:53:28.569424","level":"info","event":"25/07/13 10:53:28 INFO SparkUI: Stopped Spark web UI at http://93801b787e5d:4040","logger":"airflow.task.hooks.airflow.providers.apache.spark.hooks.spark_submit.SparkSubmitHook"}
{"timestamp":"2025-07-13T10:53:28.573841","level":"info","event":"25/07/13 10:53:28 INFO StandaloneSchedulerBackend: Shutting down all executors","logger":"airflow.task.hooks.airflow.providers.apache.spark.hooks.spark_submit.SparkSubmitHook"}
{"timestamp":"2025-07-13T10:53:28.578152","level":"info","event":"25/07/13 10:53:28 INFO StandaloneSchedulerBackend$StandaloneDriverEndpoint: Asking each executor to shut down","logger":"airflow.task.hooks.airflow.providers.apache.spark.hooks.spark_submit.SparkSubmitHook"}
{"timestamp":"2025-07-13T10:53:28.594963","level":"info","event":"25/07/13 10:53:28 INFO MapOutputTrackerMasterEndpoint: MapOutputTrackerMasterEndpoint stopped!","logger":"airflow.task.hooks.airflow.providers.apache.spark.hooks.spark_submit.SparkSubmitHook"}
{"timestamp":"2025-07-13T10:53:28.611446","level":"info","event":"25/07/13 10:53:28 INFO MemoryStore: MemoryStore cleared","logger":"airflow.task.hooks.airflow.providers.apache.spark.hooks.spark_submit.SparkSubmitHook"}
{"timestamp":"2025-07-13T10:53:28.611819","level":"info","event":"25/07/13 10:53:28 INFO BlockManager: BlockManager stopped","logger":"airflow.task.hooks.airflow.providers.apache.spark.hooks.spark_submit.SparkSubmitHook"}
{"timestamp":"2025-07-13T10:53:28.620020","level":"info","event":"25/07/13 10:53:28 INFO BlockManagerMaster: BlockManagerMaster stopped","logger":"airflow.task.hooks.airflow.providers.apache.spark.hooks.spark_submit.SparkSubmitHook"}
{"timestamp":"2025-07-13T10:53:28.622639","level":"info","event":"25/07/13 10:53:28 INFO OutputCommitCoordinator$OutputCommitCoordinatorEndpoint: OutputCommitCoordinator stopped!","logger":"airflow.task.hooks.airflow.providers.apache.spark.hooks.spark_submit.SparkSubmitHook"}
{"timestamp":"2025-07-13T10:53:28.680383","level":"info","event":"25/07/13 10:53:28 INFO SparkContext: Successfully stopped SparkContext","logger":"airflow.task.hooks.airflow.providers.apache.spark.hooks.spark_submit.SparkSubmitHook"}
{"timestamp":"2025-07-13T10:53:28.727556","level":"info","event":"INFO:__main__:Spark session stopped","logger":"airflow.task.hooks.airflow.providers.apache.spark.hooks.spark_submit.SparkSubmitHook"}
{"timestamp":"2025-07-13T10:53:28.727751","level":"info","event":"Traceback (most recent call last):","logger":"airflow.task.hooks.airflow.providers.apache.spark.hooks.spark_submit.SparkSubmitHook"}
{"timestamp":"2025-07-13T10:53:28.727814","level":"info","event":"File \"/opt/spark-jobs/spark_job.py\", line 61, in <module>","logger":"airflow.task.hooks.airflow.providers.apache.spark.hooks.spark_submit.SparkSubmitHook"}
{"timestamp":"2025-07-13T10:53:28.732880","level":"info","event":"main()","logger":"airflow.task.hooks.airflow.providers.apache.spark.hooks.spark_submit.SparkSubmitHook"}
{"timestamp":"2025-07-13T10:53:28.733045","level":"info","event":"File \"/opt/spark-jobs/spark_job.py\", line 40, in main","logger":"airflow.task.hooks.airflow.providers.apache.spark.hooks.spark_submit.SparkSubmitHook"}
{"timestamp":"2025-07-13T10:53:28.736260","level":"info","event":".load(\"s3a://activefence-bucket/bbc_tech/land/*.html\")","logger":"airflow.task.hooks.airflow.providers.apache.spark.hooks.spark_submit.SparkSubmitHook"}
{"timestamp":"2025-07-13T10:53:28.736432","level":"info","event":"^^^^^^^^^^^^^^^^^^^^^^^^^^^^^^^^^^^^^^^^^^^^^^^^^^^^^","logger":"airflow.task.hooks.airflow.providers.apache.spark.hooks.spark_submit.SparkSubmitHook"}
{"timestamp":"2025-07-13T10:53:28.736501","level":"info","event":"File \"/home/airflow/.local/lib/python3.12/site-packages/pyspark/python/lib/pyspark.zip/pyspark/sql/readwriter.py\", line 307, in load","logger":"airflow.task.hooks.airflow.providers.apache.spark.hooks.spark_submit.SparkSubmitHook"}
{"timestamp":"2025-07-13T10:53:28.736703","level":"info","event":"File \"/home/airflow/.local/lib/python3.12/site-packages/pyspark/python/lib/py4j-0.10.9.7-src.zip/py4j/java_gateway.py\", line 1322, in __call__","logger":"airflow.task.hooks.airflow.providers.apache.spark.hooks.spark_submit.SparkSubmitHook"}
{"timestamp":"2025-07-13T10:53:28.737313","level":"info","event":"File \"/home/airflow/.local/lib/python3.12/site-packages/pyspark/python/lib/pyspark.zip/pyspark/errors/exceptions/captured.py\", line 185, in deco","logger":"airflow.task.hooks.airflow.providers.apache.spark.hooks.spark_submit.SparkSubmitHook"}
{"timestamp":"2025-07-13T10:53:28.740347","level":"info","event":"pyspark.errors.exceptions.captured.AnalysisException: [PATH_NOT_FOUND] Path does not exist: s3a://activefence-bucket/bbc_tech/land/*.html.","logger":"airflow.task.hooks.airflow.providers.apache.spark.hooks.spark_submit.SparkSubmitHook"}
{"timestamp":"2025-07-13T10:53:28.740464","level":"info","event":"INFO:py4j.clientserver:Closing down clientserver connection","logger":"airflow.task.hooks.airflow.providers.apache.spark.hooks.spark_submit.SparkSubmitHook"}
{"timestamp":"2025-07-13T10:53:28.795282","level":"info","event":"25/07/13 10:53:28 INFO ShutdownHookManager: Shutdown hook called","logger":"airflow.task.hooks.airflow.providers.apache.spark.hooks.spark_submit.SparkSubmitHook"}
{"timestamp":"2025-07-13T10:53:28.796497","level":"info","event":"25/07/13 10:53:28 INFO ShutdownHookManager: Deleting directory /tmp/spark-74dcf7bf-e0fa-4ffa-95a3-1eff6f36dcdf","logger":"airflow.task.hooks.airflow.providers.apache.spark.hooks.spark_submit.SparkSubmitHook"}
{"timestamp":"2025-07-13T10:53:28.803713","level":"info","event":"25/07/13 10:53:28 INFO ShutdownHookManager: Deleting directory /tmp/spark-10a6cb1d-586f-485a-a1a5-6ff9dc53279d","logger":"airflow.task.hooks.airflow.providers.apache.spark.hooks.spark_submit.SparkSubmitHook"}
{"timestamp":"2025-07-13T10:53:28.809863","level":"info","event":"25/07/13 10:53:28 INFO ShutdownHookManager: Deleting directory /tmp/spark-10a6cb1d-586f-485a-a1a5-6ff9dc53279d/pyspark-caad5c1e-f221-4d97-967c-976fc056cb2e","logger":"airflow.task.hooks.airflow.providers.apache.spark.hooks.spark_submit.SparkSubmitHook"}
{"timestamp":"2025-07-13T10:53:28.819154","level":"info","event":"25/07/13 10:53:28 INFO MetricsSystemImpl: Stopping s3a-file-system metrics system...","logger":"airflow.task.hooks.airflow.providers.apache.spark.hooks.spark_submit.SparkSubmitHook"}
{"timestamp":"2025-07-13T10:53:28.819556","level":"info","event":"25/07/13 10:53:28 INFO MetricsSystemImpl: s3a-file-system metrics system stopped.","logger":"airflow.task.hooks.airflow.providers.apache.spark.hooks.spark_submit.SparkSubmitHook"}
{"timestamp":"2025-07-13T10:53:28.819732","level":"info","event":"25/07/13 10:53:28 INFO MetricsSystemImpl: s3a-file-system metrics system shutdown complete.","logger":"airflow.task.hooks.airflow.providers.apache.spark.hooks.spark_submit.SparkSubmitHook"}
{"timestamp":"2025-07-13T10:53:28.884182","level":"error","event":"Task failed with exception","logger":"task","error_detail":[{"exc_type":"AirflowException","exc_value":"Cannot execute: spark-submit --master spark://spark-master:7077 --conf spark.submit.deployMode=client --conf spark.hadoop.fs.s3a.endpoint=http://minio:9000 --conf spark.hadoop.fs.s3a.access.key=ZPnglo5gVhmWx1iC0FdY --conf spark.hadoop.fs.s3a.secret.key=****** --conf spark.hadoop.fs.s3a.path.style.access=true --conf spark.hadoop.fs.s3a.impl=org.apache.hadoop.fs.s3a.S3AFileSystem --conf spark.hadoop.fs.s3a.connection.ssl.enabled=false --conf spark.executor.memory=2g --conf spark.driver.memory=1g --conf spark.executor.cores=2 --packages org.apache.hadoop:hadoop-aws:3.3.4,com.amazonaws:aws-java-sdk-bundle:1.12.520,org.apache.spark:spark-avro_2.12:3.5.0,io.delta:delta-core_2.12:2.4.0 --executor-cores 2 --executor-memory 2g --driver-memory 1g --name minio_processing_job --verbose --deploy-mode client /opt/spark-jobs/spark_job.py. Error code is: 1.","exc_notes":[],"syntax_error":null,"is_cause":false,"frames":[{"filename":"/home/airflow/.local/lib/python3.12/site-packages/airflow/sdk/execution_time/task_runner.py","lineno":867,"name":"run"},{"filename":"/home/airflow/.local/lib/python3.12/site-packages/airflow/sdk/execution_time/task_runner.py","lineno":1159,"name":"_execute_task"},{"filename":"/home/airflow/.local/lib/python3.12/site-packages/airflow/sdk/bases/operator.py","lineno":397,"name":"wrapper"},{"filename":"/home/airflow/.local/lib/python3.12/site-packages/airflow/providers/apache/spark/operators/spark_submit.py","lineno":197,"name":"execute"},{"filename":"/home/airflow/.local/lib/python3.12/site-packages/airflow/providers/apache/spark/hooks/spark_submit.py","lineno":566,"name":"submit"}],"is_group":false,"exceptions":[]}]}
