{"timestamp":"2025-07-15T03:13:36.789031","level":"info","event":"DAG bundles loaded: dags-folder","logger":"airflow.dag_processing.bundles.manager.DagBundlesManager"}
{"timestamp":"2025-07-15T03:13:36.793457","level":"info","event":"Filling up the DagBag from /opt/airflow/dags/activefence.py","logger":"airflow.models.dagbag.DagBag"}
{"timestamp":"2025-07-15T03:13:49.892046Z","level":"error","event":"/home/airflow/.local/lib/python3.12/site-packages/pyspark/bin/load-spark-env.sh: line 68: ps: command not found","chan":"stderr","logger":"task"}
{"timestamp":"2025-07-15T03:13:52.411154Z","level":"info","event":":: loading settings :: url = jar:file:/home/airflow/.local/lib/python3.12/site-packages/pyspark/jars/ivy-2.5.1.jar!/org/apache/ivy/core/settings/ivysettings.xml","chan":"stdout","logger":"task"}
{"timestamp":"2025-07-15T03:13:52.513897Z","level":"error","event":"Ivy Default Cache set to: /home/airflow/.ivy2/cache","chan":"stderr","logger":"task"}
{"timestamp":"2025-07-15T03:13:52.514622Z","level":"error","event":"The jars for the packages stored in: /home/airflow/.ivy2/jars","chan":"stderr","logger":"task"}
{"timestamp":"2025-07-15T03:13:52.518341Z","level":"error","event":"org.apache.hadoop#hadoop-aws added as a dependency","chan":"stderr","logger":"task"}
{"timestamp":"2025-07-15T03:13:52.518996Z","level":"error","event":"com.amazonaws#aws-java-sdk-bundle added as a dependency","chan":"stderr","logger":"task"}
{"timestamp":"2025-07-15T03:13:52.519701Z","level":"error","event":"org.apache.spark#spark-avro_2.12 added as a dependency","chan":"stderr","logger":"task"}
{"timestamp":"2025-07-15T03:13:52.520287Z","level":"error","event":"io.delta#delta-spark_2.12 added as a dependency","chan":"stderr","logger":"task"}
{"timestamp":"2025-07-15T03:13:52.520786Z","level":"error","event":":: resolving dependencies :: org.apache.spark#spark-submit-parent-8364bddb-b123-43f3-b9f2-4bb676e087c2;1.0","chan":"stderr","logger":"task"}
{"timestamp":"2025-07-15T03:13:52.521224Z","level":"error","event":"\tconfs: [default]","chan":"stderr","logger":"task"}
{"timestamp":"2025-07-15T03:13:52.742125Z","level":"error","event":"\tfound org.apache.hadoop#hadoop-aws;3.3.4 in central","chan":"stderr","logger":"task"}
{"timestamp":"2025-07-15T03:13:52.784277Z","level":"error","event":"\tfound org.wildfly.openssl#wildfly-openssl;1.0.7.Final in central","chan":"stderr","logger":"task"}
{"timestamp":"2025-07-15T03:13:52.810433Z","level":"error","event":"\tfound com.amazonaws#aws-java-sdk-bundle;1.12.520 in central","chan":"stderr","logger":"task"}
{"timestamp":"2025-07-15T03:13:52.843973Z","level":"error","event":"\tfound org.apache.spark#spark-avro_2.12;3.5.0 in central","chan":"stderr","logger":"task"}
{"timestamp":"2025-07-15T03:13:52.865580Z","level":"error","event":"\tfound org.tukaani#xz;1.9 in central","chan":"stderr","logger":"task"}
{"timestamp":"2025-07-15T03:13:52.893898Z","level":"error","event":"\tfound io.delta#delta-spark_2.12;3.1.0 in central","chan":"stderr","logger":"task"}
{"timestamp":"2025-07-15T03:13:52.927579Z","level":"error","event":"\tfound io.delta#delta-storage;3.1.0 in central","chan":"stderr","logger":"task"}
{"timestamp":"2025-07-15T03:13:52.951829Z","level":"error","event":"\tfound org.antlr#antlr4-runtime;4.9.3 in central","chan":"stderr","logger":"task"}
{"timestamp":"2025-07-15T03:13:52.997988Z","level":"error","event":":: resolution report :: resolve 457ms :: artifacts dl 21ms","chan":"stderr","logger":"task"}
{"timestamp":"2025-07-15T03:13:52.998628Z","level":"error","event":"\t:: modules in use:","chan":"stderr","logger":"task"}
{"timestamp":"2025-07-15T03:13:52.999129Z","level":"error","event":"\tcom.amazonaws#aws-java-sdk-bundle;1.12.520 from central in [default]","chan":"stderr","logger":"task"}
{"timestamp":"2025-07-15T03:13:52.999567Z","level":"error","event":"\tio.delta#delta-spark_2.12;3.1.0 from central in [default]","chan":"stderr","logger":"task"}
{"timestamp":"2025-07-15T03:13:52.999928Z","level":"error","event":"\tio.delta#delta-storage;3.1.0 from central in [default]","chan":"stderr","logger":"task"}
{"timestamp":"2025-07-15T03:13:53.000348Z","level":"error","event":"\torg.antlr#antlr4-runtime;4.9.3 from central in [default]","chan":"stderr","logger":"task"}
{"timestamp":"2025-07-15T03:13:53.000730Z","level":"error","event":"\torg.apache.hadoop#hadoop-aws;3.3.4 from central in [default]","chan":"stderr","logger":"task"}
{"timestamp":"2025-07-15T03:13:53.001069Z","level":"error","event":"\torg.apache.spark#spark-avro_2.12;3.5.0 from central in [default]","chan":"stderr","logger":"task"}
{"timestamp":"2025-07-15T03:13:53.001394Z","level":"error","event":"\torg.tukaani#xz;1.9 from central in [default]","chan":"stderr","logger":"task"}
{"timestamp":"2025-07-15T03:13:53.001635Z","level":"error","event":"\torg.wildfly.openssl#wildfly-openssl;1.0.7.Final from central in [default]","chan":"stderr","logger":"task"}
{"timestamp":"2025-07-15T03:13:53.001924Z","level":"error","event":"\t:: evicted modules:","chan":"stderr","logger":"task"}
{"timestamp":"2025-07-15T03:13:53.002199Z","level":"error","event":"\tcom.amazonaws#aws-java-sdk-bundle;1.12.262 by [com.amazonaws#aws-java-sdk-bundle;1.12.520] in [default]","chan":"stderr","logger":"task"}
{"timestamp":"2025-07-15T03:13:53.002588Z","level":"error","event":"\t---------------------------------------------------------------------","chan":"stderr","logger":"task"}
{"timestamp":"2025-07-15T03:13:53.003156Z","level":"error","event":"\t|                  |            modules            ||   artifacts   |","chan":"stderr","logger":"task"}
{"timestamp":"2025-07-15T03:13:53.003644Z","level":"error","event":"\t|       conf       | number| search|dwnlded|evicted|| number|dwnlded|","chan":"stderr","logger":"task"}
{"timestamp":"2025-07-15T03:13:53.004506Z","level":"error","event":"\t---------------------------------------------------------------------","chan":"stderr","logger":"task"}
{"timestamp":"2025-07-15T03:13:53.004961Z","level":"error","event":"\t|      default     |   9   |   0   |   0   |   1   ||   8   |   0   |","chan":"stderr","logger":"task"}
{"timestamp":"2025-07-15T03:13:53.005445Z","level":"error","event":"\t---------------------------------------------------------------------","chan":"stderr","logger":"task"}
{"timestamp":"2025-07-15T03:13:53.009468Z","level":"error","event":":: retrieving :: org.apache.spark#spark-submit-parent-8364bddb-b123-43f3-b9f2-4bb676e087c2","chan":"stderr","logger":"task"}
{"timestamp":"2025-07-15T03:13:53.010860Z","level":"error","event":"\tconfs: [default]","chan":"stderr","logger":"task"}
{"timestamp":"2025-07-15T03:13:53.024837Z","level":"error","event":"\t0 artifacts copied, 8 already retrieved (0kB/15ms)","chan":"stderr","logger":"task"}
{"timestamp":"2025-07-15T03:13:53.314237Z","level":"error","event":"25/07/15 03:13:53 WARN NativeCodeLoader: Unable to load native-hadoop library for your platform... using builtin-java classes where applicable","chan":"stderr","logger":"task"}
{"timestamp":"2025-07-15T03:13:53.604384Z","level":"error","event":"Setting default log level to \"WARN\".","chan":"stderr","logger":"task"}
{"timestamp":"2025-07-15T03:13:53.605301Z","level":"error","event":"To adjust logging level use sc.setLogLevel(newLevel). For SparkR, use setLogLevel(newLevel).","chan":"stderr","logger":"task"}
{"timestamp":"2025-07-15T03:13:56.729636","level":"info","event":"Anonymized telemetry enabled. See                     https://docs.trychroma.com/telemetry for more information.","logger":"chromadb.telemetry.product.posthog"}
{"timestamp":"2025-07-15T03:13:59.811970Z","level":"error","event":"25/07/15 03:13:59 WARN MetricsConfig: Cannot locate configuration: tried hadoop-metrics2-s3a-file-system.properties,hadoop-metrics2.properties","chan":"stderr","logger":"task"}
{"timestamp":"2025-07-15T03:14:10.584427Z","level":"error","event":"\r[Stage 0:>                                                          (0 + 1) / 1]\r\r                                                                                \r25/07/15 03:14:10 WARN SparkStringUtils: Truncated the string representation of a plan since it was too large. This behavior can be adjusted by setting 'spark.sql.debug.maxToStringFields'.","chan":"stderr","logger":"task"}
{"timestamp":"2025-07-15T03:14:24.311153","level":"info","event":"Embedded 58 records","logger":"unusual_prefix_0aab8e1abe4a8f324d874f9a30de87ad63865522_activefence"}
{"timestamp":"2025-07-15T03:14:24.312189","level":"info","event":"Done. Returned value was: None","logger":"airflow.task.operators.airflow.providers.standard.operators.python.PythonOperator"}
{"timestamp":"2025-07-15T03:14:25.309054Z","level":"error","event":"\r[Stage 1:>                                                          (0 + 1) / 1]\r\r[Stage 3:>                                                         (0 + 2) / 50]\r\r[Stage 3:====>                                                     (4 + 2) / 50]\r\r[Stage 3:=========>                                                (8 + 2) / 50]\r\r[Stage 3:===============>                                         (14 + 2) / 50]\r\r[Stage 3:====================>                                    (18 + 2) / 50]\r\r[Stage 3:===========================>                             (24 + 2) / 50]\r\r[Stage 3:==================================>                      (30 + 2) / 50]\r\r[Stage 3:=======================================>                 (35 + 2) / 50]\r\r[Stage 3:==============================================>          (41 + 2) / 50]\r\r[Stage 3:=====================================================>   (47 + 2) / 50]\r\r                                                                                \r\r[Stage 5:====>                                                     (4 + 2) / 50]\r\r[Stage 5:===============>                                         (14 + 2) / 50]\r\r[Stage 5:=========================>                               (22 + 2) / 50]\r\r[Stage 5:==================================>                      (30 + 2) / 50]\r\r[Stage 5:=========================================>               (36 + 2) / 50]\r\r[Stage 5:===============================================>         (42 + 2) / 50]\r\r[Stage 5:======================================================>  (48 + 2) / 50]\r\r                                                                                \r\r[Stage 9:>                                                          (0 + 1) / 1]\r\r                                                                                \r\r[Stage 11:===============================================>        (42 + 2) / 50]","chan":"stderr","logger":"task"}
