{"timestamp":"2025-07-13T02:05:54.679900","level":"info","event":"DAG bundles loaded: dags-folder","logger":"airflow.dag_processing.bundles.manager.DagBundlesManager"}
{"timestamp":"2025-07-13T02:05:54.680635","level":"info","event":"Filling up the DagBag from /opt/airflow/dags/main.py","logger":"airflow.models.dagbag.DagBag"}
{"timestamp":"2025-07-13T02:05:55.080088Z","level":"error","event":"/home/airflow/.local/lib/python3.12/site-packages/pyspark/bin/load-spark-env.sh: line 68: ps: command not found","chan":"stderr","logger":"task"}
{"timestamp":"2025-07-13T02:05:56.838179Z","level":"info","event":":: loading settings :: url = jar:file:/home/airflow/.local/lib/python3.12/site-packages/pyspark/jars/ivy-2.5.1.jar!/org/apache/ivy/core/settings/ivysettings.xml","chan":"stdout","logger":"task"}
{"timestamp":"2025-07-13T02:05:56.908574Z","level":"error","event":"Ivy Default Cache set to: /home/airflow/.ivy2/cache","chan":"stderr","logger":"task"}
{"timestamp":"2025-07-13T02:05:56.909290Z","level":"error","event":"The jars for the packages stored in: /home/airflow/.ivy2/jars","chan":"stderr","logger":"task"}
{"timestamp":"2025-07-13T02:05:56.912994Z","level":"error","event":"io.delta#delta-spark_2.12 added as a dependency","chan":"stderr","logger":"task"}
{"timestamp":"2025-07-13T02:05:56.913916Z","level":"error","event":":: resolving dependencies :: org.apache.spark#spark-submit-parent-335019f1-ae62-48f8-a06c-3432c215f6c4;1.0","chan":"stderr","logger":"task"}
{"timestamp":"2025-07-13T02:05:56.914646Z","level":"error","event":"\tconfs: [default]","chan":"stderr","logger":"task"}
{"timestamp":"2025-07-13T02:05:57.039985Z","level":"error","event":"\tfound io.delta#delta-spark_2.12;3.2.0 in central","chan":"stderr","logger":"task"}
{"timestamp":"2025-07-13T02:05:57.071108Z","level":"error","event":"\tfound io.delta#delta-storage;3.2.0 in central","chan":"stderr","logger":"task"}
{"timestamp":"2025-07-13T02:05:57.096468Z","level":"error","event":"\tfound org.antlr#antlr4-runtime;4.9.3 in central","chan":"stderr","logger":"task"}
{"timestamp":"2025-07-13T02:05:57.115802Z","level":"error","event":":: resolution report :: resolve 195ms :: artifacts dl 7ms","chan":"stderr","logger":"task"}
{"timestamp":"2025-07-13T02:05:57.117711Z","level":"error","event":"\t:: modules in use:","chan":"stderr","logger":"task"}
{"timestamp":"2025-07-13T02:05:57.118254Z","level":"error","event":"\tio.delta#delta-spark_2.12;3.2.0 from central in [default]","chan":"stderr","logger":"task"}
{"timestamp":"2025-07-13T02:05:57.118681Z","level":"error","event":"\tio.delta#delta-storage;3.2.0 from central in [default]","chan":"stderr","logger":"task"}
{"timestamp":"2025-07-13T02:05:57.119174Z","level":"error","event":"\torg.antlr#antlr4-runtime;4.9.3 from central in [default]","chan":"stderr","logger":"task"}
{"timestamp":"2025-07-13T02:05:57.119623Z","level":"error","event":"\t---------------------------------------------------------------------","chan":"stderr","logger":"task"}
{"timestamp":"2025-07-13T02:05:57.120088Z","level":"error","event":"\t|                  |            modules            ||   artifacts   |","chan":"stderr","logger":"task"}
{"timestamp":"2025-07-13T02:05:57.120507Z","level":"error","event":"\t|       conf       | number| search|dwnlded|evicted|| number|dwnlded|","chan":"stderr","logger":"task"}
{"timestamp":"2025-07-13T02:05:57.121834Z","level":"error","event":"\t---------------------------------------------------------------------","chan":"stderr","logger":"task"}
{"timestamp":"2025-07-13T02:05:57.122418Z","level":"error","event":"\t|      default     |   3   |   0   |   0   |   0   ||   3   |   0   |","chan":"stderr","logger":"task"}
{"timestamp":"2025-07-13T02:05:57.122886Z","level":"error","event":"\t---------------------------------------------------------------------","chan":"stderr","logger":"task"}
{"timestamp":"2025-07-13T02:05:57.123674Z","level":"error","event":":: retrieving :: org.apache.spark#spark-submit-parent-335019f1-ae62-48f8-a06c-3432c215f6c4","chan":"stderr","logger":"task"}
{"timestamp":"2025-07-13T02:05:57.124110Z","level":"error","event":"\tconfs: [default]","chan":"stderr","logger":"task"}
{"timestamp":"2025-07-13T02:05:57.129748Z","level":"error","event":"\t0 artifacts copied, 3 already retrieved (0kB/6ms)","chan":"stderr","logger":"task"}
{"timestamp":"2025-07-13T02:05:57.294613Z","level":"error","event":"25/07/13 02:05:57 WARN NativeCodeLoader: Unable to load native-hadoop library for your platform... using builtin-java classes where applicable","chan":"stderr","logger":"task"}
{"timestamp":"2025-07-13T02:05:57.466168Z","level":"error","event":"Setting default log level to \"WARN\".","chan":"stderr","logger":"task"}
{"timestamp":"2025-07-13T02:05:57.466942Z","level":"error","event":"To adjust logging level use sc.setLogLevel(newLevel). For SparkR, use setLogLevel(newLevel).","chan":"stderr","logger":"task"}
{"timestamp":"2025-07-13T02:05:59.793877Z","level":"error","event":"25/07/13 02:05:59 WARN FileStreamSink: Assume no metadata directory. Error while looking for metadata directory in the path: s3a://activefence-bucket/bbc_tech/land/*.html.","chan":"stderr","logger":"task"}
{"timestamp":"2025-07-13T02:05:59.794795Z","level":"error","event":"java.lang.RuntimeException: java.lang.ClassNotFoundException: Class org.apache.hadoop.fs.s3a.S3AFileSystem not found","chan":"stderr","logger":"task"}
{"timestamp":"2025-07-13T02:05:59.795301Z","level":"error","event":"\tat org.apache.hadoop.conf.Configuration.getClass(Configuration.java:2688)","chan":"stderr","logger":"task"}
{"timestamp":"2025-07-13T02:05:59.795840Z","level":"error","event":"\tat org.apache.hadoop.fs.FileSystem.getFileSystemClass(FileSystem.java:3431)","chan":"stderr","logger":"task"}
{"timestamp":"2025-07-13T02:05:59.796369Z","level":"error","event":"\tat org.apache.hadoop.fs.FileSystem.createFileSystem(FileSystem.java:3466)","chan":"stderr","logger":"task"}
{"timestamp":"2025-07-13T02:05:59.796998Z","level":"error","event":"\tat org.apache.hadoop.fs.FileSystem.access$300(FileSystem.java:174)","chan":"stderr","logger":"task"}
{"timestamp":"2025-07-13T02:05:59.797722Z","level":"error","event":"\tat org.apache.hadoop.fs.FileSystem$Cache.getInternal(FileSystem.java:3574)","chan":"stderr","logger":"task"}
{"timestamp":"2025-07-13T02:05:59.798375Z","level":"error","event":"\tat org.apache.hadoop.fs.FileSystem$Cache.get(FileSystem.java:3521)","chan":"stderr","logger":"task"}
{"timestamp":"2025-07-13T02:05:59.798999Z","level":"error","event":"\tat org.apache.hadoop.fs.FileSystem.get(FileSystem.java:540)","chan":"stderr","logger":"task"}
{"timestamp":"2025-07-13T02:05:59.799532Z","level":"error","event":"\tat org.apache.hadoop.fs.Path.getFileSystem(Path.java:365)","chan":"stderr","logger":"task"}
{"timestamp":"2025-07-13T02:05:59.800186Z","level":"error","event":"\tat org.apache.spark.sql.execution.streaming.FileStreamSink$.hasMetadata(FileStreamSink.scala:53)","chan":"stderr","logger":"task"}
{"timestamp":"2025-07-13T02:05:59.800845Z","level":"error","event":"\tat org.apache.spark.sql.execution.datasources.DataSource.resolveRelation(DataSource.scala:366)","chan":"stderr","logger":"task"}
{"timestamp":"2025-07-13T02:05:59.801335Z","level":"error","event":"\tat org.apache.spark.sql.DataFrameReader.loadV1Source(DataFrameReader.scala:229)","chan":"stderr","logger":"task"}
{"timestamp":"2025-07-13T02:05:59.801792Z","level":"error","event":"\tat org.apache.spark.sql.DataFrameReader.$anonfun$load$2(DataFrameReader.scala:211)","chan":"stderr","logger":"task"}
{"timestamp":"2025-07-13T02:05:59.802326Z","level":"error","event":"\tat scala.Option.getOrElse(Option.scala:189)","chan":"stderr","logger":"task"}
{"timestamp":"2025-07-13T02:05:59.802957Z","level":"error","event":"\tat org.apache.spark.sql.DataFrameReader.load(DataFrameReader.scala:211)","chan":"stderr","logger":"task"}
{"timestamp":"2025-07-13T02:05:59.803503Z","level":"error","event":"\tat org.apache.spark.sql.DataFrameReader.load(DataFrameReader.scala:186)","chan":"stderr","logger":"task"}
{"timestamp":"2025-07-13T02:05:59.803899Z","level":"error","event":"\tat java.base/jdk.internal.reflect.NativeMethodAccessorImpl.invoke0(Native Method)","chan":"stderr","logger":"task"}
{"timestamp":"2025-07-13T02:05:59.804725Z","level":"error","event":"\tat java.base/jdk.internal.reflect.NativeMethodAccessorImpl.invoke(NativeMethodAccessorImpl.java:77)","chan":"stderr","logger":"task"}
{"timestamp":"2025-07-13T02:05:59.805182Z","level":"error","event":"\tat java.base/jdk.internal.reflect.DelegatingMethodAccessorImpl.invoke(DelegatingMethodAccessorImpl.java:43)","chan":"stderr","logger":"task"}
{"timestamp":"2025-07-13T02:05:59.805628Z","level":"error","event":"\tat java.base/java.lang.reflect.Method.invoke(Method.java:569)","chan":"stderr","logger":"task"}
{"timestamp":"2025-07-13T02:05:59.806072Z","level":"error","event":"\tat py4j.reflection.MethodInvoker.invoke(MethodInvoker.java:244)","chan":"stderr","logger":"task"}
{"timestamp":"2025-07-13T02:05:59.806458Z","level":"error","event":"\tat py4j.reflection.ReflectionEngine.invoke(ReflectionEngine.java:374)","chan":"stderr","logger":"task"}
{"timestamp":"2025-07-13T02:05:59.806918Z","level":"error","event":"\tat py4j.Gateway.invoke(Gateway.java:282)","chan":"stderr","logger":"task"}
{"timestamp":"2025-07-13T02:05:59.807378Z","level":"error","event":"\tat py4j.commands.AbstractCommand.invokeMethod(AbstractCommand.java:132)","chan":"stderr","logger":"task"}
{"timestamp":"2025-07-13T02:05:59.807916Z","level":"error","event":"\tat py4j.commands.CallCommand.execute(CallCommand.java:79)","chan":"stderr","logger":"task"}
{"timestamp":"2025-07-13T02:05:59.808626Z","level":"error","event":"\tat py4j.ClientServerConnection.waitForCommands(ClientServerConnection.java:182)","chan":"stderr","logger":"task"}
{"timestamp":"2025-07-13T02:05:59.809079Z","level":"error","event":"\tat py4j.ClientServerConnection.run(ClientServerConnection.java:106)","chan":"stderr","logger":"task"}
{"timestamp":"2025-07-13T02:05:59.809441Z","level":"error","event":"\tat java.base/java.lang.Thread.run(Thread.java:840)","chan":"stderr","logger":"task"}
{"timestamp":"2025-07-13T02:05:59.809834Z","level":"error","event":"Caused by: java.lang.ClassNotFoundException: Class org.apache.hadoop.fs.s3a.S3AFileSystem not found","chan":"stderr","logger":"task"}
{"timestamp":"2025-07-13T02:05:59.810168Z","level":"error","event":"\tat org.apache.hadoop.conf.Configuration.getClassByName(Configuration.java:2592)","chan":"stderr","logger":"task"}
{"timestamp":"2025-07-13T02:05:59.810692Z","level":"error","event":"\tat org.apache.hadoop.conf.Configuration.getClass(Configuration.java:2686)","chan":"stderr","logger":"task"}
{"timestamp":"2025-07-13T02:05:59.811387Z","level":"error","event":"\t... 26 more","chan":"stderr","logger":"task"}
{"timestamp":"2025-07-13T02:05:59.845764","level":"error","event":"Bronze processing failed: An error occurred while calling o49.load.\n: java.lang.RuntimeException: java.lang.ClassNotFoundException: Class org.apache.hadoop.fs.s3a.S3AFileSystem not found\n\tat org.apache.hadoop.conf.Configuration.getClass(Configuration.java:2688)\n\tat org.apache.hadoop.fs.FileSystem.getFileSystemClass(FileSystem.java:3431)\n\tat org.apache.hadoop.fs.FileSystem.createFileSystem(FileSystem.java:3466)\n\tat org.apache.hadoop.fs.FileSystem.access$300(FileSystem.java:174)\n\tat org.apache.hadoop.fs.FileSystem$Cache.getInternal(FileSystem.java:3574)\n\tat org.apache.hadoop.fs.FileSystem$Cache.get(FileSystem.java:3521)\n\tat org.apache.hadoop.fs.FileSystem.get(FileSystem.java:540)\n\tat org.apache.hadoop.fs.Path.getFileSystem(Path.java:365)\n\tat org.apache.spark.sql.execution.datasources.DataSource$.$anonfun$checkAndGlobPathIfNecessary$1(DataSource.scala:724)\n\tat scala.collection.immutable.List.map(List.scala:293)\n\tat org.apache.spark.sql.execution.datasources.DataSource$.checkAndGlobPathIfNecessary(DataSource.scala:722)\n\tat org.apache.spark.sql.execution.datasources.DataSource.checkAndGlobPathIfNecessary(DataSource.scala:551)\n\tat org.apache.spark.sql.execution.datasources.DataSource.resolveRelation(DataSource.scala:404)\n\tat org.apache.spark.sql.DataFrameReader.loadV1Source(DataFrameReader.scala:229)\n\tat org.apache.spark.sql.DataFrameReader.$anonfun$load$2(DataFrameReader.scala:211)\n\tat scala.Option.getOrElse(Option.scala:189)\n\tat org.apache.spark.sql.DataFrameReader.load(DataFrameReader.scala:211)\n\tat org.apache.spark.sql.DataFrameReader.load(DataFrameReader.scala:186)\n\tat java.base/jdk.internal.reflect.NativeMethodAccessorImpl.invoke0(Native Method)\n\tat java.base/jdk.internal.reflect.NativeMethodAccessorImpl.invoke(NativeMethodAccessorImpl.java:77)\n\tat java.base/jdk.internal.reflect.DelegatingMethodAccessorImpl.invoke(DelegatingMethodAccessorImpl.java:43)\n\tat java.base/java.lang.reflect.Method.invoke(Method.java:569)\n\tat py4j.reflection.MethodInvoker.invoke(MethodInvoker.java:244)\n\tat py4j.reflection.ReflectionEngine.invoke(ReflectionEngine.java:374)\n\tat py4j.Gateway.invoke(Gateway.java:282)\n\tat py4j.commands.AbstractCommand.invokeMethod(AbstractCommand.java:132)\n\tat py4j.commands.CallCommand.execute(CallCommand.java:79)\n\tat py4j.ClientServerConnection.waitForCommands(ClientServerConnection.java:182)\n\tat py4j.ClientServerConnection.run(ClientServerConnection.java:106)\n\tat java.base/java.lang.Thread.run(Thread.java:840)\nCaused by: java.lang.ClassNotFoundException: Class org.apache.hadoop.fs.s3a.S3AFileSystem not found\n\tat org.apache.hadoop.conf.Configuration.getClassByName(Configuration.java:2592)\n\tat org.apache.hadoop.conf.Configuration.getClass(Configuration.java:2686)\n\t... 29 more\n","logger":"unusual_prefix_8f3fa82684731fec338e7a38d6fbf711ac450beb_main"}
{"timestamp":"2025-07-13T02:06:00.352917","level":"error","event":"Task failed with exception","logger":"task","error_detail":[{"exc_type":"Py4JJavaError","exc_value":"An error occurred while calling o49.load.\n: java.lang.RuntimeException: java.lang.ClassNotFoundException: Class org.apache.hadoop.fs.s3a.S3AFileSystem not found\n\tat org.apache.hadoop.conf.Configuration.getClass(Configuration.java:2688)\n\tat org.apache.hadoop.fs.FileSystem.getFileSystemClass(FileSystem.java:3431)\n\tat org.apache.hadoop.fs.FileSystem.createFileSystem(FileSystem.java:3466)\n\tat org.apache.hadoop.fs.FileSystem.access$300(FileSystem.java:174)\n\tat org.apache.hadoop.fs.FileSystem$Cache.getInternal(FileSystem.java:3574)\n\tat org.apache.hadoop.fs.FileSystem$Cache.get(FileSystem.java:3521)\n\tat org.apache.hadoop.fs.FileSystem.get(FileSystem.java:540)\n\tat org.apache.hadoop.fs.Path.getFileSystem(Path.java:365)\n\tat org.apache.spark.sql.execution.datasources.DataSource$.$anonfun$checkAndGlobPathIfNecessary$1(DataSource.scala:724)\n\tat scala.collection.immutable.List.map(List.scala:293)\n\tat org.apache.spark.sql.execution.datasources.DataSource$.checkAndGlobPathIfNecessary(DataSource.scala:722)\n\tat org.apache.spark.sql.execution.datasources.DataSource.checkAndGlobPathIfNecessary(DataSource.scala:551)\n\tat org.apache.spark.sql.execution.datasources.DataSource.resolveRelation(DataSource.scala:404)\n\tat org.apache.spark.sql.DataFrameReader.loadV1Source(DataFrameReader.scala:229)\n\tat org.apache.spark.sql.DataFrameReader.$anonfun$load$2(DataFrameReader.scala:211)\n\tat scala.Option.getOrElse(Option.scala:189)\n\tat org.apache.spark.sql.DataFrameReader.load(DataFrameReader.scala:211)\n\tat org.apache.spark.sql.DataFrameReader.load(DataFrameReader.scala:186)\n\tat java.base/jdk.internal.reflect.NativeMethodAccessorImpl.invoke0(Native Method)\n\tat java.base/jdk.internal.reflect.NativeMethodAccessorImpl.invoke(NativeMethodAccessorImpl.java:77)\n\tat java.base/jdk.internal.reflect.DelegatingMethodAccessorImpl.invoke(DelegatingMethodAccessorImpl.java:43)\n\tat java.base/java.lang.reflect.Method.invoke(Method.java:569)\n\tat py4j.reflection.MethodInvoker.invoke(MethodInvoker.java:244)\n\tat py4j.reflection.ReflectionEngine.invoke(ReflectionEngine.java:374)\n\tat py4j.Gateway.invoke(Gateway.java:282)\n\tat py4j.commands.AbstractCommand.invokeMethod(AbstractCommand.java:132)\n\tat py4j.commands.CallCommand.execute(CallCommand.java:79)\n\tat py4j.ClientServerConnection.waitForCommands(ClientServerConnection.java:182)\n\tat py4j.ClientServerConnection.run(ClientServerConnection.java:106)\n\tat java.base/java.lang.Thread.run(Thread.java:840)\nCaused by: java.lang.ClassNotFoundException: Class org.apache.hadoop.fs.s3a.S3AFileSystem not found\n\tat org.apache.hadoop.conf.Configuration.getClassByName(Configuration.java:2592)\n\tat org.apache.hadoop.conf.Configuration.getClass(Configuration.java:2686)\n\t... 29 more\n","exc_notes":[],"syntax_error":null,"is_cause":false,"frames":[{"filename":"/home/airflow/.local/lib/python3.12/site-packages/airflow/sdk/execution_time/task_runner.py","lineno":867,"name":"run"},{"filename":"/home/airflow/.local/lib/python3.12/site-packages/airflow/sdk/execution_time/task_runner.py","lineno":1159,"name":"_execute_task"},{"filename":"/home/airflow/.local/lib/python3.12/site-packages/airflow/sdk/bases/operator.py","lineno":397,"name":"wrapper"},{"filename":"/home/airflow/.local/lib/python3.12/site-packages/airflow/providers/standard/operators/python.py","lineno":216,"name":"execute"},{"filename":"/home/airflow/.local/lib/python3.12/site-packages/airflow/providers/standard/operators/python.py","lineno":239,"name":"execute_callable"},{"filename":"/home/airflow/.local/lib/python3.12/site-packages/airflow/sdk/execution_time/callback_runner.py","lineno":81,"name":"run"},{"filename":"/opt/airflow/dags/main.py","lineno":136,"name":"process_bronze"},{"filename":"/home/airflow/.local/lib/python3.12/site-packages/pyspark/sql/readwriter.py","lineno":307,"name":"load"},{"filename":"/home/airflow/.local/lib/python3.12/site-packages/py4j/java_gateway.py","lineno":1322,"name":"__call__"},{"filename":"/home/airflow/.local/lib/python3.12/site-packages/pyspark/errors/exceptions/captured.py","lineno":179,"name":"deco"},{"filename":"/home/airflow/.local/lib/python3.12/site-packages/py4j/protocol.py","lineno":326,"name":"get_return_value"}],"is_group":false,"exceptions":[]}]}
