{"timestamp":"2025-07-14T18:05:49.076591","level":"info","event":"DAG bundles loaded: dags-folder","logger":"airflow.dag_processing.bundles.manager.DagBundlesManager"}
{"timestamp":"2025-07-14T18:05:49.077256","level":"info","event":"Filling up the DagBag from /opt/airflow/dags/activefence.py","logger":"airflow.models.dagbag.DagBag"}
{"timestamp":"2025-07-14T18:05:58.045922Z","level":"error","event":"/home/airflow/.local/lib/python3.12/site-packages/pyspark/bin/load-spark-env.sh: line 68: ps: command not found","chan":"stderr","logger":"task"}
{"timestamp":"2025-07-14T18:06:00.217591Z","level":"info","event":":: loading settings :: url = jar:file:/home/airflow/.local/lib/python3.12/site-packages/pyspark/jars/ivy-2.5.1.jar!/org/apache/ivy/core/settings/ivysettings.xml","chan":"stdout","logger":"task"}
{"timestamp":"2025-07-14T18:06:00.398274Z","level":"error","event":"Ivy Default Cache set to: /home/airflow/.ivy2/cache","chan":"stderr","logger":"task"}
{"timestamp":"2025-07-14T18:06:00.400501Z","level":"error","event":"The jars for the packages stored in: /home/airflow/.ivy2/jars","chan":"stderr","logger":"task"}
{"timestamp":"2025-07-14T18:06:00.408446Z","level":"error","event":"org.apache.hadoop#hadoop-aws added as a dependency","chan":"stderr","logger":"task"}
{"timestamp":"2025-07-14T18:06:00.409207Z","level":"error","event":"com.amazonaws#aws-java-sdk-bundle added as a dependency","chan":"stderr","logger":"task"}
{"timestamp":"2025-07-14T18:06:00.409694Z","level":"error","event":"org.apache.spark#spark-avro_2.12 added as a dependency","chan":"stderr","logger":"task"}
{"timestamp":"2025-07-14T18:06:00.409993Z","level":"error","event":"io.delta#delta-spark_2.12 added as a dependency","chan":"stderr","logger":"task"}
{"timestamp":"2025-07-14T18:06:00.410338Z","level":"error","event":":: resolving dependencies :: org.apache.spark#spark-submit-parent-6a543112-abe0-4de5-8953-1265d061642c;1.0","chan":"stderr","logger":"task"}
{"timestamp":"2025-07-14T18:06:00.410928Z","level":"error","event":"\tconfs: [default]","chan":"stderr","logger":"task"}
{"timestamp":"2025-07-14T18:06:00.583867Z","level":"error","event":"\tfound org.apache.hadoop#hadoop-aws;3.3.4 in central","chan":"stderr","logger":"task"}
{"timestamp":"2025-07-14T18:06:00.622354Z","level":"error","event":"\tfound org.wildfly.openssl#wildfly-openssl;1.0.7.Final in central","chan":"stderr","logger":"task"}
{"timestamp":"2025-07-14T18:06:00.636967Z","level":"error","event":"\tfound com.amazonaws#aws-java-sdk-bundle;1.12.520 in central","chan":"stderr","logger":"task"}
{"timestamp":"2025-07-14T18:06:00.668652Z","level":"error","event":"\tfound org.apache.spark#spark-avro_2.12;3.5.0 in central","chan":"stderr","logger":"task"}
{"timestamp":"2025-07-14T18:06:00.683917Z","level":"error","event":"\tfound org.tukaani#xz;1.9 in central","chan":"stderr","logger":"task"}
{"timestamp":"2025-07-14T18:06:00.698771Z","level":"error","event":"\tfound io.delta#delta-spark_2.12;3.1.0 in central","chan":"stderr","logger":"task"}
{"timestamp":"2025-07-14T18:06:00.715158Z","level":"error","event":"\tfound io.delta#delta-storage;3.1.0 in central","chan":"stderr","logger":"task"}
{"timestamp":"2025-07-14T18:06:00.726016Z","level":"error","event":"\tfound org.antlr#antlr4-runtime;4.9.3 in spark-list","chan":"stderr","logger":"task"}
{"timestamp":"2025-07-14T18:06:00.752871Z","level":"error","event":":: resolution report :: resolve 330ms :: artifacts dl 12ms","chan":"stderr","logger":"task"}
{"timestamp":"2025-07-14T18:06:00.753579Z","level":"error","event":"\t:: modules in use:","chan":"stderr","logger":"task"}
{"timestamp":"2025-07-14T18:06:00.754090Z","level":"error","event":"\tcom.amazonaws#aws-java-sdk-bundle;1.12.520 from central in [default]","chan":"stderr","logger":"task"}
{"timestamp":"2025-07-14T18:06:00.754470Z","level":"error","event":"\tio.delta#delta-spark_2.12;3.1.0 from central in [default]","chan":"stderr","logger":"task"}
{"timestamp":"2025-07-14T18:06:00.754714Z","level":"error","event":"\tio.delta#delta-storage;3.1.0 from central in [default]","chan":"stderr","logger":"task"}
{"timestamp":"2025-07-14T18:06:00.754998Z","level":"error","event":"\torg.antlr#antlr4-runtime;4.9.3 from spark-list in [default]","chan":"stderr","logger":"task"}
{"timestamp":"2025-07-14T18:06:00.755223Z","level":"error","event":"\torg.apache.hadoop#hadoop-aws;3.3.4 from central in [default]","chan":"stderr","logger":"task"}
{"timestamp":"2025-07-14T18:06:00.755511Z","level":"error","event":"\torg.apache.spark#spark-avro_2.12;3.5.0 from central in [default]","chan":"stderr","logger":"task"}
{"timestamp":"2025-07-14T18:06:00.755823Z","level":"error","event":"\torg.tukaani#xz;1.9 from central in [default]","chan":"stderr","logger":"task"}
{"timestamp":"2025-07-14T18:06:00.756179Z","level":"error","event":"\torg.wildfly.openssl#wildfly-openssl;1.0.7.Final from central in [default]","chan":"stderr","logger":"task"}
{"timestamp":"2025-07-14T18:06:00.756568Z","level":"error","event":"\t:: evicted modules:","chan":"stderr","logger":"task"}
{"timestamp":"2025-07-14T18:06:00.756971Z","level":"error","event":"\tcom.amazonaws#aws-java-sdk-bundle;1.12.262 by [com.amazonaws#aws-java-sdk-bundle;1.12.520] in [default]","chan":"stderr","logger":"task"}
{"timestamp":"2025-07-14T18:06:00.757376Z","level":"error","event":"\t---------------------------------------------------------------------","chan":"stderr","logger":"task"}
{"timestamp":"2025-07-14T18:06:00.757765Z","level":"error","event":"\t|                  |            modules            ||   artifacts   |","chan":"stderr","logger":"task"}
{"timestamp":"2025-07-14T18:06:00.758245Z","level":"error","event":"\t|       conf       | number| search|dwnlded|evicted|| number|dwnlded|","chan":"stderr","logger":"task"}
{"timestamp":"2025-07-14T18:06:00.758676Z","level":"error","event":"\t---------------------------------------------------------------------","chan":"stderr","logger":"task"}
{"timestamp":"2025-07-14T18:06:00.759076Z","level":"error","event":"\t|      default     |   9   |   0   |   0   |   1   ||   8   |   0   |","chan":"stderr","logger":"task"}
{"timestamp":"2025-07-14T18:06:00.759510Z","level":"error","event":"\t---------------------------------------------------------------------","chan":"stderr","logger":"task"}
{"timestamp":"2025-07-14T18:06:00.760909Z","level":"error","event":":: retrieving :: org.apache.spark#spark-submit-parent-6a543112-abe0-4de5-8953-1265d061642c","chan":"stderr","logger":"task"}
{"timestamp":"2025-07-14T18:06:00.761265Z","level":"error","event":"\tconfs: [default]","chan":"stderr","logger":"task"}
{"timestamp":"2025-07-14T18:06:00.769823Z","level":"error","event":"\t0 artifacts copied, 8 already retrieved (0kB/9ms)","chan":"stderr","logger":"task"}
{"timestamp":"2025-07-14T18:06:00.989076Z","level":"error","event":"25/07/14 18:06:00 WARN NativeCodeLoader: Unable to load native-hadoop library for your platform... using builtin-java classes where applicable","chan":"stderr","logger":"task"}
{"timestamp":"2025-07-14T18:06:01.187994Z","level":"error","event":"Setting default log level to \"WARN\".","chan":"stderr","logger":"task"}
{"timestamp":"2025-07-14T18:06:01.188649Z","level":"error","event":"To adjust logging level use sc.setLogLevel(newLevel). For SparkR, use setLogLevel(newLevel).","chan":"stderr","logger":"task"}
{"timestamp":"2025-07-14T18:06:03.323203","level":"info","event":"Anonymized telemetry enabled. See                     https://docs.trychroma.com/telemetry for more information.","logger":"chromadb.telemetry.product.posthog"}
{"timestamp":"2025-07-14T18:06:04.842887Z","level":"error","event":"25/07/14 18:06:04 WARN MetricsConfig: Cannot locate configuration: tried hadoop-metrics2-s3a-file-system.properties,hadoop-metrics2.properties","chan":"stderr","logger":"task"}
{"timestamp":"2025-07-14T18:06:14.401497Z","level":"error","event":"\r[Stage 0:>                                                          (0 + 1) / 1]\r\r                                                                                \r25/07/14 18:06:14 WARN SparkStringUtils: Truncated the string representation of a plan since it was too large. This behavior can be adjusted by setting 'spark.sql.debug.maxToStringFields'.","chan":"stderr","logger":"task"}
{"timestamp":"2025-07-14T18:06:27.628372","level":"info","event":"Embedded 85 records","logger":"unusual_prefix_0aab8e1abe4a8f324d874f9a30de87ad63865522_activefence"}
{"timestamp":"2025-07-14T18:06:27.628896","level":"info","event":"Done. Returned value was: None","logger":"airflow.task.operators.airflow.providers.standard.operators.python.PythonOperator"}
{"timestamp":"2025-07-14T18:06:28.281875Z","level":"error","event":"\r[Stage 1:>                                                          (0 + 1) / 1]\r\r[Stage 3:>                                                         (0 + 2) / 50]\r\r[Stage 3:==>                                                       (2 + 2) / 50]\r\r[Stage 3:====>                                                     (4 + 2) / 50]\r\r[Stage 3:======>                                                   (6 + 2) / 50]\r\r[Stage 3:=========>                                                (8 + 2) / 50]\r\r[Stage 3:=============>                                           (12 + 2) / 50]\r\r[Stage 3:===============>                                         (14 + 2) / 50]\r\r[Stage 3:====================>                                    (18 + 2) / 50]\r\r[Stage 3:======================>                                  (20 + 2) / 50]\r\r[Stage 3:===========================>                             (24 + 2) / 50]\r\r[Stage 3:===============================>                         (28 + 2) / 50]\r\r[Stage 3:====================================>                    (32 + 2) / 50]\r\r[Stage 3:=========================================>               (36 + 3) / 50]\r\r[Stage 3:===============================================>         (42 + 2) / 50]\r\r[Stage 3:==================================================>      (44 + 2) / 50]\r\r                                                                                \r\r[Stage 5:>                                                         (0 + 2) / 50]\r\r[Stage 5:==>                                                       (2 + 2) / 50]\r\r[Stage 5:=============>                                           (12 + 2) / 50]\r\r[Stage 5:=========================>                               (22 + 3) / 50]\r\r[Stage 5:=========================================>               (36 + 2) / 50]\r\r                                                                                \r\r[Stage 9:>                                                          (0 + 1) / 1]\r\r                                                                                \r\r[Stage 11:===================================================>    (46 + 2) / 50]","chan":"stderr","logger":"task"}
