{"timestamp":"2025-07-14T16:23:48.141387","level":"info","event":"DAG bundles loaded: dags-folder","logger":"airflow.dag_processing.bundles.manager.DagBundlesManager"}
{"timestamp":"2025-07-14T16:23:48.146179","level":"info","event":"Filling up the DagBag from /opt/airflow/dags/activefence.py","logger":"airflow.models.dagbag.DagBag"}
{"timestamp":"2025-07-14T16:24:01.608126Z","level":"error","event":"/home/airflow/.local/lib/python3.12/site-packages/pyspark/bin/load-spark-env.sh: line 68: ps: command not found","chan":"stderr","logger":"task"}
{"timestamp":"2025-07-14T16:24:04.728195Z","level":"info","event":":: loading settings :: url = jar:file:/home/airflow/.local/lib/python3.12/site-packages/pyspark/jars/ivy-2.5.1.jar!/org/apache/ivy/core/settings/ivysettings.xml","chan":"stdout","logger":"task"}
{"timestamp":"2025-07-14T16:24:04.902734Z","level":"error","event":"Ivy Default Cache set to: /home/airflow/.ivy2/cache","chan":"stderr","logger":"task"}
{"timestamp":"2025-07-14T16:24:04.903814Z","level":"error","event":"The jars for the packages stored in: /home/airflow/.ivy2/jars","chan":"stderr","logger":"task"}
{"timestamp":"2025-07-14T16:24:04.911380Z","level":"error","event":"org.apache.hadoop#hadoop-aws added as a dependency","chan":"stderr","logger":"task"}
{"timestamp":"2025-07-14T16:24:04.912770Z","level":"error","event":"com.amazonaws#aws-java-sdk-bundle added as a dependency","chan":"stderr","logger":"task"}
{"timestamp":"2025-07-14T16:24:04.915140Z","level":"error","event":"org.apache.spark#spark-avro_2.12 added as a dependency","chan":"stderr","logger":"task"}
{"timestamp":"2025-07-14T16:24:04.916135Z","level":"error","event":"io.delta#delta-spark_2.12 added as a dependency","chan":"stderr","logger":"task"}
{"timestamp":"2025-07-14T16:24:04.916660Z","level":"error","event":":: resolving dependencies :: org.apache.spark#spark-submit-parent-a8d2c747-6ea5-4558-8719-4db72bcf2028;1.0","chan":"stderr","logger":"task"}
{"timestamp":"2025-07-14T16:24:04.917041Z","level":"error","event":"\tconfs: [default]","chan":"stderr","logger":"task"}
{"timestamp":"2025-07-14T16:24:05.205190Z","level":"error","event":"\tfound org.apache.hadoop#hadoop-aws;3.3.4 in central","chan":"stderr","logger":"task"}
{"timestamp":"2025-07-14T16:24:05.263629Z","level":"error","event":"\tfound org.wildfly.openssl#wildfly-openssl;1.0.7.Final in central","chan":"stderr","logger":"task"}
{"timestamp":"2025-07-14T16:24:05.290633Z","level":"error","event":"\tfound com.amazonaws#aws-java-sdk-bundle;1.12.520 in central","chan":"stderr","logger":"task"}
{"timestamp":"2025-07-14T16:24:05.332432Z","level":"error","event":"\tfound org.apache.spark#spark-avro_2.12;3.5.0 in central","chan":"stderr","logger":"task"}
{"timestamp":"2025-07-14T16:24:05.360445Z","level":"error","event":"\tfound org.tukaani#xz;1.9 in central","chan":"stderr","logger":"task"}
{"timestamp":"2025-07-14T16:24:05.385795Z","level":"error","event":"\tfound io.delta#delta-spark_2.12;3.1.0 in central","chan":"stderr","logger":"task"}
{"timestamp":"2025-07-14T16:24:05.409865Z","level":"error","event":"\tfound io.delta#delta-storage;3.1.0 in central","chan":"stderr","logger":"task"}
{"timestamp":"2025-07-14T16:24:05.438886Z","level":"error","event":"\tfound org.antlr#antlr4-runtime;4.9.3 in central","chan":"stderr","logger":"task"}
{"timestamp":"2025-07-14T16:24:05.498438Z","level":"error","event":":: resolution report :: resolve 551ms :: artifacts dl 32ms","chan":"stderr","logger":"task"}
{"timestamp":"2025-07-14T16:24:05.499424Z","level":"error","event":"\t:: modules in use:","chan":"stderr","logger":"task"}
{"timestamp":"2025-07-14T16:24:05.500000Z","level":"error","event":"\tcom.amazonaws#aws-java-sdk-bundle;1.12.520 from central in [default]","chan":"stderr","logger":"task"}
{"timestamp":"2025-07-14T16:24:05.500383Z","level":"error","event":"\tio.delta#delta-spark_2.12;3.1.0 from central in [default]","chan":"stderr","logger":"task"}
{"timestamp":"2025-07-14T16:24:05.500724Z","level":"error","event":"\tio.delta#delta-storage;3.1.0 from central in [default]","chan":"stderr","logger":"task"}
{"timestamp":"2025-07-14T16:24:05.501021Z","level":"error","event":"\torg.antlr#antlr4-runtime;4.9.3 from central in [default]","chan":"stderr","logger":"task"}
{"timestamp":"2025-07-14T16:24:05.501354Z","level":"error","event":"\torg.apache.hadoop#hadoop-aws;3.3.4 from central in [default]","chan":"stderr","logger":"task"}
{"timestamp":"2025-07-14T16:24:05.501797Z","level":"error","event":"\torg.apache.spark#spark-avro_2.12;3.5.0 from central in [default]","chan":"stderr","logger":"task"}
{"timestamp":"2025-07-14T16:24:05.502215Z","level":"error","event":"\torg.tukaani#xz;1.9 from central in [default]","chan":"stderr","logger":"task"}
{"timestamp":"2025-07-14T16:24:05.502554Z","level":"error","event":"\torg.wildfly.openssl#wildfly-openssl;1.0.7.Final from central in [default]","chan":"stderr","logger":"task"}
{"timestamp":"2025-07-14T16:24:05.502950Z","level":"error","event":"\t:: evicted modules:","chan":"stderr","logger":"task"}
{"timestamp":"2025-07-14T16:24:05.503370Z","level":"error","event":"\tcom.amazonaws#aws-java-sdk-bundle;1.12.262 by [com.amazonaws#aws-java-sdk-bundle;1.12.520] in [default]","chan":"stderr","logger":"task"}
{"timestamp":"2025-07-14T16:24:05.503742Z","level":"error","event":"\t---------------------------------------------------------------------","chan":"stderr","logger":"task"}
{"timestamp":"2025-07-14T16:24:05.504971Z","level":"error","event":"\t|                  |            modules            ||   artifacts   |","chan":"stderr","logger":"task"}
{"timestamp":"2025-07-14T16:24:05.505329Z","level":"error","event":"\t|       conf       | number| search|dwnlded|evicted|| number|dwnlded|","chan":"stderr","logger":"task"}
{"timestamp":"2025-07-14T16:24:05.505759Z","level":"error","event":"\t---------------------------------------------------------------------","chan":"stderr","logger":"task"}
{"timestamp":"2025-07-14T16:24:05.506840Z","level":"error","event":"\t|      default     |   9   |   0   |   0   |   1   ||   8   |   0   |","chan":"stderr","logger":"task"}
{"timestamp":"2025-07-14T16:24:05.507250Z","level":"error","event":"\t---------------------------------------------------------------------","chan":"stderr","logger":"task"}
{"timestamp":"2025-07-14T16:24:05.511890Z","level":"error","event":":: retrieving :: org.apache.spark#spark-submit-parent-a8d2c747-6ea5-4558-8719-4db72bcf2028","chan":"stderr","logger":"task"}
{"timestamp":"2025-07-14T16:24:05.513557Z","level":"error","event":"\tconfs: [default]","chan":"stderr","logger":"task"}
{"timestamp":"2025-07-14T16:24:05.528176Z","level":"error","event":"\t0 artifacts copied, 8 already retrieved (0kB/16ms)","chan":"stderr","logger":"task"}
{"timestamp":"2025-07-14T16:24:05.855068Z","level":"error","event":"25/07/14 16:24:05 WARN NativeCodeLoader: Unable to load native-hadoop library for your platform... using builtin-java classes where applicable","chan":"stderr","logger":"task"}
{"timestamp":"2025-07-14T16:24:06.205851Z","level":"error","event":"Setting default log level to \"WARN\".","chan":"stderr","logger":"task"}
{"timestamp":"2025-07-14T16:24:06.207053Z","level":"error","event":"To adjust logging level use sc.setLogLevel(newLevel). For SparkR, use setLogLevel(newLevel).","chan":"stderr","logger":"task"}
{"timestamp":"2025-07-14T16:24:09.872107","level":"info","event":"Anonymized telemetry enabled. See                     https://docs.trychroma.com/telemetry for more information.","logger":"chromadb.telemetry.product.posthog"}
{"timestamp":"2025-07-14T16:24:13.292884Z","level":"error","event":"25/07/14 16:24:13 WARN MetricsConfig: Cannot locate configuration: tried hadoop-metrics2-s3a-file-system.properties,hadoop-metrics2.properties","chan":"stderr","logger":"task"}
{"timestamp":"2025-07-14T16:24:27.101037Z","level":"info","event":"root","chan":"stdout","logger":"task"}
{"timestamp":"2025-07-14T16:24:27.102414Z","level":"info","event":" |-- article_id: string (nullable = true)","chan":"stdout","logger":"task"}
{"timestamp":"2025-07-14T16:24:27.103134Z","level":"info","event":" |-- title: string (nullable = true)","chan":"stdout","logger":"task"}
{"timestamp":"2025-07-14T16:24:27.103767Z","level":"info","event":" |-- pub_date: date (nullable = true)","chan":"stdout","logger":"task"}
{"timestamp":"2025-07-14T16:24:27.104242Z","level":"info","event":" |-- summary: string (nullable = true)","chan":"stdout","logger":"task"}
{"timestamp":"2025-07-14T16:24:27.104681Z","level":"info","event":" |-- load_timestamp: timestamp_ntz (nullable = true)","chan":"stdout","logger":"task"}
{"timestamp":"2025-07-14T16:24:27.105222Z","level":"info","event":" |-- year_month: string (nullable = true)","chan":"stdout","logger":"task"}
{"timestamp":"2025-07-14T16:24:27.105617Z","level":"info","event":"","chan":"stdout","logger":"task"}
{"timestamp":"2025-07-14T16:24:28.450867Z","level":"error","event":"\r[Stage 0:>                                                          (0 + 2) / 2]\r\r                                                                                \r25/07/14 16:24:28 WARN SparkStringUtils: Truncated the string representation of a plan since it was too large. This behavior can be adjusted by setting 'spark.sql.debug.maxToStringFields'.","chan":"stderr","logger":"task"}
{"timestamp":"2025-07-14T16:24:47.714699","level":"info","event":"Embedded 165 records","logger":"unusual_prefix_0aab8e1abe4a8f324d874f9a30de87ad63865522_activefence"}
{"timestamp":"2025-07-14T16:24:47.715402","level":"info","event":"Done. Returned value was: None","logger":"airflow.task.operators.airflow.providers.standard.operators.python.PythonOperator"}
{"timestamp":"2025-07-14T16:24:48.668357Z","level":"error","event":"\r[Stage 1:>                                                          (0 + 2) / 2]\r\r[Stage 3:>                                                         (0 + 2) / 50]\r\r[Stage 3:==>                                                       (2 + 2) / 50]\r\r[Stage 3:===>                                                      (3 + 2) / 50]\r\r[Stage 3:===>                                                      (3 + 3) / 50]\r\r[Stage 3:====>                                                     (4 + 3) / 50]\r\r[Stage 3:======>                                                   (6 + 2) / 50]\r\r[Stage 3:========>                                                 (7 + 2) / 50]\r\r[Stage 3:===========>                                             (10 + 2) / 50]\r\r[Stage 3:=============>                                           (12 + 2) / 50]\r\r[Stage 3:=================>                                       (15 + 2) / 50]\r\r[Stage 3:===================>                                     (17 + 2) / 50]\r\r[Stage 3:=====================>                                   (19 + 2) / 50]\r\r[Stage 3:==========================>                              (23 + 2) / 50]\r\r[Stage 3:============================>                            (25 + 2) / 50]\r\r[Stage 3:=================================>                       (29 + 2) / 50]\r\r[Stage 3:=====================================>                   (33 + 2) / 50]\r\r[Stage 3:==========================================>              (37 + 2) / 50]\r\r[Stage 3:==============================================>          (41 + 2) / 50]\r\r[Stage 3:===================================================>     (45 + 2) / 50]\r\r[Stage 3:=======================================================> (49 + 1) / 50]\r\r                                                                                \r\r[Stage 8:=================>                                       (15 + 2) / 50]\r\r[Stage 8:=================================>                       (29 + 2) / 50]\r\r[Stage 8:=================================================>       (43 + 2) / 50]\r\r                                                                                \r\r[Stage 9:>                                                          (0 + 2) / 2]","chan":"stderr","logger":"task"}
