{"timestamp":"2025-08-01T08:01:17.488445","level":"warning","event":"\n        OpenLineage support for Airflow version 3.0.2 is REMOVED.\n        For Airflow 2.7 and later, use the native Airflow Openlineage provider package.\n        Documentation can be found at https://airflow.apache.org/docs/apache-airflow-providers-openlineage\n        ","logger":"root"}
{"timestamp":"2025-08-01T08:01:17.635441","level":"warning","event":"No module named 'airflow.providers.dbt'","logger":"openlineage.airflow.utils"}
{"timestamp":"2025-08-01T08:01:17.638323","level":"info","event":"DAG bundles loaded: dags-folder","logger":"airflow.dag_processing.bundles.manager.DagBundlesManager"}
{"timestamp":"2025-08-01T08:01:17.638596","level":"info","event":"Filling up the DagBag from /opt/airflow/dags/activefence.py","logger":"airflow.models.dagbag.DagBag"}
{"timestamp":"2025-08-01T08:01:19.330532","level":"info","event":"Saved RSS feed","logger":"unusual_prefix_0aab8e1abe4a8f324d874f9a30de87ad63865522_activefence"}
{"timestamp":"2025-08-01T08:01:20.707794","level":"info","event":"Scraped and uploaded: https://www.bbc.com/news/articles/cj3l0e4vr0ko?at_medium=RSS&at_campaign=rss","logger":"unusual_prefix_0aab8e1abe4a8f324d874f9a30de87ad63865522_activefence"}
{"timestamp":"2025-08-01T08:01:21.167684","level":"info","event":"Scraped and uploaded: https://www.bbc.com/news/articles/cqlernrw62yo?at_medium=RSS&at_campaign=rss","logger":"unusual_prefix_0aab8e1abe4a8f324d874f9a30de87ad63865522_activefence"}
{"timestamp":"2025-08-01T08:01:21.248547","level":"info","event":"Scraped and uploaded: https://www.bbc.com/news/articles/c5y2xx6z6eko?at_medium=RSS&at_campaign=rss","logger":"unusual_prefix_0aab8e1abe4a8f324d874f9a30de87ad63865522_activefence"}
{"timestamp":"2025-08-01T08:01:21.251757","level":"info","event":"Scraped and uploaded: https://www.bbc.com/news/articles/c9d0l40v551o?at_medium=RSS&at_campaign=rss","logger":"unusual_prefix_0aab8e1abe4a8f324d874f9a30de87ad63865522_activefence"}
{"timestamp":"2025-08-01T08:01:21.340745","level":"info","event":"Scraped and uploaded: https://www.bbc.com/news/articles/c93d7qlp974o?at_medium=RSS&at_campaign=rss","logger":"unusual_prefix_0aab8e1abe4a8f324d874f9a30de87ad63865522_activefence"}
{"timestamp":"2025-08-01T08:01:22.246110","level":"info","event":"Scraped and uploaded: https://www.bbc.com/news/articles/cd0dgkjgzvjo?at_medium=RSS&at_campaign=rss","logger":"unusual_prefix_0aab8e1abe4a8f324d874f9a30de87ad63865522_activefence"}
{"timestamp":"2025-08-01T08:01:22.739120","level":"info","event":"Scraped and uploaded: https://www.bbc.com/news/articles/cpv0zkxx0njo?at_medium=RSS&at_campaign=rss","logger":"unusual_prefix_0aab8e1abe4a8f324d874f9a30de87ad63865522_activefence"}
{"timestamp":"2025-08-01T08:01:22.892699","level":"info","event":"Scraped and uploaded: https://www.bbc.com/news/articles/cgery3eeqzxo?at_medium=RSS&at_campaign=rss","logger":"unusual_prefix_0aab8e1abe4a8f324d874f9a30de87ad63865522_activefence"}
{"timestamp":"2025-08-01T08:01:23.023582","level":"info","event":"Scraped and uploaded: https://www.bbc.com/news/articles/clyj4zky4zwo?at_medium=RSS&at_campaign=rss","logger":"unusual_prefix_0aab8e1abe4a8f324d874f9a30de87ad63865522_activefence"}
{"timestamp":"2025-08-01T08:01:23.060537","level":"info","event":"Scraped and uploaded: https://www.bbc.com/news/articles/cvg3lgdv3r7o?at_medium=RSS&at_campaign=rss","logger":"unusual_prefix_0aab8e1abe4a8f324d874f9a30de87ad63865522_activefence"}
{"timestamp":"2025-08-01T08:01:23.455082","level":"info","event":"Scraped and uploaded: https://www.bbc.com/news/articles/cvg8z2mx508o?at_medium=RSS&at_campaign=rss","logger":"unusual_prefix_0aab8e1abe4a8f324d874f9a30de87ad63865522_activefence"}
{"timestamp":"2025-08-01T08:01:23.984666","level":"info","event":"Scraped and uploaded: https://www.bbc.com/news/articles/c7vl57n74pqo?at_medium=RSS&at_campaign=rss","logger":"unusual_prefix_0aab8e1abe4a8f324d874f9a30de87ad63865522_activefence"}
{"timestamp":"2025-08-01T08:01:24.488190","level":"info","event":"Scraped and uploaded: https://www.bbc.com/news/articles/c24v4dl5r16o?at_medium=RSS&at_campaign=rss","logger":"unusual_prefix_0aab8e1abe4a8f324d874f9a30de87ad63865522_activefence"}
{"timestamp":"2025-08-01T08:01:24.537096","level":"info","event":"Scraped and uploaded: https://www.bbc.com/news/articles/cx2q8qw0q0go?at_medium=RSS&at_campaign=rss","logger":"unusual_prefix_0aab8e1abe4a8f324d874f9a30de87ad63865522_activefence"}
{"timestamp":"2025-08-01T08:01:24.579664","level":"info","event":"Scraped and uploaded: https://www.bbc.com/news/articles/c77v2kx304go?at_medium=RSS&at_campaign=rss","logger":"unusual_prefix_0aab8e1abe4a8f324d874f9a30de87ad63865522_activefence"}
{"timestamp":"2025-08-01T08:01:25.038168","level":"info","event":"Scraped and uploaded: https://www.bbc.com/news/articles/czdv68gejm7o?at_medium=RSS&at_campaign=rss","logger":"unusual_prefix_0aab8e1abe4a8f324d874f9a30de87ad63865522_activefence"}
{"timestamp":"2025-08-01T08:01:25.220384","level":"info","event":"Scraped and uploaded: https://www.bbc.com/news/articles/cd78lvd94zyo?at_medium=RSS&at_campaign=rss","logger":"unusual_prefix_0aab8e1abe4a8f324d874f9a30de87ad63865522_activefence"}
{"timestamp":"2025-08-01T08:01:25.713595","level":"info","event":"Scraped and uploaded: https://www.bbc.com/news/articles/c30741j351go?at_medium=RSS&at_campaign=rss","logger":"unusual_prefix_0aab8e1abe4a8f324d874f9a30de87ad63865522_activefence"}
{"timestamp":"2025-08-01T08:01:25.739352","level":"info","event":"Scraped and uploaded: https://www.bbc.com/news/articles/cx2jmledvr3o?at_medium=RSS&at_campaign=rss","logger":"unusual_prefix_0aab8e1abe4a8f324d874f9a30de87ad63865522_activefence"}
{"timestamp":"2025-08-01T08:01:25.803643","level":"info","event":"Scraped and uploaded: https://www.bbc.com/news/articles/c9vr4rymlw9o?at_medium=RSS&at_campaign=rss","logger":"unusual_prefix_0aab8e1abe4a8f324d874f9a30de87ad63865522_activefence"}
{"timestamp":"2025-08-01T08:01:26.428554","level":"info","event":"Scraped and uploaded: https://www.bbc.com/news/articles/ceq7ye3q2zwo?at_medium=RSS&at_campaign=rss","logger":"unusual_prefix_0aab8e1abe4a8f324d874f9a30de87ad63865522_activefence"}
{"timestamp":"2025-08-01T08:01:26.645910","level":"info","event":"Scraped and uploaded: https://www.bbc.com/news/articles/cql0ple066po?at_medium=RSS&at_campaign=rss","logger":"unusual_prefix_0aab8e1abe4a8f324d874f9a30de87ad63865522_activefence"}
{"timestamp":"2025-08-01T08:01:27.038633","level":"info","event":"Scraped and uploaded: https://www.bbc.com/news/articles/cy8g22n32d0o?at_medium=RSS&at_campaign=rss","logger":"unusual_prefix_0aab8e1abe4a8f324d874f9a30de87ad63865522_activefence"}
{"timestamp":"2025-08-01T08:01:27.892106","level":"info","event":"Scraped and uploaded: https://www.bbc.com/news/articles/c07d2dyx19zo?at_medium=RSS&at_campaign=rss","logger":"unusual_prefix_0aab8e1abe4a8f324d874f9a30de87ad63865522_activefence"}
{"timestamp":"2025-08-01T08:01:28.065670","level":"info","event":"Scraped and uploaded: https://www.bbc.com/news/articles/cp8mp79gyz1o?at_medium=RSS&at_campaign=rss","logger":"unusual_prefix_0aab8e1abe4a8f324d874f9a30de87ad63865522_activefence"}
{"timestamp":"2025-08-01T08:01:28.269046","level":"info","event":"Scraped and uploaded: https://www.bbc.com/news/articles/c1e02vx55wpo?at_medium=RSS&at_campaign=rss","logger":"unusual_prefix_0aab8e1abe4a8f324d874f9a30de87ad63865522_activefence"}
{"timestamp":"2025-08-01T08:01:29.029921","level":"info","event":"Scraped and uploaded: https://www.bbc.com/news/articles/crmvl3remg2o?at_medium=RSS&at_campaign=rss","logger":"unusual_prefix_0aab8e1abe4a8f324d874f9a30de87ad63865522_activefence"}
{"timestamp":"2025-08-01T08:01:29.292565","level":"info","event":"Scraped and uploaded: https://www.bbc.com/news/articles/cy5w2k5k5ylo?at_medium=RSS&at_campaign=rss","logger":"unusual_prefix_0aab8e1abe4a8f324d874f9a30de87ad63865522_activefence"}
{"timestamp":"2025-08-01T08:01:29.293096","level":"info","event":"Scraped and uploaded: https://www.bbc.com/news/articles/cj4ep1znk4zo?at_medium=RSS&at_campaign=rss","logger":"unusual_prefix_0aab8e1abe4a8f324d874f9a30de87ad63865522_activefence"}
{"timestamp":"2025-08-01T08:01:30.202518","level":"info","event":"Scraped and uploaded: https://www.bbc.com/news/articles/cp82447l84ko?at_medium=RSS&at_campaign=rss","logger":"unusual_prefix_0aab8e1abe4a8f324d874f9a30de87ad63865522_activefence"}
{"timestamp":"2025-08-01T08:01:30.338829","level":"info","event":"Scraped and uploaded: https://www.bbc.com/news/articles/cz7l29zved9o?at_medium=RSS&at_campaign=rss","logger":"unusual_prefix_0aab8e1abe4a8f324d874f9a30de87ad63865522_activefence"}
{"timestamp":"2025-08-01T08:01:30.494468","level":"info","event":"Scraped and uploaded: https://www.bbc.co.uk/sounds/play/w3ct6zp1?at_medium=RSS&at_campaign=rss","logger":"unusual_prefix_0aab8e1abe4a8f324d874f9a30de87ad63865522_activefence"}
{"timestamp":"2025-08-01T08:01:30.947592","level":"info","event":"Scraped and uploaded: https://www.bbc.co.uk/iplayer/episode/m002gm6k?at_medium=RSS&at_campaign=rss","logger":"unusual_prefix_0aab8e1abe4a8f324d874f9a30de87ad63865522_activefence"}
{"timestamp":"2025-08-01T08:01:31.396153","level":"info","event":"Scraped and uploaded: https://www.bbc.co.uk/sounds/play/w3ct6zp0?at_medium=RSS&at_campaign=rss","logger":"unusual_prefix_0aab8e1abe4a8f324d874f9a30de87ad63865522_activefence"}
{"timestamp":"2025-08-01T08:01:31.414312","level":"info","event":"Scraped and uploaded: https://www.bbc.com/news/articles/cwykgrv374eo?at_medium=RSS&at_campaign=rss","logger":"unusual_prefix_0aab8e1abe4a8f324d874f9a30de87ad63865522_activefence"}
{"timestamp":"2025-08-01T08:01:32.048084","level":"info","event":"Scraped and uploaded: https://www.bbc.co.uk/iplayer/episode/m002g8zw?at_medium=RSS&at_campaign=rss","logger":"unusual_prefix_0aab8e1abe4a8f324d874f9a30de87ad63865522_activefence"}
{"timestamp":"2025-08-01T08:01:32.126520","level":"info","event":"Scraped and uploaded: https://www.bbc.co.uk/sounds/play/w3ct6znz?at_medium=RSS&at_campaign=rss","logger":"unusual_prefix_0aab8e1abe4a8f324d874f9a30de87ad63865522_activefence"}
{"timestamp":"2025-08-01T08:01:32.574808","level":"info","event":"Scraped and uploaded: https://www.bbc.co.uk/sounds/play/w3ct6zny?at_medium=RSS&at_campaign=rss","logger":"unusual_prefix_0aab8e1abe4a8f324d874f9a30de87ad63865522_activefence"}
{"timestamp":"2025-08-01T08:01:32.581398","level":"info","event":"Scraped and uploaded: https://www.bbc.com/news/videos/cn5kn3dln3ko?at_medium=RSS&at_campaign=rss","logger":"unusual_prefix_0aab8e1abe4a8f324d874f9a30de87ad63865522_activefence"}
{"timestamp":"2025-08-01T08:01:33.189140","level":"info","event":"Scraped and uploaded: https://www.bbc.co.uk/iplayer/episode/m002fzws?at_medium=RSS&at_campaign=rss","logger":"unusual_prefix_0aab8e1abe4a8f324d874f9a30de87ad63865522_activefence"}
{"timestamp":"2025-08-01T08:01:33.790910","level":"info","event":"Scraped and uploaded: https://www.bbc.com/news/articles/c5yeyn4gl80o?at_medium=RSS&at_campaign=rss","logger":"unusual_prefix_0aab8e1abe4a8f324d874f9a30de87ad63865522_activefence"}
{"timestamp":"2025-08-01T08:01:33.823402","level":"info","event":"Scraped and uploaded: https://www.bbc.com/news/articles/cj6r06d7xdjo?at_medium=RSS&at_campaign=rss","logger":"unusual_prefix_0aab8e1abe4a8f324d874f9a30de87ad63865522_activefence"}
{"timestamp":"2025-08-01T08:01:34.096028","level":"info","event":"Scraped and uploaded: https://www.bbc.com/news/articles/ce3nw5vnzgpo?at_medium=RSS&at_campaign=rss","logger":"unusual_prefix_0aab8e1abe4a8f324d874f9a30de87ad63865522_activefence"}
{"timestamp":"2025-08-01T08:01:34.403679","level":"info","event":"Scraped and uploaded: https://www.bbc.com/news/articles/c4g2ezl7xqyo?at_medium=RSS&at_campaign=rss","logger":"unusual_prefix_0aab8e1abe4a8f324d874f9a30de87ad63865522_activefence"}
{"timestamp":"2025-08-01T08:01:34.664307","level":"info","event":"Scraped and uploaded: https://www.bbc.com/news/articles/c4g83dpeendo?at_medium=RSS&at_campaign=rss","logger":"unusual_prefix_0aab8e1abe4a8f324d874f9a30de87ad63865522_activefence"}
{"timestamp":"2025-08-01T08:01:35.069711","level":"info","event":"Scraped and uploaded: https://www.bbc.com/news/articles/cqx2jz1l477o?at_medium=RSS&at_campaign=rss","logger":"unusual_prefix_0aab8e1abe4a8f324d874f9a30de87ad63865522_activefence"}
{"timestamp":"2025-08-01T08:01:35.332659","level":"info","event":"Scraped and uploaded: https://www.bbc.com/weather/articles/cwy6ykp7049o?at_medium=RSS&at_campaign=rss","logger":"unusual_prefix_0aab8e1abe4a8f324d874f9a30de87ad63865522_activefence"}
{"timestamp":"2025-08-01T08:01:35.668170","level":"info","event":"Scraped and uploaded: https://www.bbc.com/news/articles/cm234l04xmro?at_medium=RSS&at_campaign=rss","logger":"unusual_prefix_0aab8e1abe4a8f324d874f9a30de87ad63865522_activefence"}
{"timestamp":"2025-08-01T08:01:36.290094","level":"info","event":"Scraped and uploaded: https://www.bbc.com/news/articles/c0qg3ylx2g9o?at_medium=RSS&at_campaign=rss","logger":"unusual_prefix_0aab8e1abe4a8f324d874f9a30de87ad63865522_activefence"}
{"timestamp":"2025-08-01T08:01:36.485995","level":"info","event":"Scraped and uploaded: https://www.bbc.com/news/articles/cz9y1l397vno?at_medium=RSS&at_campaign=rss","logger":"unusual_prefix_0aab8e1abe4a8f324d874f9a30de87ad63865522_activefence"}
{"timestamp":"2025-08-01T08:01:36.883758","level":"info","event":"Scraped and uploaded: https://www.bbc.com/news/articles/clynkqw236po?at_medium=RSS&at_campaign=rss","logger":"unusual_prefix_0aab8e1abe4a8f324d874f9a30de87ad63865522_activefence"}
{"timestamp":"2025-08-01T08:01:37.310544","level":"info","event":"Scraped and uploaded: https://www.bbc.com/news/articles/c5y5zg85wnlo?at_medium=RSS&at_campaign=rss","logger":"unusual_prefix_0aab8e1abe4a8f324d874f9a30de87ad63865522_activefence"}
{"timestamp":"2025-08-01T08:01:37.319461","level":"info","event":"Scraped and uploaded: https://www.bbc.com/news/articles/c79ewz7qej4o?at_medium=RSS&at_campaign=rss","logger":"unusual_prefix_0aab8e1abe4a8f324d874f9a30de87ad63865522_activefence"}
{"timestamp":"2025-08-01T08:01:37.513297","level":"info","event":"Scraped and uploaded: https://www.bbc.com/news/articles/c20xlqn0e5po?at_medium=RSS&at_campaign=rss","logger":"unusual_prefix_0aab8e1abe4a8f324d874f9a30de87ad63865522_activefence"}
{"timestamp":"2025-08-01T08:01:38.071517","level":"info","event":"Scraped and uploaded: https://www.bbc.co.uk/bitesize/articles/z2b7rmn?at_medium=RSS&at_campaign=rss","logger":"unusual_prefix_0aab8e1abe4a8f324d874f9a30de87ad63865522_activefence"}
{"timestamp":"2025-08-01T08:01:38.515692","level":"info","event":"Scraped and uploaded: https://www.bbc.com/news/articles/czrve1zrlg3o?at_medium=RSS&at_campaign=rss","logger":"unusual_prefix_0aab8e1abe4a8f324d874f9a30de87ad63865522_activefence"}
{"timestamp":"2025-08-01T08:01:38.529359","level":"info","event":"Scraped and uploaded: https://www.bbc.com/news/articles/c62g6vdl3vqo?at_medium=RSS&at_campaign=rss","logger":"unusual_prefix_0aab8e1abe4a8f324d874f9a30de87ad63865522_activefence"}
{"timestamp":"2025-08-01T08:01:38.736281","level":"info","event":"Scraped and uploaded: https://www.bbc.com/news/articles/c7vnyn17p57o?at_medium=RSS&at_campaign=rss","logger":"unusual_prefix_0aab8e1abe4a8f324d874f9a30de87ad63865522_activefence"}
{"timestamp":"2025-08-01T08:01:38.754080","level":"info","event":"Scraped and uploaded: https://www.bbc.com/news/articles/cpdzjev2d9wo?at_medium=RSS&at_campaign=rss","logger":"unusual_prefix_0aab8e1abe4a8f324d874f9a30de87ad63865522_activefence"}
{"timestamp":"2025-08-01T08:01:39.335194","level":"info","event":"Scraped and uploaded: https://www.bbc.com/news/articles/cql6vgwyv4xo?at_medium=RSS&at_campaign=rss","logger":"unusual_prefix_0aab8e1abe4a8f324d874f9a30de87ad63865522_activefence"}
{"timestamp":"2025-08-01T08:01:39.337990","level":"info","event":"Done. Returned value was: None","logger":"airflow.task.operators.airflow.providers.standard.operators.python.PythonOperator"}
