{"timestamp":"2025-07-14T10:35:57.236062","level":"info","event":"DAG bundles loaded: dags-folder","logger":"airflow.dag_processing.bundles.manager.DagBundlesManager"}
{"timestamp":"2025-07-14T10:35:57.236810","level":"info","event":"Filling up the DagBag from /opt/airflow/dags/activefence.py","logger":"airflow.models.dagbag.DagBag"}
{"timestamp":"2025-07-14T10:36:05.689562Z","level":"error","event":"/home/airflow/.local/lib/python3.12/site-packages/pyspark/bin/load-spark-env.sh: line 68: ps: command not found","chan":"stderr","logger":"task"}
{"timestamp":"2025-07-14T10:36:07.354868Z","level":"info","event":":: loading settings :: url = jar:file:/home/airflow/.local/lib/python3.12/site-packages/pyspark/jars/ivy-2.5.1.jar!/org/apache/ivy/core/settings/ivysettings.xml","chan":"stdout","logger":"task"}
{"timestamp":"2025-07-14T10:36:07.427032Z","level":"error","event":"Ivy Default Cache set to: /home/airflow/.ivy2/cache","chan":"stderr","logger":"task"}
{"timestamp":"2025-07-14T10:36:07.427636Z","level":"error","event":"The jars for the packages stored in: /home/airflow/.ivy2/jars","chan":"stderr","logger":"task"}
{"timestamp":"2025-07-14T10:36:07.431012Z","level":"error","event":"org.apache.hadoop#hadoop-aws added as a dependency","chan":"stderr","logger":"task"}
{"timestamp":"2025-07-14T10:36:07.431919Z","level":"error","event":"com.amazonaws#aws-java-sdk-bundle added as a dependency","chan":"stderr","logger":"task"}
{"timestamp":"2025-07-14T10:36:07.432427Z","level":"error","event":"org.apache.spark#spark-avro_2.12 added as a dependency","chan":"stderr","logger":"task"}
{"timestamp":"2025-07-14T10:36:07.432902Z","level":"error","event":"io.delta#delta-spark_2.12 added as a dependency","chan":"stderr","logger":"task"}
{"timestamp":"2025-07-14T10:36:07.433254Z","level":"error","event":":: resolving dependencies :: org.apache.spark#spark-submit-parent-c5a35ea4-c9b3-48d3-917a-6ac8ef911a0c;1.0","chan":"stderr","logger":"task"}
{"timestamp":"2025-07-14T10:36:07.433680Z","level":"error","event":"\tconfs: [default]","chan":"stderr","logger":"task"}
{"timestamp":"2025-07-14T10:36:07.596323Z","level":"error","event":"\tfound org.apache.hadoop#hadoop-aws;3.3.4 in central","chan":"stderr","logger":"task"}
{"timestamp":"2025-07-14T10:36:07.639444Z","level":"error","event":"\tfound org.wildfly.openssl#wildfly-openssl;1.0.7.Final in central","chan":"stderr","logger":"task"}
{"timestamp":"2025-07-14T10:36:07.662121Z","level":"error","event":"\tfound com.amazonaws#aws-java-sdk-bundle;1.12.520 in central","chan":"stderr","logger":"task"}
{"timestamp":"2025-07-14T10:36:07.697091Z","level":"error","event":"\tfound org.apache.spark#spark-avro_2.12;3.5.0 in central","chan":"stderr","logger":"task"}
{"timestamp":"2025-07-14T10:36:07.715654Z","level":"error","event":"\tfound org.tukaani#xz;1.9 in central","chan":"stderr","logger":"task"}
{"timestamp":"2025-07-14T10:36:07.739861Z","level":"error","event":"\tfound io.delta#delta-spark_2.12;3.1.0 in central","chan":"stderr","logger":"task"}
{"timestamp":"2025-07-14T10:36:07.760663Z","level":"error","event":"\tfound io.delta#delta-storage;3.1.0 in central","chan":"stderr","logger":"task"}
{"timestamp":"2025-07-14T10:36:07.782494Z","level":"error","event":"\tfound org.antlr#antlr4-runtime;4.9.3 in central","chan":"stderr","logger":"task"}
{"timestamp":"2025-07-14T10:36:07.814526Z","level":"error","event":":: resolution report :: resolve 367ms :: artifacts dl 15ms","chan":"stderr","logger":"task"}
{"timestamp":"2025-07-14T10:36:07.815238Z","level":"error","event":"\t:: modules in use:","chan":"stderr","logger":"task"}
{"timestamp":"2025-07-14T10:36:07.815827Z","level":"error","event":"\tcom.amazonaws#aws-java-sdk-bundle;1.12.520 from central in [default]","chan":"stderr","logger":"task"}
{"timestamp":"2025-07-14T10:36:07.816238Z","level":"error","event":"\tio.delta#delta-spark_2.12;3.1.0 from central in [default]","chan":"stderr","logger":"task"}
{"timestamp":"2025-07-14T10:36:07.816623Z","level":"error","event":"\tio.delta#delta-storage;3.1.0 from central in [default]","chan":"stderr","logger":"task"}
{"timestamp":"2025-07-14T10:36:07.817818Z","level":"error","event":"\torg.antlr#antlr4-runtime;4.9.3 from central in [default]","chan":"stderr","logger":"task"}
{"timestamp":"2025-07-14T10:36:07.818249Z","level":"error","event":"\torg.apache.hadoop#hadoop-aws;3.3.4 from central in [default]","chan":"stderr","logger":"task"}
{"timestamp":"2025-07-14T10:36:07.818650Z","level":"error","event":"\torg.apache.spark#spark-avro_2.12;3.5.0 from central in [default]","chan":"stderr","logger":"task"}
{"timestamp":"2025-07-14T10:36:07.819110Z","level":"error","event":"\torg.tukaani#xz;1.9 from central in [default]","chan":"stderr","logger":"task"}
{"timestamp":"2025-07-14T10:36:07.819518Z","level":"error","event":"\torg.wildfly.openssl#wildfly-openssl;1.0.7.Final from central in [default]","chan":"stderr","logger":"task"}
{"timestamp":"2025-07-14T10:36:07.819872Z","level":"error","event":"\t:: evicted modules:","chan":"stderr","logger":"task"}
{"timestamp":"2025-07-14T10:36:07.820294Z","level":"error","event":"\tcom.amazonaws#aws-java-sdk-bundle;1.12.262 by [com.amazonaws#aws-java-sdk-bundle;1.12.520] in [default]","chan":"stderr","logger":"task"}
{"timestamp":"2025-07-14T10:36:07.820743Z","level":"error","event":"\t---------------------------------------------------------------------","chan":"stderr","logger":"task"}
{"timestamp":"2025-07-14T10:36:07.821228Z","level":"error","event":"\t|                  |            modules            ||   artifacts   |","chan":"stderr","logger":"task"}
{"timestamp":"2025-07-14T10:36:07.821704Z","level":"error","event":"\t|       conf       | number| search|dwnlded|evicted|| number|dwnlded|","chan":"stderr","logger":"task"}
{"timestamp":"2025-07-14T10:36:07.822181Z","level":"error","event":"\t---------------------------------------------------------------------","chan":"stderr","logger":"task"}
{"timestamp":"2025-07-14T10:36:07.822998Z","level":"error","event":"\t|      default     |   9   |   0   |   0   |   1   ||   8   |   0   |","chan":"stderr","logger":"task"}
{"timestamp":"2025-07-14T10:36:07.823531Z","level":"error","event":"\t---------------------------------------------------------------------","chan":"stderr","logger":"task"}
{"timestamp":"2025-07-14T10:36:07.829351Z","level":"error","event":":: retrieving :: org.apache.spark#spark-submit-parent-c5a35ea4-c9b3-48d3-917a-6ac8ef911a0c","chan":"stderr","logger":"task"}
{"timestamp":"2025-07-14T10:36:07.830681Z","level":"error","event":"\tconfs: [default]","chan":"stderr","logger":"task"}
{"timestamp":"2025-07-14T10:36:07.838096Z","level":"error","event":"\t0 artifacts copied, 8 already retrieved (0kB/8ms)","chan":"stderr","logger":"task"}
{"timestamp":"2025-07-14T10:36:08.079359Z","level":"error","event":"25/07/14 10:36:08 WARN NativeCodeLoader: Unable to load native-hadoop library for your platform... using builtin-java classes where applicable","chan":"stderr","logger":"task"}
{"timestamp":"2025-07-14T10:36:08.295399Z","level":"error","event":"Setting default log level to \"WARN\".","chan":"stderr","logger":"task"}
{"timestamp":"2025-07-14T10:36:08.295936Z","level":"error","event":"To adjust logging level use sc.setLogLevel(newLevel). For SparkR, use setLogLevel(newLevel).","chan":"stderr","logger":"task"}
{"timestamp":"2025-07-14T10:36:11.198252","level":"info","event":"Anonymized telemetry enabled. See                     https://docs.trychroma.com/telemetry for more information.","logger":"chromadb.telemetry.product.posthog"}
{"timestamp":"2025-07-14T10:36:13.032355Z","level":"error","event":"25/07/14 10:36:13 WARN MetricsConfig: Cannot locate configuration: tried hadoop-metrics2-s3a-file-system.properties,hadoop-metrics2.properties","chan":"stderr","logger":"task"}
{"timestamp":"2025-07-14T10:36:22.692388Z","level":"info","event":"root","chan":"stdout","logger":"task"}
{"timestamp":"2025-07-14T10:36:22.693599Z","level":"info","event":" |-- article_id: string (nullable = true)","chan":"stdout","logger":"task"}
{"timestamp":"2025-07-14T10:36:22.694100Z","level":"info","event":" |-- title: string (nullable = true)","chan":"stdout","logger":"task"}
{"timestamp":"2025-07-14T10:36:22.694599Z","level":"info","event":" |-- pub_date: date (nullable = true)","chan":"stdout","logger":"task"}
{"timestamp":"2025-07-14T10:36:22.694989Z","level":"info","event":" |-- summary: string (nullable = true)","chan":"stdout","logger":"task"}
{"timestamp":"2025-07-14T10:36:22.695414Z","level":"info","event":" |-- load_timestamp: timestamp_ntz (nullable = true)","chan":"stdout","logger":"task"}
{"timestamp":"2025-07-14T10:36:22.695772Z","level":"info","event":" |-- year_month: string (nullable = true)","chan":"stdout","logger":"task"}
{"timestamp":"2025-07-14T10:36:22.696200Z","level":"info","event":"","chan":"stdout","logger":"task"}
{"timestamp":"2025-07-14T10:36:23.705432Z","level":"error","event":"\r[Stage 0:>                                                          (0 + 1) / 1]\r\r                                                                                \r25/07/14 10:36:23 WARN SparkStringUtils: Truncated the string representation of a plan since it was too large. This behavior can be adjusted by setting 'spark.sql.debug.maxToStringFields'.","chan":"stderr","logger":"task"}
{"timestamp":"2025-07-14T10:36:35.744386","level":"info","event":"Embedded 110 records","logger":"unusual_prefix_0aab8e1abe4a8f324d874f9a30de87ad63865522_activefence"}
{"timestamp":"2025-07-14T10:36:35.744904","level":"info","event":"Done. Returned value was: None","logger":"airflow.task.operators.airflow.providers.standard.operators.python.PythonOperator"}
{"timestamp":"2025-07-14T10:36:36.850429Z","level":"error","event":"\r[Stage 1:>                                                          (0 + 1) / 1]\r\r[Stage 3:>                                                         (0 + 2) / 50]\r\r[Stage 3:====>                                                     (4 + 2) / 50]\r\r[Stage 3:======>                                                   (6 + 2) / 50]\r\r[Stage 3:=========>                                                (8 + 2) / 50]\r\r[Stage 3:=============>                                           (12 + 2) / 50]\r\r[Stage 3:===============>                                         (14 + 2) / 50]\r\r[Stage 3:====================>                                    (18 + 2) / 50]\r\r[Stage 3:=========================>                               (22 + 2) / 50]\r\r[Stage 3:===========================>                             (24 + 3) / 50]\r\r[Stage 3:===============================>                         (28 + 2) / 50]\r\r[Stage 3:====================================>                    (32 + 3) / 50]\r\r[Stage 3:=========================================>               (36 + 2) / 50]\r\r[Stage 3:=============================================>           (40 + 2) / 50]\r\r[Stage 3:==================================================>      (44 + 3) / 50]\r\r[Stage 3:=======================================================> (49 + 1) / 50]\r\r                                                                                \r\r[Stage 8:=====================================>                   (33 + 3) / 50]","chan":"stderr","logger":"task"}
