{"timestamp":"2025-08-03T04:48:58.604051","level":"info","event":"DAG bundles loaded: dags-folder","logger":"airflow.dag_processing.bundles.manager.DagBundlesManager"}
{"timestamp":"2025-08-03T04:48:58.604409","level":"info","event":"Filling up the DagBag from /opt/airflow/dags/data-pipeline-stage.py","logger":"airflow.models.dagbag.DagBag"}
{"timestamp":"2025-08-03T04:48:59.138355","level":"warning","event":"Couldn't find any OpenLineage transport configuration; will print events to console.","logger":"openlineage.client.client"}
{"timestamp":"2025-08-03T04:48:59.138653","level":"info","event":"OpenLineageClient will use `console` transport","logger":"openlineage.client.client"}
{"timestamp":"2025-08-03T04:48:59.142319","level":"info","event":"{\"eventTime\": \"2025-08-03T04:48:59.142126Z\", \"eventType\": \"START\", \"inputs\": [], \"job\": {\"facets\": {}, \"name\": \"scrape_bbc_tech\", \"namespace\": \"airflow\"}, \"outputs\": [], \"producer\": \"https://github.com/OpenLineage/OpenLineage\", \"run\": {\"facets\": {}, \"runId\": \"d4173ce4-e611-4d59-9b7e-edbe5df56ee9\"}, \"schemaURL\": \"https://openlineage.io/spec/1-0-5/OpenLineage.json#/definitions/RunEvent\"}","logger":"openlineage.client.transport.console"}
{"timestamp":"2025-08-03T04:49:00.229036","level":"info","event":"Saved RSS feed","logger":"unusual_prefix_f1b397379b91da77ffde54470cc34e110dce61fe_data_pipeline_stage"}
{"timestamp":"2025-08-03T04:49:01.598583","level":"info","event":"Scraped and uploaded: https://www.bbc.com/news/articles/cqlernrw62yo?at_medium=RSS&at_campaign=rss","logger":"unusual_prefix_f1b397379b91da77ffde54470cc34e110dce61fe_data_pipeline_stage"}
{"timestamp":"2025-08-03T04:49:02.593958","level":"info","event":"Scraped and uploaded: https://www.bbc.com/news/articles/c9d0l40v551o?at_medium=RSS&at_campaign=rss","logger":"unusual_prefix_f1b397379b91da77ffde54470cc34e110dce61fe_data_pipeline_stage"}
{"timestamp":"2025-08-03T04:49:02.594369","level":"info","event":"Scraped and uploaded: https://www.bbc.com/news/articles/cj3l0e4vr0ko?at_medium=RSS&at_campaign=rss","logger":"unusual_prefix_f1b397379b91da77ffde54470cc34e110dce61fe_data_pipeline_stage"}
{"timestamp":"2025-08-03T04:49:02.634345","level":"info","event":"Scraped and uploaded: https://www.bbc.com/news/articles/ce3jl1kgyv0o?at_medium=RSS&at_campaign=rss","logger":"unusual_prefix_f1b397379b91da77ffde54470cc34e110dce61fe_data_pipeline_stage"}
{"timestamp":"2025-08-03T04:49:03.027435","level":"info","event":"Scraped and uploaded: https://www.bbc.com/news/articles/c5y2xx6z6eko?at_medium=RSS&at_campaign=rss","logger":"unusual_prefix_f1b397379b91da77ffde54470cc34e110dce61fe_data_pipeline_stage"}
{"timestamp":"2025-08-03T04:49:03.814954","level":"info","event":"Scraped and uploaded: https://www.bbc.com/news/articles/c93d7qlp974o?at_medium=RSS&at_campaign=rss","logger":"unusual_prefix_f1b397379b91da77ffde54470cc34e110dce61fe_data_pipeline_stage"}
{"timestamp":"2025-08-03T04:49:04.612790","level":"info","event":"Scraped and uploaded: https://www.bbc.com/news/articles/cvg3lgdv3r7o?at_medium=RSS&at_campaign=rss","logger":"unusual_prefix_f1b397379b91da77ffde54470cc34e110dce61fe_data_pipeline_stage"}
{"timestamp":"2025-08-03T04:49:04.829796","level":"info","event":"Scraped and uploaded: https://www.bbc.com/news/articles/cpv0zkxx0njo?at_medium=RSS&at_campaign=rss","logger":"unusual_prefix_f1b397379b91da77ffde54470cc34e110dce61fe_data_pipeline_stage"}
{"timestamp":"2025-08-03T04:49:05.158601","level":"info","event":"Scraped and uploaded: https://www.bbc.com/news/articles/cd0dgkjgzvjo?at_medium=RSS&at_campaign=rss","logger":"unusual_prefix_f1b397379b91da77ffde54470cc34e110dce61fe_data_pipeline_stage"}
{"timestamp":"2025-08-03T04:49:05.225370","level":"info","event":"Scraped and uploaded: https://www.bbc.com/news/articles/cgery3eeqzxo?at_medium=RSS&at_campaign=rss","logger":"unusual_prefix_f1b397379b91da77ffde54470cc34e110dce61fe_data_pipeline_stage"}
{"timestamp":"2025-08-03T04:49:06.137735","level":"info","event":"Scraped and uploaded: https://www.bbc.com/news/articles/clyj4zky4zwo?at_medium=RSS&at_campaign=rss","logger":"unusual_prefix_f1b397379b91da77ffde54470cc34e110dce61fe_data_pipeline_stage"}
{"timestamp":"2025-08-03T04:49:06.186892","level":"info","event":"Scraped and uploaded: https://www.bbc.com/news/articles/c24v4dl5r16o?at_medium=RSS&at_campaign=rss","logger":"unusual_prefix_f1b397379b91da77ffde54470cc34e110dce61fe_data_pipeline_stage"}
{"timestamp":"2025-08-03T04:49:06.418619","level":"info","event":"Scraped and uploaded: https://www.bbc.com/news/articles/cvg8z2mx508o?at_medium=RSS&at_campaign=rss","logger":"unusual_prefix_f1b397379b91da77ffde54470cc34e110dce61fe_data_pipeline_stage"}
{"timestamp":"2025-08-03T04:49:06.550294","level":"info","event":"Scraped and uploaded: https://www.bbc.com/news/articles/c77v2kx304go?at_medium=RSS&at_campaign=rss","logger":"unusual_prefix_f1b397379b91da77ffde54470cc34e110dce61fe_data_pipeline_stage"}
{"timestamp":"2025-08-03T04:49:06.550901","level":"info","event":"Scraped and uploaded: https://www.bbc.com/news/articles/cx2q8qw0q0go?at_medium=RSS&at_campaign=rss","logger":"unusual_prefix_f1b397379b91da77ffde54470cc34e110dce61fe_data_pipeline_stage"}
{"timestamp":"2025-08-03T04:49:07.519131","level":"info","event":"Scraped and uploaded: https://www.bbc.com/news/articles/cd78lvd94zyo?at_medium=RSS&at_campaign=rss","logger":"unusual_prefix_f1b397379b91da77ffde54470cc34e110dce61fe_data_pipeline_stage"}
{"timestamp":"2025-08-03T04:49:07.519528","level":"info","event":"Scraped and uploaded: https://www.bbc.com/news/articles/czdv68gejm7o?at_medium=RSS&at_campaign=rss","logger":"unusual_prefix_f1b397379b91da77ffde54470cc34e110dce61fe_data_pipeline_stage"}
{"timestamp":"2025-08-03T04:49:07.755488","level":"info","event":"Scraped and uploaded: https://www.bbc.com/news/articles/c30741j351go?at_medium=RSS&at_campaign=rss","logger":"unusual_prefix_f1b397379b91da77ffde54470cc34e110dce61fe_data_pipeline_stage"}
{"timestamp":"2025-08-03T04:49:07.898736","level":"info","event":"Scraped and uploaded: https://www.bbc.com/news/articles/c9vr4rymlw9o?at_medium=RSS&at_campaign=rss","logger":"unusual_prefix_f1b397379b91da77ffde54470cc34e110dce61fe_data_pipeline_stage"}
{"timestamp":"2025-08-03T04:49:07.899275","level":"info","event":"Scraped and uploaded: https://www.bbc.com/news/articles/cx2jmledvr3o?at_medium=RSS&at_campaign=rss","logger":"unusual_prefix_f1b397379b91da77ffde54470cc34e110dce61fe_data_pipeline_stage"}
{"timestamp":"2025-08-03T04:49:08.846080","level":"info","event":"Scraped and uploaded: https://www.bbc.com/news/articles/cql0ple066po?at_medium=RSS&at_campaign=rss","logger":"unusual_prefix_f1b397379b91da77ffde54470cc34e110dce61fe_data_pipeline_stage"}
{"timestamp":"2025-08-03T04:49:08.846550","level":"info","event":"Scraped and uploaded: https://www.bbc.com/news/articles/ceq7ye3q2zwo?at_medium=RSS&at_campaign=rss","logger":"unusual_prefix_f1b397379b91da77ffde54470cc34e110dce61fe_data_pipeline_stage"}
{"timestamp":"2025-08-03T04:49:09.078518","level":"info","event":"Scraped and uploaded: https://www.bbc.com/news/articles/cp8mp79gyz1o?at_medium=RSS&at_campaign=rss","logger":"unusual_prefix_f1b397379b91da77ffde54470cc34e110dce61fe_data_pipeline_stage"}
{"timestamp":"2025-08-03T04:49:09.209344","level":"info","event":"Scraped and uploaded: https://www.bbc.com/news/articles/c07d2dyx19zo?at_medium=RSS&at_campaign=rss","logger":"unusual_prefix_f1b397379b91da77ffde54470cc34e110dce61fe_data_pipeline_stage"}
{"timestamp":"2025-08-03T04:49:09.222182","level":"info","event":"Scraped and uploaded: https://www.bbc.com/news/articles/cy8g22n32d0o?at_medium=RSS&at_campaign=rss","logger":"unusual_prefix_f1b397379b91da77ffde54470cc34e110dce61fe_data_pipeline_stage"}
{"timestamp":"2025-08-03T04:49:10.195564","level":"info","event":"Scraped and uploaded: https://www.bbc.com/news/articles/cj4ep1znk4zo?at_medium=RSS&at_campaign=rss","logger":"unusual_prefix_f1b397379b91da77ffde54470cc34e110dce61fe_data_pipeline_stage"}
{"timestamp":"2025-08-03T04:49:10.223354","level":"info","event":"Scraped and uploaded: https://www.bbc.com/news/articles/c1e02vx55wpo?at_medium=RSS&at_campaign=rss","logger":"unusual_prefix_f1b397379b91da77ffde54470cc34e110dce61fe_data_pipeline_stage"}
{"timestamp":"2025-08-03T04:49:10.400270","level":"info","event":"Scraped and uploaded: https://www.bbc.com/news/articles/crmvl3remg2o?at_medium=RSS&at_campaign=rss","logger":"unusual_prefix_f1b397379b91da77ffde54470cc34e110dce61fe_data_pipeline_stage"}
{"timestamp":"2025-08-03T04:49:10.564146","level":"info","event":"Scraped and uploaded: https://www.bbc.com/news/articles/cz7l29zved9o?at_medium=RSS&at_campaign=rss","logger":"unusual_prefix_f1b397379b91da77ffde54470cc34e110dce61fe_data_pipeline_stage"}
{"timestamp":"2025-08-03T04:49:10.591534","level":"info","event":"Scraped and uploaded: https://www.bbc.com/news/articles/cy5w2k5k5ylo?at_medium=RSS&at_campaign=rss","logger":"unusual_prefix_f1b397379b91da77ffde54470cc34e110dce61fe_data_pipeline_stage"}
{"timestamp":"2025-08-03T04:49:11.513228","level":"info","event":"Scraped and uploaded: https://www.bbc.com/news/articles/cp82447l84ko?at_medium=RSS&at_campaign=rss","logger":"unusual_prefix_f1b397379b91da77ffde54470cc34e110dce61fe_data_pipeline_stage"}
{"timestamp":"2025-08-03T04:49:11.583739","level":"info","event":"Scraped and uploaded: https://www.bbc.com/news/articles/cwykgrv374eo?at_medium=RSS&at_campaign=rss","logger":"unusual_prefix_f1b397379b91da77ffde54470cc34e110dce61fe_data_pipeline_stage"}
{"timestamp":"2025-08-03T04:49:11.664035","level":"info","event":"Scraped and uploaded: https://www.bbc.co.uk/sounds/play/w3ct6zp1?at_medium=RSS&at_campaign=rss","logger":"unusual_prefix_f1b397379b91da77ffde54470cc34e110dce61fe_data_pipeline_stage"}
{"timestamp":"2025-08-03T04:49:11.883970","level":"info","event":"Scraped and uploaded: https://www.bbc.co.uk/sounds/play/w3ct6zp0?at_medium=RSS&at_campaign=rss","logger":"unusual_prefix_f1b397379b91da77ffde54470cc34e110dce61fe_data_pipeline_stage"}
{"timestamp":"2025-08-03T04:49:12.527437","level":"info","event":"Scraped and uploaded: https://www.bbc.co.uk/iplayer/episode/m002gm6k?at_medium=RSS&at_campaign=rss","logger":"unusual_prefix_f1b397379b91da77ffde54470cc34e110dce61fe_data_pipeline_stage"}
{"timestamp":"2025-08-03T04:49:12.883878","level":"info","event":"Scraped and uploaded: https://www.bbc.com/news/videos/cn5kn3dln3ko?at_medium=RSS&at_campaign=rss","logger":"unusual_prefix_f1b397379b91da77ffde54470cc34e110dce61fe_data_pipeline_stage"}
{"timestamp":"2025-08-03T04:49:12.981816","level":"info","event":"Scraped and uploaded: https://www.bbc.co.uk/sounds/play/w3ct6znz?at_medium=RSS&at_campaign=rss","logger":"unusual_prefix_f1b397379b91da77ffde54470cc34e110dce61fe_data_pipeline_stage"}
{"timestamp":"2025-08-03T04:49:13.792127","level":"info","event":"Scraped and uploaded: https://www.bbc.co.uk/iplayer/episode/m002fzws?at_medium=RSS&at_campaign=rss","logger":"unusual_prefix_f1b397379b91da77ffde54470cc34e110dce61fe_data_pipeline_stage"}
{"timestamp":"2025-08-03T04:49:13.821847","level":"info","event":"Scraped and uploaded: https://www.bbc.co.uk/sounds/play/w3ct6zny?at_medium=RSS&at_campaign=rss","logger":"unusual_prefix_f1b397379b91da77ffde54470cc34e110dce61fe_data_pipeline_stage"}
{"timestamp":"2025-08-03T04:49:13.941731","level":"info","event":"Scraped and uploaded: https://www.bbc.co.uk/iplayer/episode/m002g8zw?at_medium=RSS&at_campaign=rss","logger":"unusual_prefix_f1b397379b91da77ffde54470cc34e110dce61fe_data_pipeline_stage"}
{"timestamp":"2025-08-03T04:49:14.253523","level":"info","event":"Scraped and uploaded: https://www.bbc.com/news/articles/ce3nw5vnzgpo?at_medium=RSS&at_campaign=rss","logger":"unusual_prefix_f1b397379b91da77ffde54470cc34e110dce61fe_data_pipeline_stage"}
{"timestamp":"2025-08-03T04:49:14.360912","level":"info","event":"Scraped and uploaded: https://www.bbc.com/news/articles/c4g83dpeendo?at_medium=RSS&at_campaign=rss","logger":"unusual_prefix_f1b397379b91da77ffde54470cc34e110dce61fe_data_pipeline_stage"}
{"timestamp":"2025-08-03T04:49:15.129066","level":"info","event":"Scraped and uploaded: https://www.bbc.com/news/articles/cj6r06d7xdjo?at_medium=RSS&at_campaign=rss","logger":"unusual_prefix_f1b397379b91da77ffde54470cc34e110dce61fe_data_pipeline_stage"}
{"timestamp":"2025-08-03T04:49:15.174610","level":"info","event":"Scraped and uploaded: https://www.bbc.com/news/articles/c5yeyn4gl80o?at_medium=RSS&at_campaign=rss","logger":"unusual_prefix_f1b397379b91da77ffde54470cc34e110dce61fe_data_pipeline_stage"}
{"timestamp":"2025-08-03T04:49:15.372966","level":"info","event":"Scraped and uploaded: https://www.bbc.com/news/articles/c4g2ezl7xqyo?at_medium=RSS&at_campaign=rss","logger":"unusual_prefix_f1b397379b91da77ffde54470cc34e110dce61fe_data_pipeline_stage"}
{"timestamp":"2025-08-03T04:49:15.561894","level":"info","event":"Scraped and uploaded: https://www.bbc.com/news/articles/cz9y1l397vno?at_medium=RSS&at_campaign=rss","logger":"unusual_prefix_f1b397379b91da77ffde54470cc34e110dce61fe_data_pipeline_stage"}
{"timestamp":"2025-08-03T04:49:15.708260","level":"info","event":"Scraped and uploaded: https://www.bbc.com/news/articles/cqx2jz1l477o?at_medium=RSS&at_campaign=rss","logger":"unusual_prefix_f1b397379b91da77ffde54470cc34e110dce61fe_data_pipeline_stage"}
{"timestamp":"2025-08-03T04:49:16.488144","level":"info","event":"Scraped and uploaded: https://www.bbc.com/weather/articles/cwy6ykp7049o?at_medium=RSS&at_campaign=rss","logger":"unusual_prefix_f1b397379b91da77ffde54470cc34e110dce61fe_data_pipeline_stage"}
{"timestamp":"2025-08-03T04:49:16.526674","level":"info","event":"Scraped and uploaded: https://www.bbc.com/news/articles/cm234l04xmro?at_medium=RSS&at_campaign=rss","logger":"unusual_prefix_f1b397379b91da77ffde54470cc34e110dce61fe_data_pipeline_stage"}
{"timestamp":"2025-08-03T04:49:16.733645","level":"info","event":"Scraped and uploaded: https://www.bbc.com/news/articles/c79ewz7qej4o?at_medium=RSS&at_campaign=rss","logger":"unusual_prefix_f1b397379b91da77ffde54470cc34e110dce61fe_data_pipeline_stage"}
{"timestamp":"2025-08-03T04:49:16.880138","level":"info","event":"Scraped and uploaded: https://www.bbc.com/news/articles/c0qg3ylx2g9o?at_medium=RSS&at_campaign=rss","logger":"unusual_prefix_f1b397379b91da77ffde54470cc34e110dce61fe_data_pipeline_stage"}
{"timestamp":"2025-08-03T04:49:17.071675","level":"info","event":"Scraped and uploaded: https://www.bbc.com/news/articles/c5y5zg85wnlo?at_medium=RSS&at_campaign=rss","logger":"unusual_prefix_f1b397379b91da77ffde54470cc34e110dce61fe_data_pipeline_stage"}
{"timestamp":"2025-08-03T04:49:17.871054","level":"info","event":"Scraped and uploaded: https://www.bbc.com/news/articles/clynkqw236po?at_medium=RSS&at_campaign=rss","logger":"unusual_prefix_f1b397379b91da77ffde54470cc34e110dce61fe_data_pipeline_stage"}
{"timestamp":"2025-08-03T04:49:17.885650","level":"info","event":"Scraped and uploaded: https://www.bbc.com/news/articles/c20xlqn0e5po?at_medium=RSS&at_campaign=rss","logger":"unusual_prefix_f1b397379b91da77ffde54470cc34e110dce61fe_data_pipeline_stage"}
{"timestamp":"2025-08-03T04:49:18.090638","level":"info","event":"Scraped and uploaded: https://www.bbc.com/news/articles/cpdzjev2d9wo?at_medium=RSS&at_campaign=rss","logger":"unusual_prefix_f1b397379b91da77ffde54470cc34e110dce61fe_data_pipeline_stage"}
{"timestamp":"2025-08-03T04:49:18.175957","level":"info","event":"Scraped and uploaded: https://www.bbc.co.uk/bitesize/articles/z2b7rmn?at_medium=RSS&at_campaign=rss","logger":"unusual_prefix_f1b397379b91da77ffde54470cc34e110dce61fe_data_pipeline_stage"}
{"timestamp":"2025-08-03T04:49:18.408651","level":"info","event":"Scraped and uploaded: https://www.bbc.com/news/articles/c62g6vdl3vqo?at_medium=RSS&at_campaign=rss","logger":"unusual_prefix_f1b397379b91da77ffde54470cc34e110dce61fe_data_pipeline_stage"}
{"timestamp":"2025-08-03T04:49:19.234181","level":"info","event":"Scraped and uploaded: https://www.bbc.com/news/articles/czrve1zrlg3o?at_medium=RSS&at_campaign=rss","logger":"unusual_prefix_f1b397379b91da77ffde54470cc34e110dce61fe_data_pipeline_stage"}
{"timestamp":"2025-08-03T04:49:19.266211","level":"info","event":"Scraped and uploaded: https://www.bbc.com/news/articles/c7vnyn17p57o?at_medium=RSS&at_campaign=rss","logger":"unusual_prefix_f1b397379b91da77ffde54470cc34e110dce61fe_data_pipeline_stage"}
{"timestamp":"2025-08-03T04:49:19.433167","level":"info","event":"Scraped and uploaded: https://www.bbc.com/news/articles/cql6vgwyv4xo?at_medium=RSS&at_campaign=rss","logger":"unusual_prefix_f1b397379b91da77ffde54470cc34e110dce61fe_data_pipeline_stage"}
{"timestamp":"2025-08-03T04:49:19.434700","level":"info","event":"Done. Returned value was: None","logger":"airflow.task.operators.airflow.providers.standard.operators.python.PythonOperator"}
