{"timestamp":"2025-08-03T04:55:23.983261","level":"info","event":"DAG bundles loaded: dags-folder","logger":"airflow.dag_processing.bundles.manager.DagBundlesManager"}
{"timestamp":"2025-08-03T04:55:23.983616","level":"info","event":"Filling up the DagBag from /opt/airflow/dags/data-pipeline-stage.py","logger":"airflow.models.dagbag.DagBag"}
{"timestamp":"2025-08-03T04:55:24.686289","level":"warning","event":"Couldn't find any OpenLineage transport configuration; will print events to console.","logger":"openlineage.client.client"}
{"timestamp":"2025-08-03T04:55:24.686609","level":"info","event":"OpenLineageClient will use `console` transport","logger":"openlineage.client.client"}
{"timestamp":"2025-08-03T04:55:24.691389","level":"info","event":"{\"eventTime\": \"2025-08-03T04:55:24.691117Z\", \"eventType\": \"START\", \"inputs\": [], \"job\": {\"facets\": {}, \"name\": \"scrape_bbc_tech\", \"namespace\": \"airflow\"}, \"outputs\": [], \"producer\": \"https://github.com/OpenLineage/OpenLineage\", \"run\": {\"facets\": {}, \"runId\": \"f41bf234-af35-4aac-b7fe-2c796fcbeeab\"}, \"schemaURL\": \"https://openlineage.io/spec/1-0-5/OpenLineage.json#/definitions/RunEvent\"}","logger":"openlineage.client.transport.console"}
{"timestamp":"2025-08-03T04:55:25.628983","level":"info","event":"Saved RSS feed","logger":"unusual_prefix_f1b397379b91da77ffde54470cc34e110dce61fe_data_pipeline_stage"}
{"timestamp":"2025-08-03T04:55:27.010032","level":"info","event":"Scraped and uploaded: https://www.bbc.com/news/articles/c5y2xx6z6eko?at_medium=RSS&at_campaign=rss","logger":"unusual_prefix_f1b397379b91da77ffde54470cc34e110dce61fe_data_pipeline_stage"}
{"timestamp":"2025-08-03T04:55:27.010590","level":"info","event":"Scraped and uploaded: https://www.bbc.com/news/articles/cj3l0e4vr0ko?at_medium=RSS&at_campaign=rss","logger":"unusual_prefix_f1b397379b91da77ffde54470cc34e110dce61fe_data_pipeline_stage"}
{"timestamp":"2025-08-03T04:55:27.011783","level":"info","event":"Scraped and uploaded: https://www.bbc.com/news/articles/c9d0l40v551o?at_medium=RSS&at_campaign=rss","logger":"unusual_prefix_f1b397379b91da77ffde54470cc34e110dce61fe_data_pipeline_stage"}
{"timestamp":"2025-08-03T04:55:27.210879","level":"info","event":"Scraped and uploaded: https://www.bbc.com/news/articles/ce3jl1kgyv0o?at_medium=RSS&at_campaign=rss","logger":"unusual_prefix_f1b397379b91da77ffde54470cc34e110dce61fe_data_pipeline_stage"}
{"timestamp":"2025-08-03T04:55:27.371387","level":"info","event":"Scraped and uploaded: https://www.bbc.com/news/articles/cqlernrw62yo?at_medium=RSS&at_campaign=rss","logger":"unusual_prefix_f1b397379b91da77ffde54470cc34e110dce61fe_data_pipeline_stage"}
{"timestamp":"2025-08-03T04:55:28.239726","level":"info","event":"Scraped and uploaded: https://www.bbc.com/news/articles/cd0dgkjgzvjo?at_medium=RSS&at_campaign=rss","logger":"unusual_prefix_f1b397379b91da77ffde54470cc34e110dce61fe_data_pipeline_stage"}
{"timestamp":"2025-08-03T04:55:28.247823","level":"info","event":"Scraped and uploaded: https://www.bbc.com/news/articles/c93d7qlp974o?at_medium=RSS&at_campaign=rss","logger":"unusual_prefix_f1b397379b91da77ffde54470cc34e110dce61fe_data_pipeline_stage"}
{"timestamp":"2025-08-03T04:55:28.248376","level":"info","event":"Scraped and uploaded: https://www.bbc.com/news/articles/cpv0zkxx0njo?at_medium=RSS&at_campaign=rss","logger":"unusual_prefix_f1b397379b91da77ffde54470cc34e110dce61fe_data_pipeline_stage"}
{"timestamp":"2025-08-03T04:55:28.441660","level":"info","event":"Scraped and uploaded: https://www.bbc.com/news/articles/cgery3eeqzxo?at_medium=RSS&at_campaign=rss","logger":"unusual_prefix_f1b397379b91da77ffde54470cc34e110dce61fe_data_pipeline_stage"}
{"timestamp":"2025-08-03T04:55:28.599007","level":"info","event":"Scraped and uploaded: https://www.bbc.com/news/articles/cvg3lgdv3r7o?at_medium=RSS&at_campaign=rss","logger":"unusual_prefix_f1b397379b91da77ffde54470cc34e110dce61fe_data_pipeline_stage"}
{"timestamp":"2025-08-03T04:55:29.474920","level":"info","event":"Scraped and uploaded: https://www.bbc.com/news/articles/c24v4dl5r16o?at_medium=RSS&at_campaign=rss","logger":"unusual_prefix_f1b397379b91da77ffde54470cc34e110dce61fe_data_pipeline_stage"}
{"timestamp":"2025-08-03T04:55:29.476658","level":"info","event":"Scraped and uploaded: https://www.bbc.com/news/articles/cvg8z2mx508o?at_medium=RSS&at_campaign=rss","logger":"unusual_prefix_f1b397379b91da77ffde54470cc34e110dce61fe_data_pipeline_stage"}
{"timestamp":"2025-08-03T04:55:29.890736","level":"info","event":"Scraped and uploaded: https://www.bbc.com/news/articles/clyj4zky4zwo?at_medium=RSS&at_campaign=rss","logger":"unusual_prefix_f1b397379b91da77ffde54470cc34e110dce61fe_data_pipeline_stage"}
{"timestamp":"2025-08-03T04:55:30.029458","level":"info","event":"Scraped and uploaded: https://www.bbc.com/news/articles/cx2q8qw0q0go?at_medium=RSS&at_campaign=rss","logger":"unusual_prefix_f1b397379b91da77ffde54470cc34e110dce61fe_data_pipeline_stage"}
{"timestamp":"2025-08-03T04:55:30.172925","level":"info","event":"Scraped and uploaded: https://www.bbc.com/news/articles/c77v2kx304go?at_medium=RSS&at_campaign=rss","logger":"unusual_prefix_f1b397379b91da77ffde54470cc34e110dce61fe_data_pipeline_stage"}
{"timestamp":"2025-08-03T04:55:31.087784","level":"info","event":"Scraped and uploaded: https://www.bbc.com/news/articles/cd78lvd94zyo?at_medium=RSS&at_campaign=rss","logger":"unusual_prefix_f1b397379b91da77ffde54470cc34e110dce61fe_data_pipeline_stage"}
{"timestamp":"2025-08-03T04:55:31.236431","level":"info","event":"Scraped and uploaded: https://www.bbc.com/news/articles/czdv68gejm7o?at_medium=RSS&at_campaign=rss","logger":"unusual_prefix_f1b397379b91da77ffde54470cc34e110dce61fe_data_pipeline_stage"}
{"timestamp":"2025-08-03T04:55:31.596449","level":"info","event":"Scraped and uploaded: https://www.bbc.com/news/articles/cx2jmledvr3o?at_medium=RSS&at_campaign=rss","logger":"unusual_prefix_f1b397379b91da77ffde54470cc34e110dce61fe_data_pipeline_stage"}
{"timestamp":"2025-08-03T04:55:31.771351","level":"info","event":"Scraped and uploaded: https://www.bbc.com/news/articles/c9vr4rymlw9o?at_medium=RSS&at_campaign=rss","logger":"unusual_prefix_f1b397379b91da77ffde54470cc34e110dce61fe_data_pipeline_stage"}
{"timestamp":"2025-08-03T04:55:31.804137","level":"info","event":"Scraped and uploaded: https://www.bbc.com/news/articles/c30741j351go?at_medium=RSS&at_campaign=rss","logger":"unusual_prefix_f1b397379b91da77ffde54470cc34e110dce61fe_data_pipeline_stage"}
{"timestamp":"2025-08-03T04:55:32.826975","level":"info","event":"Scraped and uploaded: https://www.bbc.com/news/articles/cql0ple066po?at_medium=RSS&at_campaign=rss","logger":"unusual_prefix_f1b397379b91da77ffde54470cc34e110dce61fe_data_pipeline_stage"}
{"timestamp":"2025-08-03T04:55:33.014121","level":"info","event":"Scraped and uploaded: https://www.bbc.com/news/articles/ceq7ye3q2zwo?at_medium=RSS&at_campaign=rss","logger":"unusual_prefix_f1b397379b91da77ffde54470cc34e110dce61fe_data_pipeline_stage"}
{"timestamp":"2025-08-03T04:55:33.179055","level":"info","event":"Scraped and uploaded: https://www.bbc.com/news/articles/cp8mp79gyz1o?at_medium=RSS&at_campaign=rss","logger":"unusual_prefix_f1b397379b91da77ffde54470cc34e110dce61fe_data_pipeline_stage"}
{"timestamp":"2025-08-03T04:55:33.280300","level":"info","event":"Scraped and uploaded: https://www.bbc.com/news/articles/c07d2dyx19zo?at_medium=RSS&at_campaign=rss","logger":"unusual_prefix_f1b397379b91da77ffde54470cc34e110dce61fe_data_pipeline_stage"}
{"timestamp":"2025-08-03T04:55:33.453783","level":"info","event":"Scraped and uploaded: https://www.bbc.com/news/articles/cy8g22n32d0o?at_medium=RSS&at_campaign=rss","logger":"unusual_prefix_f1b397379b91da77ffde54470cc34e110dce61fe_data_pipeline_stage"}
{"timestamp":"2025-08-03T04:55:34.436553","level":"info","event":"Scraped and uploaded: https://www.bbc.com/news/articles/c1e02vx55wpo?at_medium=RSS&at_campaign=rss","logger":"unusual_prefix_f1b397379b91da77ffde54470cc34e110dce61fe_data_pipeline_stage"}
{"timestamp":"2025-08-03T04:55:34.569700","level":"info","event":"Scraped and uploaded: https://www.bbc.com/news/articles/cj4ep1znk4zo?at_medium=RSS&at_campaign=rss","logger":"unusual_prefix_f1b397379b91da77ffde54470cc34e110dce61fe_data_pipeline_stage"}
{"timestamp":"2025-08-03T04:55:35.146719","level":"info","event":"Scraped and uploaded: https://www.bbc.com/news/articles/cy5w2k5k5ylo?at_medium=RSS&at_campaign=rss","logger":"unusual_prefix_f1b397379b91da77ffde54470cc34e110dce61fe_data_pipeline_stage"}
{"timestamp":"2025-08-03T04:55:35.177927","level":"info","event":"Scraped and uploaded: https://www.bbc.com/news/articles/cz7l29zved9o?at_medium=RSS&at_campaign=rss","logger":"unusual_prefix_f1b397379b91da77ffde54470cc34e110dce61fe_data_pipeline_stage"}
{"timestamp":"2025-08-03T04:55:35.213412","level":"info","event":"Scraped and uploaded: https://www.bbc.com/news/articles/crmvl3remg2o?at_medium=RSS&at_campaign=rss","logger":"unusual_prefix_f1b397379b91da77ffde54470cc34e110dce61fe_data_pipeline_stage"}
{"timestamp":"2025-08-03T04:55:36.261839","level":"info","event":"Scraped and uploaded: https://www.bbc.com/news/articles/cp82447l84ko?at_medium=RSS&at_campaign=rss","logger":"unusual_prefix_f1b397379b91da77ffde54470cc34e110dce61fe_data_pipeline_stage"}
{"timestamp":"2025-08-03T04:55:36.336565","level":"info","event":"Scraped and uploaded: https://www.bbc.co.uk/sounds/play/w3ct6zp1?at_medium=RSS&at_campaign=rss","logger":"unusual_prefix_f1b397379b91da77ffde54470cc34e110dce61fe_data_pipeline_stage"}
{"timestamp":"2025-08-03T04:55:36.392247","level":"info","event":"Scraped and uploaded: https://www.bbc.co.uk/sounds/play/w3ct6zp0?at_medium=RSS&at_campaign=rss","logger":"unusual_prefix_f1b397379b91da77ffde54470cc34e110dce61fe_data_pipeline_stage"}
{"timestamp":"2025-08-03T04:55:36.559025","level":"info","event":"Scraped and uploaded: https://www.bbc.com/news/articles/cwykgrv374eo?at_medium=RSS&at_campaign=rss","logger":"unusual_prefix_f1b397379b91da77ffde54470cc34e110dce61fe_data_pipeline_stage"}
{"timestamp":"2025-08-03T04:55:36.801097","level":"info","event":"Scraped and uploaded: https://www.bbc.co.uk/iplayer/episode/m002gm6k?at_medium=RSS&at_campaign=rss","logger":"unusual_prefix_f1b397379b91da77ffde54470cc34e110dce61fe_data_pipeline_stage"}
{"timestamp":"2025-08-03T04:55:37.585630","level":"info","event":"Scraped and uploaded: https://www.bbc.co.uk/sounds/play/w3ct6znz?at_medium=RSS&at_campaign=rss","logger":"unusual_prefix_f1b397379b91da77ffde54470cc34e110dce61fe_data_pipeline_stage"}
{"timestamp":"2025-08-03T04:55:37.874807","level":"info","event":"Scraped and uploaded: https://www.bbc.co.uk/iplayer/episode/m002g8zw?at_medium=RSS&at_campaign=rss","logger":"unusual_prefix_f1b397379b91da77ffde54470cc34e110dce61fe_data_pipeline_stage"}
{"timestamp":"2025-08-03T04:55:37.993344","level":"info","event":"Scraped and uploaded: https://www.bbc.co.uk/sounds/play/w3ct6zny?at_medium=RSS&at_campaign=rss","logger":"unusual_prefix_f1b397379b91da77ffde54470cc34e110dce61fe_data_pipeline_stage"}
{"timestamp":"2025-08-03T04:55:38.265856","level":"info","event":"Scraped and uploaded: https://www.bbc.co.uk/iplayer/episode/m002fzws?at_medium=RSS&at_campaign=rss","logger":"unusual_prefix_f1b397379b91da77ffde54470cc34e110dce61fe_data_pipeline_stage"}
{"timestamp":"2025-08-03T04:55:38.275228","level":"info","event":"Scraped and uploaded: https://www.bbc.com/news/videos/cn5kn3dln3ko?at_medium=RSS&at_campaign=rss","logger":"unusual_prefix_f1b397379b91da77ffde54470cc34e110dce61fe_data_pipeline_stage"}
{"timestamp":"2025-08-03T04:55:39.628084","level":"info","event":"Scraped and uploaded: https://www.bbc.com/news/articles/ce3nw5vnzgpo?at_medium=RSS&at_campaign=rss","logger":"unusual_prefix_f1b397379b91da77ffde54470cc34e110dce61fe_data_pipeline_stage"}
{"timestamp":"2025-08-03T04:55:39.995836","level":"info","event":"Scraped and uploaded: https://www.bbc.com/news/articles/c5yeyn4gl80o?at_medium=RSS&at_campaign=rss","logger":"unusual_prefix_f1b397379b91da77ffde54470cc34e110dce61fe_data_pipeline_stage"}
{"timestamp":"2025-08-03T04:55:40.294176","level":"info","event":"Scraped and uploaded: https://www.bbc.com/news/articles/c4g83dpeendo?at_medium=RSS&at_campaign=rss","logger":"unusual_prefix_f1b397379b91da77ffde54470cc34e110dce61fe_data_pipeline_stage"}
{"timestamp":"2025-08-03T04:55:40.473855","level":"info","event":"Scraped and uploaded: https://www.bbc.com/news/articles/c4g2ezl7xqyo?at_medium=RSS&at_campaign=rss","logger":"unusual_prefix_f1b397379b91da77ffde54470cc34e110dce61fe_data_pipeline_stage"}
{"timestamp":"2025-08-03T04:55:40.850842","level":"info","event":"Scraped and uploaded: https://www.bbc.com/news/articles/cj6r06d7xdjo?at_medium=RSS&at_campaign=rss","logger":"unusual_prefix_f1b397379b91da77ffde54470cc34e110dce61fe_data_pipeline_stage"}
{"timestamp":"2025-08-03T04:55:41.720064","level":"info","event":"Scraped and uploaded: https://www.bbc.com/news/articles/cz9y1l397vno?at_medium=RSS&at_campaign=rss","logger":"unusual_prefix_f1b397379b91da77ffde54470cc34e110dce61fe_data_pipeline_stage"}
{"timestamp":"2025-08-03T04:55:41.821514","level":"info","event":"Scraped and uploaded: https://www.bbc.com/weather/articles/cwy6ykp7049o?at_medium=RSS&at_campaign=rss","logger":"unusual_prefix_f1b397379b91da77ffde54470cc34e110dce61fe_data_pipeline_stage"}
{"timestamp":"2025-08-03T04:55:41.895475","level":"info","event":"Scraped and uploaded: https://www.bbc.com/news/articles/cqx2jz1l477o?at_medium=RSS&at_campaign=rss","logger":"unusual_prefix_f1b397379b91da77ffde54470cc34e110dce61fe_data_pipeline_stage"}
{"timestamp":"2025-08-03T04:55:42.427635","level":"info","event":"Scraped and uploaded: https://www.bbc.com/news/articles/cm234l04xmro?at_medium=RSS&at_campaign=rss","logger":"unusual_prefix_f1b397379b91da77ffde54470cc34e110dce61fe_data_pipeline_stage"}
{"timestamp":"2025-08-03T04:55:43.116252","level":"info","event":"Scraped and uploaded: https://www.bbc.com/news/articles/c79ewz7qej4o?at_medium=RSS&at_campaign=rss","logger":"unusual_prefix_f1b397379b91da77ffde54470cc34e110dce61fe_data_pipeline_stage"}
{"timestamp":"2025-08-03T04:55:44.113358","level":"info","event":"Scraped and uploaded: https://www.bbc.com/news/articles/c5y5zg85wnlo?at_medium=RSS&at_campaign=rss","logger":"unusual_prefix_f1b397379b91da77ffde54470cc34e110dce61fe_data_pipeline_stage"}
{"timestamp":"2025-08-03T04:55:44.343004","level":"info","event":"Scraped and uploaded: https://www.bbc.com/news/articles/clynkqw236po?at_medium=RSS&at_campaign=rss","logger":"unusual_prefix_f1b397379b91da77ffde54470cc34e110dce61fe_data_pipeline_stage"}
{"timestamp":"2025-08-03T04:55:44.597283","level":"info","event":"Scraped and uploaded: https://www.bbc.com/news/articles/c20xlqn0e5po?at_medium=RSS&at_campaign=rss","logger":"unusual_prefix_f1b397379b91da77ffde54470cc34e110dce61fe_data_pipeline_stage"}
{"timestamp":"2025-08-03T04:55:44.749123","level":"info","event":"Scraped and uploaded: https://www.bbc.com/news/articles/c0qg3ylx2g9o?at_medium=RSS&at_campaign=rss","logger":"unusual_prefix_f1b397379b91da77ffde54470cc34e110dce61fe_data_pipeline_stage"}
{"timestamp":"2025-08-03T04:55:45.435140","level":"info","event":"Scraped and uploaded: https://www.bbc.com/news/articles/cpdzjev2d9wo?at_medium=RSS&at_campaign=rss","logger":"unusual_prefix_f1b397379b91da77ffde54470cc34e110dce61fe_data_pipeline_stage"}
{"timestamp":"2025-08-03T04:55:45.556775","level":"info","event":"Scraped and uploaded: https://www.bbc.co.uk/bitesize/articles/z2b7rmn?at_medium=RSS&at_campaign=rss","logger":"unusual_prefix_f1b397379b91da77ffde54470cc34e110dce61fe_data_pipeline_stage"}
{"timestamp":"2025-08-03T04:55:46.569930","level":"info","event":"Scraped and uploaded: https://www.bbc.com/news/articles/c62g6vdl3vqo?at_medium=RSS&at_campaign=rss","logger":"unusual_prefix_f1b397379b91da77ffde54470cc34e110dce61fe_data_pipeline_stage"}
{"timestamp":"2025-08-03T04:55:46.785748","level":"info","event":"Scraped and uploaded: https://www.bbc.com/news/articles/czrve1zrlg3o?at_medium=RSS&at_campaign=rss","logger":"unusual_prefix_f1b397379b91da77ffde54470cc34e110dce61fe_data_pipeline_stage"}
{"timestamp":"2025-08-03T04:55:46.804818","level":"info","event":"Scraped and uploaded: https://www.bbc.com/news/articles/c7vnyn17p57o?at_medium=RSS&at_campaign=rss","logger":"unusual_prefix_f1b397379b91da77ffde54470cc34e110dce61fe_data_pipeline_stage"}
{"timestamp":"2025-08-03T04:55:47.681563","level":"info","event":"Scraped and uploaded: https://www.bbc.com/news/articles/cql6vgwyv4xo?at_medium=RSS&at_campaign=rss","logger":"unusual_prefix_f1b397379b91da77ffde54470cc34e110dce61fe_data_pipeline_stage"}
{"timestamp":"2025-08-03T04:55:47.682645","level":"info","event":"Done. Returned value was: None","logger":"airflow.task.operators.airflow.providers.standard.operators.python.PythonOperator"}
