{"timestamp":"2025-08-02T09:15:33.843960","level":"info","event":"DAG bundles loaded: dags-folder","logger":"airflow.dag_processing.bundles.manager.DagBundlesManager"}
{"timestamp":"2025-08-02T09:15:33.844317","level":"info","event":"Filling up the DagBag from /opt/airflow/dags/data-pipeline-stage.py","logger":"airflow.models.dagbag.DagBag"}
{"timestamp":"2025-08-02T09:15:35.088010","level":"warning","event":"Couldn't find any OpenLineage transport configuration; will print events to console.","logger":"openlineage.client.client"}
{"timestamp":"2025-08-02T09:15:35.088348","level":"info","event":"OpenLineageClient will use `console` transport","logger":"openlineage.client.client"}
{"timestamp":"2025-08-02T09:15:35.094190","level":"info","event":"{\"eventTime\": \"2025-08-02T09:15:35.093919Z\", \"eventType\": \"START\", \"inputs\": [], \"job\": {\"facets\": {}, \"name\": \"scrape_bbc_tech\", \"namespace\": \"airflow\"}, \"outputs\": [], \"producer\": \"https://github.com/OpenLineage/OpenLineage\", \"run\": {\"facets\": {}, \"runId\": \"a28fc7e8-2e62-4234-b602-969056c1b158\"}, \"schemaURL\": \"https://openlineage.io/spec/1-0-5/OpenLineage.json#/definitions/RunEvent\"}","logger":"openlineage.client.transport.console"}
{"timestamp":"2025-08-02T09:15:36.340438","level":"info","event":"Saved RSS feed","logger":"unusual_prefix_f1b397379b91da77ffde54470cc34e110dce61fe_data_pipeline_stage"}
{"timestamp":"2025-08-02T09:15:37.900518","level":"info","event":"Scraped and uploaded: https://www.bbc.com/news/articles/cqlernrw62yo?at_medium=RSS&at_campaign=rss","logger":"unusual_prefix_f1b397379b91da77ffde54470cc34e110dce61fe_data_pipeline_stage"}
{"timestamp":"2025-08-02T09:15:37.908522","level":"info","event":"Scraped and uploaded: https://www.bbc.com/news/articles/ce3jl1kgyv0o?at_medium=RSS&at_campaign=rss","logger":"unusual_prefix_f1b397379b91da77ffde54470cc34e110dce61fe_data_pipeline_stage"}
{"timestamp":"2025-08-02T09:15:38.072400","level":"info","event":"Scraped and uploaded: https://www.bbc.com/news/articles/c5y2xx6z6eko?at_medium=RSS&at_campaign=rss","logger":"unusual_prefix_f1b397379b91da77ffde54470cc34e110dce61fe_data_pipeline_stage"}
{"timestamp":"2025-08-02T09:15:40.055607","level":"info","event":"Scraped and uploaded: https://www.bbc.com/news/articles/c9d0l40v551o?at_medium=RSS&at_campaign=rss","logger":"unusual_prefix_f1b397379b91da77ffde54470cc34e110dce61fe_data_pipeline_stage"}
{"timestamp":"2025-08-02T09:15:40.125372","level":"info","event":"Scraped and uploaded: https://www.bbc.com/news/articles/cj3l0e4vr0ko?at_medium=RSS&at_campaign=rss","logger":"unusual_prefix_f1b397379b91da77ffde54470cc34e110dce61fe_data_pipeline_stage"}
{"timestamp":"2025-08-02T09:15:40.501835","level":"info","event":"Scraped and uploaded: https://www.bbc.com/news/articles/c93d7qlp974o?at_medium=RSS&at_campaign=rss","logger":"unusual_prefix_f1b397379b91da77ffde54470cc34e110dce61fe_data_pipeline_stage"}
{"timestamp":"2025-08-02T09:15:40.667804","level":"info","event":"Scraped and uploaded: https://www.bbc.com/news/articles/cd0dgkjgzvjo?at_medium=RSS&at_campaign=rss","logger":"unusual_prefix_f1b397379b91da77ffde54470cc34e110dce61fe_data_pipeline_stage"}
{"timestamp":"2025-08-02T09:15:40.783571","level":"info","event":"Scraped and uploaded: https://www.bbc.com/news/articles/cpv0zkxx0njo?at_medium=RSS&at_campaign=rss","logger":"unusual_prefix_f1b397379b91da77ffde54470cc34e110dce61fe_data_pipeline_stage"}
{"timestamp":"2025-08-02T09:15:41.809769","level":"info","event":"Scraped and uploaded: https://www.bbc.com/news/articles/cgery3eeqzxo?at_medium=RSS&at_campaign=rss","logger":"unusual_prefix_f1b397379b91da77ffde54470cc34e110dce61fe_data_pipeline_stage"}
{"timestamp":"2025-08-02T09:15:41.829980","level":"info","event":"Scraped and uploaded: https://www.bbc.com/news/articles/cvg3lgdv3r7o?at_medium=RSS&at_campaign=rss","logger":"unusual_prefix_f1b397379b91da77ffde54470cc34e110dce61fe_data_pipeline_stage"}
{"timestamp":"2025-08-02T09:15:41.878054","level":"info","event":"Scraped and uploaded: https://www.bbc.com/news/articles/clyj4zky4zwo?at_medium=RSS&at_campaign=rss","logger":"unusual_prefix_f1b397379b91da77ffde54470cc34e110dce61fe_data_pipeline_stage"}
{"timestamp":"2025-08-02T09:15:42.028658","level":"info","event":"Scraped and uploaded: https://www.bbc.com/news/articles/cvg8z2mx508o?at_medium=RSS&at_campaign=rss","logger":"unusual_prefix_f1b397379b91da77ffde54470cc34e110dce61fe_data_pipeline_stage"}
{"timestamp":"2025-08-02T09:15:43.197410","level":"info","event":"Scraped and uploaded: https://www.bbc.com/news/articles/czdv68gejm7o?at_medium=RSS&at_campaign=rss","logger":"unusual_prefix_f1b397379b91da77ffde54470cc34e110dce61fe_data_pipeline_stage"}
{"timestamp":"2025-08-02T09:15:43.358004","level":"info","event":"Scraped and uploaded: https://www.bbc.com/news/articles/cd78lvd94zyo?at_medium=RSS&at_campaign=rss","logger":"unusual_prefix_f1b397379b91da77ffde54470cc34e110dce61fe_data_pipeline_stage"}
{"timestamp":"2025-08-02T09:15:43.494540","level":"info","event":"Scraped and uploaded: https://www.bbc.com/news/articles/cx2q8qw0q0go?at_medium=RSS&at_campaign=rss","logger":"unusual_prefix_f1b397379b91da77ffde54470cc34e110dce61fe_data_pipeline_stage"}
{"timestamp":"2025-08-02T09:15:43.657522","level":"info","event":"Scraped and uploaded: https://www.bbc.com/news/articles/c24v4dl5r16o?at_medium=RSS&at_campaign=rss","logger":"unusual_prefix_f1b397379b91da77ffde54470cc34e110dce61fe_data_pipeline_stage"}
{"timestamp":"2025-08-02T09:15:44.534870","level":"info","event":"Scraped and uploaded: https://www.bbc.com/news/articles/c30741j351go?at_medium=RSS&at_campaign=rss","logger":"unusual_prefix_f1b397379b91da77ffde54470cc34e110dce61fe_data_pipeline_stage"}
{"timestamp":"2025-08-02T09:15:44.702262","level":"info","event":"Scraped and uploaded: https://www.bbc.com/news/articles/cx2jmledvr3o?at_medium=RSS&at_campaign=rss","logger":"unusual_prefix_f1b397379b91da77ffde54470cc34e110dce61fe_data_pipeline_stage"}
{"timestamp":"2025-08-02T09:15:44.861804","level":"info","event":"Scraped and uploaded: https://www.bbc.com/news/articles/c9vr4rymlw9o?at_medium=RSS&at_campaign=rss","logger":"unusual_prefix_f1b397379b91da77ffde54470cc34e110dce61fe_data_pipeline_stage"}
{"timestamp":"2025-08-02T09:15:44.931485","level":"info","event":"Scraped and uploaded: https://www.bbc.com/news/articles/c77v2kx304go?at_medium=RSS&at_campaign=rss","logger":"unusual_prefix_f1b397379b91da77ffde54470cc34e110dce61fe_data_pipeline_stage"}
{"timestamp":"2025-08-02T09:15:45.851979","level":"info","event":"Scraped and uploaded: https://www.bbc.com/news/articles/ceq7ye3q2zwo?at_medium=RSS&at_campaign=rss","logger":"unusual_prefix_f1b397379b91da77ffde54470cc34e110dce61fe_data_pipeline_stage"}
{"timestamp":"2025-08-02T09:15:46.271435","level":"info","event":"Scraped and uploaded: https://www.bbc.com/news/articles/cy8g22n32d0o?at_medium=RSS&at_campaign=rss","logger":"unusual_prefix_f1b397379b91da77ffde54470cc34e110dce61fe_data_pipeline_stage"}
{"timestamp":"2025-08-02T09:15:46.892225","level":"info","event":"Scraped and uploaded: https://www.bbc.com/news/articles/cql0ple066po?at_medium=RSS&at_campaign=rss","logger":"unusual_prefix_f1b397379b91da77ffde54470cc34e110dce61fe_data_pipeline_stage"}
{"timestamp":"2025-08-02T09:15:47.240843","level":"info","event":"Scraped and uploaded: https://www.bbc.com/news/articles/c07d2dyx19zo?at_medium=RSS&at_campaign=rss","logger":"unusual_prefix_f1b397379b91da77ffde54470cc34e110dce61fe_data_pipeline_stage"}
{"timestamp":"2025-08-02T09:15:47.717154","level":"info","event":"Scraped and uploaded: https://www.bbc.com/news/articles/cp8mp79gyz1o?at_medium=RSS&at_campaign=rss","logger":"unusual_prefix_f1b397379b91da77ffde54470cc34e110dce61fe_data_pipeline_stage"}
{"timestamp":"2025-08-02T09:15:48.238442","level":"info","event":"Scraped and uploaded: https://www.bbc.com/news/articles/c1e02vx55wpo?at_medium=RSS&at_campaign=rss","logger":"unusual_prefix_f1b397379b91da77ffde54470cc34e110dce61fe_data_pipeline_stage"}
{"timestamp":"2025-08-02T09:15:48.683329","level":"info","event":"Scraped and uploaded: https://www.bbc.com/news/articles/cj4ep1znk4zo?at_medium=RSS&at_campaign=rss","logger":"unusual_prefix_f1b397379b91da77ffde54470cc34e110dce61fe_data_pipeline_stage"}
{"timestamp":"2025-08-02T09:15:49.491802","level":"info","event":"Scraped and uploaded: https://www.bbc.com/news/articles/cz7l29zved9o?at_medium=RSS&at_campaign=rss","logger":"unusual_prefix_f1b397379b91da77ffde54470cc34e110dce61fe_data_pipeline_stage"}
{"timestamp":"2025-08-02T09:15:50.518685","level":"info","event":"Scraped and uploaded: https://www.bbc.com/news/articles/cp82447l84ko?at_medium=RSS&at_campaign=rss","logger":"unusual_prefix_f1b397379b91da77ffde54470cc34e110dce61fe_data_pipeline_stage"}
{"timestamp":"2025-08-02T09:15:50.663931","level":"info","event":"Scraped and uploaded: https://www.bbc.com/news/articles/crmvl3remg2o?at_medium=RSS&at_campaign=rss","logger":"unusual_prefix_f1b397379b91da77ffde54470cc34e110dce61fe_data_pipeline_stage"}
{"timestamp":"2025-08-02T09:15:50.779136","level":"info","event":"Scraped and uploaded: https://www.bbc.co.uk/sounds/play/w3ct6zp1?at_medium=RSS&at_campaign=rss","logger":"unusual_prefix_f1b397379b91da77ffde54470cc34e110dce61fe_data_pipeline_stage"}
{"timestamp":"2025-08-02T09:15:50.974035","level":"info","event":"Scraped and uploaded: https://www.bbc.com/news/articles/cy5w2k5k5ylo?at_medium=RSS&at_campaign=rss","logger":"unusual_prefix_f1b397379b91da77ffde54470cc34e110dce61fe_data_pipeline_stage"}
{"timestamp":"2025-08-02T09:15:51.814732","level":"info","event":"Scraped and uploaded: https://www.bbc.com/news/articles/cwykgrv374eo?at_medium=RSS&at_campaign=rss","logger":"unusual_prefix_f1b397379b91da77ffde54470cc34e110dce61fe_data_pipeline_stage"}
{"timestamp":"2025-08-02T09:15:51.948519","level":"info","event":"Scraped and uploaded: https://www.bbc.co.uk/sounds/play/w3ct6zp0?at_medium=RSS&at_campaign=rss","logger":"unusual_prefix_f1b397379b91da77ffde54470cc34e110dce61fe_data_pipeline_stage"}
{"timestamp":"2025-08-02T09:15:52.431672","level":"info","event":"Scraped and uploaded: https://www.bbc.co.uk/iplayer/episode/m002gm6k?at_medium=RSS&at_campaign=rss","logger":"unusual_prefix_f1b397379b91da77ffde54470cc34e110dce61fe_data_pipeline_stage"}
{"timestamp":"2025-08-02T09:15:52.645021","level":"info","event":"Scraped and uploaded: https://www.bbc.co.uk/iplayer/episode/m002g8zw?at_medium=RSS&at_campaign=rss","logger":"unusual_prefix_f1b397379b91da77ffde54470cc34e110dce61fe_data_pipeline_stage"}
{"timestamp":"2025-08-02T09:15:52.986229","level":"info","event":"Scraped and uploaded: https://www.bbc.com/news/videos/cn5kn3dln3ko?at_medium=RSS&at_campaign=rss","logger":"unusual_prefix_f1b397379b91da77ffde54470cc34e110dce61fe_data_pipeline_stage"}
{"timestamp":"2025-08-02T09:15:53.090676","level":"info","event":"Scraped and uploaded: https://www.bbc.co.uk/sounds/play/w3ct6znz?at_medium=RSS&at_campaign=rss","logger":"unusual_prefix_f1b397379b91da77ffde54470cc34e110dce61fe_data_pipeline_stage"}
{"timestamp":"2025-08-02T09:15:53.700796","level":"info","event":"Scraped and uploaded: https://www.bbc.co.uk/sounds/play/w3ct6zny?at_medium=RSS&at_campaign=rss","logger":"unusual_prefix_f1b397379b91da77ffde54470cc34e110dce61fe_data_pipeline_stage"}
{"timestamp":"2025-08-02T09:15:54.346069","level":"info","event":"Scraped and uploaded: https://www.bbc.com/news/articles/c4g83dpeendo?at_medium=RSS&at_campaign=rss","logger":"unusual_prefix_f1b397379b91da77ffde54470cc34e110dce61fe_data_pipeline_stage"}
{"timestamp":"2025-08-02T09:15:54.482808","level":"info","event":"Scraped and uploaded: https://www.bbc.com/news/articles/c5yeyn4gl80o?at_medium=RSS&at_campaign=rss","logger":"unusual_prefix_f1b397379b91da77ffde54470cc34e110dce61fe_data_pipeline_stage"}
{"timestamp":"2025-08-02T09:15:54.513137","level":"info","event":"Scraped and uploaded: https://www.bbc.com/news/articles/ce3nw5vnzgpo?at_medium=RSS&at_campaign=rss","logger":"unusual_prefix_f1b397379b91da77ffde54470cc34e110dce61fe_data_pipeline_stage"}
{"timestamp":"2025-08-02T09:15:54.553239","level":"info","event":"Scraped and uploaded: https://www.bbc.co.uk/iplayer/episode/m002fzws?at_medium=RSS&at_campaign=rss","logger":"unusual_prefix_f1b397379b91da77ffde54470cc34e110dce61fe_data_pipeline_stage"}
{"timestamp":"2025-08-02T09:15:55.021593","level":"info","event":"Scraped and uploaded: https://www.bbc.com/news/articles/cj6r06d7xdjo?at_medium=RSS&at_campaign=rss","logger":"unusual_prefix_f1b397379b91da77ffde54470cc34e110dce61fe_data_pipeline_stage"}
{"timestamp":"2025-08-02T09:15:55.717215","level":"info","event":"Scraped and uploaded: https://www.bbc.com/news/articles/c4g2ezl7xqyo?at_medium=RSS&at_campaign=rss","logger":"unusual_prefix_f1b397379b91da77ffde54470cc34e110dce61fe_data_pipeline_stage"}
{"timestamp":"2025-08-02T09:15:55.816961","level":"info","event":"Scraped and uploaded: https://www.bbc.com/news/articles/cz9y1l397vno?at_medium=RSS&at_campaign=rss","logger":"unusual_prefix_f1b397379b91da77ffde54470cc34e110dce61fe_data_pipeline_stage"}
{"timestamp":"2025-08-02T09:15:55.868184","level":"info","event":"Scraped and uploaded: https://www.bbc.com/news/articles/cqx2jz1l477o?at_medium=RSS&at_campaign=rss","logger":"unusual_prefix_f1b397379b91da77ffde54470cc34e110dce61fe_data_pipeline_stage"}
{"timestamp":"2025-08-02T09:15:55.919590","level":"info","event":"Scraped and uploaded: https://www.bbc.com/weather/articles/cwy6ykp7049o?at_medium=RSS&at_campaign=rss","logger":"unusual_prefix_f1b397379b91da77ffde54470cc34e110dce61fe_data_pipeline_stage"}
{"timestamp":"2025-08-02T09:15:56.369517","level":"info","event":"Scraped and uploaded: https://www.bbc.com/news/articles/cm234l04xmro?at_medium=RSS&at_campaign=rss","logger":"unusual_prefix_f1b397379b91da77ffde54470cc34e110dce61fe_data_pipeline_stage"}
{"timestamp":"2025-08-02T09:15:57.062885","level":"info","event":"Scraped and uploaded: https://www.bbc.com/news/articles/c79ewz7qej4o?at_medium=RSS&at_campaign=rss","logger":"unusual_prefix_f1b397379b91da77ffde54470cc34e110dce61fe_data_pipeline_stage"}
{"timestamp":"2025-08-02T09:15:57.155955","level":"info","event":"Scraped and uploaded: https://www.bbc.com/news/articles/c0qg3ylx2g9o?at_medium=RSS&at_campaign=rss","logger":"unusual_prefix_f1b397379b91da77ffde54470cc34e110dce61fe_data_pipeline_stage"}
{"timestamp":"2025-08-02T09:15:57.209142","level":"info","event":"Scraped and uploaded: https://www.bbc.com/news/articles/c5y5zg85wnlo?at_medium=RSS&at_campaign=rss","logger":"unusual_prefix_f1b397379b91da77ffde54470cc34e110dce61fe_data_pipeline_stage"}
{"timestamp":"2025-08-02T09:15:57.259545","level":"info","event":"Scraped and uploaded: https://www.bbc.com/news/articles/clynkqw236po?at_medium=RSS&at_campaign=rss","logger":"unusual_prefix_f1b397379b91da77ffde54470cc34e110dce61fe_data_pipeline_stage"}
{"timestamp":"2025-08-02T09:15:57.684439","level":"info","event":"Scraped and uploaded: https://www.bbc.com/news/articles/c20xlqn0e5po?at_medium=RSS&at_campaign=rss","logger":"unusual_prefix_f1b397379b91da77ffde54470cc34e110dce61fe_data_pipeline_stage"}
{"timestamp":"2025-08-02T09:15:58.387383","level":"info","event":"Scraped and uploaded: https://www.bbc.co.uk/bitesize/articles/z2b7rmn?at_medium=RSS&at_campaign=rss","logger":"unusual_prefix_f1b397379b91da77ffde54470cc34e110dce61fe_data_pipeline_stage"}
{"timestamp":"2025-08-02T09:15:58.399862","level":"info","event":"Scraped and uploaded: https://www.bbc.com/news/articles/cpdzjev2d9wo?at_medium=RSS&at_campaign=rss","logger":"unusual_prefix_f1b397379b91da77ffde54470cc34e110dce61fe_data_pipeline_stage"}
{"timestamp":"2025-08-02T09:15:58.548136","level":"info","event":"Scraped and uploaded: https://www.bbc.com/news/articles/c62g6vdl3vqo?at_medium=RSS&at_campaign=rss","logger":"unusual_prefix_f1b397379b91da77ffde54470cc34e110dce61fe_data_pipeline_stage"}
{"timestamp":"2025-08-02T09:15:58.612379","level":"info","event":"Scraped and uploaded: https://www.bbc.com/news/articles/czrve1zrlg3o?at_medium=RSS&at_campaign=rss","logger":"unusual_prefix_f1b397379b91da77ffde54470cc34e110dce61fe_data_pipeline_stage"}
{"timestamp":"2025-08-02T09:15:58.992507","level":"info","event":"Scraped and uploaded: https://www.bbc.com/news/articles/c7vnyn17p57o?at_medium=RSS&at_campaign=rss","logger":"unusual_prefix_f1b397379b91da77ffde54470cc34e110dce61fe_data_pipeline_stage"}
{"timestamp":"2025-08-02T09:15:59.769144","level":"info","event":"Scraped and uploaded: https://www.bbc.com/news/articles/cql6vgwyv4xo?at_medium=RSS&at_campaign=rss","logger":"unusual_prefix_f1b397379b91da77ffde54470cc34e110dce61fe_data_pipeline_stage"}
{"timestamp":"2025-08-02T09:15:59.770317","level":"info","event":"Done. Returned value was: None","logger":"airflow.task.operators.airflow.providers.standard.operators.python.PythonOperator"}
