{"timestamp":"2025-08-03T04:42:44.853983","level":"info","event":"DAG bundles loaded: dags-folder","logger":"airflow.dag_processing.bundles.manager.DagBundlesManager"}
{"timestamp":"2025-08-03T04:42:44.854305","level":"info","event":"Filling up the DagBag from /opt/airflow/dags/data-pipeline-stage.py","logger":"airflow.models.dagbag.DagBag"}
{"timestamp":"2025-08-03T04:42:45.488576","level":"warning","event":"Couldn't find any OpenLineage transport configuration; will print events to console.","logger":"openlineage.client.client"}
{"timestamp":"2025-08-03T04:42:45.488932","level":"info","event":"OpenLineageClient will use `console` transport","logger":"openlineage.client.client"}
{"timestamp":"2025-08-03T04:42:45.493545","level":"info","event":"{\"eventTime\": \"2025-08-03T04:42:45.493302Z\", \"eventType\": \"START\", \"inputs\": [], \"job\": {\"facets\": {}, \"name\": \"scrape_bbc_tech\", \"namespace\": \"airflow\"}, \"outputs\": [], \"producer\": \"https://github.com/OpenLineage/OpenLineage\", \"run\": {\"facets\": {}, \"runId\": \"1e09cd0d-8550-4103-9ad7-47757e02b421\"}, \"schemaURL\": \"https://openlineage.io/spec/1-0-5/OpenLineage.json#/definitions/RunEvent\"}","logger":"openlineage.client.transport.console"}
{"timestamp":"2025-08-03T04:42:47.169644","level":"info","event":"Saved RSS feed","logger":"unusual_prefix_f1b397379b91da77ffde54470cc34e110dce61fe_data_pipeline_stage"}
{"timestamp":"2025-08-03T04:42:49.053112","level":"info","event":"Scraped and uploaded: https://www.bbc.com/news/articles/c9d0l40v551o?at_medium=RSS&at_campaign=rss","logger":"unusual_prefix_f1b397379b91da77ffde54470cc34e110dce61fe_data_pipeline_stage"}
{"timestamp":"2025-08-03T04:42:49.338734","level":"info","event":"Scraped and uploaded: https://www.bbc.com/news/articles/ce3jl1kgyv0o?at_medium=RSS&at_campaign=rss","logger":"unusual_prefix_f1b397379b91da77ffde54470cc34e110dce61fe_data_pipeline_stage"}
{"timestamp":"2025-08-03T04:42:49.438548","level":"info","event":"Scraped and uploaded: https://www.bbc.com/news/articles/c5y2xx6z6eko?at_medium=RSS&at_campaign=rss","logger":"unusual_prefix_f1b397379b91da77ffde54470cc34e110dce61fe_data_pipeline_stage"}
{"timestamp":"2025-08-03T04:42:49.508017","level":"info","event":"Scraped and uploaded: https://www.bbc.com/news/articles/cqlernrw62yo?at_medium=RSS&at_campaign=rss","logger":"unusual_prefix_f1b397379b91da77ffde54470cc34e110dce61fe_data_pipeline_stage"}
{"timestamp":"2025-08-03T04:42:50.296986","level":"info","event":"Scraped and uploaded: https://www.bbc.com/news/articles/cj3l0e4vr0ko?at_medium=RSS&at_campaign=rss","logger":"unusual_prefix_f1b397379b91da77ffde54470cc34e110dce61fe_data_pipeline_stage"}
{"timestamp":"2025-08-03T04:42:50.772117","level":"info","event":"Scraped and uploaded: https://www.bbc.com/news/articles/c93d7qlp974o?at_medium=RSS&at_campaign=rss","logger":"unusual_prefix_f1b397379b91da77ffde54470cc34e110dce61fe_data_pipeline_stage"}
{"timestamp":"2025-08-03T04:42:50.989076","level":"info","event":"Scraped and uploaded: https://www.bbc.com/news/articles/cd0dgkjgzvjo?at_medium=RSS&at_campaign=rss","logger":"unusual_prefix_f1b397379b91da77ffde54470cc34e110dce61fe_data_pipeline_stage"}
{"timestamp":"2025-08-03T04:42:51.190647","level":"info","event":"Scraped and uploaded: https://www.bbc.com/news/articles/cpv0zkxx0njo?at_medium=RSS&at_campaign=rss","logger":"unusual_prefix_f1b397379b91da77ffde54470cc34e110dce61fe_data_pipeline_stage"}
{"timestamp":"2025-08-03T04:42:51.381128","level":"info","event":"Scraped and uploaded: https://www.bbc.com/news/articles/cgery3eeqzxo?at_medium=RSS&at_campaign=rss","logger":"unusual_prefix_f1b397379b91da77ffde54470cc34e110dce61fe_data_pipeline_stage"}
{"timestamp":"2025-08-03T04:42:52.079207","level":"info","event":"Scraped and uploaded: https://www.bbc.com/news/articles/cvg3lgdv3r7o?at_medium=RSS&at_campaign=rss","logger":"unusual_prefix_f1b397379b91da77ffde54470cc34e110dce61fe_data_pipeline_stage"}
{"timestamp":"2025-08-03T04:42:52.651064","level":"info","event":"Scraped and uploaded: https://www.bbc.com/news/articles/cvg8z2mx508o?at_medium=RSS&at_campaign=rss","logger":"unusual_prefix_f1b397379b91da77ffde54470cc34e110dce61fe_data_pipeline_stage"}
{"timestamp":"2025-08-03T04:42:53.223876","level":"info","event":"Scraped and uploaded: https://www.bbc.com/news/articles/cx2q8qw0q0go?at_medium=RSS&at_campaign=rss","logger":"unusual_prefix_f1b397379b91da77ffde54470cc34e110dce61fe_data_pipeline_stage"}
{"timestamp":"2025-08-03T04:42:53.335886","level":"info","event":"Scraped and uploaded: https://www.bbc.com/news/articles/clyj4zky4zwo?at_medium=RSS&at_campaign=rss","logger":"unusual_prefix_f1b397379b91da77ffde54470cc34e110dce61fe_data_pipeline_stage"}
{"timestamp":"2025-08-03T04:42:53.702751","level":"info","event":"Scraped and uploaded: https://www.bbc.com/news/articles/c24v4dl5r16o?at_medium=RSS&at_campaign=rss","logger":"unusual_prefix_f1b397379b91da77ffde54470cc34e110dce61fe_data_pipeline_stage"}
{"timestamp":"2025-08-03T04:42:53.924303","level":"info","event":"Scraped and uploaded: https://www.bbc.com/news/articles/c77v2kx304go?at_medium=RSS&at_campaign=rss","logger":"unusual_prefix_f1b397379b91da77ffde54470cc34e110dce61fe_data_pipeline_stage"}
{"timestamp":"2025-08-03T04:42:54.963695","level":"info","event":"Scraped and uploaded: https://www.bbc.com/news/articles/cd78lvd94zyo?at_medium=RSS&at_campaign=rss","logger":"unusual_prefix_f1b397379b91da77ffde54470cc34e110dce61fe_data_pipeline_stage"}
{"timestamp":"2025-08-03T04:42:55.111587","level":"info","event":"Scraped and uploaded: https://www.bbc.com/news/articles/c30741j351go?at_medium=RSS&at_campaign=rss","logger":"unusual_prefix_f1b397379b91da77ffde54470cc34e110dce61fe_data_pipeline_stage"}
{"timestamp":"2025-08-03T04:42:55.216422","level":"info","event":"Scraped and uploaded: https://www.bbc.com/news/articles/czdv68gejm7o?at_medium=RSS&at_campaign=rss","logger":"unusual_prefix_f1b397379b91da77ffde54470cc34e110dce61fe_data_pipeline_stage"}
{"timestamp":"2025-08-03T04:42:55.460977","level":"info","event":"Scraped and uploaded: https://www.bbc.com/news/articles/cx2jmledvr3o?at_medium=RSS&at_campaign=rss","logger":"unusual_prefix_f1b397379b91da77ffde54470cc34e110dce61fe_data_pipeline_stage"}
{"timestamp":"2025-08-03T04:42:55.648397","level":"info","event":"Scraped and uploaded: https://www.bbc.com/news/articles/c9vr4rymlw9o?at_medium=RSS&at_campaign=rss","logger":"unusual_prefix_f1b397379b91da77ffde54470cc34e110dce61fe_data_pipeline_stage"}
{"timestamp":"2025-08-03T04:42:56.768564","level":"info","event":"Scraped and uploaded: https://www.bbc.com/news/articles/cql0ple066po?at_medium=RSS&at_campaign=rss","logger":"unusual_prefix_f1b397379b91da77ffde54470cc34e110dce61fe_data_pipeline_stage"}
{"timestamp":"2025-08-03T04:42:56.894453","level":"info","event":"Scraped and uploaded: https://www.bbc.com/news/articles/ceq7ye3q2zwo?at_medium=RSS&at_campaign=rss","logger":"unusual_prefix_f1b397379b91da77ffde54470cc34e110dce61fe_data_pipeline_stage"}
{"timestamp":"2025-08-03T04:42:56.898843","level":"info","event":"Scraped and uploaded: https://www.bbc.com/news/articles/cp8mp79gyz1o?at_medium=RSS&at_campaign=rss","logger":"unusual_prefix_f1b397379b91da77ffde54470cc34e110dce61fe_data_pipeline_stage"}
{"timestamp":"2025-08-03T04:42:57.545049","level":"info","event":"Scraped and uploaded: https://www.bbc.com/news/articles/cy8g22n32d0o?at_medium=RSS&at_campaign=rss","logger":"unusual_prefix_f1b397379b91da77ffde54470cc34e110dce61fe_data_pipeline_stage"}
{"timestamp":"2025-08-03T04:42:58.160315","level":"info","event":"Scraped and uploaded: https://www.bbc.com/news/articles/c07d2dyx19zo?at_medium=RSS&at_campaign=rss","logger":"unusual_prefix_f1b397379b91da77ffde54470cc34e110dce61fe_data_pipeline_stage"}
{"timestamp":"2025-08-03T04:42:58.535492","level":"info","event":"Scraped and uploaded: https://www.bbc.com/news/articles/c1e02vx55wpo?at_medium=RSS&at_campaign=rss","logger":"unusual_prefix_f1b397379b91da77ffde54470cc34e110dce61fe_data_pipeline_stage"}
{"timestamp":"2025-08-03T04:42:58.566085","level":"info","event":"Scraped and uploaded: https://www.bbc.com/news/articles/cj4ep1znk4zo?at_medium=RSS&at_campaign=rss","logger":"unusual_prefix_f1b397379b91da77ffde54470cc34e110dce61fe_data_pipeline_stage"}
{"timestamp":"2025-08-03T04:42:58.661315","level":"info","event":"Scraped and uploaded: https://www.bbc.com/news/articles/crmvl3remg2o?at_medium=RSS&at_campaign=rss","logger":"unusual_prefix_f1b397379b91da77ffde54470cc34e110dce61fe_data_pipeline_stage"}
{"timestamp":"2025-08-03T04:42:59.371171","level":"info","event":"Scraped and uploaded: https://www.bbc.com/news/articles/cz7l29zved9o?at_medium=RSS&at_campaign=rss","logger":"unusual_prefix_f1b397379b91da77ffde54470cc34e110dce61fe_data_pipeline_stage"}
{"timestamp":"2025-08-03T04:42:59.843015","level":"info","event":"Scraped and uploaded: https://www.bbc.com/news/articles/cy5w2k5k5ylo?at_medium=RSS&at_campaign=rss","logger":"unusual_prefix_f1b397379b91da77ffde54470cc34e110dce61fe_data_pipeline_stage"}
{"timestamp":"2025-08-03T04:43:00.167785","level":"info","event":"Scraped and uploaded: https://www.bbc.co.uk/sounds/play/w3ct6zp1?at_medium=RSS&at_campaign=rss","logger":"unusual_prefix_f1b397379b91da77ffde54470cc34e110dce61fe_data_pipeline_stage"}
{"timestamp":"2025-08-03T04:43:00.355287","level":"info","event":"Scraped and uploaded: https://www.bbc.com/news/articles/cp82447l84ko?at_medium=RSS&at_campaign=rss","logger":"unusual_prefix_f1b397379b91da77ffde54470cc34e110dce61fe_data_pipeline_stage"}
{"timestamp":"2025-08-03T04:43:00.397995","level":"info","event":"Scraped and uploaded: https://www.bbc.com/news/articles/cwykgrv374eo?at_medium=RSS&at_campaign=rss","logger":"unusual_prefix_f1b397379b91da77ffde54470cc34e110dce61fe_data_pipeline_stage"}
{"timestamp":"2025-08-03T04:43:01.384315","level":"info","event":"Scraped and uploaded: https://www.bbc.co.uk/sounds/play/w3ct6zp0?at_medium=RSS&at_campaign=rss","logger":"unusual_prefix_f1b397379b91da77ffde54470cc34e110dce61fe_data_pipeline_stage"}
{"timestamp":"2025-08-03T04:43:01.397066","level":"info","event":"Scraped and uploaded: https://www.bbc.co.uk/iplayer/episode/m002gm6k?at_medium=RSS&at_campaign=rss","logger":"unusual_prefix_f1b397379b91da77ffde54470cc34e110dce61fe_data_pipeline_stage"}
{"timestamp":"2025-08-03T04:43:01.878993","level":"info","event":"Scraped and uploaded: https://www.bbc.co.uk/sounds/play/w3ct6znz?at_medium=RSS&at_campaign=rss","logger":"unusual_prefix_f1b397379b91da77ffde54470cc34e110dce61fe_data_pipeline_stage"}
{"timestamp":"2025-08-03T04:43:02.049482","level":"info","event":"Scraped and uploaded: https://www.bbc.co.uk/iplayer/episode/m002g8zw?at_medium=RSS&at_campaign=rss","logger":"unusual_prefix_f1b397379b91da77ffde54470cc34e110dce61fe_data_pipeline_stage"}
{"timestamp":"2025-08-03T04:43:02.615846","level":"info","event":"Scraped and uploaded: https://www.bbc.com/news/videos/cn5kn3dln3ko?at_medium=RSS&at_campaign=rss","logger":"unusual_prefix_f1b397379b91da77ffde54470cc34e110dce61fe_data_pipeline_stage"}
{"timestamp":"2025-08-03T04:43:02.971999","level":"info","event":"Scraped and uploaded: https://www.bbc.co.uk/sounds/play/w3ct6zny?at_medium=RSS&at_campaign=rss","logger":"unusual_prefix_f1b397379b91da77ffde54470cc34e110dce61fe_data_pipeline_stage"}
{"timestamp":"2025-08-03T04:43:03.273937","level":"info","event":"Scraped and uploaded: https://www.bbc.co.uk/iplayer/episode/m002fzws?at_medium=RSS&at_campaign=rss","logger":"unusual_prefix_f1b397379b91da77ffde54470cc34e110dce61fe_data_pipeline_stage"}
{"timestamp":"2025-08-03T04:43:04.733246","level":"info","event":"Scraped and uploaded: https://www.bbc.com/news/articles/cj6r06d7xdjo?at_medium=RSS&at_campaign=rss","logger":"unusual_prefix_f1b397379b91da77ffde54470cc34e110dce61fe_data_pipeline_stage"}
{"timestamp":"2025-08-03T04:43:04.984886","level":"info","event":"Scraped and uploaded: https://www.bbc.com/news/articles/ce3nw5vnzgpo?at_medium=RSS&at_campaign=rss","logger":"unusual_prefix_f1b397379b91da77ffde54470cc34e110dce61fe_data_pipeline_stage"}
{"timestamp":"2025-08-03T04:43:05.413531","level":"info","event":"Scraped and uploaded: https://www.bbc.com/news/articles/c5yeyn4gl80o?at_medium=RSS&at_campaign=rss","logger":"unusual_prefix_f1b397379b91da77ffde54470cc34e110dce61fe_data_pipeline_stage"}
{"timestamp":"2025-08-03T04:43:05.705399","level":"info","event":"Scraped and uploaded: https://www.bbc.com/news/articles/c4g83dpeendo?at_medium=RSS&at_campaign=rss","logger":"unusual_prefix_f1b397379b91da77ffde54470cc34e110dce61fe_data_pipeline_stage"}
{"timestamp":"2025-08-03T04:43:06.310042","level":"info","event":"Scraped and uploaded: https://www.bbc.com/news/articles/c4g2ezl7xqyo?at_medium=RSS&at_campaign=rss","logger":"unusual_prefix_f1b397379b91da77ffde54470cc34e110dce61fe_data_pipeline_stage"}
{"timestamp":"2025-08-03T04:43:07.046448","level":"info","event":"Scraped and uploaded: https://www.bbc.com/weather/articles/cwy6ykp7049o?at_medium=RSS&at_campaign=rss","logger":"unusual_prefix_f1b397379b91da77ffde54470cc34e110dce61fe_data_pipeline_stage"}
{"timestamp":"2025-08-03T04:43:07.191681","level":"info","event":"Scraped and uploaded: https://www.bbc.com/news/articles/cz9y1l397vno?at_medium=RSS&at_campaign=rss","logger":"unusual_prefix_f1b397379b91da77ffde54470cc34e110dce61fe_data_pipeline_stage"}
{"timestamp":"2025-08-03T04:43:07.961401","level":"info","event":"Scraped and uploaded: https://www.bbc.com/news/articles/cm234l04xmro?at_medium=RSS&at_campaign=rss","logger":"unusual_prefix_f1b397379b91da77ffde54470cc34e110dce61fe_data_pipeline_stage"}
{"timestamp":"2025-08-03T04:43:08.033353","level":"info","event":"Scraped and uploaded: https://www.bbc.com/news/articles/cqx2jz1l477o?at_medium=RSS&at_campaign=rss","logger":"unusual_prefix_f1b397379b91da77ffde54470cc34e110dce61fe_data_pipeline_stage"}
{"timestamp":"2025-08-03T04:43:08.407112","level":"info","event":"Scraped and uploaded: https://www.bbc.com/news/articles/c79ewz7qej4o?at_medium=RSS&at_campaign=rss","logger":"unusual_prefix_f1b397379b91da77ffde54470cc34e110dce61fe_data_pipeline_stage"}
{"timestamp":"2025-08-03T04:43:08.776237","level":"info","event":"Scraped and uploaded: https://www.bbc.com/news/articles/c0qg3ylx2g9o?at_medium=RSS&at_campaign=rss","logger":"unusual_prefix_f1b397379b91da77ffde54470cc34e110dce61fe_data_pipeline_stage"}
{"timestamp":"2025-08-03T04:43:08.869685","level":"info","event":"Scraped and uploaded: https://www.bbc.com/news/articles/c5y5zg85wnlo?at_medium=RSS&at_campaign=rss","logger":"unusual_prefix_f1b397379b91da77ffde54470cc34e110dce61fe_data_pipeline_stage"}
{"timestamp":"2025-08-03T04:43:09.813644","level":"info","event":"Scraped and uploaded: https://www.bbc.com/news/articles/c20xlqn0e5po?at_medium=RSS&at_campaign=rss","logger":"unusual_prefix_f1b397379b91da77ffde54470cc34e110dce61fe_data_pipeline_stage"}
{"timestamp":"2025-08-03T04:43:09.879491","level":"info","event":"Scraped and uploaded: https://www.bbc.com/news/articles/clynkqw236po?at_medium=RSS&at_campaign=rss","logger":"unusual_prefix_f1b397379b91da77ffde54470cc34e110dce61fe_data_pipeline_stage"}
{"timestamp":"2025-08-03T04:43:10.278119","level":"info","event":"Scraped and uploaded: https://www.bbc.com/news/articles/cpdzjev2d9wo?at_medium=RSS&at_campaign=rss","logger":"unusual_prefix_f1b397379b91da77ffde54470cc34e110dce61fe_data_pipeline_stage"}
{"timestamp":"2025-08-03T04:43:10.405533","level":"info","event":"Scraped and uploaded: https://www.bbc.co.uk/bitesize/articles/z2b7rmn?at_medium=RSS&at_campaign=rss","logger":"unusual_prefix_f1b397379b91da77ffde54470cc34e110dce61fe_data_pipeline_stage"}
{"timestamp":"2025-08-03T04:43:10.889846","level":"info","event":"Scraped and uploaded: https://www.bbc.com/news/articles/c62g6vdl3vqo?at_medium=RSS&at_campaign=rss","logger":"unusual_prefix_f1b397379b91da77ffde54470cc34e110dce61fe_data_pipeline_stage"}
{"timestamp":"2025-08-03T04:43:12.174744","level":"info","event":"Scraped and uploaded: https://www.bbc.com/news/articles/czrve1zrlg3o?at_medium=RSS&at_campaign=rss","logger":"unusual_prefix_f1b397379b91da77ffde54470cc34e110dce61fe_data_pipeline_stage"}
{"timestamp":"2025-08-03T04:43:12.484288","level":"info","event":"Scraped and uploaded: https://www.bbc.com/news/articles/cql6vgwyv4xo?at_medium=RSS&at_campaign=rss","logger":"unusual_prefix_f1b397379b91da77ffde54470cc34e110dce61fe_data_pipeline_stage"}
{"timestamp":"2025-08-03T04:43:12.603418","level":"info","event":"Scraped and uploaded: https://www.bbc.com/news/articles/c7vnyn17p57o?at_medium=RSS&at_campaign=rss","logger":"unusual_prefix_f1b397379b91da77ffde54470cc34e110dce61fe_data_pipeline_stage"}
{"timestamp":"2025-08-03T04:43:12.605247","level":"info","event":"Done. Returned value was: None","logger":"airflow.task.operators.airflow.providers.standard.operators.python.PythonOperator"}
