{"timestamp":"2025-07-14T18:02:12.133564","level":"info","event":"DAG bundles loaded: dags-folder","logger":"airflow.dag_processing.bundles.manager.DagBundlesManager"}
{"timestamp":"2025-07-14T18:02:12.135207","level":"info","event":"Filling up the DagBag from /opt/airflow/dags/activefence.py","logger":"airflow.models.dagbag.DagBag"}
{"timestamp":"2025-07-14T18:02:30.591181","level":"info","event":"Saved RSS feed","logger":"unusual_prefix_0aab8e1abe4a8f324d874f9a30de87ad63865522_activefence"}
{"timestamp":"2025-07-14T18:02:33.484224","level":"info","event":"Scraped and uploaded: https://www.bbc.com/news/articles/cwykgrv374eo","logger":"unusual_prefix_0aab8e1abe4a8f324d874f9a30de87ad63865522_activefence"}
{"timestamp":"2025-07-14T18:02:33.486329","level":"info","event":"Scraped and uploaded: https://www.bbc.com/news/articles/cz7l29zved9o","logger":"unusual_prefix_0aab8e1abe4a8f324d874f9a30de87ad63865522_activefence"}
{"timestamp":"2025-07-14T18:02:33.489765","level":"info","event":"Scraped and uploaded: https://www.bbc.com/news/articles/cp82447l84ko","logger":"unusual_prefix_0aab8e1abe4a8f324d874f9a30de87ad63865522_activefence"}
{"timestamp":"2025-07-14T18:02:33.491448","level":"info","event":"Scraped and uploaded: https://www.bbc.com/news/articles/c4g8r34nxeno","logger":"unusual_prefix_0aab8e1abe4a8f324d874f9a30de87ad63865522_activefence"}
{"timestamp":"2025-07-14T18:02:33.494708","level":"info","event":"Scraped and uploaded: https://www.bbc.com/news/articles/cy5w2k5k5ylo","logger":"unusual_prefix_0aab8e1abe4a8f324d874f9a30de87ad63865522_activefence"}
{"timestamp":"2025-07-14T18:02:34.798672","level":"info","event":"Scraped and uploaded: https://www.bbc.com/news/articles/c8j13m74lklo","logger":"unusual_prefix_0aab8e1abe4a8f324d874f9a30de87ad63865522_activefence"}
{"timestamp":"2025-07-14T18:02:34.818260","level":"info","event":"Scraped and uploaded: https://www.bbc.com/sport/tennis/articles/cdr3nk7vd28o","logger":"unusual_prefix_0aab8e1abe4a8f324d874f9a30de87ad63865522_activefence"}
{"timestamp":"2025-07-14T18:02:34.835277","level":"info","event":"Scraped and uploaded: https://www.bbc.com/news/articles/cwyxggv9j9zo","logger":"unusual_prefix_0aab8e1abe4a8f324d874f9a30de87ad63865522_activefence"}
{"timestamp":"2025-07-14T18:02:34.843526","level":"info","event":"Scraped and uploaded: https://www.bbc.com/news/articles/cy8kjdz9nr3o","logger":"unusual_prefix_0aab8e1abe4a8f324d874f9a30de87ad63865522_activefence"}
{"timestamp":"2025-07-14T18:02:35.335300","level":"info","event":"Scraped and uploaded: https://www.bbc.com/news/articles/cx2gy3j9xq6o","logger":"unusual_prefix_0aab8e1abe4a8f324d874f9a30de87ad63865522_activefence"}
{"timestamp":"2025-07-14T18:02:36.114069","level":"info","event":"Scraped and uploaded: https://www.bbc.com/news/articles/ckglzxy389zo","logger":"unusual_prefix_0aab8e1abe4a8f324d874f9a30de87ad63865522_activefence"}
{"timestamp":"2025-07-14T18:02:36.116072","level":"info","event":"Scraped and uploaded: https://www.bbc.com/news/articles/ce8zqvgpm3lo","logger":"unusual_prefix_0aab8e1abe4a8f324d874f9a30de87ad63865522_activefence"}
{"timestamp":"2025-07-14T18:02:36.117606","level":"info","event":"Scraped and uploaded: https://www.bbc.com/news/articles/c4ge9xk8wj0o","logger":"unusual_prefix_0aab8e1abe4a8f324d874f9a30de87ad63865522_activefence"}
{"timestamp":"2025-07-14T18:02:36.123407","level":"info","event":"Scraped and uploaded: https://www.bbc.com/news/articles/cpvjdm4mp92o","logger":"unusual_prefix_0aab8e1abe4a8f324d874f9a30de87ad63865522_activefence"}
{"timestamp":"2025-07-14T18:02:36.561436","level":"info","event":"Scraped and uploaded: https://www.bbc.com/news/articles/cy7nppe5gkgo","logger":"unusual_prefix_0aab8e1abe4a8f324d874f9a30de87ad63865522_activefence"}
{"timestamp":"2025-07-14T18:02:37.576290","level":"info","event":"Scraped and uploaded: https://www.bbc.com/news/articles/cp8mjnn7eqno","logger":"unusual_prefix_0aab8e1abe4a8f324d874f9a30de87ad63865522_activefence"}
{"timestamp":"2025-07-14T18:02:37.594574","level":"info","event":"Scraped and uploaded: https://www.bbc.com/news/articles/cvgnp9ykm3xo","logger":"unusual_prefix_0aab8e1abe4a8f324d874f9a30de87ad63865522_activefence"}
{"timestamp":"2025-07-14T18:02:37.595371","level":"info","event":"Scraped and uploaded: https://www.bbc.com/news/articles/cdxl0w1w394o","logger":"unusual_prefix_0aab8e1abe4a8f324d874f9a30de87ad63865522_activefence"}
{"timestamp":"2025-07-14T18:02:55.383095Z","level":"error","event":"Server indicated the task shouldn't be running anymore. Terminating process","detail":{"detail":{"reason":"not_running","message":"TI is no longer in the running state and task should terminate","current_state":"success"}},"logger":"task"}
{"timestamp":"2025-07-14T18:02:47.618083","level":"error","event":"Attempt 1 failed for https://www.bbc.com/news/articles/cvg885p923jo: HTTPSConnectionPool(host='www.bbc.com', port=443): Max retries exceeded with url: /news/articles/cvg885p923jo (Caused by NameResolutionError(\"<urllib3.connection.HTTPSConnection object at 0x7f208723bfe0>: Failed to resolve 'www.bbc.com' ([Errno -3] Temporary failure in name resolution)\"))","logger":"unusual_prefix_0aab8e1abe4a8f324d874f9a30de87ad63865522_activefence"}
{"timestamp":"2025-07-14T18:02:52.965859","level":"error","event":"Attempt 1 failed for https://www.bbc.com/news/articles/ckgdydzxe6go: HTTPSConnectionPool(host='www.bbc.com', port=443): Read timed out. (read timeout=10)","logger":"unusual_prefix_0aab8e1abe4a8f324d874f9a30de87ad63865522_activefence"}
{"timestamp":"2025-07-14T18:02:53.082395","level":"error","event":"Attempt 1 failed for https://www.bbc.com/news/videos/c5ylkyrkjnzo: HTTPSConnectionPool(host='www.bbc.com', port=443): Max retries exceeded with url: /news/videos/c5ylkyrkjnzo (Caused by NameResolutionError(\"<urllib3.connection.HTTPSConnection object at 0x7f2087243920>: Failed to resolve 'www.bbc.com' ([Errno -3] Temporary failure in name resolution)\"))","logger":"unusual_prefix_0aab8e1abe4a8f324d874f9a30de87ad63865522_activefence"}
{"timestamp":"2025-07-14T18:02:53.088016","level":"error","event":"Attempt 1 failed for https://www.bbc.com/news/articles/c20nqdl5ydjo: HTTPSConnectionPool(host='www.bbc.com', port=443): Max retries exceeded with url: /news/articles/c20nqdl5ydjo (Caused by NameResolutionError(\"<urllib3.connection.HTTPSConnection object at 0x7f2087243a40>: Failed to resolve 'www.bbc.com' ([Errno -3] Temporary failure in name resolution)\"))","logger":"unusual_prefix_0aab8e1abe4a8f324d874f9a30de87ad63865522_activefence"}
{"timestamp":"2025-07-14T18:02:53.089129","level":"error","event":"Attempt 1 failed for https://www.bbc.com/news/articles/cgrxxyy2v1jo: HTTPSConnectionPool(host='www.bbc.com', port=443): Max retries exceeded with url: /news/articles/cgrxxyy2v1jo (Caused by NameResolutionError(\"<urllib3.connection.HTTPSConnection object at 0x7f2087243ad0>: Failed to resolve 'www.bbc.com' ([Errno -3] Temporary failure in name resolution)\"))","logger":"unusual_prefix_0aab8e1abe4a8f324d874f9a30de87ad63865522_activefence"}
{"timestamp":"2025-07-14T18:02:55.675738Z","level":"error","event":"Task killed!","logger":"task"}
