{"timestamp":"2025-07-14T18:25:12.025289","level":"info","event":"DAG bundles loaded: dags-folder","logger":"airflow.dag_processing.bundles.manager.DagBundlesManager"}
{"timestamp":"2025-07-14T18:25:12.029399","level":"info","event":"Filling up the DagBag from /opt/airflow/dags/activefence.py","logger":"airflow.models.dagbag.DagBag"}
{"timestamp":"2025-07-14T18:25:24.349431Z","level":"error","event":"/home/airflow/.local/lib/python3.12/site-packages/pyspark/bin/load-spark-env.sh: line 68: ps: command not found","chan":"stderr","logger":"task"}
{"timestamp":"2025-07-14T18:25:26.870738Z","level":"info","event":":: loading settings :: url = jar:file:/home/airflow/.local/lib/python3.12/site-packages/pyspark/jars/ivy-2.5.1.jar!/org/apache/ivy/core/settings/ivysettings.xml","chan":"stdout","logger":"task"}
{"timestamp":"2025-07-14T18:25:26.982709Z","level":"error","event":"Ivy Default Cache set to: /home/airflow/.ivy2/cache","chan":"stderr","logger":"task"}
{"timestamp":"2025-07-14T18:25:26.983758Z","level":"error","event":"The jars for the packages stored in: /home/airflow/.ivy2/jars","chan":"stderr","logger":"task"}
{"timestamp":"2025-07-14T18:25:26.987073Z","level":"error","event":"org.apache.hadoop#hadoop-aws added as a dependency","chan":"stderr","logger":"task"}
{"timestamp":"2025-07-14T18:25:26.987586Z","level":"error","event":"com.amazonaws#aws-java-sdk-bundle added as a dependency","chan":"stderr","logger":"task"}
{"timestamp":"2025-07-14T18:25:26.987994Z","level":"error","event":"org.apache.spark#spark-avro_2.12 added as a dependency","chan":"stderr","logger":"task"}
{"timestamp":"2025-07-14T18:25:26.988481Z","level":"error","event":"io.delta#delta-spark_2.12 added as a dependency","chan":"stderr","logger":"task"}
{"timestamp":"2025-07-14T18:25:26.988838Z","level":"error","event":":: resolving dependencies :: org.apache.spark#spark-submit-parent-037c8ec9-8f2a-4d3f-9a2d-bcb28317b06b;1.0","chan":"stderr","logger":"task"}
{"timestamp":"2025-07-14T18:25:26.989150Z","level":"error","event":"\tconfs: [default]","chan":"stderr","logger":"task"}
{"timestamp":"2025-07-14T18:25:27.209914Z","level":"error","event":"\tfound org.apache.hadoop#hadoop-aws;3.3.4 in central","chan":"stderr","logger":"task"}
{"timestamp":"2025-07-14T18:25:27.257441Z","level":"error","event":"\tfound org.wildfly.openssl#wildfly-openssl;1.0.7.Final in central","chan":"stderr","logger":"task"}
{"timestamp":"2025-07-14T18:25:27.279489Z","level":"error","event":"\tfound com.amazonaws#aws-java-sdk-bundle;1.12.520 in central","chan":"stderr","logger":"task"}
{"timestamp":"2025-07-14T18:25:27.317566Z","level":"error","event":"\tfound org.apache.spark#spark-avro_2.12;3.5.0 in central","chan":"stderr","logger":"task"}
{"timestamp":"2025-07-14T18:25:27.342821Z","level":"error","event":"\tfound org.tukaani#xz;1.9 in central","chan":"stderr","logger":"task"}
{"timestamp":"2025-07-14T18:25:27.369848Z","level":"error","event":"\tfound io.delta#delta-spark_2.12;3.1.0 in central","chan":"stderr","logger":"task"}
{"timestamp":"2025-07-14T18:25:27.395601Z","level":"error","event":"\tfound io.delta#delta-storage;3.1.0 in central","chan":"stderr","logger":"task"}
{"timestamp":"2025-07-14T18:25:27.414735Z","level":"error","event":"\tfound org.antlr#antlr4-runtime;4.9.3 in spark-list","chan":"stderr","logger":"task"}
{"timestamp":"2025-07-14T18:25:27.450418Z","level":"error","event":":: resolution report :: resolve 442ms :: artifacts dl 20ms","chan":"stderr","logger":"task"}
{"timestamp":"2025-07-14T18:25:27.451232Z","level":"error","event":"\t:: modules in use:","chan":"stderr","logger":"task"}
{"timestamp":"2025-07-14T18:25:27.451710Z","level":"error","event":"\tcom.amazonaws#aws-java-sdk-bundle;1.12.520 from central in [default]","chan":"stderr","logger":"task"}
{"timestamp":"2025-07-14T18:25:27.452092Z","level":"error","event":"\tio.delta#delta-spark_2.12;3.1.0 from central in [default]","chan":"stderr","logger":"task"}
{"timestamp":"2025-07-14T18:25:27.452412Z","level":"error","event":"\tio.delta#delta-storage;3.1.0 from central in [default]","chan":"stderr","logger":"task"}
{"timestamp":"2025-07-14T18:25:27.452784Z","level":"error","event":"\torg.antlr#antlr4-runtime;4.9.3 from spark-list in [default]","chan":"stderr","logger":"task"}
{"timestamp":"2025-07-14T18:25:27.453031Z","level":"error","event":"\torg.apache.hadoop#hadoop-aws;3.3.4 from central in [default]","chan":"stderr","logger":"task"}
{"timestamp":"2025-07-14T18:25:27.453281Z","level":"error","event":"\torg.apache.spark#spark-avro_2.12;3.5.0 from central in [default]","chan":"stderr","logger":"task"}
{"timestamp":"2025-07-14T18:25:27.453493Z","level":"error","event":"\torg.tukaani#xz;1.9 from central in [default]","chan":"stderr","logger":"task"}
{"timestamp":"2025-07-14T18:25:27.453701Z","level":"error","event":"\torg.wildfly.openssl#wildfly-openssl;1.0.7.Final from central in [default]","chan":"stderr","logger":"task"}
{"timestamp":"2025-07-14T18:25:27.453992Z","level":"error","event":"\t:: evicted modules:","chan":"stderr","logger":"task"}
{"timestamp":"2025-07-14T18:25:27.454335Z","level":"error","event":"\tcom.amazonaws#aws-java-sdk-bundle;1.12.262 by [com.amazonaws#aws-java-sdk-bundle;1.12.520] in [default]","chan":"stderr","logger":"task"}
{"timestamp":"2025-07-14T18:25:27.454661Z","level":"error","event":"\t---------------------------------------------------------------------","chan":"stderr","logger":"task"}
{"timestamp":"2025-07-14T18:25:27.455163Z","level":"error","event":"\t|                  |            modules            ||   artifacts   |","chan":"stderr","logger":"task"}
{"timestamp":"2025-07-14T18:25:27.455662Z","level":"error","event":"\t|       conf       | number| search|dwnlded|evicted|| number|dwnlded|","chan":"stderr","logger":"task"}
{"timestamp":"2025-07-14T18:25:27.456279Z","level":"error","event":"\t---------------------------------------------------------------------","chan":"stderr","logger":"task"}
{"timestamp":"2025-07-14T18:25:27.456688Z","level":"error","event":"\t|      default     |   9   |   0   |   0   |   1   ||   8   |   0   |","chan":"stderr","logger":"task"}
{"timestamp":"2025-07-14T18:25:27.457028Z","level":"error","event":"\t---------------------------------------------------------------------","chan":"stderr","logger":"task"}
{"timestamp":"2025-07-14T18:25:27.461815Z","level":"error","event":":: retrieving :: org.apache.spark#spark-submit-parent-037c8ec9-8f2a-4d3f-9a2d-bcb28317b06b","chan":"stderr","logger":"task"}
{"timestamp":"2025-07-14T18:25:27.462605Z","level":"error","event":"\tconfs: [default]","chan":"stderr","logger":"task"}
{"timestamp":"2025-07-14T18:25:27.473958Z","level":"error","event":"\t0 artifacts copied, 8 already retrieved (0kB/12ms)","chan":"stderr","logger":"task"}
{"timestamp":"2025-07-14T18:25:27.787358Z","level":"error","event":"25/07/14 18:25:27 WARN NativeCodeLoader: Unable to load native-hadoop library for your platform... using builtin-java classes where applicable","chan":"stderr","logger":"task"}
{"timestamp":"2025-07-14T18:25:28.038299Z","level":"error","event":"Setting default log level to \"WARN\".","chan":"stderr","logger":"task"}
{"timestamp":"2025-07-14T18:25:28.039421Z","level":"error","event":"To adjust logging level use sc.setLogLevel(newLevel). For SparkR, use setLogLevel(newLevel).","chan":"stderr","logger":"task"}
{"timestamp":"2025-07-14T18:25:31.118797","level":"info","event":"Anonymized telemetry enabled. See                     https://docs.trychroma.com/telemetry for more information.","logger":"chromadb.telemetry.product.posthog"}
{"timestamp":"2025-07-14T18:25:33.078030Z","level":"error","event":"25/07/14 18:25:33 WARN MetricsConfig: Cannot locate configuration: tried hadoop-metrics2-s3a-file-system.properties,hadoop-metrics2.properties","chan":"stderr","logger":"task"}
{"timestamp":"2025-07-14T18:25:45.952452Z","level":"error","event":"\r[Stage 0:>                                                          (0 + 2) / 2]\r\r                                                                                \r25/07/14 18:25:45 WARN SparkStringUtils: Truncated the string representation of a plan since it was too large. This behavior can be adjusted by setting 'spark.sql.debug.maxToStringFields'.","chan":"stderr","logger":"task"}
{"timestamp":"2025-07-14T18:26:05.311421","level":"info","event":"Embedded 225 records","logger":"unusual_prefix_0aab8e1abe4a8f324d874f9a30de87ad63865522_activefence"}
{"timestamp":"2025-07-14T18:26:05.312026","level":"info","event":"Done. Returned value was: None","logger":"airflow.task.operators.airflow.providers.standard.operators.python.PythonOperator"}
{"timestamp":"2025-07-14T18:26:06.040897Z","level":"error","event":"\r[Stage 1:>                                                          (0 + 2) / 2]\r\r[Stage 3:>                                                         (0 + 2) / 50]\r\r[Stage 3:===>                                                      (3 + 2) / 50]\r\r[Stage 3:====>                                                     (4 + 2) / 50]\r\r[Stage 3:=====>                                                    (5 + 3) / 50]\r\r[Stage 3:==========>                                               (9 + 2) / 50]\r\r[Stage 3:============>                                            (11 + 2) / 50]\r\r[Stage 3:=================>                                       (15 + 2) / 50]\r\r[Stage 3:====================>                                    (18 + 2) / 50]\r\r[Stage 3:=======================>                                 (21 + 2) / 50]\r\r[Stage 3:============================>                            (25 + 2) / 50]\r\r[Stage 3:=================================>                       (29 + 2) / 50]\r\r[Stage 3:====================================>                    (32 + 2) / 50]\r\r[Stage 3:=======================================>                 (35 + 2) / 50]\r\r[Stage 3:============================================>            (39 + 2) / 50]\r\r[Stage 3:=================================================>       (43 + 2) / 50]\r\r[Stage 3:=====================================================>   (47 + 2) / 50]\r\r                                                                                \r\r[Stage 5:>                                                         (0 + 2) / 50]\r\r[Stage 5:====>                                                     (4 + 2) / 50]\r\r[Stage 5:===========>                                             (10 + 2) / 50]\r\r[Stage 5:==================>                                      (16 + 2) / 50]\r\r[Stage 5:=========================>                               (22 + 2) / 50]\r\r[Stage 5:===============================>                         (28 + 2) / 50]\r\r[Stage 5:=========================================>               (36 + 2) / 50]\r\r[Stage 5:===============================================>         (42 + 2) / 50]\r\r[Stage 5:======================================================>  (48 + 2) / 50]\r\r                                                                                \r\r[Stage 9:>                                                          (0 + 1) / 1]\r\r                                                                                \r\r[Stage 11:========================================>               (36 + 2) / 50]","chan":"stderr","logger":"task"}
