{"timestamp":"2025-07-15T05:16:07.152819","level":"info","event":"DAG bundles loaded: dags-folder","logger":"airflow.dag_processing.bundles.manager.DagBundlesManager"}
{"timestamp":"2025-07-15T05:16:07.165523","level":"info","event":"Filling up the DagBag from /opt/airflow/dags/activefence.py","logger":"airflow.models.dagbag.DagBag"}
{"timestamp":"2025-07-15T05:16:27.579722","level":"info","event":"Saved RSS feed","logger":"unusual_prefix_0aab8e1abe4a8f324d874f9a30de87ad63865522_activefence"}
{"timestamp":"2025-07-15T05:16:30.329609","level":"info","event":"Scraped and uploaded: https://www.bbc.com/news/articles/c1e02vx55wpo","logger":"unusual_prefix_0aab8e1abe4a8f324d874f9a30de87ad63865522_activefence"}
{"timestamp":"2025-07-15T05:16:30.331273","level":"info","event":"Scraped and uploaded: https://www.bbc.com/news/articles/cz7l29zved9o","logger":"unusual_prefix_0aab8e1abe4a8f324d874f9a30de87ad63865522_activefence"}
{"timestamp":"2025-07-15T05:16:30.332268","level":"info","event":"Scraped and uploaded: https://www.bbc.com/news/articles/cj4ep1znk4zo","logger":"unusual_prefix_0aab8e1abe4a8f324d874f9a30de87ad63865522_activefence"}
{"timestamp":"2025-07-15T05:16:31.390954","level":"info","event":"Scraped and uploaded: https://www.bbc.com/news/articles/c07d2dyx19zo","logger":"unusual_prefix_0aab8e1abe4a8f324d874f9a30de87ad63865522_activefence"}
{"timestamp":"2025-07-15T05:16:31.393589","level":"info","event":"Scraped and uploaded: https://www.bbc.com/news/articles/cy5w2k5k5ylo","logger":"unusual_prefix_0aab8e1abe4a8f324d874f9a30de87ad63865522_activefence"}
{"timestamp":"2025-07-15T05:16:31.598602","level":"info","event":"Scraped and uploaded: https://www.bbc.com/news/articles/cwykgrv374eo","logger":"unusual_prefix_0aab8e1abe4a8f324d874f9a30de87ad63865522_activefence"}
{"timestamp":"2025-07-15T05:16:31.608921","level":"info","event":"Scraped and uploaded: https://www.bbc.com/news/articles/cp82447l84ko","logger":"unusual_prefix_0aab8e1abe4a8f324d874f9a30de87ad63865522_activefence"}
{"timestamp":"2025-07-15T05:16:31.613327","level":"info","event":"Scraped and uploaded: https://www.bbc.com/news/articles/crmvl3remg2o","logger":"unusual_prefix_0aab8e1abe4a8f324d874f9a30de87ad63865522_activefence"}
{"timestamp":"2025-07-15T05:16:32.647664","level":"info","event":"Scraped and uploaded: https://www.bbc.com/news/articles/c4g8r34nxeno","logger":"unusual_prefix_0aab8e1abe4a8f324d874f9a30de87ad63865522_activefence"}
{"timestamp":"2025-07-15T05:16:32.851134","level":"info","event":"Scraped and uploaded: https://www.bbc.com/news/articles/cy8kjdz9nr3o","logger":"unusual_prefix_0aab8e1abe4a8f324d874f9a30de87ad63865522_activefence"}
{"timestamp":"2025-07-15T05:16:33.879598","level":"info","event":"Scraped and uploaded: https://www.bbc.com/news/articles/cx2gy3j9xq6o","logger":"unusual_prefix_0aab8e1abe4a8f324d874f9a30de87ad63865522_activefence"}
{"timestamp":"2025-07-15T05:16:33.882669","level":"info","event":"Scraped and uploaded: https://www.bbc.com/news/articles/ckglzxy389zo","logger":"unusual_prefix_0aab8e1abe4a8f324d874f9a30de87ad63865522_activefence"}
{"timestamp":"2025-07-15T05:16:34.910975","level":"info","event":"Scraped and uploaded: https://www.bbc.com/news/articles/c8j13m74lklo","logger":"unusual_prefix_0aab8e1abe4a8f324d874f9a30de87ad63865522_activefence"}
{"timestamp":"2025-07-15T05:16:35.150906","level":"info","event":"Scraped and uploaded: https://www.bbc.com/news/articles/cvgnp9ykm3xo","logger":"unusual_prefix_0aab8e1abe4a8f324d874f9a30de87ad63865522_activefence"}
{"timestamp":"2025-07-15T05:16:35.723595","level":"info","event":"Scraped and uploaded: https://www.bbc.com/news/articles/cp8mjnn7eqno","logger":"unusual_prefix_0aab8e1abe4a8f324d874f9a30de87ad63865522_activefence"}
{"timestamp":"2025-07-15T05:16:35.724372","level":"info","event":"Scraped and uploaded: https://www.bbc.com/news/articles/cpvjdm4mp92o","logger":"unusual_prefix_0aab8e1abe4a8f324d874f9a30de87ad63865522_activefence"}
{"timestamp":"2025-07-15T05:16:35.979199","level":"info","event":"Scraped and uploaded: https://www.bbc.com/news/articles/cy7nppe5gkgo","logger":"unusual_prefix_0aab8e1abe4a8f324d874f9a30de87ad63865522_activefence"}
{"timestamp":"2025-07-15T05:16:37.686792","level":"info","event":"Scraped and uploaded: https://www.bbc.com/news/articles/cdxl0w1w394o","logger":"unusual_prefix_0aab8e1abe4a8f324d874f9a30de87ad63865522_activefence"}
{"timestamp":"2025-07-15T05:16:37.721080","level":"info","event":"Scraped and uploaded: https://www.bbc.com/news/articles/ckgdydzxe6go","logger":"unusual_prefix_0aab8e1abe4a8f324d874f9a30de87ad63865522_activefence"}
{"timestamp":"2025-07-15T05:16:38.857947","level":"info","event":"Scraped and uploaded: https://www.bbc.com/news/articles/cvg885p923jo","logger":"unusual_prefix_0aab8e1abe4a8f324d874f9a30de87ad63865522_activefence"}
{"timestamp":"2025-07-15T05:16:38.910730","level":"info","event":"Scraped and uploaded: https://www.bbc.com/news/articles/c20nqdl5ydjo","logger":"unusual_prefix_0aab8e1abe4a8f324d874f9a30de87ad63865522_activefence"}
{"timestamp":"2025-07-15T05:16:38.939086","level":"info","event":"Scraped and uploaded: https://www.bbc.com/news/articles/cz9y1l397vno","logger":"unusual_prefix_0aab8e1abe4a8f324d874f9a30de87ad63865522_activefence"}
{"timestamp":"2025-07-15T05:16:39.106883","level":"info","event":"Scraped and uploaded: https://www.bbc.com/news/articles/cgrxxyy2v1jo","logger":"unusual_prefix_0aab8e1abe4a8f324d874f9a30de87ad63865522_activefence"}
{"timestamp":"2025-07-15T05:16:39.432701","level":"info","event":"Scraped and uploaded: https://www.bbc.com/news/videos/c5ylkyrkjnzo","logger":"unusual_prefix_0aab8e1abe4a8f324d874f9a30de87ad63865522_activefence"}
{"timestamp":"2025-07-15T05:16:40.120611","level":"info","event":"Scraped and uploaded: https://www.bbc.com/news/articles/cr5v2lz5vl6o","logger":"unusual_prefix_0aab8e1abe4a8f324d874f9a30de87ad63865522_activefence"}
{"timestamp":"2025-07-15T05:16:40.155069","level":"info","event":"Scraped and uploaded: https://www.bbc.com/news/articles/c3r9nwgvwy3o","logger":"unusual_prefix_0aab8e1abe4a8f324d874f9a30de87ad63865522_activefence"}
{"timestamp":"2025-07-15T05:16:40.384356","level":"info","event":"Scraped and uploaded: https://www.bbc.com/news/articles/cx20kd173z1o","logger":"unusual_prefix_0aab8e1abe4a8f324d874f9a30de87ad63865522_activefence"}
{"timestamp":"2025-07-15T05:16:40.483889","level":"info","event":"Scraped and uploaded: https://www.bbc.com/news/articles/cy4yv3pmmwjo","logger":"unusual_prefix_0aab8e1abe4a8f324d874f9a30de87ad63865522_activefence"}
{"timestamp":"2025-07-15T05:16:41.571421","level":"info","event":"Scraped and uploaded: https://www.bbc.com/news/articles/cdxlqeyw95no","logger":"unusual_prefix_0aab8e1abe4a8f324d874f9a30de87ad63865522_activefence"}
{"timestamp":"2025-07-15T05:16:42.190319","level":"info","event":"Scraped and uploaded: https://www.bbc.com/news/articles/cy4ym77rkgeo","logger":"unusual_prefix_0aab8e1abe4a8f324d874f9a30de87ad63865522_activefence"}
{"timestamp":"2025-07-15T05:16:42.784157","level":"info","event":"Scraped and uploaded: https://www.bbc.co.uk/sounds/play/w3ct6znw","logger":"unusual_prefix_0aab8e1abe4a8f324d874f9a30de87ad63865522_activefence"}
{"timestamp":"2025-07-15T05:16:42.835515","level":"info","event":"Scraped and uploaded: https://www.bbc.com/news/articles/cg75zv4gny2o","logger":"unusual_prefix_0aab8e1abe4a8f324d874f9a30de87ad63865522_activefence"}
{"timestamp":"2025-07-15T05:16:42.937933","level":"info","event":"Scraped and uploaded: https://www.bbc.co.uk/iplayer/episode/m002fpwd","logger":"unusual_prefix_0aab8e1abe4a8f324d874f9a30de87ad63865522_activefence"}
{"timestamp":"2025-07-15T05:16:42.962479","level":"info","event":"Scraped and uploaded: https://www.bbc.com/news/articles/c77vr00enzyo","logger":"unusual_prefix_0aab8e1abe4a8f324d874f9a30de87ad63865522_activefence"}
{"timestamp":"2025-07-15T05:16:43.380674","level":"info","event":"Scraped and uploaded: https://www.bbc.co.uk/sounds/play/w3ct6znv","logger":"unusual_prefix_0aab8e1abe4a8f324d874f9a30de87ad63865522_activefence"}
{"timestamp":"2025-07-15T05:16:44.008261","level":"info","event":"Scraped and uploaded: https://www.bbc.co.uk/sounds/play/w3ct6znt","logger":"unusual_prefix_0aab8e1abe4a8f324d874f9a30de87ad63865522_activefence"}
{"timestamp":"2025-07-15T05:16:44.136626","level":"info","event":"Scraped and uploaded: https://www.bbc.co.uk/sounds/play/w3ct6zns","logger":"unusual_prefix_0aab8e1abe4a8f324d874f9a30de87ad63865522_activefence"}
{"timestamp":"2025-07-15T05:16:44.196317","level":"info","event":"Scraped and uploaded: https://www.bbc.com/news/articles/cj6r06d7xdjo","logger":"unusual_prefix_0aab8e1abe4a8f324d874f9a30de87ad63865522_activefence"}
{"timestamp":"2025-07-15T05:16:44.566759","level":"info","event":"Scraped and uploaded: https://www.bbc.co.uk/iplayer/episode/m002dgb9","logger":"unusual_prefix_0aab8e1abe4a8f324d874f9a30de87ad63865522_activefence"}
{"timestamp":"2025-07-15T05:16:44.592624","level":"info","event":"Scraped and uploaded: https://www.bbc.com/news/articles/c4g2ezl7xqyo","logger":"unusual_prefix_0aab8e1abe4a8f324d874f9a30de87ad63865522_activefence"}
{"timestamp":"2025-07-15T05:16:45.250078","level":"info","event":"Scraped and uploaded: https://www.bbc.com/news/articles/cz9y1l397vno","logger":"unusual_prefix_0aab8e1abe4a8f324d874f9a30de87ad63865522_activefence"}
{"timestamp":"2025-07-15T05:16:45.384842","level":"info","event":"Scraped and uploaded: https://www.bbc.com/news/articles/cqx2jz1l477o","logger":"unusual_prefix_0aab8e1abe4a8f324d874f9a30de87ad63865522_activefence"}
{"timestamp":"2025-07-15T05:16:45.443173","level":"info","event":"Scraped and uploaded: https://www.bbc.com/weather/articles/cwy6ykp7049o","logger":"unusual_prefix_0aab8e1abe4a8f324d874f9a30de87ad63865522_activefence"}
{"timestamp":"2025-07-15T05:16:45.823723","level":"info","event":"Scraped and uploaded: https://www.bbc.com/news/articles/cm234l04xmro","logger":"unusual_prefix_0aab8e1abe4a8f324d874f9a30de87ad63865522_activefence"}
{"timestamp":"2025-07-15T05:16:45.834379","level":"info","event":"Scraped and uploaded: https://www.bbc.com/news/articles/c79ewz7qej4o","logger":"unusual_prefix_0aab8e1abe4a8f324d874f9a30de87ad63865522_activefence"}
{"timestamp":"2025-07-15T05:16:46.448004","level":"info","event":"Scraped and uploaded: https://www.bbc.com/news/articles/c0qg3ylx2g9o","logger":"unusual_prefix_0aab8e1abe4a8f324d874f9a30de87ad63865522_activefence"}
{"timestamp":"2025-07-15T05:16:46.595432","level":"info","event":"Scraped and uploaded: https://www.bbc.com/news/articles/c5y5zg85wnlo","logger":"unusual_prefix_0aab8e1abe4a8f324d874f9a30de87ad63865522_activefence"}
{"timestamp":"2025-07-15T05:16:46.677951","level":"info","event":"Scraped and uploaded: https://www.bbc.com/news/articles/clynkqw236po","logger":"unusual_prefix_0aab8e1abe4a8f324d874f9a30de87ad63865522_activefence"}
{"timestamp":"2025-07-15T05:16:47.045116","level":"info","event":"Scraped and uploaded: https://www.bbc.com/news/articles/cpdzjev2d9wo","logger":"unusual_prefix_0aab8e1abe4a8f324d874f9a30de87ad63865522_activefence"}
{"timestamp":"2025-07-15T05:16:47.066265","level":"info","event":"Scraped and uploaded: https://www.bbc.com/news/articles/c20xlqn0e5po","logger":"unusual_prefix_0aab8e1abe4a8f324d874f9a30de87ad63865522_activefence"}
{"timestamp":"2025-07-15T05:16:47.627101","level":"info","event":"Scraped and uploaded: https://www.bbc.co.uk/bitesize/articles/z2b7rmn","logger":"unusual_prefix_0aab8e1abe4a8f324d874f9a30de87ad63865522_activefence"}
{"timestamp":"2025-07-15T05:16:47.826907","level":"info","event":"Scraped and uploaded: https://www.bbc.com/news/articles/c62g6vdl3vqo","logger":"unusual_prefix_0aab8e1abe4a8f324d874f9a30de87ad63865522_activefence"}
{"timestamp":"2025-07-15T05:16:47.900570","level":"info","event":"Scraped and uploaded: https://www.bbc.com/news/articles/czrve1zrlg3o","logger":"unusual_prefix_0aab8e1abe4a8f324d874f9a30de87ad63865522_activefence"}
{"timestamp":"2025-07-15T05:16:48.255770","level":"info","event":"Scraped and uploaded: https://www.bbc.com/news/articles/c7vnyn17p57o","logger":"unusual_prefix_0aab8e1abe4a8f324d874f9a30de87ad63865522_activefence"}
{"timestamp":"2025-07-15T05:16:48.295328","level":"info","event":"Scraped and uploaded: https://www.bbc.com/news/articles/cql6vgwyv4xo","logger":"unusual_prefix_0aab8e1abe4a8f324d874f9a30de87ad63865522_activefence"}
{"timestamp":"2025-07-15T05:16:48.299921","level":"info","event":"Done. Returned value was: None","logger":"airflow.task.operators.airflow.providers.standard.operators.python.PythonOperator"}
