{"timestamp":"2025-07-31T08:17:33.191440","level":"info","event":"DAG bundles loaded: dags-folder","logger":"airflow.dag_processing.bundles.manager.DagBundlesManager"}
{"timestamp":"2025-07-31T08:17:33.192035","level":"info","event":"Filling up the DagBag from /opt/airflow/dags/activefence.py","logger":"airflow.models.dagbag.DagBag"}
{"timestamp":"2025-07-31T08:17:38.090428Z","level":"info","event":":: loading settings :: url = jar:file:/opt/spark/jars/ivy-2.5.1.jar!/org/apache/ivy/core/settings/ivysettings.xml","chan":"stdout","logger":"task"}
{"timestamp":"2025-07-31T08:17:38.135582Z","level":"error","event":"Ivy Default Cache set to: /home/airflow/.ivy2/cache","chan":"stderr","logger":"task"}
{"timestamp":"2025-07-31T08:17:38.135785Z","level":"error","event":"The jars for the packages stored in: /home/airflow/.ivy2/jars","chan":"stderr","logger":"task"}
{"timestamp":"2025-07-31T08:17:38.137526Z","level":"error","event":"org.apache.hadoop#hadoop-aws added as a dependency","chan":"stderr","logger":"task"}
{"timestamp":"2025-07-31T08:17:38.137639Z","level":"error","event":"com.amazonaws#aws-java-sdk-bundle added as a dependency","chan":"stderr","logger":"task"}
{"timestamp":"2025-07-31T08:17:38.137724Z","level":"error","event":"org.apache.spark#spark-avro_2.12 added as a dependency","chan":"stderr","logger":"task"}
{"timestamp":"2025-07-31T08:17:38.137788Z","level":"error","event":"io.delta#delta-spark_2.12 added as a dependency","chan":"stderr","logger":"task"}
{"timestamp":"2025-07-31T08:17:38.137948Z","level":"error","event":":: resolving dependencies :: org.apache.spark#spark-submit-parent-4143328c-dfb6-4de3-93a7-6d06a733187e;1.0","chan":"stderr","logger":"task"}
{"timestamp":"2025-07-31T08:17:38.138011Z","level":"error","event":"\tconfs: [default]","chan":"stderr","logger":"task"}
{"timestamp":"2025-07-31T08:17:38.222686Z","level":"error","event":"\tfound org.apache.hadoop#hadoop-aws;3.3.4 in central","chan":"stderr","logger":"task"}
{"timestamp":"2025-07-31T08:17:38.240966Z","level":"error","event":"\tfound org.wildfly.openssl#wildfly-openssl;1.0.7.Final in central","chan":"stderr","logger":"task"}
{"timestamp":"2025-07-31T08:17:38.247514Z","level":"error","event":"\tfound com.amazonaws#aws-java-sdk-bundle;1.12.520 in central","chan":"stderr","logger":"task"}
{"timestamp":"2025-07-31T08:17:38.261616Z","level":"error","event":"\tfound org.apache.spark#spark-avro_2.12;3.5.0 in central","chan":"stderr","logger":"task"}
{"timestamp":"2025-07-31T08:17:38.269868Z","level":"error","event":"\tfound org.tukaani#xz;1.9 in central","chan":"stderr","logger":"task"}
{"timestamp":"2025-07-31T08:17:38.277095Z","level":"error","event":"\tfound io.delta#delta-spark_2.12;3.1.0 in central","chan":"stderr","logger":"task"}
{"timestamp":"2025-07-31T08:17:38.284877Z","level":"error","event":"\tfound io.delta#delta-storage;3.1.0 in central","chan":"stderr","logger":"task"}
{"timestamp":"2025-07-31T08:17:38.295436Z","level":"error","event":"\tfound org.antlr#antlr4-runtime;4.9.3 in central","chan":"stderr","logger":"task"}
{"timestamp":"2025-07-31T08:17:38.314718Z","level":"error","event":":: resolution report :: resolve 167ms :: artifacts dl 10ms","chan":"stderr","logger":"task"}
{"timestamp":"2025-07-31T08:17:38.314911Z","level":"error","event":"\t:: modules in use:","chan":"stderr","logger":"task"}
{"timestamp":"2025-07-31T08:17:38.315139Z","level":"error","event":"\tcom.amazonaws#aws-java-sdk-bundle;1.12.520 from central in [default]","chan":"stderr","logger":"task"}
{"timestamp":"2025-07-31T08:17:38.315286Z","level":"error","event":"\tio.delta#delta-spark_2.12;3.1.0 from central in [default]","chan":"stderr","logger":"task"}
{"timestamp":"2025-07-31T08:17:38.315399Z","level":"error","event":"\tio.delta#delta-storage;3.1.0 from central in [default]","chan":"stderr","logger":"task"}
{"timestamp":"2025-07-31T08:17:38.315490Z","level":"error","event":"\torg.antlr#antlr4-runtime;4.9.3 from central in [default]","chan":"stderr","logger":"task"}
{"timestamp":"2025-07-31T08:17:38.315574Z","level":"error","event":"\torg.apache.hadoop#hadoop-aws;3.3.4 from central in [default]","chan":"stderr","logger":"task"}
{"timestamp":"2025-07-31T08:17:38.315750Z","level":"error","event":"\torg.apache.spark#spark-avro_2.12;3.5.0 from central in [default]","chan":"stderr","logger":"task"}
{"timestamp":"2025-07-31T08:17:38.315827Z","level":"error","event":"\torg.tukaani#xz;1.9 from central in [default]","chan":"stderr","logger":"task"}
{"timestamp":"2025-07-31T08:17:38.315886Z","level":"error","event":"\torg.wildfly.openssl#wildfly-openssl;1.0.7.Final from central in [default]","chan":"stderr","logger":"task"}
{"timestamp":"2025-07-31T08:17:38.315938Z","level":"error","event":"\t:: evicted modules:","chan":"stderr","logger":"task"}
{"timestamp":"2025-07-31T08:17:38.316019Z","level":"error","event":"\tcom.amazonaws#aws-java-sdk-bundle;1.12.262 by [com.amazonaws#aws-java-sdk-bundle;1.12.520] in [default]","chan":"stderr","logger":"task"}
{"timestamp":"2025-07-31T08:17:38.316081Z","level":"error","event":"\t---------------------------------------------------------------------","chan":"stderr","logger":"task"}
{"timestamp":"2025-07-31T08:17:38.316158Z","level":"error","event":"\t|                  |            modules            ||   artifacts   |","chan":"stderr","logger":"task"}
{"timestamp":"2025-07-31T08:17:38.316250Z","level":"error","event":"\t|       conf       | number| search|dwnlded|evicted|| number|dwnlded|","chan":"stderr","logger":"task"}
{"timestamp":"2025-07-31T08:17:38.316315Z","level":"error","event":"\t---------------------------------------------------------------------","chan":"stderr","logger":"task"}
{"timestamp":"2025-07-31T08:17:38.316426Z","level":"error","event":"\t|      default     |   9   |   0   |   0   |   1   ||   8   |   0   |","chan":"stderr","logger":"task"}
{"timestamp":"2025-07-31T08:17:38.316525Z","level":"error","event":"\t---------------------------------------------------------------------","chan":"stderr","logger":"task"}
{"timestamp":"2025-07-31T08:17:38.319137Z","level":"error","event":":: retrieving :: org.apache.spark#spark-submit-parent-4143328c-dfb6-4de3-93a7-6d06a733187e","chan":"stderr","logger":"task"}
{"timestamp":"2025-07-31T08:17:38.319270Z","level":"error","event":"\tconfs: [default]","chan":"stderr","logger":"task"}
{"timestamp":"2025-07-31T08:17:38.323030Z","level":"error","event":"\t0 artifacts copied, 8 already retrieved (0kB/3ms)","chan":"stderr","logger":"task"}
{"timestamp":"2025-07-31T08:17:38.442919Z","level":"error","event":"25/07/31 08:17:38 WARN NativeCodeLoader: Unable to load native-hadoop library for your platform... using builtin-java classes where applicable","chan":"stderr","logger":"task"}
{"timestamp":"2025-07-31T08:17:38.541794Z","level":"error","event":"Setting default log level to \"WARN\".","chan":"stderr","logger":"task"}
{"timestamp":"2025-07-31T08:17:38.541992Z","level":"error","event":"To adjust logging level use sc.setLogLevel(newLevel). For SparkR, use setLogLevel(newLevel).","chan":"stderr","logger":"task"}
{"timestamp":"2025-07-31T08:17:39.879075","level":"error","event":"Task failed with exception","logger":"task","error_detail":[{"exc_type":"InternalError","exc_value":"error returned from database: (code: 8) attempt to write a readonly database","exc_notes":[],"syntax_error":null,"is_cause":false,"frames":[{"filename":"/home/airflow/.local/lib/python3.12/site-packages/airflow/sdk/execution_time/task_runner.py","lineno":867,"name":"run"},{"filename":"/home/airflow/.local/lib/python3.12/site-packages/airflow/sdk/execution_time/task_runner.py","lineno":1159,"name":"_execute_task"},{"filename":"/home/airflow/.local/lib/python3.12/site-packages/airflow/sdk/bases/operator.py","lineno":397,"name":"wrapper"},{"filename":"/home/airflow/.local/lib/python3.12/site-packages/airflow/providers/standard/operators/python.py","lineno":216,"name":"execute"},{"filename":"/home/airflow/.local/lib/python3.12/site-packages/airflow/providers/standard/operators/python.py","lineno":239,"name":"execute_callable"},{"filename":"/home/airflow/.local/lib/python3.12/site-packages/airflow/sdk/execution_time/callback_runner.py","lineno":81,"name":"run"},{"filename":"/opt/airflow/dags/activefence.py","lineno":444,"name":"embed_gold_data"},{"filename":"/home/airflow/.local/lib/python3.12/site-packages/chromadb/__init__.py","lineno":164,"name":"PersistentClient"},{"filename":"/home/airflow/.local/lib/python3.12/site-packages/chromadb/api/client.py","lineno":65,"name":"__init__"},{"filename":"/home/airflow/.local/lib/python3.12/site-packages/chromadb/api/shared_system_client.py","lineno":19,"name":"__init__"},{"filename":"/home/airflow/.local/lib/python3.12/site-packages/chromadb/api/shared_system_client.py","lineno":32,"name":"_create_system_if_not_exists"},{"filename":"/home/airflow/.local/lib/python3.12/site-packages/chromadb/config.py","lineno":471,"name":"start"},{"filename":"/home/airflow/.local/lib/python3.12/site-packages/chromadb/api/rust.py","lineno":112,"name":"start"}],"is_group":false,"exceptions":[]}]}
