{"timestamp":"2025-07-13T07:47:06.300543","level":"info","event":"DAG bundles loaded: dags-folder","logger":"airflow.dag_processing.bundles.manager.DagBundlesManager"}
{"timestamp":"2025-07-13T07:47:06.301205","level":"info","event":"Filling up the DagBag from /opt/airflow/dags/main.py","logger":"airflow.models.dagbag.DagBag"}
{"timestamp":"2025-07-13T07:47:08.211311","level":"info","event":"Saved RSS feed","logger":"unusual_prefix_8f3fa82684731fec338e7a38d6fbf711ac450beb_main"}
{"timestamp":"2025-07-13T07:47:12.842111","level":"info","event":"Scraped and uploaded: https://www.bbc.com/news/articles/c4g8r34nxeno","logger":"unusual_prefix_8f3fa82684731fec338e7a38d6fbf711ac450beb_main"}
{"timestamp":"2025-07-13T07:47:12.842691","level":"info","event":"Scraped and uploaded: https://www.bbc.com/news/articles/cx2gy3j9xq6o","logger":"unusual_prefix_8f3fa82684731fec338e7a38d6fbf711ac450beb_main"}
{"timestamp":"2025-07-13T07:47:12.944233","level":"info","event":"Scraped and uploaded: https://www.bbc.com/news/articles/cwykgrv374eo","logger":"unusual_prefix_8f3fa82684731fec338e7a38d6fbf711ac450beb_main"}
{"timestamp":"2025-07-13T07:47:12.998734","level":"info","event":"Scraped and uploaded: https://www.bbc.com/news/articles/c8j13m74lklo","logger":"unusual_prefix_8f3fa82684731fec338e7a38d6fbf711ac450beb_main"}
{"timestamp":"2025-07-13T07:47:13.605917","level":"info","event":"Scraped and uploaded: https://www.bbc.com/news/articles/cy8kjdz9nr3o","logger":"unusual_prefix_8f3fa82684731fec338e7a38d6fbf711ac450beb_main"}
{"timestamp":"2025-07-13T07:47:14.555227","level":"info","event":"Scraped and uploaded: https://www.bbc.com/news/articles/cwyxggv9j9zo","logger":"unusual_prefix_8f3fa82684731fec338e7a38d6fbf711ac450beb_main"}
{"timestamp":"2025-07-13T07:47:14.568861","level":"info","event":"Scraped and uploaded: https://www.bbc.com/sport/tennis/articles/cdr3nk7vd28o","logger":"unusual_prefix_8f3fa82684731fec338e7a38d6fbf711ac450beb_main"}
{"timestamp":"2025-07-13T07:47:14.693758","level":"info","event":"Scraped and uploaded: https://www.bbc.com/news/articles/ce8zqvgpm3lo","logger":"unusual_prefix_8f3fa82684731fec338e7a38d6fbf711ac450beb_main"}
{"timestamp":"2025-07-13T07:47:15.827795","level":"info","event":"Scraped and uploaded: https://www.bbc.com/news/articles/cpvjdm4mp92o","logger":"unusual_prefix_8f3fa82684731fec338e7a38d6fbf711ac450beb_main"}
{"timestamp":"2025-07-13T07:47:15.831780","level":"info","event":"Scraped and uploaded: https://www.bbc.com/news/articles/c4ge9xk8wj0o","logger":"unusual_prefix_8f3fa82684731fec338e7a38d6fbf711ac450beb_main"}
{"timestamp":"2025-07-13T07:47:16.468432","level":"info","event":"Scraped and uploaded: https://www.bbc.com/news/articles/ckglzxy389zo","logger":"unusual_prefix_8f3fa82684731fec338e7a38d6fbf711ac450beb_main"}
{"timestamp":"2025-07-13T07:47:16.922301","level":"info","event":"Scraped and uploaded: https://www.bbc.com/news/articles/cy7nppe5gkgo","logger":"unusual_prefix_8f3fa82684731fec338e7a38d6fbf711ac450beb_main"}
{"timestamp":"2025-07-13T07:47:17.500006","level":"info","event":"Scraped and uploaded: https://www.bbc.com/news/articles/cdxl0w1w394o","logger":"unusual_prefix_8f3fa82684731fec338e7a38d6fbf711ac450beb_main"}
{"timestamp":"2025-07-13T07:47:18.174575","level":"info","event":"Scraped and uploaded: https://www.bbc.com/news/articles/cp8mjnn7eqno","logger":"unusual_prefix_8f3fa82684731fec338e7a38d6fbf711ac450beb_main"}
{"timestamp":"2025-07-13T07:47:18.524237","level":"info","event":"Scraped and uploaded: https://www.bbc.com/news/articles/cvg885p923jo","logger":"unusual_prefix_8f3fa82684731fec338e7a38d6fbf711ac450beb_main"}
{"timestamp":"2025-07-13T07:47:18.586178","level":"info","event":"Scraped and uploaded: https://www.bbc.com/news/articles/cvgnp9ykm3xo","logger":"unusual_prefix_8f3fa82684731fec338e7a38d6fbf711ac450beb_main"}
{"timestamp":"2025-07-13T07:47:19.196449","level":"info","event":"Scraped and uploaded: https://www.bbc.com/news/articles/ckgdydzxe6go","logger":"unusual_prefix_8f3fa82684731fec338e7a38d6fbf711ac450beb_main"}
{"timestamp":"2025-07-13T07:47:20.312225","level":"info","event":"Scraped and uploaded: https://www.bbc.com/news/videos/c5ylkyrkjnzo","logger":"unusual_prefix_8f3fa82684731fec338e7a38d6fbf711ac450beb_main"}
{"timestamp":"2025-07-13T07:47:20.893481","level":"info","event":"Scraped and uploaded: https://www.bbc.com/news/articles/c20nqdl5ydjo","logger":"unusual_prefix_8f3fa82684731fec338e7a38d6fbf711ac450beb_main"}
{"timestamp":"2025-07-13T07:47:21.286153","level":"info","event":"Scraped and uploaded: https://www.bbc.com/news/articles/cgrxxyy2v1jo","logger":"unusual_prefix_8f3fa82684731fec338e7a38d6fbf711ac450beb_main"}
{"timestamp":"2025-07-13T07:47:21.572266","level":"info","event":"Scraped and uploaded: https://www.bbc.com/news/articles/cz9y1l397vno","logger":"unusual_prefix_8f3fa82684731fec338e7a38d6fbf711ac450beb_main"}
{"timestamp":"2025-07-13T07:47:21.770039","level":"info","event":"Scraped and uploaded: https://www.bbc.com/news/articles/cr5v2lz5vl6o","logger":"unusual_prefix_8f3fa82684731fec338e7a38d6fbf711ac450beb_main"}
{"timestamp":"2025-07-13T07:47:22.849585","level":"info","event":"Scraped and uploaded: https://www.bbc.com/news/articles/cy4yv3pmmwjo","logger":"unusual_prefix_8f3fa82684731fec338e7a38d6fbf711ac450beb_main"}
{"timestamp":"2025-07-13T07:47:23.121246","level":"info","event":"Scraped and uploaded: https://www.bbc.com/news/articles/cdxlqeyw95no","logger":"unusual_prefix_8f3fa82684731fec338e7a38d6fbf711ac450beb_main"}
{"timestamp":"2025-07-13T07:47:23.944137","level":"info","event":"Scraped and uploaded: https://www.bbc.com/news/articles/cx20kd173z1o","logger":"unusual_prefix_8f3fa82684731fec338e7a38d6fbf711ac450beb_main"}
{"timestamp":"2025-07-13T07:47:24.227543","level":"info","event":"Scraped and uploaded: https://www.bbc.com/news/articles/c77vr00enzyo","logger":"unusual_prefix_8f3fa82684731fec338e7a38d6fbf711ac450beb_main"}
{"timestamp":"2025-07-13T07:47:24.562409","level":"info","event":"Scraped and uploaded: https://www.bbc.com/news/articles/c3r9nwgvwy3o","logger":"unusual_prefix_8f3fa82684731fec338e7a38d6fbf711ac450beb_main"}
{"timestamp":"2025-07-13T07:47:25.061738","level":"info","event":"Scraped and uploaded: https://www.bbc.com/news/articles/cg75zv4gny2o","logger":"unusual_prefix_8f3fa82684731fec338e7a38d6fbf711ac450beb_main"}
{"timestamp":"2025-07-13T07:47:25.471891","level":"info","event":"Scraped and uploaded: https://www.bbc.com/news/articles/cy4ym77rkgeo","logger":"unusual_prefix_8f3fa82684731fec338e7a38d6fbf711ac450beb_main"}
{"timestamp":"2025-07-13T07:47:26.092039","level":"info","event":"Scraped and uploaded: https://www.bbc.com/news/articles/cj4edkdxz2xo","logger":"unusual_prefix_8f3fa82684731fec338e7a38d6fbf711ac450beb_main"}
{"timestamp":"2025-07-13T07:47:26.687741","level":"info","event":"Scraped and uploaded: https://www.bbc.com/news/articles/cj3rmjjgx6xo","logger":"unusual_prefix_8f3fa82684731fec338e7a38d6fbf711ac450beb_main"}
{"timestamp":"2025-07-13T07:47:27.256600","level":"info","event":"Scraped and uploaded: https://www.bbc.co.uk/iplayer/episode/m002fpwd","logger":"unusual_prefix_8f3fa82684731fec338e7a38d6fbf711ac450beb_main"}
{"timestamp":"2025-07-13T07:47:27.287278","level":"info","event":"Scraped and uploaded: https://www.bbc.co.uk/sounds/play/w3ct6znw","logger":"unusual_prefix_8f3fa82684731fec338e7a38d6fbf711ac450beb_main"}
{"timestamp":"2025-07-13T07:47:27.366641","level":"info","event":"Scraped and uploaded: https://www.bbc.com/news/articles/cy7ndgylzzmo","logger":"unusual_prefix_8f3fa82684731fec338e7a38d6fbf711ac450beb_main"}
{"timestamp":"2025-07-13T07:47:27.527956","level":"info","event":"Scraped and uploaded: https://www.bbc.com/news/articles/cjwnlje3yp1o","logger":"unusual_prefix_8f3fa82684731fec338e7a38d6fbf711ac450beb_main"}
{"timestamp":"2025-07-13T07:47:27.967647","level":"info","event":"Scraped and uploaded: https://www.bbc.co.uk/sounds/play/w3ct6znv","logger":"unusual_prefix_8f3fa82684731fec338e7a38d6fbf711ac450beb_main"}
{"timestamp":"2025-07-13T07:47:28.483671","level":"info","event":"Scraped and uploaded: https://www.bbc.co.uk/sounds/play/w3ct6znt","logger":"unusual_prefix_8f3fa82684731fec338e7a38d6fbf711ac450beb_main"}
{"timestamp":"2025-07-13T07:47:28.549296","level":"info","event":"Scraped and uploaded: https://www.bbc.co.uk/sounds/play/w3ct6zns","logger":"unusual_prefix_8f3fa82684731fec338e7a38d6fbf711ac450beb_main"}
{"timestamp":"2025-07-13T07:47:28.748423","level":"info","event":"Scraped and uploaded: https://www.bbc.com/news/articles/cj6r06d7xdjo","logger":"unusual_prefix_8f3fa82684731fec338e7a38d6fbf711ac450beb_main"}
{"timestamp":"2025-07-13T07:47:28.950824","level":"info","event":"Scraped and uploaded: https://www.bbc.co.uk/iplayer/episode/m002dgb9","logger":"unusual_prefix_8f3fa82684731fec338e7a38d6fbf711ac450beb_main"}
{"timestamp":"2025-07-13T07:47:29.741232","level":"info","event":"Scraped and uploaded: https://www.bbc.com/news/articles/cz9y1l397vno","logger":"unusual_prefix_8f3fa82684731fec338e7a38d6fbf711ac450beb_main"}
{"timestamp":"2025-07-13T07:47:30.291426","level":"info","event":"Scraped and uploaded: https://www.bbc.com/weather/articles/cwy6ykp7049o","logger":"unusual_prefix_8f3fa82684731fec338e7a38d6fbf711ac450beb_main"}
{"timestamp":"2025-07-13T07:47:30.360958","level":"info","event":"Scraped and uploaded: https://www.bbc.com/news/articles/c4g2ezl7xqyo","logger":"unusual_prefix_8f3fa82684731fec338e7a38d6fbf711ac450beb_main"}
{"timestamp":"2025-07-13T07:47:31.110560","level":"info","event":"Scraped and uploaded: https://www.bbc.com/news/articles/cqx2jz1l477o","logger":"unusual_prefix_8f3fa82684731fec338e7a38d6fbf711ac450beb_main"}
{"timestamp":"2025-07-13T07:47:31.583672","level":"info","event":"Scraped and uploaded: https://www.bbc.com/news/articles/cm234l04xmro","logger":"unusual_prefix_8f3fa82684731fec338e7a38d6fbf711ac450beb_main"}
{"timestamp":"2025-07-13T07:47:33.272935","level":"info","event":"Scraped and uploaded: https://www.bbc.com/news/articles/c0qg3ylx2g9o","logger":"unusual_prefix_8f3fa82684731fec338e7a38d6fbf711ac450beb_main"}
{"timestamp":"2025-07-13T07:47:33.286347","level":"info","event":"Scraped and uploaded: https://www.bbc.com/news/articles/c5y5zg85wnlo","logger":"unusual_prefix_8f3fa82684731fec338e7a38d6fbf711ac450beb_main"}
{"timestamp":"2025-07-13T07:47:33.422342","level":"info","event":"Scraped and uploaded: https://www.bbc.com/news/articles/c79ewz7qej4o","logger":"unusual_prefix_8f3fa82684731fec338e7a38d6fbf711ac450beb_main"}
{"timestamp":"2025-07-13T07:47:34.380789","level":"info","event":"Scraped and uploaded: https://www.bbc.com/news/articles/clynkqw236po","logger":"unusual_prefix_8f3fa82684731fec338e7a38d6fbf711ac450beb_main"}
{"timestamp":"2025-07-13T07:47:34.870780","level":"info","event":"Scraped and uploaded: https://www.bbc.co.uk/bitesize/articles/z2b7rmn","logger":"unusual_prefix_8f3fa82684731fec338e7a38d6fbf711ac450beb_main"}
{"timestamp":"2025-07-13T07:47:34.951800","level":"info","event":"Scraped and uploaded: https://www.bbc.com/news/articles/c20xlqn0e5po","logger":"unusual_prefix_8f3fa82684731fec338e7a38d6fbf711ac450beb_main"}
{"timestamp":"2025-07-13T07:47:36.199462","level":"info","event":"Scraped and uploaded: https://www.bbc.com/news/articles/c62g6vdl3vqo","logger":"unusual_prefix_8f3fa82684731fec338e7a38d6fbf711ac450beb_main"}
{"timestamp":"2025-07-13T07:47:36.357252","level":"info","event":"Scraped and uploaded: https://www.bbc.com/news/articles/cpdzjev2d9wo","logger":"unusual_prefix_8f3fa82684731fec338e7a38d6fbf711ac450beb_main"}
{"timestamp":"2025-07-13T07:47:37.345811","level":"info","event":"Scraped and uploaded: https://www.bbc.com/news/articles/cql6vgwyv4xo","logger":"unusual_prefix_8f3fa82684731fec338e7a38d6fbf711ac450beb_main"}
{"timestamp":"2025-07-13T07:47:37.423530","level":"info","event":"Scraped and uploaded: https://www.bbc.com/news/articles/czrve1zrlg3o","logger":"unusual_prefix_8f3fa82684731fec338e7a38d6fbf711ac450beb_main"}
{"timestamp":"2025-07-13T07:47:37.603614","level":"info","event":"Scraped and uploaded: https://www.bbc.com/news/articles/c7vnyn17p57o","logger":"unusual_prefix_8f3fa82684731fec338e7a38d6fbf711ac450beb_main"}
{"timestamp":"2025-07-13T07:47:37.607032","level":"info","event":"Done. Returned value was: None","logger":"airflow.task.operators.airflow.providers.standard.operators.python.PythonOperator"}
