{"timestamp":"2025-07-14T10:27:47.220466","level":"info","event":"DAG bundles loaded: dags-folder","logger":"airflow.dag_processing.bundles.manager.DagBundlesManager"}
{"timestamp":"2025-07-14T10:27:47.221330","level":"info","event":"Filling up the DagBag from /opt/airflow/dags/activefence.py","logger":"airflow.models.dagbag.DagBag"}
{"timestamp":"2025-07-14T10:27:54.186379","level":"info","event":"Connection Retrieved 'spark_submit_default'","logger":"airflow.hooks.base"}
{"timestamp":"2025-07-14T10:27:54.188296","level":"info","event":"Spark-Submit cmd: spark-submit --master spark://spark-master:7077 --conf spark.submit.deployMode=client --conf spark.hadoop.fs.s3a.endpoint=http://minio:9000 --conf spark.hadoop.fs.s3a.access.key=ZPnglo5gVhmWx1iC0FdY --conf spark.hadoop.fs.s3a.secret.key=****** --conf spark.hadoop.fs.s3a.path.style.access=true --conf spark.hadoop.fs.s3a.impl=org.apache.hadoop.fs.s3a.S3AFileSystem --conf spark.hadoop.fs.s3a.connection.ssl.enabled=false --conf spark.executor.memory=2g --conf spark.driver.memory=1g --conf spark.executor.cores=2 --packages org.apache.hadoop:hadoop-aws:3.3.4,com.amazonaws:aws-java-sdk-bundle:1.12.520,org.apache.spark:spark-avro_2.12:3.5.0,io.delta:delta-spark_2.12:3.1.0 --executor-cores 2 --executor-memory 2g --driver-memory 1g --name bronze_to_silver_job --verbose --deploy-mode client /opt/spark-jobs/bronze_to_silver.py","logger":"airflow.task.hooks.airflow.providers.apache.spark.hooks.spark_submit.SparkSubmitHook"}
{"timestamp":"2025-07-14T10:27:54.246990","level":"info","event":"/home/airflow/.local/lib/python3.12/site-packages/pyspark/bin/load-spark-env.sh: line 68: ps: command not found","logger":"airflow.task.hooks.airflow.providers.apache.spark.hooks.spark_submit.SparkSubmitHook"}
{"timestamp":"2025-07-14T10:27:56.210907","level":"info","event":"Using properties file: null","logger":"airflow.task.hooks.airflow.providers.apache.spark.hooks.spark_submit.SparkSubmitHook"}
{"timestamp":"2025-07-14T10:27:56.371431","level":"info","event":"Parsed arguments:","logger":"airflow.task.hooks.airflow.providers.apache.spark.hooks.spark_submit.SparkSubmitHook"}
{"timestamp":"2025-07-14T10:27:56.371693","level":"info","event":"master                  spark://spark-master:7077","logger":"airflow.task.hooks.airflow.providers.apache.spark.hooks.spark_submit.SparkSubmitHook"}
{"timestamp":"2025-07-14T10:27:56.371782","level":"info","event":"remote                  null","logger":"airflow.task.hooks.airflow.providers.apache.spark.hooks.spark_submit.SparkSubmitHook"}
{"timestamp":"2025-07-14T10:27:56.371848","level":"info","event":"deployMode              client","logger":"airflow.task.hooks.airflow.providers.apache.spark.hooks.spark_submit.SparkSubmitHook"}
{"timestamp":"2025-07-14T10:27:56.371903","level":"info","event":"executorMemory          2g","logger":"airflow.task.hooks.airflow.providers.apache.spark.hooks.spark_submit.SparkSubmitHook"}
{"timestamp":"2025-07-14T10:27:56.371953","level":"info","event":"executorCores           2","logger":"airflow.task.hooks.airflow.providers.apache.spark.hooks.spark_submit.SparkSubmitHook"}
{"timestamp":"2025-07-14T10:27:56.372002","level":"info","event":"totalExecutorCores      null","logger":"airflow.task.hooks.airflow.providers.apache.spark.hooks.spark_submit.SparkSubmitHook"}
{"timestamp":"2025-07-14T10:27:56.372048","level":"info","event":"propertiesFile          null","logger":"airflow.task.hooks.airflow.providers.apache.spark.hooks.spark_submit.SparkSubmitHook"}
{"timestamp":"2025-07-14T10:27:56.372094","level":"info","event":"driverMemory            1g","logger":"airflow.task.hooks.airflow.providers.apache.spark.hooks.spark_submit.SparkSubmitHook"}
{"timestamp":"2025-07-14T10:27:56.372159","level":"info","event":"driverCores             null","logger":"airflow.task.hooks.airflow.providers.apache.spark.hooks.spark_submit.SparkSubmitHook"}
{"timestamp":"2025-07-14T10:27:56.372209","level":"info","event":"driverExtraClassPath    null","logger":"airflow.task.hooks.airflow.providers.apache.spark.hooks.spark_submit.SparkSubmitHook"}
{"timestamp":"2025-07-14T10:27:56.372254","level":"info","event":"driverExtraLibraryPath  null","logger":"airflow.task.hooks.airflow.providers.apache.spark.hooks.spark_submit.SparkSubmitHook"}
{"timestamp":"2025-07-14T10:27:56.372302","level":"info","event":"driverExtraJavaOptions  null","logger":"airflow.task.hooks.airflow.providers.apache.spark.hooks.spark_submit.SparkSubmitHook"}
{"timestamp":"2025-07-14T10:27:56.372350","level":"info","event":"supervise               false","logger":"airflow.task.hooks.airflow.providers.apache.spark.hooks.spark_submit.SparkSubmitHook"}
{"timestamp":"2025-07-14T10:27:56.372398","level":"info","event":"queue                   null","logger":"airflow.task.hooks.airflow.providers.apache.spark.hooks.spark_submit.SparkSubmitHook"}
{"timestamp":"2025-07-14T10:27:56.372445","level":"info","event":"numExecutors            null","logger":"airflow.task.hooks.airflow.providers.apache.spark.hooks.spark_submit.SparkSubmitHook"}
{"timestamp":"2025-07-14T10:27:56.372490","level":"info","event":"files                   null","logger":"airflow.task.hooks.airflow.providers.apache.spark.hooks.spark_submit.SparkSubmitHook"}
{"timestamp":"2025-07-14T10:27:56.372533","level":"info","event":"pyFiles                 null","logger":"airflow.task.hooks.airflow.providers.apache.spark.hooks.spark_submit.SparkSubmitHook"}
{"timestamp":"2025-07-14T10:27:56.372577","level":"info","event":"archives                null","logger":"airflow.task.hooks.airflow.providers.apache.spark.hooks.spark_submit.SparkSubmitHook"}
{"timestamp":"2025-07-14T10:27:56.372620","level":"info","event":"mainClass               null","logger":"airflow.task.hooks.airflow.providers.apache.spark.hooks.spark_submit.SparkSubmitHook"}
{"timestamp":"2025-07-14T10:27:56.372664","level":"info","event":"primaryResource         file:/opt/spark-jobs/bronze_to_silver.py","logger":"airflow.task.hooks.airflow.providers.apache.spark.hooks.spark_submit.SparkSubmitHook"}
{"timestamp":"2025-07-14T10:27:56.372803","level":"info","event":"name                    bronze_to_silver_job","logger":"airflow.task.hooks.airflow.providers.apache.spark.hooks.spark_submit.SparkSubmitHook"}
{"timestamp":"2025-07-14T10:27:56.372900","level":"info","event":"childArgs               []","logger":"airflow.task.hooks.airflow.providers.apache.spark.hooks.spark_submit.SparkSubmitHook"}
{"timestamp":"2025-07-14T10:27:56.372970","level":"info","event":"jars                    null","logger":"airflow.task.hooks.airflow.providers.apache.spark.hooks.spark_submit.SparkSubmitHook"}
{"timestamp":"2025-07-14T10:27:56.373026","level":"info","event":"packages                org.apache.hadoop:hadoop-aws:3.3.4,com.amazonaws:aws-java-sdk-bundle:1.12.520,org.apache.spark:spark-avro_2.12:3.5.0,io.delta:delta-spark_2.12:3.1.0","logger":"airflow.task.hooks.airflow.providers.apache.spark.hooks.spark_submit.SparkSubmitHook"}
{"timestamp":"2025-07-14T10:27:56.373081","level":"info","event":"packagesExclusions      null","logger":"airflow.task.hooks.airflow.providers.apache.spark.hooks.spark_submit.SparkSubmitHook"}
{"timestamp":"2025-07-14T10:27:56.373475","level":"info","event":"repositories            null","logger":"airflow.task.hooks.airflow.providers.apache.spark.hooks.spark_submit.SparkSubmitHook"}
{"timestamp":"2025-07-14T10:27:56.373532","level":"info","event":"verbose                 true","logger":"airflow.task.hooks.airflow.providers.apache.spark.hooks.spark_submit.SparkSubmitHook"}
{"timestamp":"2025-07-14T10:27:56.373788","level":"info","event":"","logger":"airflow.task.hooks.airflow.providers.apache.spark.hooks.spark_submit.SparkSubmitHook"}
{"timestamp":"2025-07-14T10:27:56.373885","level":"info","event":"Spark properties used, including those specified through","logger":"airflow.task.hooks.airflow.providers.apache.spark.hooks.spark_submit.SparkSubmitHook"}
{"timestamp":"2025-07-14T10:27:56.374041","level":"info","event":"--conf and those from the properties file null:","logger":"airflow.task.hooks.airflow.providers.apache.spark.hooks.spark_submit.SparkSubmitHook"}
{"timestamp":"2025-07-14T10:27:56.374152","level":"info","event":"(spark.driver.memory,1g)","logger":"airflow.task.hooks.airflow.providers.apache.spark.hooks.spark_submit.SparkSubmitHook"}
{"timestamp":"2025-07-14T10:27:56.374220","level":"info","event":"(spark.executor.cores,2)","logger":"airflow.task.hooks.airflow.providers.apache.spark.hooks.spark_submit.SparkSubmitHook"}
{"timestamp":"2025-07-14T10:27:56.374271","level":"info","event":"(spark.executor.memory,2g)","logger":"airflow.task.hooks.airflow.providers.apache.spark.hooks.spark_submit.SparkSubmitHook"}
{"timestamp":"2025-07-14T10:27:56.374320","level":"info","event":"(spark.hadoop.fs.s3a.access.key,*********(redacted))","logger":"airflow.task.hooks.airflow.providers.apache.spark.hooks.spark_submit.SparkSubmitHook"}
{"timestamp":"2025-07-14T10:27:56.374410","level":"info","event":"(spark.hadoop.fs.s3a.connection.ssl.enabled,false)","logger":"airflow.task.hooks.airflow.providers.apache.spark.hooks.spark_submit.SparkSubmitHook"}
{"timestamp":"2025-07-14T10:27:56.374547","level":"info","event":"(spark.hadoop.fs.s3a.endpoint,http://minio:9000)","logger":"airflow.task.hooks.airflow.providers.apache.spark.hooks.spark_submit.SparkSubmitHook"}
{"timestamp":"2025-07-14T10:27:56.374656","level":"info","event":"(spark.hadoop.fs.s3a.impl,org.apache.hadoop.fs.s3a.S3AFileSystem)","logger":"airflow.task.hooks.airflow.providers.apache.spark.hooks.spark_submit.SparkSubmitHook"}
{"timestamp":"2025-07-14T10:27:56.374720","level":"info","event":"(spark.hadoop.fs.s3a.path.style.access,true)","logger":"airflow.task.hooks.airflow.providers.apache.spark.hooks.spark_submit.SparkSubmitHook"}
{"timestamp":"2025-07-14T10:27:56.374772","level":"info","event":"(spark.hadoop.fs.s3a.secret.key,*********(redacted))","logger":"airflow.task.hooks.airflow.providers.apache.spark.hooks.spark_submit.SparkSubmitHook"}
{"timestamp":"2025-07-14T10:27:56.374823","level":"info","event":"(spark.submit.deployMode,client)","logger":"airflow.task.hooks.airflow.providers.apache.spark.hooks.spark_submit.SparkSubmitHook"}
{"timestamp":"2025-07-14T10:27:56.374935","level":"info","event":"","logger":"airflow.task.hooks.airflow.providers.apache.spark.hooks.spark_submit.SparkSubmitHook"}
{"timestamp":"2025-07-14T10:27:56.374998","level":"info","event":"","logger":"airflow.task.hooks.airflow.providers.apache.spark.hooks.spark_submit.SparkSubmitHook"}
{"timestamp":"2025-07-14T10:27:56.558615","level":"info","event":":: loading settings :: url = jar:file:/home/airflow/.local/lib/python3.12/site-packages/pyspark/jars/ivy-2.5.1.jar!/org/apache/ivy/core/settings/ivysettings.xml","logger":"airflow.task.hooks.airflow.providers.apache.spark.hooks.spark_submit.SparkSubmitHook"}
{"timestamp":"2025-07-14T10:27:56.657700","level":"info","event":"Ivy Default Cache set to: /home/airflow/.ivy2/cache","logger":"airflow.task.hooks.airflow.providers.apache.spark.hooks.spark_submit.SparkSubmitHook"}
{"timestamp":"2025-07-14T10:27:56.658048","level":"info","event":"The jars for the packages stored in: /home/airflow/.ivy2/jars","logger":"airflow.task.hooks.airflow.providers.apache.spark.hooks.spark_submit.SparkSubmitHook"}
{"timestamp":"2025-07-14T10:27:56.661524","level":"info","event":"org.apache.hadoop#hadoop-aws added as a dependency","logger":"airflow.task.hooks.airflow.providers.apache.spark.hooks.spark_submit.SparkSubmitHook"}
{"timestamp":"2025-07-14T10:27:56.661673","level":"info","event":"com.amazonaws#aws-java-sdk-bundle added as a dependency","logger":"airflow.task.hooks.airflow.providers.apache.spark.hooks.spark_submit.SparkSubmitHook"}
{"timestamp":"2025-07-14T10:27:56.661734","level":"info","event":"org.apache.spark#spark-avro_2.12 added as a dependency","logger":"airflow.task.hooks.airflow.providers.apache.spark.hooks.spark_submit.SparkSubmitHook"}
{"timestamp":"2025-07-14T10:27:56.661784","level":"info","event":"io.delta#delta-spark_2.12 added as a dependency","logger":"airflow.task.hooks.airflow.providers.apache.spark.hooks.spark_submit.SparkSubmitHook"}
{"timestamp":"2025-07-14T10:27:56.662916","level":"info","event":":: resolving dependencies :: org.apache.spark#spark-submit-parent-d58527c7-d153-4e9c-a28d-975055271bd9;1.0","logger":"airflow.task.hooks.airflow.providers.apache.spark.hooks.spark_submit.SparkSubmitHook"}
{"timestamp":"2025-07-14T10:27:56.663009","level":"info","event":"confs: [default]","logger":"airflow.task.hooks.airflow.providers.apache.spark.hooks.spark_submit.SparkSubmitHook"}
{"timestamp":"2025-07-14T10:27:56.883193","level":"info","event":"found org.apache.hadoop#hadoop-aws;3.3.4 in central","logger":"airflow.task.hooks.airflow.providers.apache.spark.hooks.spark_submit.SparkSubmitHook"}
{"timestamp":"2025-07-14T10:27:56.916584","level":"info","event":"found org.wildfly.openssl#wildfly-openssl;1.0.7.Final in central","logger":"airflow.task.hooks.airflow.providers.apache.spark.hooks.spark_submit.SparkSubmitHook"}
{"timestamp":"2025-07-14T10:27:56.930659","level":"info","event":"found com.amazonaws#aws-java-sdk-bundle;1.12.520 in central","logger":"airflow.task.hooks.airflow.providers.apache.spark.hooks.spark_submit.SparkSubmitHook"}
{"timestamp":"2025-07-14T10:27:56.967501","level":"info","event":"found org.apache.spark#spark-avro_2.12;3.5.0 in central","logger":"airflow.task.hooks.airflow.providers.apache.spark.hooks.spark_submit.SparkSubmitHook"}
{"timestamp":"2025-07-14T10:27:56.983019","level":"info","event":"found org.tukaani#xz;1.9 in central","logger":"airflow.task.hooks.airflow.providers.apache.spark.hooks.spark_submit.SparkSubmitHook"}
{"timestamp":"2025-07-14T10:27:57.002298","level":"info","event":"found io.delta#delta-spark_2.12;3.1.0 in central","logger":"airflow.task.hooks.airflow.providers.apache.spark.hooks.spark_submit.SparkSubmitHook"}
{"timestamp":"2025-07-14T10:27:57.026184","level":"info","event":"found io.delta#delta-storage;3.1.0 in central","logger":"airflow.task.hooks.airflow.providers.apache.spark.hooks.spark_submit.SparkSubmitHook"}
{"timestamp":"2025-07-14T10:27:57.044900","level":"info","event":"found org.antlr#antlr4-runtime;4.9.3 in central","logger":"airflow.task.hooks.airflow.providers.apache.spark.hooks.spark_submit.SparkSubmitHook"}
{"timestamp":"2025-07-14T10:27:57.079917","level":"info","event":":: resolution report :: resolve 398ms :: artifacts dl 19ms","logger":"airflow.task.hooks.airflow.providers.apache.spark.hooks.spark_submit.SparkSubmitHook"}
{"timestamp":"2025-07-14T10:27:57.080203","level":"info","event":":: modules in use:","logger":"airflow.task.hooks.airflow.providers.apache.spark.hooks.spark_submit.SparkSubmitHook"}
{"timestamp":"2025-07-14T10:27:57.080298","level":"info","event":"com.amazonaws#aws-java-sdk-bundle;1.12.520 from central in [default]","logger":"airflow.task.hooks.airflow.providers.apache.spark.hooks.spark_submit.SparkSubmitHook"}
{"timestamp":"2025-07-14T10:27:57.080358","level":"info","event":"io.delta#delta-spark_2.12;3.1.0 from central in [default]","logger":"airflow.task.hooks.airflow.providers.apache.spark.hooks.spark_submit.SparkSubmitHook"}
{"timestamp":"2025-07-14T10:27:57.080405","level":"info","event":"io.delta#delta-storage;3.1.0 from central in [default]","logger":"airflow.task.hooks.airflow.providers.apache.spark.hooks.spark_submit.SparkSubmitHook"}
{"timestamp":"2025-07-14T10:27:57.080469","level":"info","event":"org.antlr#antlr4-runtime;4.9.3 from central in [default]","logger":"airflow.task.hooks.airflow.providers.apache.spark.hooks.spark_submit.SparkSubmitHook"}
{"timestamp":"2025-07-14T10:27:57.080530","level":"info","event":"org.apache.hadoop#hadoop-aws;3.3.4 from central in [default]","logger":"airflow.task.hooks.airflow.providers.apache.spark.hooks.spark_submit.SparkSubmitHook"}
{"timestamp":"2025-07-14T10:27:57.080588","level":"info","event":"org.apache.spark#spark-avro_2.12;3.5.0 from central in [default]","logger":"airflow.task.hooks.airflow.providers.apache.spark.hooks.spark_submit.SparkSubmitHook"}
{"timestamp":"2025-07-14T10:27:57.080804","level":"info","event":"org.tukaani#xz;1.9 from central in [default]","logger":"airflow.task.hooks.airflow.providers.apache.spark.hooks.spark_submit.SparkSubmitHook"}
{"timestamp":"2025-07-14T10:27:57.080954","level":"info","event":"org.wildfly.openssl#wildfly-openssl;1.0.7.Final from central in [default]","logger":"airflow.task.hooks.airflow.providers.apache.spark.hooks.spark_submit.SparkSubmitHook"}
{"timestamp":"2025-07-14T10:27:57.081050","level":"info","event":":: evicted modules:","logger":"airflow.task.hooks.airflow.providers.apache.spark.hooks.spark_submit.SparkSubmitHook"}
{"timestamp":"2025-07-14T10:27:57.081126","level":"info","event":"com.amazonaws#aws-java-sdk-bundle;1.12.262 by [com.amazonaws#aws-java-sdk-bundle;1.12.520] in [default]","logger":"airflow.task.hooks.airflow.providers.apache.spark.hooks.spark_submit.SparkSubmitHook"}
{"timestamp":"2025-07-14T10:27:57.081213","level":"info","event":"---------------------------------------------------------------------","logger":"airflow.task.hooks.airflow.providers.apache.spark.hooks.spark_submit.SparkSubmitHook"}
{"timestamp":"2025-07-14T10:27:57.081321","level":"info","event":"|                  |            modules            ||   artifacts   |","logger":"airflow.task.hooks.airflow.providers.apache.spark.hooks.spark_submit.SparkSubmitHook"}
{"timestamp":"2025-07-14T10:27:57.081407","level":"info","event":"|       conf       | number| search|dwnlded|evicted|| number|dwnlded|","logger":"airflow.task.hooks.airflow.providers.apache.spark.hooks.spark_submit.SparkSubmitHook"}
{"timestamp":"2025-07-14T10:27:57.081485","level":"info","event":"---------------------------------------------------------------------","logger":"airflow.task.hooks.airflow.providers.apache.spark.hooks.spark_submit.SparkSubmitHook"}
{"timestamp":"2025-07-14T10:27:57.081801","level":"info","event":"|      default     |   9   |   0   |   0   |   1   ||   8   |   0   |","logger":"airflow.task.hooks.airflow.providers.apache.spark.hooks.spark_submit.SparkSubmitHook"}
{"timestamp":"2025-07-14T10:27:57.081936","level":"info","event":"---------------------------------------------------------------------","logger":"airflow.task.hooks.airflow.providers.apache.spark.hooks.spark_submit.SparkSubmitHook"}
{"timestamp":"2025-07-14T10:27:57.091573","level":"info","event":":: retrieving :: org.apache.spark#spark-submit-parent-d58527c7-d153-4e9c-a28d-975055271bd9","logger":"airflow.task.hooks.airflow.providers.apache.spark.hooks.spark_submit.SparkSubmitHook"}
{"timestamp":"2025-07-14T10:27:57.091777","level":"info","event":"confs: [default]","logger":"airflow.task.hooks.airflow.providers.apache.spark.hooks.spark_submit.SparkSubmitHook"}
{"timestamp":"2025-07-14T10:27:57.104533","level":"info","event":"0 artifacts copied, 8 already retrieved (0kB/12ms)","logger":"airflow.task.hooks.airflow.providers.apache.spark.hooks.spark_submit.SparkSubmitHook"}
{"timestamp":"2025-07-14T10:27:57.397128","level":"info","event":"25/07/14 10:27:57 WARN NativeCodeLoader: Unable to load native-hadoop library for your platform... using builtin-java classes where applicable","logger":"airflow.task.hooks.airflow.providers.apache.spark.hooks.spark_submit.SparkSubmitHook"}
{"timestamp":"2025-07-14T10:27:57.659764","level":"info","event":"Main class:","logger":"airflow.task.hooks.airflow.providers.apache.spark.hooks.spark_submit.SparkSubmitHook"}
{"timestamp":"2025-07-14T10:27:57.659988","level":"info","event":"org.apache.spark.deploy.PythonRunner","logger":"airflow.task.hooks.airflow.providers.apache.spark.hooks.spark_submit.SparkSubmitHook"}
{"timestamp":"2025-07-14T10:27:57.660257","level":"info","event":"Arguments:","logger":"airflow.task.hooks.airflow.providers.apache.spark.hooks.spark_submit.SparkSubmitHook"}
{"timestamp":"2025-07-14T10:27:57.660404","level":"info","event":"file:/opt/spark-jobs/bronze_to_silver.py","logger":"airflow.task.hooks.airflow.providers.apache.spark.hooks.spark_submit.SparkSubmitHook"}
{"timestamp":"2025-07-14T10:27:57.660482","level":"info","event":"file:///home/airflow/.ivy2/jars/org.apache.hadoop_hadoop-aws-3.3.4.jar,file:///home/airflow/.ivy2/jars/com.amazonaws_aws-java-sdk-bundle-1.12.520.jar,file:///home/airflow/.ivy2/jars/org.apache.spark_spark-avro_2.12-3.5.0.jar,file:///home/airflow/.ivy2/jars/io.delta_delta-spark_2.12-3.1.0.jar,file:///home/airflow/.ivy2/jars/org.wildfly.openssl_wildfly-openssl-1.0.7.Final.jar,file:///home/airflow/.ivy2/jars/org.tukaani_xz-1.9.jar,file:///home/airflow/.ivy2/jars/io.delta_delta-storage-3.1.0.jar,file:///home/airflow/.ivy2/jars/org.antlr_antlr4-runtime-4.9.3.jar","logger":"airflow.task.hooks.airflow.providers.apache.spark.hooks.spark_submit.SparkSubmitHook"}
{"timestamp":"2025-07-14T10:27:57.663228","level":"info","event":"Spark config:","logger":"airflow.task.hooks.airflow.providers.apache.spark.hooks.spark_submit.SparkSubmitHook"}
{"timestamp":"2025-07-14T10:27:57.663349","level":"info","event":"(spark.app.name,bronze_to_silver_job)","logger":"airflow.task.hooks.airflow.providers.apache.spark.hooks.spark_submit.SparkSubmitHook"}
{"timestamp":"2025-07-14T10:27:57.663407","level":"info","event":"(spark.app.submitTime,1752488877634)","logger":"airflow.task.hooks.airflow.providers.apache.spark.hooks.spark_submit.SparkSubmitHook"}
{"timestamp":"2025-07-14T10:27:57.663450","level":"info","event":"(spark.driver.memory,1g)","logger":"airflow.task.hooks.airflow.providers.apache.spark.hooks.spark_submit.SparkSubmitHook"}
{"timestamp":"2025-07-14T10:27:57.663489","level":"info","event":"(spark.executor.cores,2)","logger":"airflow.task.hooks.airflow.providers.apache.spark.hooks.spark_submit.SparkSubmitHook"}
{"timestamp":"2025-07-14T10:27:57.663526","level":"info","event":"(spark.executor.memory,2g)","logger":"airflow.task.hooks.airflow.providers.apache.spark.hooks.spark_submit.SparkSubmitHook"}
{"timestamp":"2025-07-14T10:27:57.663564","level":"info","event":"(spark.files,file:///home/airflow/.ivy2/jars/org.apache.hadoop_hadoop-aws-3.3.4.jar,file:///home/airflow/.ivy2/jars/com.amazonaws_aws-java-sdk-bundle-1.12.520.jar,file:///home/airflow/.ivy2/jars/org.apache.spark_spark-avro_2.12-3.5.0.jar,file:///home/airflow/.ivy2/jars/io.delta_delta-spark_2.12-3.1.0.jar,file:///home/airflow/.ivy2/jars/org.wildfly.openssl_wildfly-openssl-1.0.7.Final.jar,file:///home/airflow/.ivy2/jars/org.tukaani_xz-1.9.jar,file:///home/airflow/.ivy2/jars/io.delta_delta-storage-3.1.0.jar,file:///home/airflow/.ivy2/jars/org.antlr_antlr4-runtime-4.9.3.jar)","logger":"airflow.task.hooks.airflow.providers.apache.spark.hooks.spark_submit.SparkSubmitHook"}
{"timestamp":"2025-07-14T10:27:57.663605","level":"info","event":"(spark.hadoop.fs.s3a.access.key,*********(redacted))","logger":"airflow.task.hooks.airflow.providers.apache.spark.hooks.spark_submit.SparkSubmitHook"}
{"timestamp":"2025-07-14T10:27:57.663640","level":"info","event":"(spark.hadoop.fs.s3a.connection.ssl.enabled,false)","logger":"airflow.task.hooks.airflow.providers.apache.spark.hooks.spark_submit.SparkSubmitHook"}
{"timestamp":"2025-07-14T10:27:57.663673","level":"info","event":"(spark.hadoop.fs.s3a.endpoint,http://minio:9000)","logger":"airflow.task.hooks.airflow.providers.apache.spark.hooks.spark_submit.SparkSubmitHook"}
{"timestamp":"2025-07-14T10:27:57.663706","level":"info","event":"(spark.hadoop.fs.s3a.impl,org.apache.hadoop.fs.s3a.S3AFileSystem)","logger":"airflow.task.hooks.airflow.providers.apache.spark.hooks.spark_submit.SparkSubmitHook"}
{"timestamp":"2025-07-14T10:27:57.663739","level":"info","event":"(spark.hadoop.fs.s3a.path.style.access,true)","logger":"airflow.task.hooks.airflow.providers.apache.spark.hooks.spark_submit.SparkSubmitHook"}
{"timestamp":"2025-07-14T10:27:57.663771","level":"info","event":"(spark.hadoop.fs.s3a.secret.key,*********(redacted))","logger":"airflow.task.hooks.airflow.providers.apache.spark.hooks.spark_submit.SparkSubmitHook"}
{"timestamp":"2025-07-14T10:27:57.663803","level":"info","event":"(spark.jars,file:///home/airflow/.ivy2/jars/org.apache.hadoop_hadoop-aws-3.3.4.jar,file:///home/airflow/.ivy2/jars/com.amazonaws_aws-java-sdk-bundle-1.12.520.jar,file:///home/airflow/.ivy2/jars/org.apache.spark_spark-avro_2.12-3.5.0.jar,file:///home/airflow/.ivy2/jars/io.delta_delta-spark_2.12-3.1.0.jar,file:///home/airflow/.ivy2/jars/org.wildfly.openssl_wildfly-openssl-1.0.7.Final.jar,file:///home/airflow/.ivy2/jars/org.tukaani_xz-1.9.jar,file:///home/airflow/.ivy2/jars/io.delta_delta-storage-3.1.0.jar,file:///home/airflow/.ivy2/jars/org.antlr_antlr4-runtime-4.9.3.jar)","logger":"airflow.task.hooks.airflow.providers.apache.spark.hooks.spark_submit.SparkSubmitHook"}
{"timestamp":"2025-07-14T10:27:57.663837","level":"info","event":"(spark.master,spark://spark-master:7077)","logger":"airflow.task.hooks.airflow.providers.apache.spark.hooks.spark_submit.SparkSubmitHook"}
{"timestamp":"2025-07-14T10:27:57.663869","level":"info","event":"(spark.repl.local.jars,file:///home/airflow/.ivy2/jars/org.apache.hadoop_hadoop-aws-3.3.4.jar,file:///home/airflow/.ivy2/jars/com.amazonaws_aws-java-sdk-bundle-1.12.520.jar,file:///home/airflow/.ivy2/jars/org.apache.spark_spark-avro_2.12-3.5.0.jar,file:///home/airflow/.ivy2/jars/io.delta_delta-spark_2.12-3.1.0.jar,file:///home/airflow/.ivy2/jars/org.wildfly.openssl_wildfly-openssl-1.0.7.Final.jar,file:///home/airflow/.ivy2/jars/org.tukaani_xz-1.9.jar,file:///home/airflow/.ivy2/jars/io.delta_delta-storage-3.1.0.jar,file:///home/airflow/.ivy2/jars/org.antlr_antlr4-runtime-4.9.3.jar)","logger":"airflow.task.hooks.airflow.providers.apache.spark.hooks.spark_submit.SparkSubmitHook"}
{"timestamp":"2025-07-14T10:27:57.663902","level":"info","event":"(spark.submit.deployMode,client)","logger":"airflow.task.hooks.airflow.providers.apache.spark.hooks.spark_submit.SparkSubmitHook"}
{"timestamp":"2025-07-14T10:27:57.663935","level":"info","event":"(spark.submit.pyFiles,/home/airflow/.ivy2/jars/org.apache.hadoop_hadoop-aws-3.3.4.jar,/home/airflow/.ivy2/jars/com.amazonaws_aws-java-sdk-bundle-1.12.520.jar,/home/airflow/.ivy2/jars/org.apache.spark_spark-avro_2.12-3.5.0.jar,/home/airflow/.ivy2/jars/io.delta_delta-spark_2.12-3.1.0.jar,/home/airflow/.ivy2/jars/org.wildfly.openssl_wildfly-openssl-1.0.7.Final.jar,/home/airflow/.ivy2/jars/org.tukaani_xz-1.9.jar,/home/airflow/.ivy2/jars/io.delta_delta-storage-3.1.0.jar,/home/airflow/.ivy2/jars/org.antlr_antlr4-runtime-4.9.3.jar)","logger":"airflow.task.hooks.airflow.providers.apache.spark.hooks.spark_submit.SparkSubmitHook"}
{"timestamp":"2025-07-14T10:27:57.663975","level":"info","event":"Classpath elements:","logger":"airflow.task.hooks.airflow.providers.apache.spark.hooks.spark_submit.SparkSubmitHook"}
{"timestamp":"2025-07-14T10:27:57.664012","level":"info","event":"file:///home/airflow/.ivy2/jars/org.apache.hadoop_hadoop-aws-3.3.4.jar","logger":"airflow.task.hooks.airflow.providers.apache.spark.hooks.spark_submit.SparkSubmitHook"}
{"timestamp":"2025-07-14T10:27:57.664047","level":"info","event":"file:///home/airflow/.ivy2/jars/com.amazonaws_aws-java-sdk-bundle-1.12.520.jar","logger":"airflow.task.hooks.airflow.providers.apache.spark.hooks.spark_submit.SparkSubmitHook"}
{"timestamp":"2025-07-14T10:27:57.664079","level":"info","event":"file:///home/airflow/.ivy2/jars/org.apache.spark_spark-avro_2.12-3.5.0.jar","logger":"airflow.task.hooks.airflow.providers.apache.spark.hooks.spark_submit.SparkSubmitHook"}
{"timestamp":"2025-07-14T10:27:57.664113","level":"info","event":"file:///home/airflow/.ivy2/jars/io.delta_delta-spark_2.12-3.1.0.jar","logger":"airflow.task.hooks.airflow.providers.apache.spark.hooks.spark_submit.SparkSubmitHook"}
{"timestamp":"2025-07-14T10:27:57.664145","level":"info","event":"file:///home/airflow/.ivy2/jars/org.wildfly.openssl_wildfly-openssl-1.0.7.Final.jar","logger":"airflow.task.hooks.airflow.providers.apache.spark.hooks.spark_submit.SparkSubmitHook"}
{"timestamp":"2025-07-14T10:27:57.664178","level":"info","event":"file:///home/airflow/.ivy2/jars/org.tukaani_xz-1.9.jar","logger":"airflow.task.hooks.airflow.providers.apache.spark.hooks.spark_submit.SparkSubmitHook"}
{"timestamp":"2025-07-14T10:27:57.664210","level":"info","event":"file:///home/airflow/.ivy2/jars/io.delta_delta-storage-3.1.0.jar","logger":"airflow.task.hooks.airflow.providers.apache.spark.hooks.spark_submit.SparkSubmitHook"}
{"timestamp":"2025-07-14T10:27:57.664241","level":"info","event":"file:///home/airflow/.ivy2/jars/org.antlr_antlr4-runtime-4.9.3.jar","logger":"airflow.task.hooks.airflow.providers.apache.spark.hooks.spark_submit.SparkSubmitHook"}
{"timestamp":"2025-07-14T10:27:57.664275","level":"info","event":"","logger":"airflow.task.hooks.airflow.providers.apache.spark.hooks.spark_submit.SparkSubmitHook"}
{"timestamp":"2025-07-14T10:27:57.664310","level":"info","event":"","logger":"airflow.task.hooks.airflow.providers.apache.spark.hooks.spark_submit.SparkSubmitHook"}
{"timestamp":"2025-07-14T10:27:59.453532","level":"info","event":"25/07/14 10:27:59 INFO SparkContext: Running Spark version 3.5.3","logger":"airflow.task.hooks.airflow.providers.apache.spark.hooks.spark_submit.SparkSubmitHook"}
{"timestamp":"2025-07-14T10:27:59.454734","level":"info","event":"25/07/14 10:27:59 INFO SparkContext: OS info Linux, 5.15.153.1-microsoft-standard-WSL2, amd64","logger":"airflow.task.hooks.airflow.providers.apache.spark.hooks.spark_submit.SparkSubmitHook"}
{"timestamp":"2025-07-14T10:27:59.455670","level":"info","event":"25/07/14 10:27:59 INFO SparkContext: Java version 17.0.15","logger":"airflow.task.hooks.airflow.providers.apache.spark.hooks.spark_submit.SparkSubmitHook"}
{"timestamp":"2025-07-14T10:27:59.483387","level":"info","event":"25/07/14 10:27:59 INFO ResourceUtils: ==============================================================","logger":"airflow.task.hooks.airflow.providers.apache.spark.hooks.spark_submit.SparkSubmitHook"}
{"timestamp":"2025-07-14T10:27:59.483698","level":"info","event":"25/07/14 10:27:59 INFO ResourceUtils: No custom resources configured for spark.driver.","logger":"airflow.task.hooks.airflow.providers.apache.spark.hooks.spark_submit.SparkSubmitHook"}
{"timestamp":"2025-07-14T10:27:59.483948","level":"info","event":"25/07/14 10:27:59 INFO ResourceUtils: ==============================================================","logger":"airflow.task.hooks.airflow.providers.apache.spark.hooks.spark_submit.SparkSubmitHook"}
{"timestamp":"2025-07-14T10:27:59.484423","level":"info","event":"25/07/14 10:27:59 INFO SparkContext: Submitted application: MinIOProcessingJob","logger":"airflow.task.hooks.airflow.providers.apache.spark.hooks.spark_submit.SparkSubmitHook"}
{"timestamp":"2025-07-14T10:27:59.523338","level":"info","event":"25/07/14 10:27:59 INFO ResourceProfile: Default ResourceProfile created, executor resources: Map(cores -> name: cores, amount: 2, script: , vendor: , memory -> name: memory, amount: 2048, script: , vendor: , offHeap -> name: offHeap, amount: 0, script: , vendor: ), task resources: Map(cpus -> name: cpus, amount: 1.0)","logger":"airflow.task.hooks.airflow.providers.apache.spark.hooks.spark_submit.SparkSubmitHook"}
{"timestamp":"2025-07-14T10:27:59.537937","level":"info","event":"25/07/14 10:27:59 INFO ResourceProfile: Limiting resource is cpus at 2 tasks per executor","logger":"airflow.task.hooks.airflow.providers.apache.spark.hooks.spark_submit.SparkSubmitHook"}
{"timestamp":"2025-07-14T10:27:59.540917","level":"info","event":"25/07/14 10:27:59 INFO ResourceProfileManager: Added ResourceProfile id: 0","logger":"airflow.task.hooks.airflow.providers.apache.spark.hooks.spark_submit.SparkSubmitHook"}
{"timestamp":"2025-07-14T10:27:59.642677","level":"info","event":"25/07/14 10:27:59 INFO SecurityManager: Changing view acls to: airflow","logger":"airflow.task.hooks.airflow.providers.apache.spark.hooks.spark_submit.SparkSubmitHook"}
{"timestamp":"2025-07-14T10:27:59.643405","level":"info","event":"25/07/14 10:27:59 INFO SecurityManager: Changing modify acls to: airflow","logger":"airflow.task.hooks.airflow.providers.apache.spark.hooks.spark_submit.SparkSubmitHook"}
{"timestamp":"2025-07-14T10:27:59.644150","level":"info","event":"25/07/14 10:27:59 INFO SecurityManager: Changing view acls groups to:","logger":"airflow.task.hooks.airflow.providers.apache.spark.hooks.spark_submit.SparkSubmitHook"}
{"timestamp":"2025-07-14T10:27:59.644731","level":"info","event":"25/07/14 10:27:59 INFO SecurityManager: Changing modify acls groups to:","logger":"airflow.task.hooks.airflow.providers.apache.spark.hooks.spark_submit.SparkSubmitHook"}
{"timestamp":"2025-07-14T10:27:59.645189","level":"info","event":"25/07/14 10:27:59 INFO SecurityManager: SecurityManager: authentication disabled; ui acls disabled; users with view permissions: airflow; groups with view permissions: EMPTY; users with modify permissions: airflow; groups with modify permissions: EMPTY","logger":"airflow.task.hooks.airflow.providers.apache.spark.hooks.spark_submit.SparkSubmitHook"}
{"timestamp":"2025-07-14T10:27:59.983451","level":"info","event":"25/07/14 10:27:59 INFO Utils: Successfully started service 'sparkDriver' on port 33439.","logger":"airflow.task.hooks.airflow.providers.apache.spark.hooks.spark_submit.SparkSubmitHook"}
{"timestamp":"2025-07-14T10:28:00.025083","level":"info","event":"25/07/14 10:28:00 INFO SparkEnv: Registering MapOutputTracker","logger":"airflow.task.hooks.airflow.providers.apache.spark.hooks.spark_submit.SparkSubmitHook"}
{"timestamp":"2025-07-14T10:28:00.069308","level":"info","event":"25/07/14 10:28:00 INFO SparkEnv: Registering BlockManagerMaster","logger":"airflow.task.hooks.airflow.providers.apache.spark.hooks.spark_submit.SparkSubmitHook"}
{"timestamp":"2025-07-14T10:28:00.092348","level":"info","event":"25/07/14 10:28:00 INFO BlockManagerMasterEndpoint: Using org.apache.spark.storage.DefaultTopologyMapper for getting topology information","logger":"airflow.task.hooks.airflow.providers.apache.spark.hooks.spark_submit.SparkSubmitHook"}
{"timestamp":"2025-07-14T10:28:00.093030","level":"info","event":"25/07/14 10:28:00 INFO BlockManagerMasterEndpoint: BlockManagerMasterEndpoint up","logger":"airflow.task.hooks.airflow.providers.apache.spark.hooks.spark_submit.SparkSubmitHook"}
{"timestamp":"2025-07-14T10:28:00.098400","level":"info","event":"25/07/14 10:28:00 INFO SparkEnv: Registering BlockManagerMasterHeartbeat","logger":"airflow.task.hooks.airflow.providers.apache.spark.hooks.spark_submit.SparkSubmitHook"}
{"timestamp":"2025-07-14T10:28:00.127967","level":"info","event":"25/07/14 10:28:00 INFO DiskBlockManager: Created local directory at /tmp/blockmgr-7c051d2e-f9d6-4a08-8a7a-7375ff66ee57","logger":"airflow.task.hooks.airflow.providers.apache.spark.hooks.spark_submit.SparkSubmitHook"}
{"timestamp":"2025-07-14T10:28:00.145601","level":"info","event":"25/07/14 10:28:00 INFO MemoryStore: MemoryStore started with capacity 434.4 MiB","logger":"airflow.task.hooks.airflow.providers.apache.spark.hooks.spark_submit.SparkSubmitHook"}
{"timestamp":"2025-07-14T10:28:00.162663","level":"info","event":"25/07/14 10:28:00 INFO SparkEnv: Registering OutputCommitCoordinator","logger":"airflow.task.hooks.airflow.providers.apache.spark.hooks.spark_submit.SparkSubmitHook"}
{"timestamp":"2025-07-14T10:28:00.330207","level":"info","event":"25/07/14 10:28:00 INFO JettyUtils: Start Jetty 0.0.0.0:4040 for SparkUI","logger":"airflow.task.hooks.airflow.providers.apache.spark.hooks.spark_submit.SparkSubmitHook"}
{"timestamp":"2025-07-14T10:28:00.421349","level":"info","event":"25/07/14 10:28:00 INFO Utils: Successfully started service 'SparkUI' on port 4040.","logger":"airflow.task.hooks.airflow.providers.apache.spark.hooks.spark_submit.SparkSubmitHook"}
{"timestamp":"2025-07-14T10:28:00.460233","level":"info","event":"25/07/14 10:28:00 INFO SparkContext: Added JAR file:///home/airflow/.ivy2/jars/org.apache.hadoop_hadoop-aws-3.3.4.jar at spark://390343db465a:33439/jars/org.apache.hadoop_hadoop-aws-3.3.4.jar with timestamp 1752488879441","logger":"airflow.task.hooks.airflow.providers.apache.spark.hooks.spark_submit.SparkSubmitHook"}
{"timestamp":"2025-07-14T10:28:00.460691","level":"info","event":"25/07/14 10:28:00 INFO SparkContext: Added JAR file:///home/airflow/.ivy2/jars/com.amazonaws_aws-java-sdk-bundle-1.12.520.jar at spark://390343db465a:33439/jars/com.amazonaws_aws-java-sdk-bundle-1.12.520.jar with timestamp 1752488879441","logger":"airflow.task.hooks.airflow.providers.apache.spark.hooks.spark_submit.SparkSubmitHook"}
{"timestamp":"2025-07-14T10:28:00.460874","level":"info","event":"25/07/14 10:28:00 INFO SparkContext: Added JAR file:///home/airflow/.ivy2/jars/org.apache.spark_spark-avro_2.12-3.5.0.jar at spark://390343db465a:33439/jars/org.apache.spark_spark-avro_2.12-3.5.0.jar with timestamp 1752488879441","logger":"airflow.task.hooks.airflow.providers.apache.spark.hooks.spark_submit.SparkSubmitHook"}
{"timestamp":"2025-07-14T10:28:00.461021","level":"info","event":"25/07/14 10:28:00 INFO SparkContext: Added JAR file:///home/airflow/.ivy2/jars/io.delta_delta-spark_2.12-3.1.0.jar at spark://390343db465a:33439/jars/io.delta_delta-spark_2.12-3.1.0.jar with timestamp 1752488879441","logger":"airflow.task.hooks.airflow.providers.apache.spark.hooks.spark_submit.SparkSubmitHook"}
{"timestamp":"2025-07-14T10:28:00.461249","level":"info","event":"25/07/14 10:28:00 INFO SparkContext: Added JAR file:///home/airflow/.ivy2/jars/org.wildfly.openssl_wildfly-openssl-1.0.7.Final.jar at spark://390343db465a:33439/jars/org.wildfly.openssl_wildfly-openssl-1.0.7.Final.jar with timestamp 1752488879441","logger":"airflow.task.hooks.airflow.providers.apache.spark.hooks.spark_submit.SparkSubmitHook"}
{"timestamp":"2025-07-14T10:28:00.461360","level":"info","event":"25/07/14 10:28:00 INFO SparkContext: Added JAR file:///home/airflow/.ivy2/jars/org.tukaani_xz-1.9.jar at spark://390343db465a:33439/jars/org.tukaani_xz-1.9.jar with timestamp 1752488879441","logger":"airflow.task.hooks.airflow.providers.apache.spark.hooks.spark_submit.SparkSubmitHook"}
{"timestamp":"2025-07-14T10:28:00.461555","level":"info","event":"25/07/14 10:28:00 INFO SparkContext: Added JAR file:///home/airflow/.ivy2/jars/io.delta_delta-storage-3.1.0.jar at spark://390343db465a:33439/jars/io.delta_delta-storage-3.1.0.jar with timestamp 1752488879441","logger":"airflow.task.hooks.airflow.providers.apache.spark.hooks.spark_submit.SparkSubmitHook"}
{"timestamp":"2025-07-14T10:28:00.461693","level":"info","event":"25/07/14 10:28:00 INFO SparkContext: Added JAR file:///home/airflow/.ivy2/jars/org.antlr_antlr4-runtime-4.9.3.jar at spark://390343db465a:33439/jars/org.antlr_antlr4-runtime-4.9.3.jar with timestamp 1752488879441","logger":"airflow.task.hooks.airflow.providers.apache.spark.hooks.spark_submit.SparkSubmitHook"}
{"timestamp":"2025-07-14T10:28:00.465634","level":"info","event":"25/07/14 10:28:00 INFO SparkContext: Added file file:///home/airflow/.ivy2/jars/org.apache.hadoop_hadoop-aws-3.3.4.jar at spark://390343db465a:33439/files/org.apache.hadoop_hadoop-aws-3.3.4.jar with timestamp 1752488879441","logger":"airflow.task.hooks.airflow.providers.apache.spark.hooks.spark_submit.SparkSubmitHook"}
{"timestamp":"2025-07-14T10:28:00.466931","level":"info","event":"25/07/14 10:28:00 INFO Utils: Copying /home/airflow/.ivy2/jars/org.apache.hadoop_hadoop-aws-3.3.4.jar to /tmp/spark-ad5a7184-cdc8-400c-b51c-48afc715c5ec/userFiles-f334fd61-53c2-499e-aff6-2ac8437edf56/org.apache.hadoop_hadoop-aws-3.3.4.jar","logger":"airflow.task.hooks.airflow.providers.apache.spark.hooks.spark_submit.SparkSubmitHook"}
{"timestamp":"2025-07-14T10:28:00.481489","level":"info","event":"25/07/14 10:28:00 INFO SparkContext: Added file file:///home/airflow/.ivy2/jars/com.amazonaws_aws-java-sdk-bundle-1.12.520.jar at spark://390343db465a:33439/files/com.amazonaws_aws-java-sdk-bundle-1.12.520.jar with timestamp 1752488879441","logger":"airflow.task.hooks.airflow.providers.apache.spark.hooks.spark_submit.SparkSubmitHook"}
{"timestamp":"2025-07-14T10:28:00.481671","level":"info","event":"25/07/14 10:28:00 INFO Utils: Copying /home/airflow/.ivy2/jars/com.amazonaws_aws-java-sdk-bundle-1.12.520.jar to /tmp/spark-ad5a7184-cdc8-400c-b51c-48afc715c5ec/userFiles-f334fd61-53c2-499e-aff6-2ac8437edf56/com.amazonaws_aws-java-sdk-bundle-1.12.520.jar","logger":"airflow.task.hooks.airflow.providers.apache.spark.hooks.spark_submit.SparkSubmitHook"}
{"timestamp":"2025-07-14T10:28:01.204334","level":"info","event":"25/07/14 10:28:01 INFO SparkContext: Added file file:///home/airflow/.ivy2/jars/org.apache.spark_spark-avro_2.12-3.5.0.jar at spark://390343db465a:33439/files/org.apache.spark_spark-avro_2.12-3.5.0.jar with timestamp 1752488879441","logger":"airflow.task.hooks.airflow.providers.apache.spark.hooks.spark_submit.SparkSubmitHook"}
{"timestamp":"2025-07-14T10:28:01.204629","level":"info","event":"25/07/14 10:28:01 INFO Utils: Copying /home/airflow/.ivy2/jars/org.apache.spark_spark-avro_2.12-3.5.0.jar to /tmp/spark-ad5a7184-cdc8-400c-b51c-48afc715c5ec/userFiles-f334fd61-53c2-499e-aff6-2ac8437edf56/org.apache.spark_spark-avro_2.12-3.5.0.jar","logger":"airflow.task.hooks.airflow.providers.apache.spark.hooks.spark_submit.SparkSubmitHook"}
{"timestamp":"2025-07-14T10:28:01.209983","level":"info","event":"25/07/14 10:28:01 INFO SparkContext: Added file file:///home/airflow/.ivy2/jars/io.delta_delta-spark_2.12-3.1.0.jar at spark://390343db465a:33439/files/io.delta_delta-spark_2.12-3.1.0.jar with timestamp 1752488879441","logger":"airflow.task.hooks.airflow.providers.apache.spark.hooks.spark_submit.SparkSubmitHook"}
{"timestamp":"2025-07-14T10:28:01.210146","level":"info","event":"25/07/14 10:28:01 INFO Utils: Copying /home/airflow/.ivy2/jars/io.delta_delta-spark_2.12-3.1.0.jar to /tmp/spark-ad5a7184-cdc8-400c-b51c-48afc715c5ec/userFiles-f334fd61-53c2-499e-aff6-2ac8437edf56/io.delta_delta-spark_2.12-3.1.0.jar","logger":"airflow.task.hooks.airflow.providers.apache.spark.hooks.spark_submit.SparkSubmitHook"}
{"timestamp":"2025-07-14T10:28:01.230174","level":"info","event":"25/07/14 10:28:01 INFO SparkContext: Added file file:///home/airflow/.ivy2/jars/org.wildfly.openssl_wildfly-openssl-1.0.7.Final.jar at spark://390343db465a:33439/files/org.wildfly.openssl_wildfly-openssl-1.0.7.Final.jar with timestamp 1752488879441","logger":"airflow.task.hooks.airflow.providers.apache.spark.hooks.spark_submit.SparkSubmitHook"}
{"timestamp":"2025-07-14T10:28:01.230350","level":"info","event":"25/07/14 10:28:01 INFO Utils: Copying /home/airflow/.ivy2/jars/org.wildfly.openssl_wildfly-openssl-1.0.7.Final.jar to /tmp/spark-ad5a7184-cdc8-400c-b51c-48afc715c5ec/userFiles-f334fd61-53c2-499e-aff6-2ac8437edf56/org.wildfly.openssl_wildfly-openssl-1.0.7.Final.jar","logger":"airflow.task.hooks.airflow.providers.apache.spark.hooks.spark_submit.SparkSubmitHook"}
{"timestamp":"2025-07-14T10:28:01.237393","level":"info","event":"25/07/14 10:28:01 INFO SparkContext: Added file file:///home/airflow/.ivy2/jars/org.tukaani_xz-1.9.jar at spark://390343db465a:33439/files/org.tukaani_xz-1.9.jar with timestamp 1752488879441","logger":"airflow.task.hooks.airflow.providers.apache.spark.hooks.spark_submit.SparkSubmitHook"}
{"timestamp":"2025-07-14T10:28:01.237589","level":"info","event":"25/07/14 10:28:01 INFO Utils: Copying /home/airflow/.ivy2/jars/org.tukaani_xz-1.9.jar to /tmp/spark-ad5a7184-cdc8-400c-b51c-48afc715c5ec/userFiles-f334fd61-53c2-499e-aff6-2ac8437edf56/org.tukaani_xz-1.9.jar","logger":"airflow.task.hooks.airflow.providers.apache.spark.hooks.spark_submit.SparkSubmitHook"}
{"timestamp":"2025-07-14T10:28:01.244118","level":"info","event":"25/07/14 10:28:01 INFO SparkContext: Added file file:///home/airflow/.ivy2/jars/io.delta_delta-storage-3.1.0.jar at spark://390343db465a:33439/files/io.delta_delta-storage-3.1.0.jar with timestamp 1752488879441","logger":"airflow.task.hooks.airflow.providers.apache.spark.hooks.spark_submit.SparkSubmitHook"}
{"timestamp":"2025-07-14T10:28:01.244289","level":"info","event":"25/07/14 10:28:01 INFO Utils: Copying /home/airflow/.ivy2/jars/io.delta_delta-storage-3.1.0.jar to /tmp/spark-ad5a7184-cdc8-400c-b51c-48afc715c5ec/userFiles-f334fd61-53c2-499e-aff6-2ac8437edf56/io.delta_delta-storage-3.1.0.jar","logger":"airflow.task.hooks.airflow.providers.apache.spark.hooks.spark_submit.SparkSubmitHook"}
{"timestamp":"2025-07-14T10:28:01.248672","level":"info","event":"25/07/14 10:28:01 INFO SparkContext: Added file file:///home/airflow/.ivy2/jars/org.antlr_antlr4-runtime-4.9.3.jar at spark://390343db465a:33439/files/org.antlr_antlr4-runtime-4.9.3.jar with timestamp 1752488879441","logger":"airflow.task.hooks.airflow.providers.apache.spark.hooks.spark_submit.SparkSubmitHook"}
{"timestamp":"2025-07-14T10:28:01.249193","level":"info","event":"25/07/14 10:28:01 INFO Utils: Copying /home/airflow/.ivy2/jars/org.antlr_antlr4-runtime-4.9.3.jar to /tmp/spark-ad5a7184-cdc8-400c-b51c-48afc715c5ec/userFiles-f334fd61-53c2-499e-aff6-2ac8437edf56/org.antlr_antlr4-runtime-4.9.3.jar","logger":"airflow.task.hooks.airflow.providers.apache.spark.hooks.spark_submit.SparkSubmitHook"}
{"timestamp":"2025-07-14T10:28:01.333845","level":"info","event":"25/07/14 10:28:01 INFO StandaloneAppClient$ClientEndpoint: Connecting to master spark://spark-master:7077...","logger":"airflow.task.hooks.airflow.providers.apache.spark.hooks.spark_submit.SparkSubmitHook"}
{"timestamp":"2025-07-14T10:28:01.379904","level":"info","event":"25/07/14 10:28:01 INFO TransportClientFactory: Successfully created connection to spark-master/172.21.0.6:7077 after 27 ms (0 ms spent in bootstraps)","logger":"airflow.task.hooks.airflow.providers.apache.spark.hooks.spark_submit.SparkSubmitHook"}
{"timestamp":"2025-07-14T10:28:01.517096","level":"info","event":"25/07/14 10:28:01 INFO StandaloneSchedulerBackend: Connected to Spark cluster with app ID app-20250714102801-0001","logger":"airflow.task.hooks.airflow.providers.apache.spark.hooks.spark_submit.SparkSubmitHook"}
{"timestamp":"2025-07-14T10:28:01.523127","level":"info","event":"25/07/14 10:28:01 INFO StandaloneAppClient$ClientEndpoint: Executor added: app-20250714102801-0001/0 on worker-20250714100205-172.21.0.8-45663 (172.21.0.8:45663) with 2 core(s)","logger":"airflow.task.hooks.airflow.providers.apache.spark.hooks.spark_submit.SparkSubmitHook"}
{"timestamp":"2025-07-14T10:28:01.525173","level":"info","event":"25/07/14 10:28:01 INFO StandaloneSchedulerBackend: Granted executor ID app-20250714102801-0001/0 on hostPort 172.21.0.8:45663 with 2 core(s), 2.0 GiB RAM","logger":"airflow.task.hooks.airflow.providers.apache.spark.hooks.spark_submit.SparkSubmitHook"}
{"timestamp":"2025-07-14T10:28:01.528668","level":"info","event":"25/07/14 10:28:01 INFO Utils: Successfully started service 'org.apache.spark.network.netty.NettyBlockTransferService' on port 38599.","logger":"airflow.task.hooks.airflow.providers.apache.spark.hooks.spark_submit.SparkSubmitHook"}
{"timestamp":"2025-07-14T10:28:01.528850","level":"info","event":"25/07/14 10:28:01 INFO NettyBlockTransferService: Server created on 390343db465a:38599","logger":"airflow.task.hooks.airflow.providers.apache.spark.hooks.spark_submit.SparkSubmitHook"}
{"timestamp":"2025-07-14T10:28:01.531484","level":"info","event":"25/07/14 10:28:01 INFO BlockManager: Using org.apache.spark.storage.RandomBlockReplicationPolicy for block replication policy","logger":"airflow.task.hooks.airflow.providers.apache.spark.hooks.spark_submit.SparkSubmitHook"}
{"timestamp":"2025-07-14T10:28:01.541600","level":"info","event":"25/07/14 10:28:01 INFO BlockManagerMaster: Registering BlockManager BlockManagerId(driver, 390343db465a, 38599, None)","logger":"airflow.task.hooks.airflow.providers.apache.spark.hooks.spark_submit.SparkSubmitHook"}
{"timestamp":"2025-07-14T10:28:01.545528","level":"info","event":"25/07/14 10:28:01 INFO BlockManagerMasterEndpoint: Registering block manager 390343db465a:38599 with 434.4 MiB RAM, BlockManagerId(driver, 390343db465a, 38599, None)","logger":"airflow.task.hooks.airflow.providers.apache.spark.hooks.spark_submit.SparkSubmitHook"}
{"timestamp":"2025-07-14T10:28:01.548172","level":"info","event":"25/07/14 10:28:01 INFO BlockManagerMaster: Registered BlockManager BlockManagerId(driver, 390343db465a, 38599, None)","logger":"airflow.task.hooks.airflow.providers.apache.spark.hooks.spark_submit.SparkSubmitHook"}
{"timestamp":"2025-07-14T10:28:01.549674","level":"info","event":"25/07/14 10:28:01 INFO BlockManager: Initialized BlockManager: BlockManagerId(driver, 390343db465a, 38599, None)","logger":"airflow.task.hooks.airflow.providers.apache.spark.hooks.spark_submit.SparkSubmitHook"}
{"timestamp":"2025-07-14T10:28:01.710381","level":"info","event":"25/07/14 10:28:01 INFO StandaloneAppClient$ClientEndpoint: Executor updated: app-20250714102801-0001/0 is now RUNNING","logger":"airflow.task.hooks.airflow.providers.apache.spark.hooks.spark_submit.SparkSubmitHook"}
{"timestamp":"2025-07-14T10:28:01.825922","level":"info","event":"25/07/14 10:28:01 INFO StandaloneSchedulerBackend: SchedulerBackend is ready for scheduling beginning after reached minRegisteredResourcesRatio: 0.0","logger":"airflow.task.hooks.airflow.providers.apache.spark.hooks.spark_submit.SparkSubmitHook"}
{"timestamp":"2025-07-14T10:28:02.204752","level":"info","event":"INFO:__main__:Spark session created successfully","logger":"airflow.task.hooks.airflow.providers.apache.spark.hooks.spark_submit.SparkSubmitHook"}
{"timestamp":"2025-07-14T10:28:02.215497","level":"info","event":"25/07/14 10:28:02 INFO SharedState: Setting hive.metastore.warehouse.dir ('null') to the value of spark.sql.warehouse.dir.","logger":"airflow.task.hooks.airflow.providers.apache.spark.hooks.spark_submit.SparkSubmitHook"}
{"timestamp":"2025-07-14T10:28:02.222773","level":"info","event":"25/07/14 10:28:02 INFO SharedState: Warehouse path is 'file:/opt/airflow/spark-warehouse'.","logger":"airflow.task.hooks.airflow.providers.apache.spark.hooks.spark_submit.SparkSubmitHook"}
{"timestamp":"2025-07-14T10:28:03.695579","level":"info","event":"25/07/14 10:28:03 WARN MetricsConfig: Cannot locate configuration: tried hadoop-metrics2-s3a-file-system.properties,hadoop-metrics2.properties","logger":"airflow.task.hooks.airflow.providers.apache.spark.hooks.spark_submit.SparkSubmitHook"}
{"timestamp":"2025-07-14T10:28:03.714712","level":"info","event":"25/07/14 10:28:03 INFO MetricsSystemImpl: Scheduled Metric snapshot period at 10 second(s).","logger":"airflow.task.hooks.airflow.providers.apache.spark.hooks.spark_submit.SparkSubmitHook"}
{"timestamp":"2025-07-14T10:28:03.714904","level":"info","event":"25/07/14 10:28:03 INFO MetricsSystemImpl: s3a-file-system metrics system started","logger":"airflow.task.hooks.airflow.providers.apache.spark.hooks.spark_submit.SparkSubmitHook"}
{"timestamp":"2025-07-14T10:28:06.571557","level":"info","event":"ERROR:__main__:Error in Spark job: [PATH_NOT_FOUND] Path does not exist: s3a://activefence-bucket/bbc_tech/bronze.","logger":"airflow.task.hooks.airflow.providers.apache.spark.hooks.spark_submit.SparkSubmitHook"}
{"timestamp":"2025-07-14T10:28:06.572780","level":"info","event":"25/07/14 10:28:06 INFO SparkContext: SparkContext is stopping with exitCode 0.","logger":"airflow.task.hooks.airflow.providers.apache.spark.hooks.spark_submit.SparkSubmitHook"}
{"timestamp":"2025-07-14T10:28:06.591330","level":"info","event":"25/07/14 10:28:06 INFO SparkUI: Stopped Spark web UI at http://390343db465a:4040","logger":"airflow.task.hooks.airflow.providers.apache.spark.hooks.spark_submit.SparkSubmitHook"}
{"timestamp":"2025-07-14T10:28:06.596449","level":"info","event":"25/07/14 10:28:06 INFO StandaloneSchedulerBackend: Shutting down all executors","logger":"airflow.task.hooks.airflow.providers.apache.spark.hooks.spark_submit.SparkSubmitHook"}
{"timestamp":"2025-07-14T10:28:06.597837","level":"info","event":"25/07/14 10:28:06 INFO StandaloneSchedulerBackend$StandaloneDriverEndpoint: Asking each executor to shut down","logger":"airflow.task.hooks.airflow.providers.apache.spark.hooks.spark_submit.SparkSubmitHook"}
{"timestamp":"2025-07-14T10:28:06.625716","level":"info","event":"25/07/14 10:28:06 INFO MapOutputTrackerMasterEndpoint: MapOutputTrackerMasterEndpoint stopped!","logger":"airflow.task.hooks.airflow.providers.apache.spark.hooks.spark_submit.SparkSubmitHook"}
{"timestamp":"2025-07-14T10:28:06.760979","level":"info","event":"25/07/14 10:28:06 INFO MemoryStore: MemoryStore cleared","logger":"airflow.task.hooks.airflow.providers.apache.spark.hooks.spark_submit.SparkSubmitHook"}
{"timestamp":"2025-07-14T10:28:06.761291","level":"info","event":"25/07/14 10:28:06 INFO BlockManager: BlockManager stopped","logger":"airflow.task.hooks.airflow.providers.apache.spark.hooks.spark_submit.SparkSubmitHook"}
{"timestamp":"2025-07-14T10:28:06.773585","level":"info","event":"25/07/14 10:28:06 INFO BlockManagerMaster: BlockManagerMaster stopped","logger":"airflow.task.hooks.airflow.providers.apache.spark.hooks.spark_submit.SparkSubmitHook"}
{"timestamp":"2025-07-14T10:28:06.777042","level":"info","event":"25/07/14 10:28:06 INFO OutputCommitCoordinator$OutputCommitCoordinatorEndpoint: OutputCommitCoordinator stopped!","logger":"airflow.task.hooks.airflow.providers.apache.spark.hooks.spark_submit.SparkSubmitHook"}
{"timestamp":"2025-07-14T10:28:06.840645","level":"info","event":"25/07/14 10:28:06 INFO SparkContext: Successfully stopped SparkContext","logger":"airflow.task.hooks.airflow.providers.apache.spark.hooks.spark_submit.SparkSubmitHook"}
{"timestamp":"2025-07-14T10:28:06.871225","level":"info","event":"INFO:__main__:Spark session stopped","logger":"airflow.task.hooks.airflow.providers.apache.spark.hooks.spark_submit.SparkSubmitHook"}
{"timestamp":"2025-07-14T10:28:06.871553","level":"info","event":"Traceback (most recent call last):","logger":"airflow.task.hooks.airflow.providers.apache.spark.hooks.spark_submit.SparkSubmitHook"}
{"timestamp":"2025-07-14T10:28:06.871627","level":"info","event":"File \"/opt/spark-jobs/bronze_to_silver.py\", line 66, in <module>","logger":"airflow.task.hooks.airflow.providers.apache.spark.hooks.spark_submit.SparkSubmitHook"}
{"timestamp":"2025-07-14T10:28:06.875564","level":"info","event":"main()","logger":"airflow.task.hooks.airflow.providers.apache.spark.hooks.spark_submit.SparkSubmitHook"}
{"timestamp":"2025-07-14T10:28:06.875799","level":"info","event":"File \"/opt/spark-jobs/bronze_to_silver.py\", line 41, in main","logger":"airflow.task.hooks.airflow.providers.apache.spark.hooks.spark_submit.SparkSubmitHook"}
{"timestamp":"2025-07-14T10:28:06.878486","level":"info","event":"df = spark.read.format(\"parquet\").load(\"s3a://activefence-bucket/bbc_tech/bronze\")","logger":"airflow.task.hooks.airflow.providers.apache.spark.hooks.spark_submit.SparkSubmitHook"}
{"timestamp":"2025-07-14T10:28:06.878650","level":"info","event":"^^^^^^^^^^^^^^^^^^^^^^^^^^^^^^^^^^^^^^^^^^^^^^^^^^^^^^^^^^^^^^^^^^^^^^^^^^^^^","logger":"airflow.task.hooks.airflow.providers.apache.spark.hooks.spark_submit.SparkSubmitHook"}
{"timestamp":"2025-07-14T10:28:06.878721","level":"info","event":"File \"/home/airflow/.local/lib/python3.12/site-packages/pyspark/python/lib/pyspark.zip/pyspark/sql/readwriter.py\", line 307, in load","logger":"airflow.task.hooks.airflow.providers.apache.spark.hooks.spark_submit.SparkSubmitHook"}
{"timestamp":"2025-07-14T10:28:06.879124","level":"info","event":"File \"/home/airflow/.local/lib/python3.12/site-packages/pyspark/python/lib/py4j-0.10.9.7-src.zip/py4j/java_gateway.py\", line 1322, in __call__","logger":"airflow.task.hooks.airflow.providers.apache.spark.hooks.spark_submit.SparkSubmitHook"}
{"timestamp":"2025-07-14T10:28:06.879668","level":"info","event":"File \"/home/airflow/.local/lib/python3.12/site-packages/pyspark/python/lib/pyspark.zip/pyspark/errors/exceptions/captured.py\", line 185, in deco","logger":"airflow.task.hooks.airflow.providers.apache.spark.hooks.spark_submit.SparkSubmitHook"}
{"timestamp":"2025-07-14T10:28:06.886401","level":"info","event":"pyspark.errors.exceptions.captured.AnalysisException: [PATH_NOT_FOUND] Path does not exist: s3a://activefence-bucket/bbc_tech/bronze.","logger":"airflow.task.hooks.airflow.providers.apache.spark.hooks.spark_submit.SparkSubmitHook"}
{"timestamp":"2025-07-14T10:28:06.886674","level":"info","event":"INFO:py4j.clientserver:Closing down clientserver connection","logger":"airflow.task.hooks.airflow.providers.apache.spark.hooks.spark_submit.SparkSubmitHook"}
{"timestamp":"2025-07-14T10:28:06.992910","level":"info","event":"25/07/14 10:28:06 INFO ShutdownHookManager: Shutdown hook called","logger":"airflow.task.hooks.airflow.providers.apache.spark.hooks.spark_submit.SparkSubmitHook"}
{"timestamp":"2025-07-14T10:28:06.993515","level":"info","event":"25/07/14 10:28:06 INFO ShutdownHookManager: Deleting directory /tmp/spark-ad5a7184-cdc8-400c-b51c-48afc715c5ec/pyspark-846049a2-3c67-4f0d-890f-a7a26dc5affc","logger":"airflow.task.hooks.airflow.providers.apache.spark.hooks.spark_submit.SparkSubmitHook"}
{"timestamp":"2025-07-14T10:28:07.003920","level":"info","event":"25/07/14 10:28:07 INFO ShutdownHookManager: Deleting directory /tmp/spark-5d54bddf-d755-4a3e-981f-b2a93a7016a0","logger":"airflow.task.hooks.airflow.providers.apache.spark.hooks.spark_submit.SparkSubmitHook"}
{"timestamp":"2025-07-14T10:28:07.008359","level":"info","event":"25/07/14 10:28:07 INFO ShutdownHookManager: Deleting directory /tmp/spark-ad5a7184-cdc8-400c-b51c-48afc715c5ec","logger":"airflow.task.hooks.airflow.providers.apache.spark.hooks.spark_submit.SparkSubmitHook"}
{"timestamp":"2025-07-14T10:28:07.017415","level":"info","event":"25/07/14 10:28:07 INFO MetricsSystemImpl: Stopping s3a-file-system metrics system...","logger":"airflow.task.hooks.airflow.providers.apache.spark.hooks.spark_submit.SparkSubmitHook"}
{"timestamp":"2025-07-14T10:28:07.017746","level":"info","event":"25/07/14 10:28:07 INFO MetricsSystemImpl: s3a-file-system metrics system stopped.","logger":"airflow.task.hooks.airflow.providers.apache.spark.hooks.spark_submit.SparkSubmitHook"}
{"timestamp":"2025-07-14T10:28:07.018000","level":"info","event":"25/07/14 10:28:07 INFO MetricsSystemImpl: s3a-file-system metrics system shutdown complete.","logger":"airflow.task.hooks.airflow.providers.apache.spark.hooks.spark_submit.SparkSubmitHook"}
{"timestamp":"2025-07-14T10:28:07.066114","level":"error","event":"Task failed with exception","logger":"task","error_detail":[{"exc_type":"AirflowException","exc_value":"Cannot execute: spark-submit --master spark://spark-master:7077 --conf spark.submit.deployMode=client --conf spark.hadoop.fs.s3a.endpoint=http://minio:9000 --conf spark.hadoop.fs.s3a.access.key=ZPnglo5gVhmWx1iC0FdY --conf spark.hadoop.fs.s3a.secret.key=****** --conf spark.hadoop.fs.s3a.path.style.access=true --conf spark.hadoop.fs.s3a.impl=org.apache.hadoop.fs.s3a.S3AFileSystem --conf spark.hadoop.fs.s3a.connection.ssl.enabled=false --conf spark.executor.memory=2g --conf spark.driver.memory=1g --conf spark.executor.cores=2 --packages org.apache.hadoop:hadoop-aws:3.3.4,com.amazonaws:aws-java-sdk-bundle:1.12.520,org.apache.spark:spark-avro_2.12:3.5.0,io.delta:delta-spark_2.12:3.1.0 --executor-cores 2 --executor-memory 2g --driver-memory 1g --name bronze_to_silver_job --verbose --deploy-mode client /opt/spark-jobs/bronze_to_silver.py. Error code is: 1.","exc_notes":[],"syntax_error":null,"is_cause":false,"frames":[{"filename":"/home/airflow/.local/lib/python3.12/site-packages/airflow/sdk/execution_time/task_runner.py","lineno":867,"name":"run"},{"filename":"/home/airflow/.local/lib/python3.12/site-packages/airflow/sdk/execution_time/task_runner.py","lineno":1159,"name":"_execute_task"},{"filename":"/home/airflow/.local/lib/python3.12/site-packages/airflow/sdk/bases/operator.py","lineno":397,"name":"wrapper"},{"filename":"/home/airflow/.local/lib/python3.12/site-packages/airflow/providers/apache/spark/operators/spark_submit.py","lineno":197,"name":"execute"},{"filename":"/home/airflow/.local/lib/python3.12/site-packages/airflow/providers/apache/spark/hooks/spark_submit.py","lineno":570,"name":"submit"}],"is_group":false,"exceptions":[]}]}
