{"timestamp":"2025-07-13T11:12:57.714938","level":"info","event":"DAG bundles loaded: dags-folder","logger":"airflow.dag_processing.bundles.manager.DagBundlesManager"}
{"timestamp":"2025-07-13T11:12:57.716201","level":"info","event":"Filling up the DagBag from /opt/airflow/dags/bronze.py","logger":"airflow.models.dagbag.DagBag"}
{"timestamp":"2025-07-13T11:12:57.805652","level":"info","event":"Connection Retrieved 'spark_submit_default'","logger":"airflow.hooks.base"}
{"timestamp":"2025-07-13T11:12:57.807610","level":"info","event":"Spark-Submit cmd: spark-submit --master spark://spark-master:7077 --conf spark.submit.deployMode=client --conf spark.hadoop.fs.s3a.endpoint=http://minio:9000 --conf spark.hadoop.fs.s3a.access.key=ZPnglo5gVhmWx1iC0FdY --conf spark.hadoop.fs.s3a.secret.key=****** --conf spark.hadoop.fs.s3a.path.style.access=true --conf spark.hadoop.fs.s3a.impl=org.apache.hadoop.fs.s3a.S3AFileSystem --conf spark.hadoop.fs.s3a.connection.ssl.enabled=false --conf spark.executor.memory=2g --conf spark.driver.memory=1g --conf spark.executor.cores=2 --packages org.apache.hadoop:hadoop-aws:3.3.4,com.amazonaws:aws-java-sdk-bundle:1.12.520,org.apache.spark:spark-avro_2.12:3.5.0,io.delta:delta-core_2.12:2.4.0 --executor-cores 2 --executor-memory 2g --driver-memory 1g --name minio_processing_job --verbose --deploy-mode client /opt/spark-jobs/spark_job.py","logger":"airflow.task.hooks.airflow.providers.apache.spark.hooks.spark_submit.SparkSubmitHook"}
{"timestamp":"2025-07-13T11:12:57.862201","level":"info","event":"/home/airflow/.local/lib/python3.12/site-packages/pyspark/bin/load-spark-env.sh: line 68: ps: command not found","logger":"airflow.task.hooks.airflow.providers.apache.spark.hooks.spark_submit.SparkSubmitHook"}
{"timestamp":"2025-07-13T11:12:59.980325","level":"info","event":"Using properties file: null","logger":"airflow.task.hooks.airflow.providers.apache.spark.hooks.spark_submit.SparkSubmitHook"}
{"timestamp":"2025-07-13T11:13:00.160606","level":"info","event":"Parsed arguments:","logger":"airflow.task.hooks.airflow.providers.apache.spark.hooks.spark_submit.SparkSubmitHook"}
{"timestamp":"2025-07-13T11:13:00.160975","level":"info","event":"master                  spark://spark-master:7077","logger":"airflow.task.hooks.airflow.providers.apache.spark.hooks.spark_submit.SparkSubmitHook"}
{"timestamp":"2025-07-13T11:13:00.161098","level":"info","event":"remote                  null","logger":"airflow.task.hooks.airflow.providers.apache.spark.hooks.spark_submit.SparkSubmitHook"}
{"timestamp":"2025-07-13T11:13:00.161188","level":"info","event":"deployMode              client","logger":"airflow.task.hooks.airflow.providers.apache.spark.hooks.spark_submit.SparkSubmitHook"}
{"timestamp":"2025-07-13T11:13:00.161266","level":"info","event":"executorMemory          2g","logger":"airflow.task.hooks.airflow.providers.apache.spark.hooks.spark_submit.SparkSubmitHook"}
{"timestamp":"2025-07-13T11:13:00.161339","level":"info","event":"executorCores           2","logger":"airflow.task.hooks.airflow.providers.apache.spark.hooks.spark_submit.SparkSubmitHook"}
{"timestamp":"2025-07-13T11:13:00.161397","level":"info","event":"totalExecutorCores      null","logger":"airflow.task.hooks.airflow.providers.apache.spark.hooks.spark_submit.SparkSubmitHook"}
{"timestamp":"2025-07-13T11:13:00.161444","level":"info","event":"propertiesFile          null","logger":"airflow.task.hooks.airflow.providers.apache.spark.hooks.spark_submit.SparkSubmitHook"}
{"timestamp":"2025-07-13T11:13:00.161502","level":"info","event":"driverMemory            1g","logger":"airflow.task.hooks.airflow.providers.apache.spark.hooks.spark_submit.SparkSubmitHook"}
{"timestamp":"2025-07-13T11:13:00.161552","level":"info","event":"driverCores             null","logger":"airflow.task.hooks.airflow.providers.apache.spark.hooks.spark_submit.SparkSubmitHook"}
{"timestamp":"2025-07-13T11:13:00.161611","level":"info","event":"driverExtraClassPath    null","logger":"airflow.task.hooks.airflow.providers.apache.spark.hooks.spark_submit.SparkSubmitHook"}
{"timestamp":"2025-07-13T11:13:00.161662","level":"info","event":"driverExtraLibraryPath  null","logger":"airflow.task.hooks.airflow.providers.apache.spark.hooks.spark_submit.SparkSubmitHook"}
{"timestamp":"2025-07-13T11:13:00.161792","level":"info","event":"driverExtraJavaOptions  null","logger":"airflow.task.hooks.airflow.providers.apache.spark.hooks.spark_submit.SparkSubmitHook"}
{"timestamp":"2025-07-13T11:13:00.161871","level":"info","event":"supervise               false","logger":"airflow.task.hooks.airflow.providers.apache.spark.hooks.spark_submit.SparkSubmitHook"}
{"timestamp":"2025-07-13T11:13:00.161940","level":"info","event":"queue                   null","logger":"airflow.task.hooks.airflow.providers.apache.spark.hooks.spark_submit.SparkSubmitHook"}
{"timestamp":"2025-07-13T11:13:00.162050","level":"info","event":"numExecutors            null","logger":"airflow.task.hooks.airflow.providers.apache.spark.hooks.spark_submit.SparkSubmitHook"}
{"timestamp":"2025-07-13T11:13:00.162120","level":"info","event":"files                   null","logger":"airflow.task.hooks.airflow.providers.apache.spark.hooks.spark_submit.SparkSubmitHook"}
{"timestamp":"2025-07-13T11:13:00.162179","level":"info","event":"pyFiles                 null","logger":"airflow.task.hooks.airflow.providers.apache.spark.hooks.spark_submit.SparkSubmitHook"}
{"timestamp":"2025-07-13T11:13:00.162229","level":"info","event":"archives                null","logger":"airflow.task.hooks.airflow.providers.apache.spark.hooks.spark_submit.SparkSubmitHook"}
{"timestamp":"2025-07-13T11:13:00.162343","level":"info","event":"mainClass               null","logger":"airflow.task.hooks.airflow.providers.apache.spark.hooks.spark_submit.SparkSubmitHook"}
{"timestamp":"2025-07-13T11:13:00.162418","level":"info","event":"primaryResource         file:/opt/spark-jobs/spark_job.py","logger":"airflow.task.hooks.airflow.providers.apache.spark.hooks.spark_submit.SparkSubmitHook"}
{"timestamp":"2025-07-13T11:13:00.162479","level":"info","event":"name                    minio_processing_job","logger":"airflow.task.hooks.airflow.providers.apache.spark.hooks.spark_submit.SparkSubmitHook"}
{"timestamp":"2025-07-13T11:13:00.162537","level":"info","event":"childArgs               []","logger":"airflow.task.hooks.airflow.providers.apache.spark.hooks.spark_submit.SparkSubmitHook"}
{"timestamp":"2025-07-13T11:13:00.162595","level":"info","event":"jars                    null","logger":"airflow.task.hooks.airflow.providers.apache.spark.hooks.spark_submit.SparkSubmitHook"}
{"timestamp":"2025-07-13T11:13:00.162650","level":"info","event":"packages                org.apache.hadoop:hadoop-aws:3.3.4,com.amazonaws:aws-java-sdk-bundle:1.12.520,org.apache.spark:spark-avro_2.12:3.5.0,io.delta:delta-core_2.12:2.4.0","logger":"airflow.task.hooks.airflow.providers.apache.spark.hooks.spark_submit.SparkSubmitHook"}
{"timestamp":"2025-07-13T11:13:00.162712","level":"info","event":"packagesExclusions      null","logger":"airflow.task.hooks.airflow.providers.apache.spark.hooks.spark_submit.SparkSubmitHook"}
{"timestamp":"2025-07-13T11:13:00.162797","level":"info","event":"repositories            null","logger":"airflow.task.hooks.airflow.providers.apache.spark.hooks.spark_submit.SparkSubmitHook"}
{"timestamp":"2025-07-13T11:13:00.162906","level":"info","event":"verbose                 true","logger":"airflow.task.hooks.airflow.providers.apache.spark.hooks.spark_submit.SparkSubmitHook"}
{"timestamp":"2025-07-13T11:13:00.162995","level":"info","event":"","logger":"airflow.task.hooks.airflow.providers.apache.spark.hooks.spark_submit.SparkSubmitHook"}
{"timestamp":"2025-07-13T11:13:00.163069","level":"info","event":"Spark properties used, including those specified through","logger":"airflow.task.hooks.airflow.providers.apache.spark.hooks.spark_submit.SparkSubmitHook"}
{"timestamp":"2025-07-13T11:13:00.163123","level":"info","event":"--conf and those from the properties file null:","logger":"airflow.task.hooks.airflow.providers.apache.spark.hooks.spark_submit.SparkSubmitHook"}
{"timestamp":"2025-07-13T11:13:00.163176","level":"info","event":"(spark.driver.memory,1g)","logger":"airflow.task.hooks.airflow.providers.apache.spark.hooks.spark_submit.SparkSubmitHook"}
{"timestamp":"2025-07-13T11:13:00.163218","level":"info","event":"(spark.executor.cores,2)","logger":"airflow.task.hooks.airflow.providers.apache.spark.hooks.spark_submit.SparkSubmitHook"}
{"timestamp":"2025-07-13T11:13:00.163260","level":"info","event":"(spark.executor.memory,2g)","logger":"airflow.task.hooks.airflow.providers.apache.spark.hooks.spark_submit.SparkSubmitHook"}
{"timestamp":"2025-07-13T11:13:00.163301","level":"info","event":"(spark.hadoop.fs.s3a.access.key,*********(redacted))","logger":"airflow.task.hooks.airflow.providers.apache.spark.hooks.spark_submit.SparkSubmitHook"}
{"timestamp":"2025-07-13T11:13:00.163394","level":"info","event":"(spark.hadoop.fs.s3a.connection.ssl.enabled,false)","logger":"airflow.task.hooks.airflow.providers.apache.spark.hooks.spark_submit.SparkSubmitHook"}
{"timestamp":"2025-07-13T11:13:00.163510","level":"info","event":"(spark.hadoop.fs.s3a.endpoint,http://minio:9000)","logger":"airflow.task.hooks.airflow.providers.apache.spark.hooks.spark_submit.SparkSubmitHook"}
{"timestamp":"2025-07-13T11:13:00.163599","level":"info","event":"(spark.hadoop.fs.s3a.impl,org.apache.hadoop.fs.s3a.S3AFileSystem)","logger":"airflow.task.hooks.airflow.providers.apache.spark.hooks.spark_submit.SparkSubmitHook"}
{"timestamp":"2025-07-13T11:13:00.163675","level":"info","event":"(spark.hadoop.fs.s3a.path.style.access,true)","logger":"airflow.task.hooks.airflow.providers.apache.spark.hooks.spark_submit.SparkSubmitHook"}
{"timestamp":"2025-07-13T11:13:00.163984","level":"info","event":"(spark.hadoop.fs.s3a.secret.key,*********(redacted))","logger":"airflow.task.hooks.airflow.providers.apache.spark.hooks.spark_submit.SparkSubmitHook"}
{"timestamp":"2025-07-13T11:13:00.164221","level":"info","event":"(spark.submit.deployMode,client)","logger":"airflow.task.hooks.airflow.providers.apache.spark.hooks.spark_submit.SparkSubmitHook"}
{"timestamp":"2025-07-13T11:13:00.164327","level":"info","event":"","logger":"airflow.task.hooks.airflow.providers.apache.spark.hooks.spark_submit.SparkSubmitHook"}
{"timestamp":"2025-07-13T11:13:00.164418","level":"info","event":"","logger":"airflow.task.hooks.airflow.providers.apache.spark.hooks.spark_submit.SparkSubmitHook"}
{"timestamp":"2025-07-13T11:13:00.373140","level":"info","event":":: loading settings :: url = jar:file:/home/airflow/.local/lib/python3.12/site-packages/pyspark/jars/ivy-2.5.1.jar!/org/apache/ivy/core/settings/ivysettings.xml","logger":"airflow.task.hooks.airflow.providers.apache.spark.hooks.spark_submit.SparkSubmitHook"}
{"timestamp":"2025-07-13T11:13:00.494319","level":"info","event":"Ivy Default Cache set to: /home/airflow/.ivy2/cache","logger":"airflow.task.hooks.airflow.providers.apache.spark.hooks.spark_submit.SparkSubmitHook"}
{"timestamp":"2025-07-13T11:13:00.494588","level":"info","event":"The jars for the packages stored in: /home/airflow/.ivy2/jars","logger":"airflow.task.hooks.airflow.providers.apache.spark.hooks.spark_submit.SparkSubmitHook"}
{"timestamp":"2025-07-13T11:13:00.499135","level":"info","event":"org.apache.hadoop#hadoop-aws added as a dependency","logger":"airflow.task.hooks.airflow.providers.apache.spark.hooks.spark_submit.SparkSubmitHook"}
{"timestamp":"2025-07-13T11:13:00.499410","level":"info","event":"com.amazonaws#aws-java-sdk-bundle added as a dependency","logger":"airflow.task.hooks.airflow.providers.apache.spark.hooks.spark_submit.SparkSubmitHook"}
{"timestamp":"2025-07-13T11:13:00.499488","level":"info","event":"org.apache.spark#spark-avro_2.12 added as a dependency","logger":"airflow.task.hooks.airflow.providers.apache.spark.hooks.spark_submit.SparkSubmitHook"}
{"timestamp":"2025-07-13T11:13:00.499577","level":"info","event":"io.delta#delta-core_2.12 added as a dependency","logger":"airflow.task.hooks.airflow.providers.apache.spark.hooks.spark_submit.SparkSubmitHook"}
{"timestamp":"2025-07-13T11:13:00.500622","level":"info","event":":: resolving dependencies :: org.apache.spark#spark-submit-parent-a89e8067-3bfa-4f62-9945-54c43d16c14a;1.0","logger":"airflow.task.hooks.airflow.providers.apache.spark.hooks.spark_submit.SparkSubmitHook"}
{"timestamp":"2025-07-13T11:13:00.500946","level":"info","event":"confs: [default]","logger":"airflow.task.hooks.airflow.providers.apache.spark.hooks.spark_submit.SparkSubmitHook"}
{"timestamp":"2025-07-13T11:13:00.719184","level":"info","event":"found org.apache.hadoop#hadoop-aws;3.3.4 in central","logger":"airflow.task.hooks.airflow.providers.apache.spark.hooks.spark_submit.SparkSubmitHook"}
{"timestamp":"2025-07-13T11:13:00.761603","level":"info","event":"found org.wildfly.openssl#wildfly-openssl;1.0.7.Final in central","logger":"airflow.task.hooks.airflow.providers.apache.spark.hooks.spark_submit.SparkSubmitHook"}
{"timestamp":"2025-07-13T11:13:00.780054","level":"info","event":"found com.amazonaws#aws-java-sdk-bundle;1.12.520 in central","logger":"airflow.task.hooks.airflow.providers.apache.spark.hooks.spark_submit.SparkSubmitHook"}
{"timestamp":"2025-07-13T11:13:00.825939","level":"info","event":"found org.apache.spark#spark-avro_2.12;3.5.0 in central","logger":"airflow.task.hooks.airflow.providers.apache.spark.hooks.spark_submit.SparkSubmitHook"}
{"timestamp":"2025-07-13T11:13:00.852567","level":"info","event":"found org.tukaani#xz;1.9 in central","logger":"airflow.task.hooks.airflow.providers.apache.spark.hooks.spark_submit.SparkSubmitHook"}
{"timestamp":"2025-07-13T11:13:00.874355","level":"info","event":"found io.delta#delta-core_2.12;2.4.0 in central","logger":"airflow.task.hooks.airflow.providers.apache.spark.hooks.spark_submit.SparkSubmitHook"}
{"timestamp":"2025-07-13T11:13:00.899682","level":"info","event":"found io.delta#delta-storage;2.4.0 in central","logger":"airflow.task.hooks.airflow.providers.apache.spark.hooks.spark_submit.SparkSubmitHook"}
{"timestamp":"2025-07-13T11:13:00.922112","level":"info","event":"found org.antlr#antlr4-runtime;4.9.3 in central","logger":"airflow.task.hooks.airflow.providers.apache.spark.hooks.spark_submit.SparkSubmitHook"}
{"timestamp":"2025-07-13T11:13:00.966763","level":"info","event":":: resolution report :: resolve 444ms :: artifacts dl 21ms","logger":"airflow.task.hooks.airflow.providers.apache.spark.hooks.spark_submit.SparkSubmitHook"}
{"timestamp":"2025-07-13T11:13:00.967180","level":"info","event":":: modules in use:","logger":"airflow.task.hooks.airflow.providers.apache.spark.hooks.spark_submit.SparkSubmitHook"}
{"timestamp":"2025-07-13T11:13:00.967340","level":"info","event":"com.amazonaws#aws-java-sdk-bundle;1.12.520 from central in [default]","logger":"airflow.task.hooks.airflow.providers.apache.spark.hooks.spark_submit.SparkSubmitHook"}
{"timestamp":"2025-07-13T11:13:00.967441","level":"info","event":"io.delta#delta-core_2.12;2.4.0 from central in [default]","logger":"airflow.task.hooks.airflow.providers.apache.spark.hooks.spark_submit.SparkSubmitHook"}
{"timestamp":"2025-07-13T11:13:00.967530","level":"info","event":"io.delta#delta-storage;2.4.0 from central in [default]","logger":"airflow.task.hooks.airflow.providers.apache.spark.hooks.spark_submit.SparkSubmitHook"}
{"timestamp":"2025-07-13T11:13:00.967810","level":"info","event":"org.antlr#antlr4-runtime;4.9.3 from central in [default]","logger":"airflow.task.hooks.airflow.providers.apache.spark.hooks.spark_submit.SparkSubmitHook"}
{"timestamp":"2025-07-13T11:13:00.967923","level":"info","event":"org.apache.hadoop#hadoop-aws;3.3.4 from central in [default]","logger":"airflow.task.hooks.airflow.providers.apache.spark.hooks.spark_submit.SparkSubmitHook"}
{"timestamp":"2025-07-13T11:13:00.968006","level":"info","event":"org.apache.spark#spark-avro_2.12;3.5.0 from central in [default]","logger":"airflow.task.hooks.airflow.providers.apache.spark.hooks.spark_submit.SparkSubmitHook"}
{"timestamp":"2025-07-13T11:13:00.968086","level":"info","event":"org.tukaani#xz;1.9 from central in [default]","logger":"airflow.task.hooks.airflow.providers.apache.spark.hooks.spark_submit.SparkSubmitHook"}
{"timestamp":"2025-07-13T11:13:00.968154","level":"info","event":"org.wildfly.openssl#wildfly-openssl;1.0.7.Final from central in [default]","logger":"airflow.task.hooks.airflow.providers.apache.spark.hooks.spark_submit.SparkSubmitHook"}
{"timestamp":"2025-07-13T11:13:00.968510","level":"info","event":":: evicted modules:","logger":"airflow.task.hooks.airflow.providers.apache.spark.hooks.spark_submit.SparkSubmitHook"}
{"timestamp":"2025-07-13T11:13:00.968662","level":"info","event":"com.amazonaws#aws-java-sdk-bundle;1.12.262 by [com.amazonaws#aws-java-sdk-bundle;1.12.520] in [default]","logger":"airflow.task.hooks.airflow.providers.apache.spark.hooks.spark_submit.SparkSubmitHook"}
{"timestamp":"2025-07-13T11:13:00.968746","level":"info","event":"---------------------------------------------------------------------","logger":"airflow.task.hooks.airflow.providers.apache.spark.hooks.spark_submit.SparkSubmitHook"}
{"timestamp":"2025-07-13T11:13:00.968843","level":"info","event":"|                  |            modules            ||   artifacts   |","logger":"airflow.task.hooks.airflow.providers.apache.spark.hooks.spark_submit.SparkSubmitHook"}
{"timestamp":"2025-07-13T11:13:00.968933","level":"info","event":"|       conf       | number| search|dwnlded|evicted|| number|dwnlded|","logger":"airflow.task.hooks.airflow.providers.apache.spark.hooks.spark_submit.SparkSubmitHook"}
{"timestamp":"2025-07-13T11:13:00.969010","level":"info","event":"---------------------------------------------------------------------","logger":"airflow.task.hooks.airflow.providers.apache.spark.hooks.spark_submit.SparkSubmitHook"}
{"timestamp":"2025-07-13T11:13:00.969057","level":"info","event":"|      default     |   9   |   0   |   0   |   1   ||   8   |   0   |","logger":"airflow.task.hooks.airflow.providers.apache.spark.hooks.spark_submit.SparkSubmitHook"}
{"timestamp":"2025-07-13T11:13:00.969103","level":"info","event":"---------------------------------------------------------------------","logger":"airflow.task.hooks.airflow.providers.apache.spark.hooks.spark_submit.SparkSubmitHook"}
{"timestamp":"2025-07-13T11:13:00.977515","level":"info","event":":: retrieving :: org.apache.spark#spark-submit-parent-a89e8067-3bfa-4f62-9945-54c43d16c14a","logger":"airflow.task.hooks.airflow.providers.apache.spark.hooks.spark_submit.SparkSubmitHook"}
{"timestamp":"2025-07-13T11:13:00.977836","level":"info","event":"confs: [default]","logger":"airflow.task.hooks.airflow.providers.apache.spark.hooks.spark_submit.SparkSubmitHook"}
{"timestamp":"2025-07-13T11:13:00.995071","level":"info","event":"0 artifacts copied, 8 already retrieved (0kB/17ms)","logger":"airflow.task.hooks.airflow.providers.apache.spark.hooks.spark_submit.SparkSubmitHook"}
{"timestamp":"2025-07-13T11:13:01.220985","level":"info","event":"25/07/13 11:13:01 WARN NativeCodeLoader: Unable to load native-hadoop library for your platform... using builtin-java classes where applicable","logger":"airflow.task.hooks.airflow.providers.apache.spark.hooks.spark_submit.SparkSubmitHook"}
{"timestamp":"2025-07-13T11:13:01.489551","level":"info","event":"Main class:","logger":"airflow.task.hooks.airflow.providers.apache.spark.hooks.spark_submit.SparkSubmitHook"}
{"timestamp":"2025-07-13T11:13:01.489989","level":"info","event":"org.apache.spark.deploy.PythonRunner","logger":"airflow.task.hooks.airflow.providers.apache.spark.hooks.spark_submit.SparkSubmitHook"}
{"timestamp":"2025-07-13T11:13:01.490158","level":"info","event":"Arguments:","logger":"airflow.task.hooks.airflow.providers.apache.spark.hooks.spark_submit.SparkSubmitHook"}
{"timestamp":"2025-07-13T11:13:01.490232","level":"info","event":"file:/opt/spark-jobs/spark_job.py","logger":"airflow.task.hooks.airflow.providers.apache.spark.hooks.spark_submit.SparkSubmitHook"}
{"timestamp":"2025-07-13T11:13:01.490304","level":"info","event":"file:///home/airflow/.ivy2/jars/org.apache.hadoop_hadoop-aws-3.3.4.jar,file:///home/airflow/.ivy2/jars/com.amazonaws_aws-java-sdk-bundle-1.12.520.jar,file:///home/airflow/.ivy2/jars/org.apache.spark_spark-avro_2.12-3.5.0.jar,file:///home/airflow/.ivy2/jars/io.delta_delta-core_2.12-2.4.0.jar,file:///home/airflow/.ivy2/jars/org.wildfly.openssl_wildfly-openssl-1.0.7.Final.jar,file:///home/airflow/.ivy2/jars/org.tukaani_xz-1.9.jar,file:///home/airflow/.ivy2/jars/io.delta_delta-storage-2.4.0.jar,file:///home/airflow/.ivy2/jars/org.antlr_antlr4-runtime-4.9.3.jar","logger":"airflow.task.hooks.airflow.providers.apache.spark.hooks.spark_submit.SparkSubmitHook"}
{"timestamp":"2025-07-13T11:13:01.494545","level":"info","event":"Spark config:","logger":"airflow.task.hooks.airflow.providers.apache.spark.hooks.spark_submit.SparkSubmitHook"}
{"timestamp":"2025-07-13T11:13:01.494890","level":"info","event":"(spark.app.name,minio_processing_job)","logger":"airflow.task.hooks.airflow.providers.apache.spark.hooks.spark_submit.SparkSubmitHook"}
{"timestamp":"2025-07-13T11:13:01.495058","level":"info","event":"(spark.app.submitTime,1752405181455)","logger":"airflow.task.hooks.airflow.providers.apache.spark.hooks.spark_submit.SparkSubmitHook"}
{"timestamp":"2025-07-13T11:13:01.495156","level":"info","event":"(spark.driver.memory,1g)","logger":"airflow.task.hooks.airflow.providers.apache.spark.hooks.spark_submit.SparkSubmitHook"}
{"timestamp":"2025-07-13T11:13:01.495278","level":"info","event":"(spark.executor.cores,2)","logger":"airflow.task.hooks.airflow.providers.apache.spark.hooks.spark_submit.SparkSubmitHook"}
{"timestamp":"2025-07-13T11:13:01.495386","level":"info","event":"(spark.executor.memory,2g)","logger":"airflow.task.hooks.airflow.providers.apache.spark.hooks.spark_submit.SparkSubmitHook"}
{"timestamp":"2025-07-13T11:13:01.495480","level":"info","event":"(spark.files,file:///home/airflow/.ivy2/jars/org.apache.hadoop_hadoop-aws-3.3.4.jar,file:///home/airflow/.ivy2/jars/com.amazonaws_aws-java-sdk-bundle-1.12.520.jar,file:///home/airflow/.ivy2/jars/org.apache.spark_spark-avro_2.12-3.5.0.jar,file:///home/airflow/.ivy2/jars/io.delta_delta-core_2.12-2.4.0.jar,file:///home/airflow/.ivy2/jars/org.wildfly.openssl_wildfly-openssl-1.0.7.Final.jar,file:///home/airflow/.ivy2/jars/org.tukaani_xz-1.9.jar,file:///home/airflow/.ivy2/jars/io.delta_delta-storage-2.4.0.jar,file:///home/airflow/.ivy2/jars/org.antlr_antlr4-runtime-4.9.3.jar)","logger":"airflow.task.hooks.airflow.providers.apache.spark.hooks.spark_submit.SparkSubmitHook"}
{"timestamp":"2025-07-13T11:13:01.495554","level":"info","event":"(spark.hadoop.fs.s3a.access.key,*********(redacted))","logger":"airflow.task.hooks.airflow.providers.apache.spark.hooks.spark_submit.SparkSubmitHook"}
{"timestamp":"2025-07-13T11:13:01.495622","level":"info","event":"(spark.hadoop.fs.s3a.connection.ssl.enabled,false)","logger":"airflow.task.hooks.airflow.providers.apache.spark.hooks.spark_submit.SparkSubmitHook"}
{"timestamp":"2025-07-13T11:13:01.495725","level":"info","event":"(spark.hadoop.fs.s3a.endpoint,http://minio:9000)","logger":"airflow.task.hooks.airflow.providers.apache.spark.hooks.spark_submit.SparkSubmitHook"}
{"timestamp":"2025-07-13T11:13:01.495803","level":"info","event":"(spark.hadoop.fs.s3a.impl,org.apache.hadoop.fs.s3a.S3AFileSystem)","logger":"airflow.task.hooks.airflow.providers.apache.spark.hooks.spark_submit.SparkSubmitHook"}
{"timestamp":"2025-07-13T11:13:01.495902","level":"info","event":"(spark.hadoop.fs.s3a.path.style.access,true)","logger":"airflow.task.hooks.airflow.providers.apache.spark.hooks.spark_submit.SparkSubmitHook"}
{"timestamp":"2025-07-13T11:13:01.495963","level":"info","event":"(spark.hadoop.fs.s3a.secret.key,*********(redacted))","logger":"airflow.task.hooks.airflow.providers.apache.spark.hooks.spark_submit.SparkSubmitHook"}
{"timestamp":"2025-07-13T11:13:01.496051","level":"info","event":"(spark.jars,file:///home/airflow/.ivy2/jars/org.apache.hadoop_hadoop-aws-3.3.4.jar,file:///home/airflow/.ivy2/jars/com.amazonaws_aws-java-sdk-bundle-1.12.520.jar,file:///home/airflow/.ivy2/jars/org.apache.spark_spark-avro_2.12-3.5.0.jar,file:///home/airflow/.ivy2/jars/io.delta_delta-core_2.12-2.4.0.jar,file:///home/airflow/.ivy2/jars/org.wildfly.openssl_wildfly-openssl-1.0.7.Final.jar,file:///home/airflow/.ivy2/jars/org.tukaani_xz-1.9.jar,file:///home/airflow/.ivy2/jars/io.delta_delta-storage-2.4.0.jar,file:///home/airflow/.ivy2/jars/org.antlr_antlr4-runtime-4.9.3.jar)","logger":"airflow.task.hooks.airflow.providers.apache.spark.hooks.spark_submit.SparkSubmitHook"}
{"timestamp":"2025-07-13T11:13:01.496134","level":"info","event":"(spark.master,spark://spark-master:7077)","logger":"airflow.task.hooks.airflow.providers.apache.spark.hooks.spark_submit.SparkSubmitHook"}
{"timestamp":"2025-07-13T11:13:01.496184","level":"info","event":"(spark.repl.local.jars,file:///home/airflow/.ivy2/jars/org.apache.hadoop_hadoop-aws-3.3.4.jar,file:///home/airflow/.ivy2/jars/com.amazonaws_aws-java-sdk-bundle-1.12.520.jar,file:///home/airflow/.ivy2/jars/org.apache.spark_spark-avro_2.12-3.5.0.jar,file:///home/airflow/.ivy2/jars/io.delta_delta-core_2.12-2.4.0.jar,file:///home/airflow/.ivy2/jars/org.wildfly.openssl_wildfly-openssl-1.0.7.Final.jar,file:///home/airflow/.ivy2/jars/org.tukaani_xz-1.9.jar,file:///home/airflow/.ivy2/jars/io.delta_delta-storage-2.4.0.jar,file:///home/airflow/.ivy2/jars/org.antlr_antlr4-runtime-4.9.3.jar)","logger":"airflow.task.hooks.airflow.providers.apache.spark.hooks.spark_submit.SparkSubmitHook"}
{"timestamp":"2025-07-13T11:13:01.496235","level":"info","event":"(spark.submit.deployMode,client)","logger":"airflow.task.hooks.airflow.providers.apache.spark.hooks.spark_submit.SparkSubmitHook"}
{"timestamp":"2025-07-13T11:13:01.496305","level":"info","event":"(spark.submit.pyFiles,/home/airflow/.ivy2/jars/org.apache.hadoop_hadoop-aws-3.3.4.jar,/home/airflow/.ivy2/jars/com.amazonaws_aws-java-sdk-bundle-1.12.520.jar,/home/airflow/.ivy2/jars/org.apache.spark_spark-avro_2.12-3.5.0.jar,/home/airflow/.ivy2/jars/io.delta_delta-core_2.12-2.4.0.jar,/home/airflow/.ivy2/jars/org.wildfly.openssl_wildfly-openssl-1.0.7.Final.jar,/home/airflow/.ivy2/jars/org.tukaani_xz-1.9.jar,/home/airflow/.ivy2/jars/io.delta_delta-storage-2.4.0.jar,/home/airflow/.ivy2/jars/org.antlr_antlr4-runtime-4.9.3.jar)","logger":"airflow.task.hooks.airflow.providers.apache.spark.hooks.spark_submit.SparkSubmitHook"}
{"timestamp":"2025-07-13T11:13:01.496366","level":"info","event":"Classpath elements:","logger":"airflow.task.hooks.airflow.providers.apache.spark.hooks.spark_submit.SparkSubmitHook"}
{"timestamp":"2025-07-13T11:13:01.496407","level":"info","event":"file:///home/airflow/.ivy2/jars/org.apache.hadoop_hadoop-aws-3.3.4.jar","logger":"airflow.task.hooks.airflow.providers.apache.spark.hooks.spark_submit.SparkSubmitHook"}
{"timestamp":"2025-07-13T11:13:01.496446","level":"info","event":"file:///home/airflow/.ivy2/jars/com.amazonaws_aws-java-sdk-bundle-1.12.520.jar","logger":"airflow.task.hooks.airflow.providers.apache.spark.hooks.spark_submit.SparkSubmitHook"}
{"timestamp":"2025-07-13T11:13:01.496489","level":"info","event":"file:///home/airflow/.ivy2/jars/org.apache.spark_spark-avro_2.12-3.5.0.jar","logger":"airflow.task.hooks.airflow.providers.apache.spark.hooks.spark_submit.SparkSubmitHook"}
{"timestamp":"2025-07-13T11:13:01.496528","level":"info","event":"file:///home/airflow/.ivy2/jars/io.delta_delta-core_2.12-2.4.0.jar","logger":"airflow.task.hooks.airflow.providers.apache.spark.hooks.spark_submit.SparkSubmitHook"}
{"timestamp":"2025-07-13T11:13:01.496569","level":"info","event":"file:///home/airflow/.ivy2/jars/org.wildfly.openssl_wildfly-openssl-1.0.7.Final.jar","logger":"airflow.task.hooks.airflow.providers.apache.spark.hooks.spark_submit.SparkSubmitHook"}
{"timestamp":"2025-07-13T11:13:01.496612","level":"info","event":"file:///home/airflow/.ivy2/jars/org.tukaani_xz-1.9.jar","logger":"airflow.task.hooks.airflow.providers.apache.spark.hooks.spark_submit.SparkSubmitHook"}
{"timestamp":"2025-07-13T11:13:01.496650","level":"info","event":"file:///home/airflow/.ivy2/jars/io.delta_delta-storage-2.4.0.jar","logger":"airflow.task.hooks.airflow.providers.apache.spark.hooks.spark_submit.SparkSubmitHook"}
{"timestamp":"2025-07-13T11:13:01.496688","level":"info","event":"file:///home/airflow/.ivy2/jars/org.antlr_antlr4-runtime-4.9.3.jar","logger":"airflow.task.hooks.airflow.providers.apache.spark.hooks.spark_submit.SparkSubmitHook"}
{"timestamp":"2025-07-13T11:13:01.496728","level":"info","event":"","logger":"airflow.task.hooks.airflow.providers.apache.spark.hooks.spark_submit.SparkSubmitHook"}
{"timestamp":"2025-07-13T11:13:01.496769","level":"info","event":"","logger":"airflow.task.hooks.airflow.providers.apache.spark.hooks.spark_submit.SparkSubmitHook"}
{"timestamp":"2025-07-13T11:13:03.563818","level":"info","event":"25/07/13 11:13:03 INFO SparkContext: Running Spark version 3.5.3","logger":"airflow.task.hooks.airflow.providers.apache.spark.hooks.spark_submit.SparkSubmitHook"}
{"timestamp":"2025-07-13T11:13:03.564629","level":"info","event":"25/07/13 11:13:03 INFO SparkContext: OS info Linux, 5.15.153.1-microsoft-standard-WSL2, amd64","logger":"airflow.task.hooks.airflow.providers.apache.spark.hooks.spark_submit.SparkSubmitHook"}
{"timestamp":"2025-07-13T11:13:03.565376","level":"info","event":"25/07/13 11:13:03 INFO SparkContext: Java version 17.0.15","logger":"airflow.task.hooks.airflow.providers.apache.spark.hooks.spark_submit.SparkSubmitHook"}
{"timestamp":"2025-07-13T11:13:03.604174","level":"info","event":"25/07/13 11:13:03 INFO ResourceUtils: ==============================================================","logger":"airflow.task.hooks.airflow.providers.apache.spark.hooks.spark_submit.SparkSubmitHook"}
{"timestamp":"2025-07-13T11:13:03.604740","level":"info","event":"25/07/13 11:13:03 INFO ResourceUtils: No custom resources configured for spark.driver.","logger":"airflow.task.hooks.airflow.providers.apache.spark.hooks.spark_submit.SparkSubmitHook"}
{"timestamp":"2025-07-13T11:13:03.605193","level":"info","event":"25/07/13 11:13:03 INFO ResourceUtils: ==============================================================","logger":"airflow.task.hooks.airflow.providers.apache.spark.hooks.spark_submit.SparkSubmitHook"}
{"timestamp":"2025-07-13T11:13:03.605633","level":"info","event":"25/07/13 11:13:03 INFO SparkContext: Submitted application: MinIOProcessingJob","logger":"airflow.task.hooks.airflow.providers.apache.spark.hooks.spark_submit.SparkSubmitHook"}
{"timestamp":"2025-07-13T11:13:03.631607","level":"info","event":"25/07/13 11:13:03 INFO ResourceProfile: Default ResourceProfile created, executor resources: Map(cores -> name: cores, amount: 2, script: , vendor: , memory -> name: memory, amount: 2048, script: , vendor: , offHeap -> name: offHeap, amount: 0, script: , vendor: ), task resources: Map(cpus -> name: cpus, amount: 1.0)","logger":"airflow.task.hooks.airflow.providers.apache.spark.hooks.spark_submit.SparkSubmitHook"}
{"timestamp":"2025-07-13T11:13:03.643108","level":"info","event":"25/07/13 11:13:03 INFO ResourceProfile: Limiting resource is cpus at 2 tasks per executor","logger":"airflow.task.hooks.airflow.providers.apache.spark.hooks.spark_submit.SparkSubmitHook"}
{"timestamp":"2025-07-13T11:13:03.644434","level":"info","event":"25/07/13 11:13:03 INFO ResourceProfileManager: Added ResourceProfile id: 0","logger":"airflow.task.hooks.airflow.providers.apache.spark.hooks.spark_submit.SparkSubmitHook"}
{"timestamp":"2025-07-13T11:13:03.711399","level":"info","event":"25/07/13 11:13:03 INFO SecurityManager: Changing view acls to: airflow","logger":"airflow.task.hooks.airflow.providers.apache.spark.hooks.spark_submit.SparkSubmitHook"}
{"timestamp":"2025-07-13T11:13:03.711832","level":"info","event":"25/07/13 11:13:03 INFO SecurityManager: Changing modify acls to: airflow","logger":"airflow.task.hooks.airflow.providers.apache.spark.hooks.spark_submit.SparkSubmitHook"}
{"timestamp":"2025-07-13T11:13:03.712320","level":"info","event":"25/07/13 11:13:03 INFO SecurityManager: Changing view acls groups to:","logger":"airflow.task.hooks.airflow.providers.apache.spark.hooks.spark_submit.SparkSubmitHook"}
{"timestamp":"2025-07-13T11:13:03.712779","level":"info","event":"25/07/13 11:13:03 INFO SecurityManager: Changing modify acls groups to:","logger":"airflow.task.hooks.airflow.providers.apache.spark.hooks.spark_submit.SparkSubmitHook"}
{"timestamp":"2025-07-13T11:13:03.713052","level":"info","event":"25/07/13 11:13:03 INFO SecurityManager: SecurityManager: authentication disabled; ui acls disabled; users with view permissions: airflow; groups with view permissions: EMPTY; users with modify permissions: airflow; groups with modify permissions: EMPTY","logger":"airflow.task.hooks.airflow.providers.apache.spark.hooks.spark_submit.SparkSubmitHook"}
{"timestamp":"2025-07-13T11:13:03.970001","level":"info","event":"25/07/13 11:13:03 INFO Utils: Successfully started service 'sparkDriver' on port 35085.","logger":"airflow.task.hooks.airflow.providers.apache.spark.hooks.spark_submit.SparkSubmitHook"}
{"timestamp":"2025-07-13T11:13:03.999261","level":"info","event":"25/07/13 11:13:03 INFO SparkEnv: Registering MapOutputTracker","logger":"airflow.task.hooks.airflow.providers.apache.spark.hooks.spark_submit.SparkSubmitHook"}
{"timestamp":"2025-07-13T11:13:04.034002","level":"info","event":"25/07/13 11:13:04 INFO SparkEnv: Registering BlockManagerMaster","logger":"airflow.task.hooks.airflow.providers.apache.spark.hooks.spark_submit.SparkSubmitHook"}
{"timestamp":"2025-07-13T11:13:04.052450","level":"info","event":"25/07/13 11:13:04 INFO BlockManagerMasterEndpoint: Using org.apache.spark.storage.DefaultTopologyMapper for getting topology information","logger":"airflow.task.hooks.airflow.providers.apache.spark.hooks.spark_submit.SparkSubmitHook"}
{"timestamp":"2025-07-13T11:13:04.052818","level":"info","event":"25/07/13 11:13:04 INFO BlockManagerMasterEndpoint: BlockManagerMasterEndpoint up","logger":"airflow.task.hooks.airflow.providers.apache.spark.hooks.spark_submit.SparkSubmitHook"}
{"timestamp":"2025-07-13T11:13:04.055847","level":"info","event":"25/07/13 11:13:04 INFO SparkEnv: Registering BlockManagerMasterHeartbeat","logger":"airflow.task.hooks.airflow.providers.apache.spark.hooks.spark_submit.SparkSubmitHook"}
{"timestamp":"2025-07-13T11:13:04.075891","level":"info","event":"25/07/13 11:13:04 INFO DiskBlockManager: Created local directory at /tmp/blockmgr-366300a5-e4f0-4f4b-9fcc-d72b84bb4e59","logger":"airflow.task.hooks.airflow.providers.apache.spark.hooks.spark_submit.SparkSubmitHook"}
{"timestamp":"2025-07-13T11:13:04.094726","level":"info","event":"25/07/13 11:13:04 INFO MemoryStore: MemoryStore started with capacity 434.4 MiB","logger":"airflow.task.hooks.airflow.providers.apache.spark.hooks.spark_submit.SparkSubmitHook"}
{"timestamp":"2025-07-13T11:13:04.114167","level":"info","event":"25/07/13 11:13:04 INFO SparkEnv: Registering OutputCommitCoordinator","logger":"airflow.task.hooks.airflow.providers.apache.spark.hooks.spark_submit.SparkSubmitHook"}
{"timestamp":"2025-07-13T11:13:04.249768","level":"info","event":"25/07/13 11:13:04 INFO JettyUtils: Start Jetty 0.0.0.0:4040 for SparkUI","logger":"airflow.task.hooks.airflow.providers.apache.spark.hooks.spark_submit.SparkSubmitHook"}
{"timestamp":"2025-07-13T11:13:04.338059","level":"info","event":"25/07/13 11:13:04 INFO Utils: Successfully started service 'SparkUI' on port 4040.","logger":"airflow.task.hooks.airflow.providers.apache.spark.hooks.spark_submit.SparkSubmitHook"}
{"timestamp":"2025-07-13T11:13:04.392854","level":"info","event":"25/07/13 11:13:04 INFO SparkContext: Added JAR file:///home/airflow/.ivy2/jars/org.apache.hadoop_hadoop-aws-3.3.4.jar at spark://ed1ada269fbe:35085/jars/org.apache.hadoop_hadoop-aws-3.3.4.jar with timestamp 1752405183553","logger":"airflow.task.hooks.airflow.providers.apache.spark.hooks.spark_submit.SparkSubmitHook"}
{"timestamp":"2025-07-13T11:13:04.393460","level":"info","event":"25/07/13 11:13:04 INFO SparkContext: Added JAR file:///home/airflow/.ivy2/jars/com.amazonaws_aws-java-sdk-bundle-1.12.520.jar at spark://ed1ada269fbe:35085/jars/com.amazonaws_aws-java-sdk-bundle-1.12.520.jar with timestamp 1752405183553","logger":"airflow.task.hooks.airflow.providers.apache.spark.hooks.spark_submit.SparkSubmitHook"}
{"timestamp":"2025-07-13T11:13:04.393890","level":"info","event":"25/07/13 11:13:04 INFO SparkContext: Added JAR file:///home/airflow/.ivy2/jars/org.apache.spark_spark-avro_2.12-3.5.0.jar at spark://ed1ada269fbe:35085/jars/org.apache.spark_spark-avro_2.12-3.5.0.jar with timestamp 1752405183553","logger":"airflow.task.hooks.airflow.providers.apache.spark.hooks.spark_submit.SparkSubmitHook"}
{"timestamp":"2025-07-13T11:13:04.394020","level":"info","event":"25/07/13 11:13:04 INFO SparkContext: Added JAR file:///home/airflow/.ivy2/jars/io.delta_delta-core_2.12-2.4.0.jar at spark://ed1ada269fbe:35085/jars/io.delta_delta-core_2.12-2.4.0.jar with timestamp 1752405183553","logger":"airflow.task.hooks.airflow.providers.apache.spark.hooks.spark_submit.SparkSubmitHook"}
{"timestamp":"2025-07-13T11:13:04.394348","level":"info","event":"25/07/13 11:13:04 INFO SparkContext: Added JAR file:///home/airflow/.ivy2/jars/org.wildfly.openssl_wildfly-openssl-1.0.7.Final.jar at spark://ed1ada269fbe:35085/jars/org.wildfly.openssl_wildfly-openssl-1.0.7.Final.jar with timestamp 1752405183553","logger":"airflow.task.hooks.airflow.providers.apache.spark.hooks.spark_submit.SparkSubmitHook"}
{"timestamp":"2025-07-13T11:13:04.394540","level":"info","event":"25/07/13 11:13:04 INFO SparkContext: Added JAR file:///home/airflow/.ivy2/jars/org.tukaani_xz-1.9.jar at spark://ed1ada269fbe:35085/jars/org.tukaani_xz-1.9.jar with timestamp 1752405183553","logger":"airflow.task.hooks.airflow.providers.apache.spark.hooks.spark_submit.SparkSubmitHook"}
{"timestamp":"2025-07-13T11:13:04.394777","level":"info","event":"25/07/13 11:13:04 INFO SparkContext: Added JAR file:///home/airflow/.ivy2/jars/io.delta_delta-storage-2.4.0.jar at spark://ed1ada269fbe:35085/jars/io.delta_delta-storage-2.4.0.jar with timestamp 1752405183553","logger":"airflow.task.hooks.airflow.providers.apache.spark.hooks.spark_submit.SparkSubmitHook"}
{"timestamp":"2025-07-13T11:13:04.395026","level":"info","event":"25/07/13 11:13:04 INFO SparkContext: Added JAR file:///home/airflow/.ivy2/jars/org.antlr_antlr4-runtime-4.9.3.jar at spark://ed1ada269fbe:35085/jars/org.antlr_antlr4-runtime-4.9.3.jar with timestamp 1752405183553","logger":"airflow.task.hooks.airflow.providers.apache.spark.hooks.spark_submit.SparkSubmitHook"}
{"timestamp":"2025-07-13T11:13:04.399938","level":"info","event":"25/07/13 11:13:04 INFO SparkContext: Added file file:///home/airflow/.ivy2/jars/org.apache.hadoop_hadoop-aws-3.3.4.jar at spark://ed1ada269fbe:35085/files/org.apache.hadoop_hadoop-aws-3.3.4.jar with timestamp 1752405183553","logger":"airflow.task.hooks.airflow.providers.apache.spark.hooks.spark_submit.SparkSubmitHook"}
{"timestamp":"2025-07-13T11:13:04.401639","level":"info","event":"25/07/13 11:13:04 INFO Utils: Copying /home/airflow/.ivy2/jars/org.apache.hadoop_hadoop-aws-3.3.4.jar to /tmp/spark-bd1032a9-a969-432c-8864-29058c731473/userFiles-bc86a81b-053d-43ea-901c-9b6d511dd053/org.apache.hadoop_hadoop-aws-3.3.4.jar","logger":"airflow.task.hooks.airflow.providers.apache.spark.hooks.spark_submit.SparkSubmitHook"}
{"timestamp":"2025-07-13T11:13:04.418195","level":"info","event":"25/07/13 11:13:04 INFO SparkContext: Added file file:///home/airflow/.ivy2/jars/com.amazonaws_aws-java-sdk-bundle-1.12.520.jar at spark://ed1ada269fbe:35085/files/com.amazonaws_aws-java-sdk-bundle-1.12.520.jar with timestamp 1752405183553","logger":"airflow.task.hooks.airflow.providers.apache.spark.hooks.spark_submit.SparkSubmitHook"}
{"timestamp":"2025-07-13T11:13:04.418640","level":"info","event":"25/07/13 11:13:04 INFO Utils: Copying /home/airflow/.ivy2/jars/com.amazonaws_aws-java-sdk-bundle-1.12.520.jar to /tmp/spark-bd1032a9-a969-432c-8864-29058c731473/userFiles-bc86a81b-053d-43ea-901c-9b6d511dd053/com.amazonaws_aws-java-sdk-bundle-1.12.520.jar","logger":"airflow.task.hooks.airflow.providers.apache.spark.hooks.spark_submit.SparkSubmitHook"}
{"timestamp":"2025-07-13T11:13:04.920158","level":"info","event":"25/07/13 11:13:04 INFO SparkContext: Added file file:///home/airflow/.ivy2/jars/org.apache.spark_spark-avro_2.12-3.5.0.jar at spark://ed1ada269fbe:35085/files/org.apache.spark_spark-avro_2.12-3.5.0.jar with timestamp 1752405183553","logger":"airflow.task.hooks.airflow.providers.apache.spark.hooks.spark_submit.SparkSubmitHook"}
{"timestamp":"2025-07-13T11:13:04.920334","level":"info","event":"25/07/13 11:13:04 INFO Utils: Copying /home/airflow/.ivy2/jars/org.apache.spark_spark-avro_2.12-3.5.0.jar to /tmp/spark-bd1032a9-a969-432c-8864-29058c731473/userFiles-bc86a81b-053d-43ea-901c-9b6d511dd053/org.apache.spark_spark-avro_2.12-3.5.0.jar","logger":"airflow.task.hooks.airflow.providers.apache.spark.hooks.spark_submit.SparkSubmitHook"}
{"timestamp":"2025-07-13T11:13:04.926312","level":"info","event":"25/07/13 11:13:04 INFO SparkContext: Added file file:///home/airflow/.ivy2/jars/io.delta_delta-core_2.12-2.4.0.jar at spark://ed1ada269fbe:35085/files/io.delta_delta-core_2.12-2.4.0.jar with timestamp 1752405183553","logger":"airflow.task.hooks.airflow.providers.apache.spark.hooks.spark_submit.SparkSubmitHook"}
{"timestamp":"2025-07-13T11:13:04.926462","level":"info","event":"25/07/13 11:13:04 INFO Utils: Copying /home/airflow/.ivy2/jars/io.delta_delta-core_2.12-2.4.0.jar to /tmp/spark-bd1032a9-a969-432c-8864-29058c731473/userFiles-bc86a81b-053d-43ea-901c-9b6d511dd053/io.delta_delta-core_2.12-2.4.0.jar","logger":"airflow.task.hooks.airflow.providers.apache.spark.hooks.spark_submit.SparkSubmitHook"}
{"timestamp":"2025-07-13T11:13:04.940204","level":"info","event":"25/07/13 11:13:04 INFO SparkContext: Added file file:///home/airflow/.ivy2/jars/org.wildfly.openssl_wildfly-openssl-1.0.7.Final.jar at spark://ed1ada269fbe:35085/files/org.wildfly.openssl_wildfly-openssl-1.0.7.Final.jar with timestamp 1752405183553","logger":"airflow.task.hooks.airflow.providers.apache.spark.hooks.spark_submit.SparkSubmitHook"}
{"timestamp":"2025-07-13T11:13:04.940386","level":"info","event":"25/07/13 11:13:04 INFO Utils: Copying /home/airflow/.ivy2/jars/org.wildfly.openssl_wildfly-openssl-1.0.7.Final.jar to /tmp/spark-bd1032a9-a969-432c-8864-29058c731473/userFiles-bc86a81b-053d-43ea-901c-9b6d511dd053/org.wildfly.openssl_wildfly-openssl-1.0.7.Final.jar","logger":"airflow.task.hooks.airflow.providers.apache.spark.hooks.spark_submit.SparkSubmitHook"}
{"timestamp":"2025-07-13T11:13:04.947709","level":"info","event":"25/07/13 11:13:04 INFO SparkContext: Added file file:///home/airflow/.ivy2/jars/org.tukaani_xz-1.9.jar at spark://ed1ada269fbe:35085/files/org.tukaani_xz-1.9.jar with timestamp 1752405183553","logger":"airflow.task.hooks.airflow.providers.apache.spark.hooks.spark_submit.SparkSubmitHook"}
{"timestamp":"2025-07-13T11:13:04.947870","level":"info","event":"25/07/13 11:13:04 INFO Utils: Copying /home/airflow/.ivy2/jars/org.tukaani_xz-1.9.jar to /tmp/spark-bd1032a9-a969-432c-8864-29058c731473/userFiles-bc86a81b-053d-43ea-901c-9b6d511dd053/org.tukaani_xz-1.9.jar","logger":"airflow.task.hooks.airflow.providers.apache.spark.hooks.spark_submit.SparkSubmitHook"}
{"timestamp":"2025-07-13T11:13:04.955617","level":"info","event":"25/07/13 11:13:04 INFO SparkContext: Added file file:///home/airflow/.ivy2/jars/io.delta_delta-storage-2.4.0.jar at spark://ed1ada269fbe:35085/files/io.delta_delta-storage-2.4.0.jar with timestamp 1752405183553","logger":"airflow.task.hooks.airflow.providers.apache.spark.hooks.spark_submit.SparkSubmitHook"}
{"timestamp":"2025-07-13T11:13:04.955877","level":"info","event":"25/07/13 11:13:04 INFO Utils: Copying /home/airflow/.ivy2/jars/io.delta_delta-storage-2.4.0.jar to /tmp/spark-bd1032a9-a969-432c-8864-29058c731473/userFiles-bc86a81b-053d-43ea-901c-9b6d511dd053/io.delta_delta-storage-2.4.0.jar","logger":"airflow.task.hooks.airflow.providers.apache.spark.hooks.spark_submit.SparkSubmitHook"}
{"timestamp":"2025-07-13T11:13:04.963155","level":"info","event":"25/07/13 11:13:04 INFO SparkContext: Added file file:///home/airflow/.ivy2/jars/org.antlr_antlr4-runtime-4.9.3.jar at spark://ed1ada269fbe:35085/files/org.antlr_antlr4-runtime-4.9.3.jar with timestamp 1752405183553","logger":"airflow.task.hooks.airflow.providers.apache.spark.hooks.spark_submit.SparkSubmitHook"}
{"timestamp":"2025-07-13T11:13:04.963312","level":"info","event":"25/07/13 11:13:04 INFO Utils: Copying /home/airflow/.ivy2/jars/org.antlr_antlr4-runtime-4.9.3.jar to /tmp/spark-bd1032a9-a969-432c-8864-29058c731473/userFiles-bc86a81b-053d-43ea-901c-9b6d511dd053/org.antlr_antlr4-runtime-4.9.3.jar","logger":"airflow.task.hooks.airflow.providers.apache.spark.hooks.spark_submit.SparkSubmitHook"}
{"timestamp":"2025-07-13T11:13:05.055234","level":"info","event":"25/07/13 11:13:05 INFO StandaloneAppClient$ClientEndpoint: Connecting to master spark://spark-master:7077...","logger":"airflow.task.hooks.airflow.providers.apache.spark.hooks.spark_submit.SparkSubmitHook"}
{"timestamp":"2025-07-13T11:13:05.112843","level":"info","event":"25/07/13 11:13:05 INFO TransportClientFactory: Successfully created connection to spark-master/172.26.0.5:7077 after 33 ms (0 ms spent in bootstraps)","logger":"airflow.task.hooks.airflow.providers.apache.spark.hooks.spark_submit.SparkSubmitHook"}
{"timestamp":"2025-07-13T11:13:05.207735","level":"info","event":"25/07/13 11:13:05 INFO StandaloneSchedulerBackend: Connected to Spark cluster with app ID app-20250713111305-0001","logger":"airflow.task.hooks.airflow.providers.apache.spark.hooks.spark_submit.SparkSubmitHook"}
{"timestamp":"2025-07-13T11:13:05.209507","level":"info","event":"25/07/13 11:13:05 INFO StandaloneAppClient$ClientEndpoint: Executor added: app-20250713111305-0001/0 on worker-20250713110421-172.26.0.6-37827 (172.26.0.6:37827) with 2 core(s)","logger":"airflow.task.hooks.airflow.providers.apache.spark.hooks.spark_submit.SparkSubmitHook"}
{"timestamp":"2025-07-13T11:13:05.211549","level":"info","event":"25/07/13 11:13:05 INFO StandaloneSchedulerBackend: Granted executor ID app-20250713111305-0001/0 on hostPort 172.26.0.6:37827 with 2 core(s), 2.0 GiB RAM","logger":"airflow.task.hooks.airflow.providers.apache.spark.hooks.spark_submit.SparkSubmitHook"}
{"timestamp":"2025-07-13T11:13:05.216743","level":"info","event":"25/07/13 11:13:05 INFO Utils: Successfully started service 'org.apache.spark.network.netty.NettyBlockTransferService' on port 41273.","logger":"airflow.task.hooks.airflow.providers.apache.spark.hooks.spark_submit.SparkSubmitHook"}
{"timestamp":"2025-07-13T11:13:05.216910","level":"info","event":"25/07/13 11:13:05 INFO NettyBlockTransferService: Server created on ed1ada269fbe:41273","logger":"airflow.task.hooks.airflow.providers.apache.spark.hooks.spark_submit.SparkSubmitHook"}
{"timestamp":"2025-07-13T11:13:05.218645","level":"info","event":"25/07/13 11:13:05 INFO BlockManager: Using org.apache.spark.storage.RandomBlockReplicationPolicy for block replication policy","logger":"airflow.task.hooks.airflow.providers.apache.spark.hooks.spark_submit.SparkSubmitHook"}
{"timestamp":"2025-07-13T11:13:05.224132","level":"info","event":"25/07/13 11:13:05 INFO BlockManagerMaster: Registering BlockManager BlockManagerId(driver, ed1ada269fbe, 41273, None)","logger":"airflow.task.hooks.airflow.providers.apache.spark.hooks.spark_submit.SparkSubmitHook"}
{"timestamp":"2025-07-13T11:13:05.226693","level":"info","event":"25/07/13 11:13:05 INFO BlockManagerMasterEndpoint: Registering block manager ed1ada269fbe:41273 with 434.4 MiB RAM, BlockManagerId(driver, ed1ada269fbe, 41273, None)","logger":"airflow.task.hooks.airflow.providers.apache.spark.hooks.spark_submit.SparkSubmitHook"}
{"timestamp":"2025-07-13T11:13:05.229571","level":"info","event":"25/07/13 11:13:05 INFO BlockManagerMaster: Registered BlockManager BlockManagerId(driver, ed1ada269fbe, 41273, None)","logger":"airflow.task.hooks.airflow.providers.apache.spark.hooks.spark_submit.SparkSubmitHook"}
{"timestamp":"2025-07-13T11:13:05.230954","level":"info","event":"25/07/13 11:13:05 INFO BlockManager: Initialized BlockManager: BlockManagerId(driver, ed1ada269fbe, 41273, None)","logger":"airflow.task.hooks.airflow.providers.apache.spark.hooks.spark_submit.SparkSubmitHook"}
{"timestamp":"2025-07-13T11:13:05.318783","level":"info","event":"25/07/13 11:13:05 INFO StandaloneAppClient$ClientEndpoint: Executor updated: app-20250713111305-0001/0 is now RUNNING","logger":"airflow.task.hooks.airflow.providers.apache.spark.hooks.spark_submit.SparkSubmitHook"}
{"timestamp":"2025-07-13T11:13:05.443666","level":"info","event":"25/07/13 11:13:05 INFO StandaloneSchedulerBackend: SchedulerBackend is ready for scheduling beginning after reached minRegisteredResourcesRatio: 0.0","logger":"airflow.task.hooks.airflow.providers.apache.spark.hooks.spark_submit.SparkSubmitHook"}
{"timestamp":"2025-07-13T11:13:05.674516","level":"info","event":"INFO:__main__:Spark session created successfully","logger":"airflow.task.hooks.airflow.providers.apache.spark.hooks.spark_submit.SparkSubmitHook"}
{"timestamp":"2025-07-13T11:13:05.682360","level":"info","event":"25/07/13 11:13:05 INFO SharedState: Setting hive.metastore.warehouse.dir ('null') to the value of spark.sql.warehouse.dir.","logger":"airflow.task.hooks.airflow.providers.apache.spark.hooks.spark_submit.SparkSubmitHook"}
{"timestamp":"2025-07-13T11:13:05.684782","level":"info","event":"25/07/13 11:13:05 INFO SharedState: Warehouse path is 'file:/opt/airflow/spark-warehouse'.","logger":"airflow.task.hooks.airflow.providers.apache.spark.hooks.spark_submit.SparkSubmitHook"}
{"timestamp":"2025-07-13T11:13:06.737429","level":"info","event":"25/07/13 11:13:06 WARN MetricsConfig: Cannot locate configuration: tried hadoop-metrics2-s3a-file-system.properties,hadoop-metrics2.properties","logger":"airflow.task.hooks.airflow.providers.apache.spark.hooks.spark_submit.SparkSubmitHook"}
{"timestamp":"2025-07-13T11:13:06.750824","level":"info","event":"25/07/13 11:13:06 INFO MetricsSystemImpl: Scheduled Metric snapshot period at 10 second(s).","logger":"airflow.task.hooks.airflow.providers.apache.spark.hooks.spark_submit.SparkSubmitHook"}
{"timestamp":"2025-07-13T11:13:06.751005","level":"info","event":"25/07/13 11:13:06 INFO MetricsSystemImpl: s3a-file-system metrics system started","logger":"airflow.task.hooks.airflow.providers.apache.spark.hooks.spark_submit.SparkSubmitHook"}
{"timestamp":"2025-07-13T11:13:07.921727","level":"info","event":"25/07/13 11:13:07 INFO HadoopFSUtils: Listing leaf files and directories in parallel under 55 paths. The first several paths are: s3a://activefence-bucket/bbc_tech/land/article_09849707-2b45-4d3a-b989-d90c90610692.html, s3a://activefence-bucket/bbc_tech/land/article_0a77694e-811f-4723-bbb3-9fc1cf663dde.html, s3a://activefence-bucket/bbc_tech/land/article_179c65cd-ddb7-4a38-a4bf-7867683e2f6b.html, s3a://activefence-bucket/bbc_tech/land/article_185f274f-6647-4030-a6b2-0bc75c059d9e.html, s3a://activefence-bucket/bbc_tech/land/article_1b19be12-4ff0-4a77-a94d-0d671458aabd.html, s3a://activefence-bucket/bbc_tech/land/article_1bef8483-d3f2-4921-ae43-f913b7c3743d.html, s3a://activefence-bucket/bbc_tech/land/article_2143ba1c-e050-41c8-80ac-d0b260a12a67.html, s3a://activefence-bucket/bbc_tech/land/article_23eb48fe-687b-4fc1-b646-55d74a03e23e.html, s3a://activefence-bucket/bbc_tech/land/article_2526101e-bb44-43e4-bc73-f803edd9745a.html, s3a://activefence-bucket/bbc_tech/land/article_2aa45349-c39d-4951-a996-7be00d7ac97f.html.","logger":"airflow.task.hooks.airflow.providers.apache.spark.hooks.spark_submit.SparkSubmitHook"}
{"timestamp":"2025-07-13T11:13:08.272592","level":"info","event":"25/07/13 11:13:08 INFO SparkContext: Starting job: load at NativeMethodAccessorImpl.java:0","logger":"airflow.task.hooks.airflow.providers.apache.spark.hooks.spark_submit.SparkSubmitHook"}
{"timestamp":"2025-07-13T11:13:08.296281","level":"info","event":"25/07/13 11:13:08 INFO DAGScheduler: Got job 0 (load at NativeMethodAccessorImpl.java:0) with 55 output partitions","logger":"airflow.task.hooks.airflow.providers.apache.spark.hooks.spark_submit.SparkSubmitHook"}
{"timestamp":"2025-07-13T11:13:08.296709","level":"info","event":"25/07/13 11:13:08 INFO DAGScheduler: Final stage: ResultStage 0 (load at NativeMethodAccessorImpl.java:0)","logger":"airflow.task.hooks.airflow.providers.apache.spark.hooks.spark_submit.SparkSubmitHook"}
{"timestamp":"2025-07-13T11:13:08.297003","level":"info","event":"25/07/13 11:13:08 INFO DAGScheduler: Parents of final stage: List()","logger":"airflow.task.hooks.airflow.providers.apache.spark.hooks.spark_submit.SparkSubmitHook"}
{"timestamp":"2025-07-13T11:13:08.299082","level":"info","event":"25/07/13 11:13:08 INFO DAGScheduler: Missing parents: List()","logger":"airflow.task.hooks.airflow.providers.apache.spark.hooks.spark_submit.SparkSubmitHook"}
{"timestamp":"2025-07-13T11:13:08.302539","level":"info","event":"25/07/13 11:13:08 INFO DAGScheduler: Submitting ResultStage 0 (MapPartitionsRDD[1] at load at NativeMethodAccessorImpl.java:0), which has no missing parents","logger":"airflow.task.hooks.airflow.providers.apache.spark.hooks.spark_submit.SparkSubmitHook"}
{"timestamp":"2025-07-13T11:13:08.374573","level":"info","event":"25/07/13 11:13:08 INFO MemoryStore: Block broadcast_0 stored as values in memory (estimated size 107.4 KiB, free 434.3 MiB)","logger":"airflow.task.hooks.airflow.providers.apache.spark.hooks.spark_submit.SparkSubmitHook"}
{"timestamp":"2025-07-13T11:13:08.422694","level":"info","event":"25/07/13 11:13:08 INFO MemoryStore: Block broadcast_0_piece0 stored as bytes in memory (estimated size 38.9 KiB, free 434.3 MiB)","logger":"airflow.task.hooks.airflow.providers.apache.spark.hooks.spark_submit.SparkSubmitHook"}
{"timestamp":"2025-07-13T11:13:08.425962","level":"info","event":"25/07/13 11:13:08 INFO BlockManagerInfo: Added broadcast_0_piece0 in memory on ed1ada269fbe:41273 (size: 38.9 KiB, free: 434.4 MiB)","logger":"airflow.task.hooks.airflow.providers.apache.spark.hooks.spark_submit.SparkSubmitHook"}
{"timestamp":"2025-07-13T11:13:08.462327","level":"info","event":"25/07/13 11:13:08 INFO SparkContext: Created broadcast 0 from broadcast at DAGScheduler.scala:1585","logger":"airflow.task.hooks.airflow.providers.apache.spark.hooks.spark_submit.SparkSubmitHook"}
{"timestamp":"2025-07-13T11:13:08.494020","level":"info","event":"25/07/13 11:13:08 INFO DAGScheduler: Submitting 55 missing tasks from ResultStage 0 (MapPartitionsRDD[1] at load at NativeMethodAccessorImpl.java:0) (first 15 tasks are for partitions Vector(0, 1, 2, 3, 4, 5, 6, 7, 8, 9, 10, 11, 12, 13, 14))","logger":"airflow.task.hooks.airflow.providers.apache.spark.hooks.spark_submit.SparkSubmitHook"}
{"timestamp":"2025-07-13T11:13:08.495408","level":"info","event":"25/07/13 11:13:08 INFO TaskSchedulerImpl: Adding task set 0.0 with 55 tasks resource profile 0","logger":"airflow.task.hooks.airflow.providers.apache.spark.hooks.spark_submit.SparkSubmitHook"}
{"timestamp":"2025-07-13T11:13:08.759567","level":"info","event":"25/07/13 11:13:08 INFO StandaloneSchedulerBackend$StandaloneDriverEndpoint: Registered executor NettyRpcEndpointRef(spark-client://Executor) (172.26.0.6:35228) with ID 0,  ResourceProfileId 0","logger":"airflow.task.hooks.airflow.providers.apache.spark.hooks.spark_submit.SparkSubmitHook"}
{"timestamp":"2025-07-13T11:13:08.823111","level":"info","event":"25/07/13 11:13:08 INFO BlockManagerMasterEndpoint: Registering block manager 172.26.0.6:46833 with 1048.8 MiB RAM, BlockManagerId(0, 172.26.0.6, 46833, None)","logger":"airflow.task.hooks.airflow.providers.apache.spark.hooks.spark_submit.SparkSubmitHook"}
{"timestamp":"2025-07-13T11:13:11.457417","level":"info","event":"25/07/13 11:13:11 INFO TaskSetManager: Starting task 0.0 in stage 0.0 (TID 0) (172.26.0.6, executor 0, partition 0, PROCESS_LOCAL, 10715 bytes)","logger":"airflow.task.hooks.airflow.providers.apache.spark.hooks.spark_submit.SparkSubmitHook"}
{"timestamp":"2025-07-13T11:13:11.473387","level":"info","event":"25/07/13 11:13:11 INFO TaskSetManager: Starting task 1.0 in stage 0.0 (TID 1) (172.26.0.6, executor 0, partition 1, PROCESS_LOCAL, 10715 bytes)","logger":"airflow.task.hooks.airflow.providers.apache.spark.hooks.spark_submit.SparkSubmitHook"}
{"timestamp":"2025-07-13T11:13:11.735870","level":"info","event":"25/07/13 11:13:11 INFO BlockManagerInfo: Added broadcast_0_piece0 in memory on 172.26.0.6:46833 (size: 38.9 KiB, free: 1048.8 MiB)","logger":"airflow.task.hooks.airflow.providers.apache.spark.hooks.spark_submit.SparkSubmitHook"}
{"timestamp":"2025-07-13T11:13:13.377567","level":"info","event":"25/07/13 11:13:13 INFO TaskSetManager: Starting task 2.0 in stage 0.0 (TID 2) (172.26.0.6, executor 0, partition 2, PROCESS_LOCAL, 10715 bytes)","logger":"airflow.task.hooks.airflow.providers.apache.spark.hooks.spark_submit.SparkSubmitHook"}
{"timestamp":"2025-07-13T11:13:13.379945","level":"info","event":"25/07/13 11:13:13 INFO TaskSetManager: Starting task 3.0 in stage 0.0 (TID 3) (172.26.0.6, executor 0, partition 3, PROCESS_LOCAL, 10715 bytes)","logger":"airflow.task.hooks.airflow.providers.apache.spark.hooks.spark_submit.SparkSubmitHook"}
{"timestamp":"2025-07-13T11:13:13.390847","level":"info","event":"25/07/13 11:13:13 INFO TaskSetManager: Finished task 0.0 in stage 0.0 (TID 0) in 1957 ms on 172.26.0.6 (executor 0) (1/55)","logger":"airflow.task.hooks.airflow.providers.apache.spark.hooks.spark_submit.SparkSubmitHook"}
{"timestamp":"2025-07-13T11:13:13.391950","level":"info","event":"25/07/13 11:13:13 INFO TaskSetManager: Finished task 1.0 in stage 0.0 (TID 1) in 1930 ms on 172.26.0.6 (executor 0) (2/55)","logger":"airflow.task.hooks.airflow.providers.apache.spark.hooks.spark_submit.SparkSubmitHook"}
{"timestamp":"2025-07-13T11:13:13.442049","level":"info","event":"25/07/13 11:13:13 INFO TaskSetManager: Starting task 4.0 in stage 0.0 (TID 4) (172.26.0.6, executor 0, partition 4, PROCESS_LOCAL, 10715 bytes)","logger":"airflow.task.hooks.airflow.providers.apache.spark.hooks.spark_submit.SparkSubmitHook"}
{"timestamp":"2025-07-13T11:13:13.445008","level":"info","event":"25/07/13 11:13:13 INFO TaskSetManager: Starting task 5.0 in stage 0.0 (TID 5) (172.26.0.6, executor 0, partition 5, PROCESS_LOCAL, 10715 bytes)","logger":"airflow.task.hooks.airflow.providers.apache.spark.hooks.spark_submit.SparkSubmitHook"}
{"timestamp":"2025-07-13T11:13:13.445455","level":"info","event":"25/07/13 11:13:13 INFO TaskSetManager: Finished task 2.0 in stage 0.0 (TID 2) in 69 ms on 172.26.0.6 (executor 0) (3/55)","logger":"airflow.task.hooks.airflow.providers.apache.spark.hooks.spark_submit.SparkSubmitHook"}
{"timestamp":"2025-07-13T11:13:13.446881","level":"info","event":"25/07/13 11:13:13 INFO TaskSetManager: Finished task 3.0 in stage 0.0 (TID 3) in 67 ms on 172.26.0.6 (executor 0) (4/55)","logger":"airflow.task.hooks.airflow.providers.apache.spark.hooks.spark_submit.SparkSubmitHook"}
{"timestamp":"2025-07-13T11:13:13.501582","level":"info","event":"25/07/13 11:13:13 INFO TaskSetManager: Starting task 6.0 in stage 0.0 (TID 6) (172.26.0.6, executor 0, partition 6, PROCESS_LOCAL, 10715 bytes)","logger":"airflow.task.hooks.airflow.providers.apache.spark.hooks.spark_submit.SparkSubmitHook"}
{"timestamp":"2025-07-13T11:13:13.502447","level":"info","event":"25/07/13 11:13:13 INFO TaskSetManager: Finished task 5.0 in stage 0.0 (TID 5) in 59 ms on 172.26.0.6 (executor 0) (5/55)","logger":"airflow.task.hooks.airflow.providers.apache.spark.hooks.spark_submit.SparkSubmitHook"}
{"timestamp":"2025-07-13T11:13:13.503843","level":"info","event":"25/07/13 11:13:13 INFO TaskSetManager: Starting task 7.0 in stage 0.0 (TID 7) (172.26.0.6, executor 0, partition 7, PROCESS_LOCAL, 10715 bytes)","logger":"airflow.task.hooks.airflow.providers.apache.spark.hooks.spark_submit.SparkSubmitHook"}
{"timestamp":"2025-07-13T11:13:13.504676","level":"info","event":"25/07/13 11:13:13 INFO TaskSetManager: Finished task 4.0 in stage 0.0 (TID 4) in 63 ms on 172.26.0.6 (executor 0) (6/55)","logger":"airflow.task.hooks.airflow.providers.apache.spark.hooks.spark_submit.SparkSubmitHook"}
{"timestamp":"2025-07-13T11:13:13.545793","level":"info","event":"25/07/13 11:13:13 INFO TaskSetManager: Starting task 8.0 in stage 0.0 (TID 8) (172.26.0.6, executor 0, partition 8, PROCESS_LOCAL, 10715 bytes)","logger":"airflow.task.hooks.airflow.providers.apache.spark.hooks.spark_submit.SparkSubmitHook"}
{"timestamp":"2025-07-13T11:13:13.546988","level":"info","event":"25/07/13 11:13:13 INFO TaskSetManager: Starting task 9.0 in stage 0.0 (TID 9) (172.26.0.6, executor 0, partition 9, PROCESS_LOCAL, 10715 bytes)","logger":"airflow.task.hooks.airflow.providers.apache.spark.hooks.spark_submit.SparkSubmitHook"}
{"timestamp":"2025-07-13T11:13:13.547460","level":"info","event":"25/07/13 11:13:13 INFO TaskSetManager: Finished task 6.0 in stage 0.0 (TID 6) in 47 ms on 172.26.0.6 (executor 0) (7/55)","logger":"airflow.task.hooks.airflow.providers.apache.spark.hooks.spark_submit.SparkSubmitHook"}
{"timestamp":"2025-07-13T11:13:13.547891","level":"info","event":"25/07/13 11:13:13 INFO TaskSetManager: Finished task 7.0 in stage 0.0 (TID 7) in 45 ms on 172.26.0.6 (executor 0) (8/55)","logger":"airflow.task.hooks.airflow.providers.apache.spark.hooks.spark_submit.SparkSubmitHook"}
{"timestamp":"2025-07-13T11:13:13.583071","level":"info","event":"25/07/13 11:13:13 INFO TaskSetManager: Starting task 10.0 in stage 0.0 (TID 10) (172.26.0.6, executor 0, partition 10, PROCESS_LOCAL, 10715 bytes)","logger":"airflow.task.hooks.airflow.providers.apache.spark.hooks.spark_submit.SparkSubmitHook"}
{"timestamp":"2025-07-13T11:13:13.584733","level":"info","event":"25/07/13 11:13:13 INFO TaskSetManager: Starting task 11.0 in stage 0.0 (TID 11) (172.26.0.6, executor 0, partition 11, PROCESS_LOCAL, 10715 bytes)","logger":"airflow.task.hooks.airflow.providers.apache.spark.hooks.spark_submit.SparkSubmitHook"}
{"timestamp":"2025-07-13T11:13:13.585400","level":"info","event":"25/07/13 11:13:13 INFO TaskSetManager: Finished task 8.0 in stage 0.0 (TID 8) in 40 ms on 172.26.0.6 (executor 0) (9/55)","logger":"airflow.task.hooks.airflow.providers.apache.spark.hooks.spark_submit.SparkSubmitHook"}
{"timestamp":"2025-07-13T11:13:13.585932","level":"info","event":"25/07/13 11:13:13 INFO TaskSetManager: Finished task 9.0 in stage 0.0 (TID 9) in 39 ms on 172.26.0.6 (executor 0) (10/55)","logger":"airflow.task.hooks.airflow.providers.apache.spark.hooks.spark_submit.SparkSubmitHook"}
{"timestamp":"2025-07-13T11:13:13.614386","level":"info","event":"25/07/13 11:13:13 INFO TaskSetManager: Starting task 12.0 in stage 0.0 (TID 12) (172.26.0.6, executor 0, partition 12, PROCESS_LOCAL, 10715 bytes)","logger":"airflow.task.hooks.airflow.providers.apache.spark.hooks.spark_submit.SparkSubmitHook"}
{"timestamp":"2025-07-13T11:13:13.615812","level":"info","event":"25/07/13 11:13:13 INFO TaskSetManager: Starting task 13.0 in stage 0.0 (TID 13) (172.26.0.6, executor 0, partition 13, PROCESS_LOCAL, 10715 bytes)","logger":"airflow.task.hooks.airflow.providers.apache.spark.hooks.spark_submit.SparkSubmitHook"}
{"timestamp":"2025-07-13T11:13:13.616114","level":"info","event":"25/07/13 11:13:13 INFO TaskSetManager: Finished task 11.0 in stage 0.0 (TID 11) in 31 ms on 172.26.0.6 (executor 0) (11/55)","logger":"airflow.task.hooks.airflow.providers.apache.spark.hooks.spark_submit.SparkSubmitHook"}
{"timestamp":"2025-07-13T11:13:13.617056","level":"info","event":"25/07/13 11:13:13 INFO TaskSetManager: Finished task 10.0 in stage 0.0 (TID 10) in 35 ms on 172.26.0.6 (executor 0) (12/55)","logger":"airflow.task.hooks.airflow.providers.apache.spark.hooks.spark_submit.SparkSubmitHook"}
{"timestamp":"2025-07-13T11:13:13.643645","level":"info","event":"25/07/13 11:13:13 INFO TaskSetManager: Starting task 14.0 in stage 0.0 (TID 14) (172.26.0.6, executor 0, partition 14, PROCESS_LOCAL, 10715 bytes)","logger":"airflow.task.hooks.airflow.providers.apache.spark.hooks.spark_submit.SparkSubmitHook"}
{"timestamp":"2025-07-13T11:13:13.646072","level":"info","event":"25/07/13 11:13:13 INFO TaskSetManager: Starting task 15.0 in stage 0.0 (TID 15) (172.26.0.6, executor 0, partition 15, PROCESS_LOCAL, 10715 bytes)","logger":"airflow.task.hooks.airflow.providers.apache.spark.hooks.spark_submit.SparkSubmitHook"}
{"timestamp":"2025-07-13T11:13:13.646922","level":"info","event":"25/07/13 11:13:13 INFO TaskSetManager: Finished task 13.0 in stage 0.0 (TID 13) in 31 ms on 172.26.0.6 (executor 0) (13/55)","logger":"airflow.task.hooks.airflow.providers.apache.spark.hooks.spark_submit.SparkSubmitHook"}
{"timestamp":"2025-07-13T11:13:13.647375","level":"info","event":"25/07/13 11:13:13 INFO TaskSetManager: Finished task 12.0 in stage 0.0 (TID 12) in 34 ms on 172.26.0.6 (executor 0) (14/55)","logger":"airflow.task.hooks.airflow.providers.apache.spark.hooks.spark_submit.SparkSubmitHook"}
{"timestamp":"2025-07-13T11:13:13.677558","level":"info","event":"25/07/13 11:13:13 INFO TaskSetManager: Starting task 16.0 in stage 0.0 (TID 16) (172.26.0.6, executor 0, partition 16, PROCESS_LOCAL, 10715 bytes)","logger":"airflow.task.hooks.airflow.providers.apache.spark.hooks.spark_submit.SparkSubmitHook"}
{"timestamp":"2025-07-13T11:13:13.678414","level":"info","event":"25/07/13 11:13:13 INFO TaskSetManager: Finished task 15.0 in stage 0.0 (TID 15) in 34 ms on 172.26.0.6 (executor 0) (15/55)","logger":"airflow.task.hooks.airflow.providers.apache.spark.hooks.spark_submit.SparkSubmitHook"}
{"timestamp":"2025-07-13T11:13:13.679107","level":"info","event":"25/07/13 11:13:13 INFO TaskSetManager: Starting task 17.0 in stage 0.0 (TID 17) (172.26.0.6, executor 0, partition 17, PROCESS_LOCAL, 10715 bytes)","logger":"airflow.task.hooks.airflow.providers.apache.spark.hooks.spark_submit.SparkSubmitHook"}
{"timestamp":"2025-07-13T11:13:13.681543","level":"info","event":"25/07/13 11:13:13 INFO TaskSetManager: Finished task 14.0 in stage 0.0 (TID 14) in 38 ms on 172.26.0.6 (executor 0) (16/55)","logger":"airflow.task.hooks.airflow.providers.apache.spark.hooks.spark_submit.SparkSubmitHook"}
{"timestamp":"2025-07-13T11:13:13.709408","level":"info","event":"25/07/13 11:13:13 INFO TaskSetManager: Starting task 18.0 in stage 0.0 (TID 18) (172.26.0.6, executor 0, partition 18, PROCESS_LOCAL, 10715 bytes)","logger":"airflow.task.hooks.airflow.providers.apache.spark.hooks.spark_submit.SparkSubmitHook"}
{"timestamp":"2025-07-13T11:13:13.710595","level":"info","event":"25/07/13 11:13:13 INFO TaskSetManager: Finished task 17.0 in stage 0.0 (TID 17) in 32 ms on 172.26.0.6 (executor 0) (17/55)","logger":"airflow.task.hooks.airflow.providers.apache.spark.hooks.spark_submit.SparkSubmitHook"}
{"timestamp":"2025-07-13T11:13:13.711513","level":"info","event":"25/07/13 11:13:13 INFO TaskSetManager: Starting task 19.0 in stage 0.0 (TID 19) (172.26.0.6, executor 0, partition 19, PROCESS_LOCAL, 10715 bytes)","logger":"airflow.task.hooks.airflow.providers.apache.spark.hooks.spark_submit.SparkSubmitHook"}
{"timestamp":"2025-07-13T11:13:13.711900","level":"info","event":"25/07/13 11:13:13 INFO TaskSetManager: Finished task 16.0 in stage 0.0 (TID 16) in 35 ms on 172.26.0.6 (executor 0) (18/55)","logger":"airflow.task.hooks.airflow.providers.apache.spark.hooks.spark_submit.SparkSubmitHook"}
{"timestamp":"2025-07-13T11:13:13.736925","level":"info","event":"25/07/13 11:13:13 INFO TaskSetManager: Starting task 20.0 in stage 0.0 (TID 20) (172.26.0.6, executor 0, partition 20, PROCESS_LOCAL, 10715 bytes)","logger":"airflow.task.hooks.airflow.providers.apache.spark.hooks.spark_submit.SparkSubmitHook"}
{"timestamp":"2025-07-13T11:13:13.738451","level":"info","event":"25/07/13 11:13:13 INFO TaskSetManager: Starting task 21.0 in stage 0.0 (TID 21) (172.26.0.6, executor 0, partition 21, PROCESS_LOCAL, 10715 bytes)","logger":"airflow.task.hooks.airflow.providers.apache.spark.hooks.spark_submit.SparkSubmitHook"}
{"timestamp":"2025-07-13T11:13:13.739200","level":"info","event":"25/07/13 11:13:13 INFO TaskSetManager: Finished task 18.0 in stage 0.0 (TID 18) in 30 ms on 172.26.0.6 (executor 0) (19/55)","logger":"airflow.task.hooks.airflow.providers.apache.spark.hooks.spark_submit.SparkSubmitHook"}
{"timestamp":"2025-07-13T11:13:13.739560","level":"info","event":"25/07/13 11:13:13 INFO TaskSetManager: Finished task 19.0 in stage 0.0 (TID 19) in 29 ms on 172.26.0.6 (executor 0) (20/55)","logger":"airflow.task.hooks.airflow.providers.apache.spark.hooks.spark_submit.SparkSubmitHook"}
{"timestamp":"2025-07-13T11:13:13.771724","level":"info","event":"25/07/13 11:13:13 INFO TaskSetManager: Starting task 22.0 in stage 0.0 (TID 22) (172.26.0.6, executor 0, partition 22, PROCESS_LOCAL, 10715 bytes)","logger":"airflow.task.hooks.airflow.providers.apache.spark.hooks.spark_submit.SparkSubmitHook"}
{"timestamp":"2025-07-13T11:13:13.773040","level":"info","event":"25/07/13 11:13:13 INFO TaskSetManager: Finished task 20.0 in stage 0.0 (TID 20) in 37 ms on 172.26.0.6 (executor 0) (21/55)","logger":"airflow.task.hooks.airflow.providers.apache.spark.hooks.spark_submit.SparkSubmitHook"}
{"timestamp":"2025-07-13T11:13:13.774373","level":"info","event":"25/07/13 11:13:13 INFO TaskSetManager: Starting task 23.0 in stage 0.0 (TID 23) (172.26.0.6, executor 0, partition 23, PROCESS_LOCAL, 10715 bytes)","logger":"airflow.task.hooks.airflow.providers.apache.spark.hooks.spark_submit.SparkSubmitHook"}
{"timestamp":"2025-07-13T11:13:13.775148","level":"info","event":"25/07/13 11:13:13 INFO TaskSetManager: Finished task 21.0 in stage 0.0 (TID 21) in 37 ms on 172.26.0.6 (executor 0) (22/55)","logger":"airflow.task.hooks.airflow.providers.apache.spark.hooks.spark_submit.SparkSubmitHook"}
{"timestamp":"2025-07-13T11:13:13.804993","level":"info","event":"25/07/13 11:13:13 INFO TaskSetManager: Starting task 24.0 in stage 0.0 (TID 24) (172.26.0.6, executor 0, partition 24, PROCESS_LOCAL, 10715 bytes)","logger":"airflow.task.hooks.airflow.providers.apache.spark.hooks.spark_submit.SparkSubmitHook"}
{"timestamp":"2025-07-13T11:13:13.806695","level":"info","event":"25/07/13 11:13:13 INFO TaskSetManager: Starting task 25.0 in stage 0.0 (TID 25) (172.26.0.6, executor 0, partition 25, PROCESS_LOCAL, 10715 bytes)","logger":"airflow.task.hooks.airflow.providers.apache.spark.hooks.spark_submit.SparkSubmitHook"}
{"timestamp":"2025-07-13T11:13:13.807197","level":"info","event":"25/07/13 11:13:13 INFO TaskSetManager: Finished task 23.0 in stage 0.0 (TID 23) in 33 ms on 172.26.0.6 (executor 0) (23/55)","logger":"airflow.task.hooks.airflow.providers.apache.spark.hooks.spark_submit.SparkSubmitHook"}
{"timestamp":"2025-07-13T11:13:13.808321","level":"info","event":"25/07/13 11:13:13 INFO TaskSetManager: Finished task 22.0 in stage 0.0 (TID 22) in 37 ms on 172.26.0.6 (executor 0) (24/55)","logger":"airflow.task.hooks.airflow.providers.apache.spark.hooks.spark_submit.SparkSubmitHook"}
{"timestamp":"2025-07-13T11:13:13.843861","level":"info","event":"25/07/13 11:13:13 INFO TaskSetManager: Starting task 26.0 in stage 0.0 (TID 26) (172.26.0.6, executor 0, partition 26, PROCESS_LOCAL, 10715 bytes)","logger":"airflow.task.hooks.airflow.providers.apache.spark.hooks.spark_submit.SparkSubmitHook"}
{"timestamp":"2025-07-13T11:13:13.845048","level":"info","event":"25/07/13 11:13:13 INFO TaskSetManager: Starting task 27.0 in stage 0.0 (TID 27) (172.26.0.6, executor 0, partition 27, PROCESS_LOCAL, 10715 bytes)","logger":"airflow.task.hooks.airflow.providers.apache.spark.hooks.spark_submit.SparkSubmitHook"}
{"timestamp":"2025-07-13T11:13:13.845680","level":"info","event":"25/07/13 11:13:13 INFO TaskSetManager: Finished task 24.0 in stage 0.0 (TID 24) in 41 ms on 172.26.0.6 (executor 0) (25/55)","logger":"airflow.task.hooks.airflow.providers.apache.spark.hooks.spark_submit.SparkSubmitHook"}
{"timestamp":"2025-07-13T11:13:13.846685","level":"info","event":"25/07/13 11:13:13 INFO TaskSetManager: Finished task 25.0 in stage 0.0 (TID 25) in 41 ms on 172.26.0.6 (executor 0) (26/55)","logger":"airflow.task.hooks.airflow.providers.apache.spark.hooks.spark_submit.SparkSubmitHook"}
{"timestamp":"2025-07-13T11:13:13.874648","level":"info","event":"25/07/13 11:13:13 INFO TaskSetManager: Starting task 28.0 in stage 0.0 (TID 28) (172.26.0.6, executor 0, partition 28, PROCESS_LOCAL, 10715 bytes)","logger":"airflow.task.hooks.airflow.providers.apache.spark.hooks.spark_submit.SparkSubmitHook"}
{"timestamp":"2025-07-13T11:13:13.877464","level":"info","event":"25/07/13 11:13:13 INFO TaskSetManager: Starting task 29.0 in stage 0.0 (TID 29) (172.26.0.6, executor 0, partition 29, PROCESS_LOCAL, 10715 bytes)","logger":"airflow.task.hooks.airflow.providers.apache.spark.hooks.spark_submit.SparkSubmitHook"}
{"timestamp":"2025-07-13T11:13:13.878281","level":"info","event":"25/07/13 11:13:13 INFO TaskSetManager: Finished task 27.0 in stage 0.0 (TID 27) in 33 ms on 172.26.0.6 (executor 0) (27/55)","logger":"airflow.task.hooks.airflow.providers.apache.spark.hooks.spark_submit.SparkSubmitHook"}
{"timestamp":"2025-07-13T11:13:13.878506","level":"info","event":"25/07/13 11:13:13 INFO TaskSetManager: Finished task 26.0 in stage 0.0 (TID 26) in 36 ms on 172.26.0.6 (executor 0) (28/55)","logger":"airflow.task.hooks.airflow.providers.apache.spark.hooks.spark_submit.SparkSubmitHook"}
{"timestamp":"2025-07-13T11:13:13.907078","level":"info","event":"25/07/13 11:13:13 INFO TaskSetManager: Starting task 30.0 in stage 0.0 (TID 30) (172.26.0.6, executor 0, partition 30, PROCESS_LOCAL, 10715 bytes)","logger":"airflow.task.hooks.airflow.providers.apache.spark.hooks.spark_submit.SparkSubmitHook"}
{"timestamp":"2025-07-13T11:13:13.908724","level":"info","event":"25/07/13 11:13:13 INFO TaskSetManager: Starting task 31.0 in stage 0.0 (TID 31) (172.26.0.6, executor 0, partition 31, PROCESS_LOCAL, 10715 bytes)","logger":"airflow.task.hooks.airflow.providers.apache.spark.hooks.spark_submit.SparkSubmitHook"}
{"timestamp":"2025-07-13T11:13:13.909399","level":"info","event":"25/07/13 11:13:13 INFO TaskSetManager: Finished task 29.0 in stage 0.0 (TID 29) in 32 ms on 172.26.0.6 (executor 0) (29/55)","logger":"airflow.task.hooks.airflow.providers.apache.spark.hooks.spark_submit.SparkSubmitHook"}
{"timestamp":"2025-07-13T11:13:13.909718","level":"info","event":"25/07/13 11:13:13 INFO TaskSetManager: Finished task 28.0 in stage 0.0 (TID 28) in 36 ms on 172.26.0.6 (executor 0) (30/55)","logger":"airflow.task.hooks.airflow.providers.apache.spark.hooks.spark_submit.SparkSubmitHook"}
{"timestamp":"2025-07-13T11:13:13.939221","level":"info","event":"25/07/13 11:13:13 INFO TaskSetManager: Starting task 32.0 in stage 0.0 (TID 32) (172.26.0.6, executor 0, partition 32, PROCESS_LOCAL, 10715 bytes)","logger":"airflow.task.hooks.airflow.providers.apache.spark.hooks.spark_submit.SparkSubmitHook"}
{"timestamp":"2025-07-13T11:13:13.940938","level":"info","event":"25/07/13 11:13:13 INFO TaskSetManager: Starting task 33.0 in stage 0.0 (TID 33) (172.26.0.6, executor 0, partition 33, PROCESS_LOCAL, 10715 bytes)","logger":"airflow.task.hooks.airflow.providers.apache.spark.hooks.spark_submit.SparkSubmitHook"}
{"timestamp":"2025-07-13T11:13:13.941433","level":"info","event":"25/07/13 11:13:13 INFO TaskSetManager: Finished task 30.0 in stage 0.0 (TID 30) in 35 ms on 172.26.0.6 (executor 0) (31/55)","logger":"airflow.task.hooks.airflow.providers.apache.spark.hooks.spark_submit.SparkSubmitHook"}
{"timestamp":"2025-07-13T11:13:13.941726","level":"info","event":"25/07/13 11:13:13 INFO TaskSetManager: Finished task 31.0 in stage 0.0 (TID 31) in 34 ms on 172.26.0.6 (executor 0) (32/55)","logger":"airflow.task.hooks.airflow.providers.apache.spark.hooks.spark_submit.SparkSubmitHook"}
{"timestamp":"2025-07-13T11:13:13.970435","level":"info","event":"25/07/13 11:13:13 INFO TaskSetManager: Starting task 34.0 in stage 0.0 (TID 34) (172.26.0.6, executor 0, partition 34, PROCESS_LOCAL, 10715 bytes)","logger":"airflow.task.hooks.airflow.providers.apache.spark.hooks.spark_submit.SparkSubmitHook"}
{"timestamp":"2025-07-13T11:13:13.971200","level":"info","event":"25/07/13 11:13:13 INFO TaskSetManager: Finished task 32.0 in stage 0.0 (TID 32) in 32 ms on 172.26.0.6 (executor 0) (33/55)","logger":"airflow.task.hooks.airflow.providers.apache.spark.hooks.spark_submit.SparkSubmitHook"}
{"timestamp":"2025-07-13T11:13:13.972266","level":"info","event":"25/07/13 11:13:13 INFO TaskSetManager: Starting task 35.0 in stage 0.0 (TID 35) (172.26.0.6, executor 0, partition 35, PROCESS_LOCAL, 10715 bytes)","logger":"airflow.task.hooks.airflow.providers.apache.spark.hooks.spark_submit.SparkSubmitHook"}
{"timestamp":"2025-07-13T11:13:13.973351","level":"info","event":"25/07/13 11:13:13 INFO TaskSetManager: Finished task 33.0 in stage 0.0 (TID 33) in 32 ms on 172.26.0.6 (executor 0) (34/55)","logger":"airflow.task.hooks.airflow.providers.apache.spark.hooks.spark_submit.SparkSubmitHook"}
{"timestamp":"2025-07-13T11:13:14.002402","level":"info","event":"25/07/13 11:13:14 INFO TaskSetManager: Starting task 36.0 in stage 0.0 (TID 36) (172.26.0.6, executor 0, partition 36, PROCESS_LOCAL, 10715 bytes)","logger":"airflow.task.hooks.airflow.providers.apache.spark.hooks.spark_submit.SparkSubmitHook"}
{"timestamp":"2025-07-13T11:13:14.005152","level":"info","event":"25/07/13 11:13:14 INFO TaskSetManager: Starting task 37.0 in stage 0.0 (TID 37) (172.26.0.6, executor 0, partition 37, PROCESS_LOCAL, 10715 bytes)","logger":"airflow.task.hooks.airflow.providers.apache.spark.hooks.spark_submit.SparkSubmitHook"}
{"timestamp":"2025-07-13T11:13:14.006157","level":"info","event":"25/07/13 11:13:14 INFO TaskSetManager: Finished task 34.0 in stage 0.0 (TID 34) in 36 ms on 172.26.0.6 (executor 0) (35/55)","logger":"airflow.task.hooks.airflow.providers.apache.spark.hooks.spark_submit.SparkSubmitHook"}
{"timestamp":"2025-07-13T11:13:14.007088","level":"info","event":"25/07/13 11:13:14 INFO TaskSetManager: Finished task 35.0 in stage 0.0 (TID 35) in 35 ms on 172.26.0.6 (executor 0) (36/55)","logger":"airflow.task.hooks.airflow.providers.apache.spark.hooks.spark_submit.SparkSubmitHook"}
{"timestamp":"2025-07-13T11:13:14.039177","level":"info","event":"25/07/13 11:13:14 INFO TaskSetManager: Starting task 38.0 in stage 0.0 (TID 38) (172.26.0.6, executor 0, partition 38, PROCESS_LOCAL, 10715 bytes)","logger":"airflow.task.hooks.airflow.providers.apache.spark.hooks.spark_submit.SparkSubmitHook"}
{"timestamp":"2025-07-13T11:13:14.042272","level":"info","event":"25/07/13 11:13:14 INFO TaskSetManager: Starting task 39.0 in stage 0.0 (TID 39) (172.26.0.6, executor 0, partition 39, PROCESS_LOCAL, 10715 bytes)","logger":"airflow.task.hooks.airflow.providers.apache.spark.hooks.spark_submit.SparkSubmitHook"}
{"timestamp":"2025-07-13T11:13:14.043184","level":"info","event":"25/07/13 11:13:14 INFO TaskSetManager: Finished task 37.0 in stage 0.0 (TID 37) in 39 ms on 172.26.0.6 (executor 0) (37/55)","logger":"airflow.task.hooks.airflow.providers.apache.spark.hooks.spark_submit.SparkSubmitHook"}
{"timestamp":"2025-07-13T11:13:14.043382","level":"info","event":"25/07/13 11:13:14 INFO TaskSetManager: Finished task 36.0 in stage 0.0 (TID 36) in 42 ms on 172.26.0.6 (executor 0) (38/55)","logger":"airflow.task.hooks.airflow.providers.apache.spark.hooks.spark_submit.SparkSubmitHook"}
{"timestamp":"2025-07-13T11:13:14.079043","level":"info","event":"25/07/13 11:13:14 INFO TaskSetManager: Starting task 40.0 in stage 0.0 (TID 40) (172.26.0.6, executor 0, partition 40, PROCESS_LOCAL, 10715 bytes)","logger":"airflow.task.hooks.airflow.providers.apache.spark.hooks.spark_submit.SparkSubmitHook"}
{"timestamp":"2025-07-13T11:13:14.080739","level":"info","event":"25/07/13 11:13:14 INFO TaskSetManager: Finished task 39.0 in stage 0.0 (TID 39) in 40 ms on 172.26.0.6 (executor 0) (39/55)","logger":"airflow.task.hooks.airflow.providers.apache.spark.hooks.spark_submit.SparkSubmitHook"}
{"timestamp":"2025-07-13T11:13:14.083098","level":"info","event":"25/07/13 11:13:14 INFO TaskSetManager: Starting task 41.0 in stage 0.0 (TID 41) (172.26.0.6, executor 0, partition 41, PROCESS_LOCAL, 10715 bytes)","logger":"airflow.task.hooks.airflow.providers.apache.spark.hooks.spark_submit.SparkSubmitHook"}
{"timestamp":"2025-07-13T11:13:14.085017","level":"info","event":"25/07/13 11:13:14 INFO TaskSetManager: Finished task 38.0 in stage 0.0 (TID 38) in 47 ms on 172.26.0.6 (executor 0) (40/55)","logger":"airflow.task.hooks.airflow.providers.apache.spark.hooks.spark_submit.SparkSubmitHook"}
{"timestamp":"2025-07-13T11:13:14.113519","level":"info","event":"25/07/13 11:13:14 INFO TaskSetManager: Starting task 42.0 in stage 0.0 (TID 42) (172.26.0.6, executor 0, partition 42, PROCESS_LOCAL, 10715 bytes)","logger":"airflow.task.hooks.airflow.providers.apache.spark.hooks.spark_submit.SparkSubmitHook"}
{"timestamp":"2025-07-13T11:13:14.114384","level":"info","event":"25/07/13 11:13:14 INFO TaskSetManager: Finished task 40.0 in stage 0.0 (TID 40) in 37 ms on 172.26.0.6 (executor 0) (41/55)","logger":"airflow.task.hooks.airflow.providers.apache.spark.hooks.spark_submit.SparkSubmitHook"}
{"timestamp":"2025-07-13T11:13:14.115532","level":"info","event":"25/07/13 11:13:14 INFO TaskSetManager: Starting task 43.0 in stage 0.0 (TID 43) (172.26.0.6, executor 0, partition 43, PROCESS_LOCAL, 10715 bytes)","logger":"airflow.task.hooks.airflow.providers.apache.spark.hooks.spark_submit.SparkSubmitHook"}
{"timestamp":"2025-07-13T11:13:14.116170","level":"info","event":"25/07/13 11:13:14 INFO TaskSetManager: Finished task 41.0 in stage 0.0 (TID 41) in 34 ms on 172.26.0.6 (executor 0) (42/55)","logger":"airflow.task.hooks.airflow.providers.apache.spark.hooks.spark_submit.SparkSubmitHook"}
{"timestamp":"2025-07-13T11:13:14.156400","level":"info","event":"25/07/13 11:13:14 INFO TaskSetManager: Starting task 44.0 in stage 0.0 (TID 44) (172.26.0.6, executor 0, partition 44, PROCESS_LOCAL, 10715 bytes)","logger":"airflow.task.hooks.airflow.providers.apache.spark.hooks.spark_submit.SparkSubmitHook"}
{"timestamp":"2025-07-13T11:13:14.157567","level":"info","event":"25/07/13 11:13:14 INFO TaskSetManager: Starting task 45.0 in stage 0.0 (TID 45) (172.26.0.6, executor 0, partition 45, PROCESS_LOCAL, 10715 bytes)","logger":"airflow.task.hooks.airflow.providers.apache.spark.hooks.spark_submit.SparkSubmitHook"}
{"timestamp":"2025-07-13T11:13:14.158121","level":"info","event":"25/07/13 11:13:14 INFO TaskSetManager: Finished task 42.0 in stage 0.0 (TID 42) in 45 ms on 172.26.0.6 (executor 0) (43/55)","logger":"airflow.task.hooks.airflow.providers.apache.spark.hooks.spark_submit.SparkSubmitHook"}
{"timestamp":"2025-07-13T11:13:14.158447","level":"info","event":"25/07/13 11:13:14 INFO TaskSetManager: Finished task 43.0 in stage 0.0 (TID 43) in 44 ms on 172.26.0.6 (executor 0) (44/55)","logger":"airflow.task.hooks.airflow.providers.apache.spark.hooks.spark_submit.SparkSubmitHook"}
{"timestamp":"2025-07-13T11:13:14.188778","level":"info","event":"25/07/13 11:13:14 INFO TaskSetManager: Starting task 46.0 in stage 0.0 (TID 46) (172.26.0.6, executor 0, partition 46, PROCESS_LOCAL, 10715 bytes)","logger":"airflow.task.hooks.airflow.providers.apache.spark.hooks.spark_submit.SparkSubmitHook"}
{"timestamp":"2025-07-13T11:13:14.189910","level":"info","event":"25/07/13 11:13:14 INFO TaskSetManager: Starting task 47.0 in stage 0.0 (TID 47) (172.26.0.6, executor 0, partition 47, PROCESS_LOCAL, 10715 bytes)","logger":"airflow.task.hooks.airflow.providers.apache.spark.hooks.spark_submit.SparkSubmitHook"}
{"timestamp":"2025-07-13T11:13:14.190170","level":"info","event":"25/07/13 11:13:14 INFO TaskSetManager: Finished task 44.0 in stage 0.0 (TID 44) in 34 ms on 172.26.0.6 (executor 0) (45/55)","logger":"airflow.task.hooks.airflow.providers.apache.spark.hooks.spark_submit.SparkSubmitHook"}
{"timestamp":"2025-07-13T11:13:14.190637","level":"info","event":"25/07/13 11:13:14 INFO TaskSetManager: Finished task 45.0 in stage 0.0 (TID 45) in 33 ms on 172.26.0.6 (executor 0) (46/55)","logger":"airflow.task.hooks.airflow.providers.apache.spark.hooks.spark_submit.SparkSubmitHook"}
{"timestamp":"2025-07-13T11:13:14.224446","level":"info","event":"25/07/13 11:13:14 INFO TaskSetManager: Starting task 48.0 in stage 0.0 (TID 48) (172.26.0.6, executor 0, partition 48, PROCESS_LOCAL, 10715 bytes)","logger":"airflow.task.hooks.airflow.providers.apache.spark.hooks.spark_submit.SparkSubmitHook"}
{"timestamp":"2025-07-13T11:13:14.225484","level":"info","event":"25/07/13 11:13:14 INFO TaskSetManager: Starting task 49.0 in stage 0.0 (TID 49) (172.26.0.6, executor 0, partition 49, PROCESS_LOCAL, 10715 bytes)","logger":"airflow.task.hooks.airflow.providers.apache.spark.hooks.spark_submit.SparkSubmitHook"}
{"timestamp":"2025-07-13T11:13:14.225923","level":"info","event":"25/07/13 11:13:14 INFO TaskSetManager: Finished task 47.0 in stage 0.0 (TID 47) in 36 ms on 172.26.0.6 (executor 0) (47/55)","logger":"airflow.task.hooks.airflow.providers.apache.spark.hooks.spark_submit.SparkSubmitHook"}
{"timestamp":"2025-07-13T11:13:14.226358","level":"info","event":"25/07/13 11:13:14 INFO TaskSetManager: Finished task 46.0 in stage 0.0 (TID 46) in 38 ms on 172.26.0.6 (executor 0) (48/55)","logger":"airflow.task.hooks.airflow.providers.apache.spark.hooks.spark_submit.SparkSubmitHook"}
{"timestamp":"2025-07-13T11:13:14.248945","level":"info","event":"25/07/13 11:13:14 INFO TaskSetManager: Starting task 50.0 in stage 0.0 (TID 50) (172.26.0.6, executor 0, partition 50, PROCESS_LOCAL, 10715 bytes)","logger":"airflow.task.hooks.airflow.providers.apache.spark.hooks.spark_submit.SparkSubmitHook"}
{"timestamp":"2025-07-13T11:13:14.250020","level":"info","event":"25/07/13 11:13:14 INFO TaskSetManager: Finished task 49.0 in stage 0.0 (TID 49) in 25 ms on 172.26.0.6 (executor 0) (49/55)","logger":"airflow.task.hooks.airflow.providers.apache.spark.hooks.spark_submit.SparkSubmitHook"}
{"timestamp":"2025-07-13T11:13:14.251514","level":"info","event":"25/07/13 11:13:14 INFO TaskSetManager: Starting task 51.0 in stage 0.0 (TID 51) (172.26.0.6, executor 0, partition 51, PROCESS_LOCAL, 10715 bytes)","logger":"airflow.task.hooks.airflow.providers.apache.spark.hooks.spark_submit.SparkSubmitHook"}
{"timestamp":"2025-07-13T11:13:14.252427","level":"info","event":"25/07/13 11:13:14 INFO TaskSetManager: Finished task 48.0 in stage 0.0 (TID 48) in 29 ms on 172.26.0.6 (executor 0) (50/55)","logger":"airflow.task.hooks.airflow.providers.apache.spark.hooks.spark_submit.SparkSubmitHook"}
{"timestamp":"2025-07-13T11:13:14.277229","level":"info","event":"25/07/13 11:13:14 INFO TaskSetManager: Starting task 52.0 in stage 0.0 (TID 52) (172.26.0.6, executor 0, partition 52, PROCESS_LOCAL, 10715 bytes)","logger":"airflow.task.hooks.airflow.providers.apache.spark.hooks.spark_submit.SparkSubmitHook"}
{"timestamp":"2025-07-13T11:13:14.278056","level":"info","event":"25/07/13 11:13:14 INFO TaskSetManager: Finished task 50.0 in stage 0.0 (TID 50) in 29 ms on 172.26.0.6 (executor 0) (51/55)","logger":"airflow.task.hooks.airflow.providers.apache.spark.hooks.spark_submit.SparkSubmitHook"}
{"timestamp":"2025-07-13T11:13:14.279579","level":"info","event":"25/07/13 11:13:14 INFO TaskSetManager: Starting task 53.0 in stage 0.0 (TID 53) (172.26.0.6, executor 0, partition 53, PROCESS_LOCAL, 10715 bytes)","logger":"airflow.task.hooks.airflow.providers.apache.spark.hooks.spark_submit.SparkSubmitHook"}
{"timestamp":"2025-07-13T11:13:14.280444","level":"info","event":"25/07/13 11:13:14 INFO TaskSetManager: Finished task 51.0 in stage 0.0 (TID 51) in 30 ms on 172.26.0.6 (executor 0) (52/55)","logger":"airflow.task.hooks.airflow.providers.apache.spark.hooks.spark_submit.SparkSubmitHook"}
{"timestamp":"2025-07-13T11:13:14.308657","level":"info","event":"25/07/13 11:13:14 INFO TaskSetManager: Starting task 54.0 in stage 0.0 (TID 54) (172.26.0.6, executor 0, partition 54, PROCESS_LOCAL, 10715 bytes)","logger":"airflow.task.hooks.airflow.providers.apache.spark.hooks.spark_submit.SparkSubmitHook"}
{"timestamp":"2025-07-13T11:13:14.313182","level":"info","event":"25/07/13 11:13:14 INFO TaskSetManager: Finished task 52.0 in stage 0.0 (TID 52) in 36 ms on 172.26.0.6 (executor 0) (53/55)","logger":"airflow.task.hooks.airflow.providers.apache.spark.hooks.spark_submit.SparkSubmitHook"}
{"timestamp":"2025-07-13T11:13:14.313432","level":"info","event":"25/07/13 11:13:14 INFO TaskSetManager: Finished task 53.0 in stage 0.0 (TID 53) in 34 ms on 172.26.0.6 (executor 0) (54/55)","logger":"airflow.task.hooks.airflow.providers.apache.spark.hooks.spark_submit.SparkSubmitHook"}
{"timestamp":"2025-07-13T11:13:14.331638","level":"info","event":"25/07/13 11:13:14 INFO TaskSetManager: Finished task 54.0 in stage 0.0 (TID 54) in 24 ms on 172.26.0.6 (executor 0) (55/55)","logger":"airflow.task.hooks.airflow.providers.apache.spark.hooks.spark_submit.SparkSubmitHook"}
{"timestamp":"2025-07-13T11:13:14.332879","level":"info","event":"25/07/13 11:13:14 INFO TaskSchedulerImpl: Removed TaskSet 0.0, whose tasks have all completed, from pool","logger":"airflow.task.hooks.airflow.providers.apache.spark.hooks.spark_submit.SparkSubmitHook"}
{"timestamp":"2025-07-13T11:13:14.333238","level":"info","event":"25/07/13 11:13:14 INFO DAGScheduler: ResultStage 0 (load at NativeMethodAccessorImpl.java:0) finished in 6.014 s","logger":"airflow.task.hooks.airflow.providers.apache.spark.hooks.spark_submit.SparkSubmitHook"}
{"timestamp":"2025-07-13T11:13:14.337203","level":"info","event":"25/07/13 11:13:14 INFO DAGScheduler: Job 0 is finished. Cancelling potential speculative or zombie tasks for this job","logger":"airflow.task.hooks.airflow.providers.apache.spark.hooks.spark_submit.SparkSubmitHook"}
{"timestamp":"2025-07-13T11:13:14.337637","level":"info","event":"25/07/13 11:13:14 INFO TaskSchedulerImpl: Killing all running tasks in stage 0: Stage finished","logger":"airflow.task.hooks.airflow.providers.apache.spark.hooks.spark_submit.SparkSubmitHook"}
{"timestamp":"2025-07-13T11:13:14.340582","level":"info","event":"25/07/13 11:13:14 INFO DAGScheduler: Job 0 finished: load at NativeMethodAccessorImpl.java:0, took 6.067424 s","logger":"airflow.task.hooks.airflow.providers.apache.spark.hooks.spark_submit.SparkSubmitHook"}
{"timestamp":"2025-07-13T11:13:14.355685","level":"info","event":"25/07/13 11:13:14 INFO InMemoryFileIndex: It took 6446 ms to list leaf files for 55 paths.","logger":"airflow.task.hooks.airflow.providers.apache.spark.hooks.spark_submit.SparkSubmitHook"}
{"timestamp":"2025-07-13T11:13:14.795964","level":"info","event":"25/07/13 11:13:14 INFO BlockManagerInfo: Removed broadcast_0_piece0 on ed1ada269fbe:41273 in memory (size: 38.9 KiB, free: 434.4 MiB)","logger":"airflow.task.hooks.airflow.providers.apache.spark.hooks.spark_submit.SparkSubmitHook"}
{"timestamp":"2025-07-13T11:13:14.803350","level":"info","event":"25/07/13 11:13:14 INFO BlockManagerInfo: Removed broadcast_0_piece0 on 172.26.0.6:46833 in memory (size: 38.9 KiB, free: 1048.8 MiB)","logger":"airflow.task.hooks.airflow.providers.apache.spark.hooks.spark_submit.SparkSubmitHook"}
{"timestamp":"2025-07-13T11:13:15.339006","level":"info","event":"25/07/13 11:13:15 INFO SparkContext: SparkContext is stopping with exitCode 0.","logger":"airflow.task.hooks.airflow.providers.apache.spark.hooks.spark_submit.SparkSubmitHook"}
{"timestamp":"2025-07-13T11:13:15.347896","level":"info","event":"25/07/13 11:13:15 INFO SparkUI: Stopped Spark web UI at http://ed1ada269fbe:4040","logger":"airflow.task.hooks.airflow.providers.apache.spark.hooks.spark_submit.SparkSubmitHook"}
{"timestamp":"2025-07-13T11:13:15.350715","level":"info","event":"25/07/13 11:13:15 INFO StandaloneSchedulerBackend: Shutting down all executors","logger":"airflow.task.hooks.airflow.providers.apache.spark.hooks.spark_submit.SparkSubmitHook"}
{"timestamp":"2025-07-13T11:13:15.351293","level":"info","event":"25/07/13 11:13:15 INFO StandaloneSchedulerBackend$StandaloneDriverEndpoint: Asking each executor to shut down","logger":"airflow.task.hooks.airflow.providers.apache.spark.hooks.spark_submit.SparkSubmitHook"}
{"timestamp":"2025-07-13T11:13:15.368900","level":"info","event":"25/07/13 11:13:15 INFO MapOutputTrackerMasterEndpoint: MapOutputTrackerMasterEndpoint stopped!","logger":"airflow.task.hooks.airflow.providers.apache.spark.hooks.spark_submit.SparkSubmitHook"}
{"timestamp":"2025-07-13T11:13:15.389310","level":"info","event":"25/07/13 11:13:15 INFO MemoryStore: MemoryStore cleared","logger":"airflow.task.hooks.airflow.providers.apache.spark.hooks.spark_submit.SparkSubmitHook"}
{"timestamp":"2025-07-13T11:13:15.389499","level":"info","event":"25/07/13 11:13:15 INFO BlockManager: BlockManager stopped","logger":"airflow.task.hooks.airflow.providers.apache.spark.hooks.spark_submit.SparkSubmitHook"}
{"timestamp":"2025-07-13T11:13:15.392124","level":"info","event":"25/07/13 11:13:15 INFO BlockManagerMaster: BlockManagerMaster stopped","logger":"airflow.task.hooks.airflow.providers.apache.spark.hooks.spark_submit.SparkSubmitHook"}
{"timestamp":"2025-07-13T11:13:15.393851","level":"info","event":"25/07/13 11:13:15 INFO OutputCommitCoordinator$OutputCommitCoordinatorEndpoint: OutputCommitCoordinator stopped!","logger":"airflow.task.hooks.airflow.providers.apache.spark.hooks.spark_submit.SparkSubmitHook"}
{"timestamp":"2025-07-13T11:13:15.436145","level":"info","event":"25/07/13 11:13:15 INFO SparkContext: Successfully stopped SparkContext","logger":"airflow.task.hooks.airflow.providers.apache.spark.hooks.spark_submit.SparkSubmitHook"}
{"timestamp":"2025-07-13T11:13:15.486581","level":"info","event":"INFO:__main__:Spark session stopped","logger":"airflow.task.hooks.airflow.providers.apache.spark.hooks.spark_submit.SparkSubmitHook"}
{"timestamp":"2025-07-13T11:13:15.487169","level":"info","event":"INFO:py4j.clientserver:Closing down clientserver connection","logger":"airflow.task.hooks.airflow.providers.apache.spark.hooks.spark_submit.SparkSubmitHook"}
{"timestamp":"2025-07-13T11:13:15.546367","level":"info","event":"25/07/13 11:13:15 INFO ShutdownHookManager: Shutdown hook called","logger":"airflow.task.hooks.airflow.providers.apache.spark.hooks.spark_submit.SparkSubmitHook"}
{"timestamp":"2025-07-13T11:13:15.546750","level":"info","event":"25/07/13 11:13:15 INFO ShutdownHookManager: Deleting directory /tmp/spark-bd1032a9-a969-432c-8864-29058c731473","logger":"airflow.task.hooks.airflow.providers.apache.spark.hooks.spark_submit.SparkSubmitHook"}
{"timestamp":"2025-07-13T11:13:15.551709","level":"info","event":"25/07/13 11:13:15 INFO ShutdownHookManager: Deleting directory /tmp/spark-d3f354d7-3abd-4df4-9aba-8324a12590ea","logger":"airflow.task.hooks.airflow.providers.apache.spark.hooks.spark_submit.SparkSubmitHook"}
{"timestamp":"2025-07-13T11:13:15.555207","level":"info","event":"25/07/13 11:13:15 INFO ShutdownHookManager: Deleting directory /tmp/spark-bd1032a9-a969-432c-8864-29058c731473/pyspark-81290a35-f321-4d19-b8b6-e547d36fd727","logger":"airflow.task.hooks.airflow.providers.apache.spark.hooks.spark_submit.SparkSubmitHook"}
{"timestamp":"2025-07-13T11:13:15.563229","level":"info","event":"25/07/13 11:13:15 INFO MetricsSystemImpl: Stopping s3a-file-system metrics system...","logger":"airflow.task.hooks.airflow.providers.apache.spark.hooks.spark_submit.SparkSubmitHook"}
{"timestamp":"2025-07-13T11:13:15.563542","level":"info","event":"25/07/13 11:13:15 INFO MetricsSystemImpl: s3a-file-system metrics system stopped.","logger":"airflow.task.hooks.airflow.providers.apache.spark.hooks.spark_submit.SparkSubmitHook"}
{"timestamp":"2025-07-13T11:13:15.563657","level":"info","event":"25/07/13 11:13:15 INFO MetricsSystemImpl: s3a-file-system metrics system shutdown complete.","logger":"airflow.task.hooks.airflow.providers.apache.spark.hooks.spark_submit.SparkSubmitHook"}
