{"timestamp":"2025-07-11T20:02:40.384994","level":"info","event":"DAG bundles loaded: dags-folder","logger":"airflow.dag_processing.bundles.manager.DagBundlesManager"}
{"timestamp":"2025-07-11T20:02:40.386875","level":"info","event":"Filling up the DagBag from /opt/airflow/dags/main.py","logger":"airflow.models.dagbag.DagBag"}
{"timestamp":"2025-07-11T20:02:42.486261","level":"info","event":"Saved RSS feed","logger":"unusual_prefix_8f3fa82684731fec338e7a38d6fbf711ac450beb_main"}
{"timestamp":"2025-07-11T20:02:44.642282","level":"info","event":"Scraped and uploaded: https://www.bbc.com/news/articles/cx2gy3j9xq6o","logger":"unusual_prefix_8f3fa82684731fec338e7a38d6fbf711ac450beb_main"}
{"timestamp":"2025-07-11T20:02:44.643912","level":"info","event":"Scraped and uploaded: https://www.bbc.com/news/articles/cwykgrv374eo","logger":"unusual_prefix_8f3fa82684731fec338e7a38d6fbf711ac450beb_main"}
{"timestamp":"2025-07-11T20:02:44.645219","level":"info","event":"Scraped and uploaded: https://www.bbc.com/news/articles/c8j13m74lklo","logger":"unusual_prefix_8f3fa82684731fec338e7a38d6fbf711ac450beb_main"}
{"timestamp":"2025-07-11T20:02:44.667341","level":"info","event":"Scraped and uploaded: https://www.bbc.com/news/articles/cy8kjdz9nr3o","logger":"unusual_prefix_8f3fa82684731fec338e7a38d6fbf711ac450beb_main"}
{"timestamp":"2025-07-11T20:02:44.668433","level":"info","event":"Scraped and uploaded: https://www.bbc.com/news/articles/c4g8r34nxeno","logger":"unusual_prefix_8f3fa82684731fec338e7a38d6fbf711ac450beb_main"}
{"timestamp":"2025-07-11T20:02:45.864627","level":"info","event":"Scraped and uploaded: https://www.bbc.com/news/articles/ckglzxy389zo","logger":"unusual_prefix_8f3fa82684731fec338e7a38d6fbf711ac450beb_main"}
{"timestamp":"2025-07-11T20:02:45.913534","level":"info","event":"Scraped and uploaded: https://www.bbc.com/news/articles/c4ge9xk8wj0o","logger":"unusual_prefix_8f3fa82684731fec338e7a38d6fbf711ac450beb_main"}
{"timestamp":"2025-07-11T20:02:45.920711","level":"info","event":"Scraped and uploaded: https://www.bbc.com/news/articles/ce8zqvgpm3lo","logger":"unusual_prefix_8f3fa82684731fec338e7a38d6fbf711ac450beb_main"}
{"timestamp":"2025-07-11T20:02:45.922514","level":"info","event":"Scraped and uploaded: https://www.bbc.com/news/articles/cwyxggv9j9zo","logger":"unusual_prefix_8f3fa82684731fec338e7a38d6fbf711ac450beb_main"}
{"timestamp":"2025-07-11T20:02:45.924569","level":"info","event":"Scraped and uploaded: https://www.bbc.com/sport/tennis/articles/cdr3nk7vd28o","logger":"unusual_prefix_8f3fa82684731fec338e7a38d6fbf711ac450beb_main"}
{"timestamp":"2025-07-11T20:02:47.144598","level":"info","event":"Scraped and uploaded: https://www.bbc.com/news/articles/cy7nppe5gkgo","logger":"unusual_prefix_8f3fa82684731fec338e7a38d6fbf711ac450beb_main"}
{"timestamp":"2025-07-11T20:02:47.146702","level":"info","event":"Scraped and uploaded: https://www.bbc.com/news/articles/cpvjdm4mp92o","logger":"unusual_prefix_8f3fa82684731fec338e7a38d6fbf711ac450beb_main"}
{"timestamp":"2025-07-11T20:02:47.173435","level":"info","event":"Scraped and uploaded: https://www.bbc.com/news/articles/cvgnp9ykm3xo","logger":"unusual_prefix_8f3fa82684731fec338e7a38d6fbf711ac450beb_main"}
{"timestamp":"2025-07-11T20:02:47.175382","level":"info","event":"Scraped and uploaded: https://www.bbc.com/news/articles/cdxl0w1w394o","logger":"unusual_prefix_8f3fa82684731fec338e7a38d6fbf711ac450beb_main"}
{"timestamp":"2025-07-11T20:02:47.176176","level":"info","event":"Scraped and uploaded: https://www.bbc.com/news/articles/cp8mjnn7eqno","logger":"unusual_prefix_8f3fa82684731fec338e7a38d6fbf711ac450beb_main"}
{"timestamp":"2025-07-11T20:02:48.449813","level":"info","event":"Scraped and uploaded: https://www.bbc.com/news/articles/ckgdydzxe6go","logger":"unusual_prefix_8f3fa82684731fec338e7a38d6fbf711ac450beb_main"}
{"timestamp":"2025-07-11T20:02:48.544189","level":"info","event":"Scraped and uploaded: https://www.bbc.com/news/articles/c20nqdl5ydjo","logger":"unusual_prefix_8f3fa82684731fec338e7a38d6fbf711ac450beb_main"}
{"timestamp":"2025-07-11T20:02:48.554706","level":"info","event":"Scraped and uploaded: https://www.bbc.com/news/articles/cvg885p923jo","logger":"unusual_prefix_8f3fa82684731fec338e7a38d6fbf711ac450beb_main"}
{"timestamp":"2025-07-11T20:02:48.558951","level":"info","event":"Scraped and uploaded: https://www.bbc.com/news/articles/cgrxxyy2v1jo","logger":"unusual_prefix_8f3fa82684731fec338e7a38d6fbf711ac450beb_main"}
{"timestamp":"2025-07-11T20:02:48.559595","level":"info","event":"Scraped and uploaded: https://www.bbc.com/news/videos/c5ylkyrkjnzo","logger":"unusual_prefix_8f3fa82684731fec338e7a38d6fbf711ac450beb_main"}
{"timestamp":"2025-07-11T20:02:49.830301","level":"info","event":"Scraped and uploaded: https://www.bbc.com/news/articles/cr5v2lz5vl6o","logger":"unusual_prefix_8f3fa82684731fec338e7a38d6fbf711ac450beb_main"}
{"timestamp":"2025-07-11T20:02:49.858098","level":"info","event":"Scraped and uploaded: https://www.bbc.com/news/articles/cx20kd173z1o","logger":"unusual_prefix_8f3fa82684731fec338e7a38d6fbf711ac450beb_main"}
{"timestamp":"2025-07-11T20:02:49.858771","level":"info","event":"Scraped and uploaded: https://www.bbc.com/news/articles/cz9y1l397vno","logger":"unusual_prefix_8f3fa82684731fec338e7a38d6fbf711ac450beb_main"}
{"timestamp":"2025-07-11T20:02:49.859377","level":"info","event":"Scraped and uploaded: https://www.bbc.com/news/articles/cy4yv3pmmwjo","logger":"unusual_prefix_8f3fa82684731fec338e7a38d6fbf711ac450beb_main"}
{"timestamp":"2025-07-11T20:02:49.860459","level":"info","event":"Scraped and uploaded: https://www.bbc.com/news/articles/c3r9nwgvwy3o","logger":"unusual_prefix_8f3fa82684731fec338e7a38d6fbf711ac450beb_main"}
{"timestamp":"2025-07-11T20:02:51.042751","level":"info","event":"Scraped and uploaded: https://www.bbc.com/news/articles/cdxlqeyw95no","logger":"unusual_prefix_8f3fa82684731fec338e7a38d6fbf711ac450beb_main"}
{"timestamp":"2025-07-11T20:02:51.075392","level":"info","event":"Scraped and uploaded: https://www.bbc.com/news/articles/c77vr00enzyo","logger":"unusual_prefix_8f3fa82684731fec338e7a38d6fbf711ac450beb_main"}
{"timestamp":"2025-07-11T20:02:51.075887","level":"info","event":"Scraped and uploaded: https://www.bbc.com/news/articles/cj3rmjjgx6xo","logger":"unusual_prefix_8f3fa82684731fec338e7a38d6fbf711ac450beb_main"}
{"timestamp":"2025-07-11T20:02:51.107800","level":"info","event":"Scraped and uploaded: https://www.bbc.com/news/articles/cg75zv4gny2o","logger":"unusual_prefix_8f3fa82684731fec338e7a38d6fbf711ac450beb_main"}
{"timestamp":"2025-07-11T20:02:51.108205","level":"info","event":"Scraped and uploaded: https://www.bbc.com/news/articles/cy4ym77rkgeo","logger":"unusual_prefix_8f3fa82684731fec338e7a38d6fbf711ac450beb_main"}
{"timestamp":"2025-07-11T20:02:52.321193","level":"info","event":"Scraped and uploaded: https://www.bbc.com/news/articles/cy7ndgylzzmo","logger":"unusual_prefix_8f3fa82684731fec338e7a38d6fbf711ac450beb_main"}
{"timestamp":"2025-07-11T20:02:52.340338","level":"info","event":"Scraped and uploaded: https://www.bbc.co.uk/sounds/play/w3ct6znw","logger":"unusual_prefix_8f3fa82684731fec338e7a38d6fbf711ac450beb_main"}
{"timestamp":"2025-07-11T20:02:52.341662","level":"info","event":"Scraped and uploaded: https://www.bbc.com/news/articles/cjwnlje3yp1o","logger":"unusual_prefix_8f3fa82684731fec338e7a38d6fbf711ac450beb_main"}
{"timestamp":"2025-07-11T20:02:52.343555","level":"info","event":"Scraped and uploaded: https://www.bbc.com/news/articles/cj4edkdxz2xo","logger":"unusual_prefix_8f3fa82684731fec338e7a38d6fbf711ac450beb_main"}
{"timestamp":"2025-07-11T20:02:52.840802","level":"info","event":"Scraped and uploaded: https://www.bbc.co.uk/iplayer/episode/m002fpwd","logger":"unusual_prefix_8f3fa82684731fec338e7a38d6fbf711ac450beb_main"}
{"timestamp":"2025-07-11T20:02:53.502045","level":"info","event":"Scraped and uploaded: https://www.bbc.co.uk/sounds/play/w3ct6znv","logger":"unusual_prefix_8f3fa82684731fec338e7a38d6fbf711ac450beb_main"}
{"timestamp":"2025-07-11T20:02:53.536791","level":"info","event":"Scraped and uploaded: https://www.bbc.co.uk/sounds/play/w3ct6zns","logger":"unusual_prefix_8f3fa82684731fec338e7a38d6fbf711ac450beb_main"}
{"timestamp":"2025-07-11T20:02:53.563332","level":"info","event":"Scraped and uploaded: https://www.bbc.co.uk/sounds/play/w3ct6znt","logger":"unusual_prefix_8f3fa82684731fec338e7a38d6fbf711ac450beb_main"}
{"timestamp":"2025-07-11T20:02:54.017080","level":"info","event":"Scraped and uploaded: https://www.bbc.co.uk/iplayer/episode/m002dgb9","logger":"unusual_prefix_8f3fa82684731fec338e7a38d6fbf711ac450beb_main"}
{"timestamp":"2025-07-11T20:02:54.061286","level":"info","event":"Scraped and uploaded: https://www.bbc.com/news/articles/cj6r06d7xdjo","logger":"unusual_prefix_8f3fa82684731fec338e7a38d6fbf711ac450beb_main"}
{"timestamp":"2025-07-11T20:02:54.738494","level":"info","event":"Scraped and uploaded: https://www.bbc.com/news/articles/c4g2ezl7xqyo","logger":"unusual_prefix_8f3fa82684731fec338e7a38d6fbf711ac450beb_main"}
{"timestamp":"2025-07-11T20:02:54.752167","level":"info","event":"Scraped and uploaded: https://www.bbc.com/news/articles/cz9y1l397vno","logger":"unusual_prefix_8f3fa82684731fec338e7a38d6fbf711ac450beb_main"}
{"timestamp":"2025-07-11T20:02:54.767223","level":"info","event":"Scraped and uploaded: https://www.bbc.com/news/articles/cqx2jz1l477o","logger":"unusual_prefix_8f3fa82684731fec338e7a38d6fbf711ac450beb_main"}
{"timestamp":"2025-07-11T20:02:55.240687","level":"info","event":"Scraped and uploaded: https://www.bbc.com/weather/articles/cwy6ykp7049o","logger":"unusual_prefix_8f3fa82684731fec338e7a38d6fbf711ac450beb_main"}
{"timestamp":"2025-07-11T20:02:55.276412","level":"info","event":"Scraped and uploaded: https://www.bbc.com/news/articles/cm234l04xmro","logger":"unusual_prefix_8f3fa82684731fec338e7a38d6fbf711ac450beb_main"}
{"timestamp":"2025-07-11T20:02:55.950802","level":"info","event":"Scraped and uploaded: https://www.bbc.com/news/articles/c0qg3ylx2g9o","logger":"unusual_prefix_8f3fa82684731fec338e7a38d6fbf711ac450beb_main"}
{"timestamp":"2025-07-11T20:02:55.960342","level":"info","event":"Scraped and uploaded: https://www.bbc.com/news/articles/c79ewz7qej4o","logger":"unusual_prefix_8f3fa82684731fec338e7a38d6fbf711ac450beb_main"}
{"timestamp":"2025-07-11T20:02:55.969694","level":"info","event":"Scraped and uploaded: https://www.bbc.com/news/articles/c5y5zg85wnlo","logger":"unusual_prefix_8f3fa82684731fec338e7a38d6fbf711ac450beb_main"}
{"timestamp":"2025-07-11T20:02:56.457565","level":"info","event":"Scraped and uploaded: https://www.bbc.com/news/articles/clynkqw236po","logger":"unusual_prefix_8f3fa82684731fec338e7a38d6fbf711ac450beb_main"}
{"timestamp":"2025-07-11T20:02:56.501892","level":"info","event":"Scraped and uploaded: https://www.bbc.com/news/articles/c20xlqn0e5po","logger":"unusual_prefix_8f3fa82684731fec338e7a38d6fbf711ac450beb_main"}
{"timestamp":"2025-07-11T20:02:57.205838","level":"info","event":"Scraped and uploaded: https://www.bbc.co.uk/bitesize/articles/z2b7rmn","logger":"unusual_prefix_8f3fa82684731fec338e7a38d6fbf711ac450beb_main"}
{"timestamp":"2025-07-11T20:02:57.234948","level":"info","event":"Scraped and uploaded: https://www.bbc.com/news/articles/c62g6vdl3vqo","logger":"unusual_prefix_8f3fa82684731fec338e7a38d6fbf711ac450beb_main"}
{"timestamp":"2025-07-11T20:02:57.257769","level":"info","event":"Scraped and uploaded: https://www.bbc.com/news/articles/cpdzjev2d9wo","logger":"unusual_prefix_8f3fa82684731fec338e7a38d6fbf711ac450beb_main"}
{"timestamp":"2025-07-11T20:02:57.683824","level":"info","event":"Scraped and uploaded: https://www.bbc.com/news/articles/czrve1zrlg3o","logger":"unusual_prefix_8f3fa82684731fec338e7a38d6fbf711ac450beb_main"}
{"timestamp":"2025-07-11T20:02:57.717487","level":"info","event":"Scraped and uploaded: https://www.bbc.com/news/articles/c7vnyn17p57o","logger":"unusual_prefix_8f3fa82684731fec338e7a38d6fbf711ac450beb_main"}
{"timestamp":"2025-07-11T20:02:58.444118","level":"info","event":"Scraped and uploaded: https://www.bbc.com/news/articles/cql6vgwyv4xo","logger":"unusual_prefix_8f3fa82684731fec338e7a38d6fbf711ac450beb_main"}
{"timestamp":"2025-07-11T20:02:58.447517","level":"info","event":"Done. Returned value was: None","logger":"airflow.task.operators.airflow.providers.standard.operators.python.PythonOperator"}
