{"timestamp":"2025-07-13T02:33:51.936315","level":"info","event":"DAG bundles loaded: dags-folder","logger":"airflow.dag_processing.bundles.manager.DagBundlesManager"}
{"timestamp":"2025-07-13T02:33:51.936973","level":"info","event":"Filling up the DagBag from /opt/airflow/dags/main.py","logger":"airflow.models.dagbag.DagBag"}
{"timestamp":"2025-07-13T02:33:53.400424","level":"info","event":"Saved RSS feed","logger":"unusual_prefix_8f3fa82684731fec338e7a38d6fbf711ac450beb_main"}
{"timestamp":"2025-07-13T02:33:55.573217","level":"info","event":"Scraped and uploaded: https://www.bbc.com/news/articles/cy8kjdz9nr3o","logger":"unusual_prefix_8f3fa82684731fec338e7a38d6fbf711ac450beb_main"}
{"timestamp":"2025-07-13T02:33:55.574318","level":"info","event":"Scraped and uploaded: https://www.bbc.com/news/articles/c4g8r34nxeno","logger":"unusual_prefix_8f3fa82684731fec338e7a38d6fbf711ac450beb_main"}
{"timestamp":"2025-07-13T02:33:55.574672","level":"info","event":"Scraped and uploaded: https://www.bbc.com/news/articles/c8j13m74lklo","logger":"unusual_prefix_8f3fa82684731fec338e7a38d6fbf711ac450beb_main"}
{"timestamp":"2025-07-13T02:33:55.884763","level":"info","event":"Scraped and uploaded: https://www.bbc.com/news/articles/cx2gy3j9xq6o","logger":"unusual_prefix_8f3fa82684731fec338e7a38d6fbf711ac450beb_main"}
{"timestamp":"2025-07-13T02:33:55.920067","level":"info","event":"Scraped and uploaded: https://www.bbc.com/news/articles/cwykgrv374eo","logger":"unusual_prefix_8f3fa82684731fec338e7a38d6fbf711ac450beb_main"}
{"timestamp":"2025-07-13T02:33:56.925381","level":"info","event":"Scraped and uploaded: https://www.bbc.com/news/articles/c4ge9xk8wj0o","logger":"unusual_prefix_8f3fa82684731fec338e7a38d6fbf711ac450beb_main"}
{"timestamp":"2025-07-13T02:33:56.940179","level":"info","event":"Scraped and uploaded: https://www.bbc.com/sport/tennis/articles/cdr3nk7vd28o","logger":"unusual_prefix_8f3fa82684731fec338e7a38d6fbf711ac450beb_main"}
{"timestamp":"2025-07-13T02:33:56.942528","level":"info","event":"Scraped and uploaded: https://www.bbc.com/news/articles/cwyxggv9j9zo","logger":"unusual_prefix_8f3fa82684731fec338e7a38d6fbf711ac450beb_main"}
{"timestamp":"2025-07-13T02:33:57.121494","level":"info","event":"Scraped and uploaded: https://www.bbc.com/news/articles/ce8zqvgpm3lo","logger":"unusual_prefix_8f3fa82684731fec338e7a38d6fbf711ac450beb_main"}
{"timestamp":"2025-07-13T02:33:57.152577","level":"info","event":"Scraped and uploaded: https://www.bbc.com/news/articles/ckglzxy389zo","logger":"unusual_prefix_8f3fa82684731fec338e7a38d6fbf711ac450beb_main"}
{"timestamp":"2025-07-13T02:33:58.177029","level":"info","event":"Scraped and uploaded: https://www.bbc.com/news/articles/cp8mjnn7eqno","logger":"unusual_prefix_8f3fa82684731fec338e7a38d6fbf711ac450beb_main"}
{"timestamp":"2025-07-13T02:33:58.182543","level":"info","event":"Scraped and uploaded: https://www.bbc.com/news/articles/cy7nppe5gkgo","logger":"unusual_prefix_8f3fa82684731fec338e7a38d6fbf711ac450beb_main"}
{"timestamp":"2025-07-13T02:33:58.391857","level":"info","event":"Scraped and uploaded: https://www.bbc.com/news/articles/cdxl0w1w394o","logger":"unusual_prefix_8f3fa82684731fec338e7a38d6fbf711ac450beb_main"}
{"timestamp":"2025-07-13T02:33:58.426727","level":"info","event":"Scraped and uploaded: https://www.bbc.com/news/articles/cpvjdm4mp92o","logger":"unusual_prefix_8f3fa82684731fec338e7a38d6fbf711ac450beb_main"}
{"timestamp":"2025-07-13T02:33:58.676946","level":"info","event":"Scraped and uploaded: https://www.bbc.com/news/articles/cvgnp9ykm3xo","logger":"unusual_prefix_8f3fa82684731fec338e7a38d6fbf711ac450beb_main"}
{"timestamp":"2025-07-13T02:33:59.475091","level":"info","event":"Scraped and uploaded: https://www.bbc.com/news/articles/cvg885p923jo","logger":"unusual_prefix_8f3fa82684731fec338e7a38d6fbf711ac450beb_main"}
{"timestamp":"2025-07-13T02:33:59.628594","level":"info","event":"Scraped and uploaded: https://www.bbc.com/news/articles/ckgdydzxe6go","logger":"unusual_prefix_8f3fa82684731fec338e7a38d6fbf711ac450beb_main"}
{"timestamp":"2025-07-13T02:33:59.916320","level":"info","event":"Scraped and uploaded: https://www.bbc.com/news/articles/c20nqdl5ydjo","logger":"unusual_prefix_8f3fa82684731fec338e7a38d6fbf711ac450beb_main"}
{"timestamp":"2025-07-13T02:34:00.000688","level":"info","event":"Scraped and uploaded: https://www.bbc.com/news/videos/c5ylkyrkjnzo","logger":"unusual_prefix_8f3fa82684731fec338e7a38d6fbf711ac450beb_main"}
{"timestamp":"2025-07-13T02:34:00.029558","level":"info","event":"Scraped and uploaded: https://www.bbc.com/news/articles/cgrxxyy2v1jo","logger":"unusual_prefix_8f3fa82684731fec338e7a38d6fbf711ac450beb_main"}
{"timestamp":"2025-07-13T02:34:00.859033","level":"info","event":"Scraped and uploaded: https://www.bbc.com/news/articles/cr5v2lz5vl6o","logger":"unusual_prefix_8f3fa82684731fec338e7a38d6fbf711ac450beb_main"}
{"timestamp":"2025-07-13T02:34:01.112994","level":"info","event":"Scraped and uploaded: https://www.bbc.com/news/articles/cz9y1l397vno","logger":"unusual_prefix_8f3fa82684731fec338e7a38d6fbf711ac450beb_main"}
{"timestamp":"2025-07-13T02:34:01.138020","level":"info","event":"Scraped and uploaded: https://www.bbc.com/news/articles/cy4yv3pmmwjo","logger":"unusual_prefix_8f3fa82684731fec338e7a38d6fbf711ac450beb_main"}
{"timestamp":"2025-07-13T02:34:01.258163","level":"info","event":"Scraped and uploaded: https://www.bbc.com/news/articles/c3r9nwgvwy3o","logger":"unusual_prefix_8f3fa82684731fec338e7a38d6fbf711ac450beb_main"}
{"timestamp":"2025-07-13T02:34:01.260688","level":"info","event":"Scraped and uploaded: https://www.bbc.com/news/articles/cx20kd173z1o","logger":"unusual_prefix_8f3fa82684731fec338e7a38d6fbf711ac450beb_main"}
{"timestamp":"2025-07-13T02:34:02.074010","level":"info","event":"Scraped and uploaded: https://www.bbc.com/news/articles/cdxlqeyw95no","logger":"unusual_prefix_8f3fa82684731fec338e7a38d6fbf711ac450beb_main"}
{"timestamp":"2025-07-13T02:34:02.375483","level":"info","event":"Scraped and uploaded: https://www.bbc.com/news/articles/c77vr00enzyo","logger":"unusual_prefix_8f3fa82684731fec338e7a38d6fbf711ac450beb_main"}
{"timestamp":"2025-07-13T02:34:02.736804","level":"info","event":"Scraped and uploaded: https://www.bbc.com/news/articles/cg75zv4gny2o","logger":"unusual_prefix_8f3fa82684731fec338e7a38d6fbf711ac450beb_main"}
{"timestamp":"2025-07-13T02:34:02.802664","level":"info","event":"Scraped and uploaded: https://www.bbc.com/news/articles/cj3rmjjgx6xo","logger":"unusual_prefix_8f3fa82684731fec338e7a38d6fbf711ac450beb_main"}
{"timestamp":"2025-07-13T02:34:03.161079","level":"info","event":"Scraped and uploaded: https://www.bbc.com/news/articles/cy4ym77rkgeo","logger":"unusual_prefix_8f3fa82684731fec338e7a38d6fbf711ac450beb_main"}
{"timestamp":"2025-07-13T02:34:03.302577","level":"info","event":"Scraped and uploaded: https://www.bbc.com/news/articles/cj4edkdxz2xo","logger":"unusual_prefix_8f3fa82684731fec338e7a38d6fbf711ac450beb_main"}
{"timestamp":"2025-07-13T02:34:03.967419","level":"info","event":"Scraped and uploaded: https://www.bbc.com/news/articles/cy7ndgylzzmo","logger":"unusual_prefix_8f3fa82684731fec338e7a38d6fbf711ac450beb_main"}
{"timestamp":"2025-07-13T02:34:04.239290","level":"info","event":"Scraped and uploaded: https://www.bbc.com/news/articles/cjwnlje3yp1o","logger":"unusual_prefix_8f3fa82684731fec338e7a38d6fbf711ac450beb_main"}
{"timestamp":"2025-07-13T02:34:04.367505","level":"info","event":"Scraped and uploaded: https://www.bbc.co.uk/sounds/play/w3ct6znw","logger":"unusual_prefix_8f3fa82684731fec338e7a38d6fbf711ac450beb_main"}
{"timestamp":"2025-07-13T02:34:04.525266","level":"info","event":"Scraped and uploaded: https://www.bbc.co.uk/iplayer/episode/m002fpwd","logger":"unusual_prefix_8f3fa82684731fec338e7a38d6fbf711ac450beb_main"}
{"timestamp":"2025-07-13T02:34:04.528711","level":"info","event":"Scraped and uploaded: https://www.bbc.co.uk/sounds/play/w3ct6znv","logger":"unusual_prefix_8f3fa82684731fec338e7a38d6fbf711ac450beb_main"}
{"timestamp":"2025-07-13T02:34:05.161037","level":"info","event":"Scraped and uploaded: https://www.bbc.co.uk/sounds/play/w3ct6znt","logger":"unusual_prefix_8f3fa82684731fec338e7a38d6fbf711ac450beb_main"}
{"timestamp":"2025-07-13T02:34:05.585980","level":"info","event":"Scraped and uploaded: https://www.bbc.co.uk/sounds/play/w3ct6zns","logger":"unusual_prefix_8f3fa82684731fec338e7a38d6fbf711ac450beb_main"}
{"timestamp":"2025-07-13T02:34:05.798497","level":"info","event":"Scraped and uploaded: https://www.bbc.com/news/articles/cj6r06d7xdjo","logger":"unusual_prefix_8f3fa82684731fec338e7a38d6fbf711ac450beb_main"}
{"timestamp":"2025-07-13T02:34:05.994095","level":"info","event":"Scraped and uploaded: https://www.bbc.co.uk/iplayer/episode/m002dgb9","logger":"unusual_prefix_8f3fa82684731fec338e7a38d6fbf711ac450beb_main"}
{"timestamp":"2025-07-13T02:34:06.417539","level":"info","event":"Scraped and uploaded: https://www.bbc.com/news/articles/cz9y1l397vno","logger":"unusual_prefix_8f3fa82684731fec338e7a38d6fbf711ac450beb_main"}
{"timestamp":"2025-07-13T02:34:06.493968","level":"info","event":"Scraped and uploaded: https://www.bbc.com/news/articles/c4g2ezl7xqyo","logger":"unusual_prefix_8f3fa82684731fec338e7a38d6fbf711ac450beb_main"}
{"timestamp":"2025-07-13T02:34:07.077369","level":"info","event":"Scraped and uploaded: https://www.bbc.com/weather/articles/cwy6ykp7049o","logger":"unusual_prefix_8f3fa82684731fec338e7a38d6fbf711ac450beb_main"}
{"timestamp":"2025-07-13T02:34:07.089920","level":"info","event":"Scraped and uploaded: https://www.bbc.com/news/articles/cqx2jz1l477o","logger":"unusual_prefix_8f3fa82684731fec338e7a38d6fbf711ac450beb_main"}
{"timestamp":"2025-07-13T02:34:07.255668","level":"info","event":"Scraped and uploaded: https://www.bbc.com/news/articles/cm234l04xmro","logger":"unusual_prefix_8f3fa82684731fec338e7a38d6fbf711ac450beb_main"}
{"timestamp":"2025-07-13T02:34:07.724208","level":"info","event":"Scraped and uploaded: https://www.bbc.com/news/articles/c0qg3ylx2g9o","logger":"unusual_prefix_8f3fa82684731fec338e7a38d6fbf711ac450beb_main"}
{"timestamp":"2025-07-13T02:34:08.024711","level":"info","event":"Scraped and uploaded: https://www.bbc.com/news/articles/c79ewz7qej4o","logger":"unusual_prefix_8f3fa82684731fec338e7a38d6fbf711ac450beb_main"}
{"timestamp":"2025-07-13T02:34:08.513147","level":"info","event":"Scraped and uploaded: https://www.bbc.com/news/articles/c20xlqn0e5po","logger":"unusual_prefix_8f3fa82684731fec338e7a38d6fbf711ac450beb_main"}
{"timestamp":"2025-07-13T02:34:08.658920","level":"info","event":"Scraped and uploaded: https://www.bbc.com/news/articles/c5y5zg85wnlo","logger":"unusual_prefix_8f3fa82684731fec338e7a38d6fbf711ac450beb_main"}
{"timestamp":"2025-07-13T02:34:08.671303","level":"info","event":"Scraped and uploaded: https://www.bbc.com/news/articles/clynkqw236po","logger":"unusual_prefix_8f3fa82684731fec338e7a38d6fbf711ac450beb_main"}
{"timestamp":"2025-07-13T02:34:09.273328","level":"info","event":"Scraped and uploaded: https://www.bbc.co.uk/bitesize/articles/z2b7rmn","logger":"unusual_prefix_8f3fa82684731fec338e7a38d6fbf711ac450beb_main"}
{"timestamp":"2025-07-13T02:34:09.311706","level":"info","event":"Scraped and uploaded: https://www.bbc.com/news/articles/cpdzjev2d9wo","logger":"unusual_prefix_8f3fa82684731fec338e7a38d6fbf711ac450beb_main"}
{"timestamp":"2025-07-13T02:34:09.856112","level":"info","event":"Scraped and uploaded: https://www.bbc.com/news/articles/c62g6vdl3vqo","logger":"unusual_prefix_8f3fa82684731fec338e7a38d6fbf711ac450beb_main"}
{"timestamp":"2025-07-13T02:34:10.251582","level":"info","event":"Scraped and uploaded: https://www.bbc.com/news/articles/czrve1zrlg3o","logger":"unusual_prefix_8f3fa82684731fec338e7a38d6fbf711ac450beb_main"}
{"timestamp":"2025-07-13T02:34:10.258977","level":"info","event":"Scraped and uploaded: https://www.bbc.com/news/articles/c7vnyn17p57o","logger":"unusual_prefix_8f3fa82684731fec338e7a38d6fbf711ac450beb_main"}
{"timestamp":"2025-07-13T02:34:10.952241","level":"info","event":"Scraped and uploaded: https://www.bbc.com/news/articles/cql6vgwyv4xo","logger":"unusual_prefix_8f3fa82684731fec338e7a38d6fbf711ac450beb_main"}
{"timestamp":"2025-07-13T02:34:10.958131","level":"info","event":"Done. Returned value was: None","logger":"airflow.task.operators.airflow.providers.standard.operators.python.PythonOperator"}
