{"timestamp":"2025-07-13T16:59:33.644972","level":"info","event":"DAG bundles loaded: dags-folder","logger":"airflow.dag_processing.bundles.manager.DagBundlesManager"}
{"timestamp":"2025-07-13T16:59:33.646779","level":"info","event":"Filling up the DagBag from /opt/airflow/dags/activefence.py","logger":"airflow.models.dagbag.DagBag"}
{"timestamp":"2025-07-13T16:59:35.729928","level":"info","event":"Saved RSS feed","logger":"unusual_prefix_0aab8e1abe4a8f324d874f9a30de87ad63865522_activefence"}
{"timestamp":"2025-07-13T16:59:37.206088","level":"info","event":"Scraped and uploaded: https://www.bbc.com/news/articles/cp82447l84ko","logger":"unusual_prefix_0aab8e1abe4a8f324d874f9a30de87ad63865522_activefence"}
{"timestamp":"2025-07-13T16:59:37.448504","level":"info","event":"Scraped and uploaded: https://www.bbc.com/news/articles/cx2gy3j9xq6o","logger":"unusual_prefix_0aab8e1abe4a8f324d874f9a30de87ad63865522_activefence"}
{"timestamp":"2025-07-13T16:59:37.562684","level":"info","event":"Scraped and uploaded: https://www.bbc.com/news/articles/cwykgrv374eo","logger":"unusual_prefix_0aab8e1abe4a8f324d874f9a30de87ad63865522_activefence"}
{"timestamp":"2025-07-13T16:59:37.655372","level":"info","event":"Scraped and uploaded: https://www.bbc.com/news/articles/c8j13m74lklo","logger":"unusual_prefix_0aab8e1abe4a8f324d874f9a30de87ad63865522_activefence"}
{"timestamp":"2025-07-13T16:59:37.702415","level":"info","event":"Scraped and uploaded: https://www.bbc.com/news/articles/c4g8r34nxeno","logger":"unusual_prefix_0aab8e1abe4a8f324d874f9a30de87ad63865522_activefence"}
{"timestamp":"2025-07-13T16:59:38.677835","level":"info","event":"Scraped and uploaded: https://www.bbc.com/news/articles/cwyxggv9j9zo","logger":"unusual_prefix_0aab8e1abe4a8f324d874f9a30de87ad63865522_activefence"}
{"timestamp":"2025-07-13T16:59:38.793909","level":"info","event":"Scraped and uploaded: https://www.bbc.com/news/articles/cy8kjdz9nr3o","logger":"unusual_prefix_0aab8e1abe4a8f324d874f9a30de87ad63865522_activefence"}
{"timestamp":"2025-07-13T16:59:38.833161","level":"info","event":"Scraped and uploaded: https://www.bbc.com/sport/tennis/articles/cdr3nk7vd28o","logger":"unusual_prefix_0aab8e1abe4a8f324d874f9a30de87ad63865522_activefence"}
{"timestamp":"2025-07-13T16:59:38.867070","level":"info","event":"Scraped and uploaded: https://www.bbc.com/news/articles/c4ge9xk8wj0o","logger":"unusual_prefix_0aab8e1abe4a8f324d874f9a30de87ad63865522_activefence"}
{"timestamp":"2025-07-13T16:59:39.372629","level":"info","event":"Scraped and uploaded: https://www.bbc.com/news/articles/ce8zqvgpm3lo","logger":"unusual_prefix_0aab8e1abe4a8f324d874f9a30de87ad63865522_activefence"}
{"timestamp":"2025-07-13T16:59:40.107638","level":"info","event":"Scraped and uploaded: https://www.bbc.com/news/articles/cp8mjnn7eqno","logger":"unusual_prefix_0aab8e1abe4a8f324d874f9a30de87ad63865522_activefence"}
{"timestamp":"2025-07-13T16:59:40.190672","level":"info","event":"Scraped and uploaded: https://www.bbc.com/news/articles/ckglzxy389zo","logger":"unusual_prefix_0aab8e1abe4a8f324d874f9a30de87ad63865522_activefence"}
{"timestamp":"2025-07-13T16:59:40.312062","level":"info","event":"Scraped and uploaded: https://www.bbc.com/news/articles/cy7nppe5gkgo","logger":"unusual_prefix_0aab8e1abe4a8f324d874f9a30de87ad63865522_activefence"}
{"timestamp":"2025-07-13T16:59:40.409342","level":"info","event":"Scraped and uploaded: https://www.bbc.com/news/articles/cpvjdm4mp92o","logger":"unusual_prefix_0aab8e1abe4a8f324d874f9a30de87ad63865522_activefence"}
{"timestamp":"2025-07-13T16:59:40.995633","level":"info","event":"Scraped and uploaded: https://www.bbc.com/news/articles/cvgnp9ykm3xo","logger":"unusual_prefix_0aab8e1abe4a8f324d874f9a30de87ad63865522_activefence"}
{"timestamp":"2025-07-13T16:59:41.661111","level":"info","event":"Scraped and uploaded: https://www.bbc.com/news/articles/cdxl0w1w394o","logger":"unusual_prefix_0aab8e1abe4a8f324d874f9a30de87ad63865522_activefence"}
{"timestamp":"2025-07-13T16:59:41.722075","level":"info","event":"Scraped and uploaded: https://www.bbc.com/news/articles/ckgdydzxe6go","logger":"unusual_prefix_0aab8e1abe4a8f324d874f9a30de87ad63865522_activefence"}
{"timestamp":"2025-07-13T16:59:41.825135","level":"info","event":"Scraped and uploaded: https://www.bbc.com/news/articles/cvg885p923jo","logger":"unusual_prefix_0aab8e1abe4a8f324d874f9a30de87ad63865522_activefence"}
{"timestamp":"2025-07-13T16:59:41.976792","level":"info","event":"Scraped and uploaded: https://www.bbc.com/news/videos/c5ylkyrkjnzo","logger":"unusual_prefix_0aab8e1abe4a8f324d874f9a30de87ad63865522_activefence"}
{"timestamp":"2025-07-13T16:59:42.607150","level":"info","event":"Scraped and uploaded: https://www.bbc.com/news/articles/cgrxxyy2v1jo","logger":"unusual_prefix_0aab8e1abe4a8f324d874f9a30de87ad63865522_activefence"}
{"timestamp":"2025-07-13T16:59:42.870308","level":"info","event":"Scraped and uploaded: https://www.bbc.com/news/articles/c20nqdl5ydjo","logger":"unusual_prefix_0aab8e1abe4a8f324d874f9a30de87ad63865522_activefence"}
{"timestamp":"2025-07-13T16:59:43.213053","level":"info","event":"Scraped and uploaded: https://www.bbc.com/news/articles/cy4yv3pmmwjo","logger":"unusual_prefix_0aab8e1abe4a8f324d874f9a30de87ad63865522_activefence"}
{"timestamp":"2025-07-13T16:59:43.249640","level":"info","event":"Scraped and uploaded: https://www.bbc.com/news/articles/cz9y1l397vno","logger":"unusual_prefix_0aab8e1abe4a8f324d874f9a30de87ad63865522_activefence"}
{"timestamp":"2025-07-13T16:59:43.553158","level":"info","event":"Scraped and uploaded: https://www.bbc.com/news/articles/cr5v2lz5vl6o","logger":"unusual_prefix_0aab8e1abe4a8f324d874f9a30de87ad63865522_activefence"}
{"timestamp":"2025-07-13T16:59:43.858223","level":"info","event":"Scraped and uploaded: https://www.bbc.com/news/articles/c3r9nwgvwy3o","logger":"unusual_prefix_0aab8e1abe4a8f324d874f9a30de87ad63865522_activefence"}
{"timestamp":"2025-07-13T16:59:44.110850","level":"info","event":"Scraped and uploaded: https://www.bbc.com/news/articles/cx20kd173z1o","logger":"unusual_prefix_0aab8e1abe4a8f324d874f9a30de87ad63865522_activefence"}
{"timestamp":"2025-07-13T16:59:44.395227","level":"info","event":"Scraped and uploaded: https://www.bbc.com/news/articles/cdxlqeyw95no","logger":"unusual_prefix_0aab8e1abe4a8f324d874f9a30de87ad63865522_activefence"}
{"timestamp":"2025-07-13T16:59:44.865800","level":"info","event":"Scraped and uploaded: https://www.bbc.com/news/articles/c77vr00enzyo","logger":"unusual_prefix_0aab8e1abe4a8f324d874f9a30de87ad63865522_activefence"}
{"timestamp":"2025-07-13T16:59:45.219304","level":"info","event":"Scraped and uploaded: https://www.bbc.com/news/articles/cg75zv4gny2o","logger":"unusual_prefix_0aab8e1abe4a8f324d874f9a30de87ad63865522_activefence"}
{"timestamp":"2025-07-13T16:59:45.335305","level":"info","event":"Scraped and uploaded: https://www.bbc.com/news/articles/cj3rmjjgx6xo","logger":"unusual_prefix_0aab8e1abe4a8f324d874f9a30de87ad63865522_activefence"}
{"timestamp":"2025-07-13T16:59:45.527073","level":"info","event":"Scraped and uploaded: https://www.bbc.com/news/articles/cy4ym77rkgeo","logger":"unusual_prefix_0aab8e1abe4a8f324d874f9a30de87ad63865522_activefence"}
{"timestamp":"2025-07-13T16:59:46.297511","level":"info","event":"Scraped and uploaded: https://www.bbc.com/news/articles/cj4edkdxz2xo","logger":"unusual_prefix_0aab8e1abe4a8f324d874f9a30de87ad63865522_activefence"}
{"timestamp":"2025-07-13T16:59:46.426118","level":"info","event":"Scraped and uploaded: https://www.bbc.co.uk/sounds/play/w3ct6znw","logger":"unusual_prefix_0aab8e1abe4a8f324d874f9a30de87ad63865522_activefence"}
{"timestamp":"2025-07-13T16:59:46.540455","level":"info","event":"Scraped and uploaded: https://www.bbc.co.uk/sounds/play/w3ct6znv","logger":"unusual_prefix_0aab8e1abe4a8f324d874f9a30de87ad63865522_activefence"}
{"timestamp":"2025-07-13T16:59:46.610699","level":"info","event":"Scraped and uploaded: https://www.bbc.co.uk/iplayer/episode/m002fpwd","logger":"unusual_prefix_0aab8e1abe4a8f324d874f9a30de87ad63865522_activefence"}
{"timestamp":"2025-07-13T16:59:46.716752","level":"info","event":"Scraped and uploaded: https://www.bbc.co.uk/sounds/play/w3ct6znt","logger":"unusual_prefix_0aab8e1abe4a8f324d874f9a30de87ad63865522_activefence"}
{"timestamp":"2025-07-13T16:59:47.615579","level":"info","event":"Scraped and uploaded: https://www.bbc.co.uk/sounds/play/w3ct6zns","logger":"unusual_prefix_0aab8e1abe4a8f324d874f9a30de87ad63865522_activefence"}
{"timestamp":"2025-07-13T16:59:47.795365","level":"info","event":"Scraped and uploaded: https://www.bbc.com/news/articles/cj6r06d7xdjo","logger":"unusual_prefix_0aab8e1abe4a8f324d874f9a30de87ad63865522_activefence"}
{"timestamp":"2025-07-13T16:59:47.948984","level":"info","event":"Scraped and uploaded: https://www.bbc.com/news/articles/cz9y1l397vno","logger":"unusual_prefix_0aab8e1abe4a8f324d874f9a30de87ad63865522_activefence"}
{"timestamp":"2025-07-13T16:59:48.168603","level":"info","event":"Scraped and uploaded: https://www.bbc.com/news/articles/c4g2ezl7xqyo","logger":"unusual_prefix_0aab8e1abe4a8f324d874f9a30de87ad63865522_activefence"}
{"timestamp":"2025-07-13T16:59:48.502454","level":"info","event":"Scraped and uploaded: https://www.bbc.co.uk/iplayer/episode/m002dgb9","logger":"unusual_prefix_0aab8e1abe4a8f324d874f9a30de87ad63865522_activefence"}
{"timestamp":"2025-07-13T16:59:49.033087","level":"info","event":"Scraped and uploaded: https://www.bbc.com/weather/articles/cwy6ykp7049o","logger":"unusual_prefix_0aab8e1abe4a8f324d874f9a30de87ad63865522_activefence"}
{"timestamp":"2025-07-13T16:59:49.146324","level":"info","event":"Scraped and uploaded: https://www.bbc.com/news/articles/cqx2jz1l477o","logger":"unusual_prefix_0aab8e1abe4a8f324d874f9a30de87ad63865522_activefence"}
{"timestamp":"2025-07-13T16:59:49.197472","level":"info","event":"Scraped and uploaded: https://www.bbc.com/news/articles/cm234l04xmro","logger":"unusual_prefix_0aab8e1abe4a8f324d874f9a30de87ad63865522_activefence"}
{"timestamp":"2025-07-13T16:59:49.736993","level":"info","event":"Scraped and uploaded: https://www.bbc.com/news/articles/c0qg3ylx2g9o","logger":"unusual_prefix_0aab8e1abe4a8f324d874f9a30de87ad63865522_activefence"}
{"timestamp":"2025-07-13T16:59:49.751741","level":"info","event":"Scraped and uploaded: https://www.bbc.com/news/articles/c79ewz7qej4o","logger":"unusual_prefix_0aab8e1abe4a8f324d874f9a30de87ad63865522_activefence"}
{"timestamp":"2025-07-13T16:59:50.450084","level":"info","event":"Scraped and uploaded: https://www.bbc.com/news/articles/c20xlqn0e5po","logger":"unusual_prefix_0aab8e1abe4a8f324d874f9a30de87ad63865522_activefence"}
{"timestamp":"2025-07-13T16:59:50.658166","level":"info","event":"Scraped and uploaded: https://www.bbc.com/news/articles/clynkqw236po","logger":"unusual_prefix_0aab8e1abe4a8f324d874f9a30de87ad63865522_activefence"}
{"timestamp":"2025-07-13T16:59:50.878652","level":"info","event":"Scraped and uploaded: https://www.bbc.com/news/articles/c5y5zg85wnlo","logger":"unusual_prefix_0aab8e1abe4a8f324d874f9a30de87ad63865522_activefence"}
{"timestamp":"2025-07-13T16:59:50.954328","level":"info","event":"Scraped and uploaded: https://www.bbc.co.uk/bitesize/articles/z2b7rmn","logger":"unusual_prefix_0aab8e1abe4a8f324d874f9a30de87ad63865522_activefence"}
{"timestamp":"2025-07-13T16:59:51.424626","level":"info","event":"Scraped and uploaded: https://www.bbc.com/news/articles/cpdzjev2d9wo","logger":"unusual_prefix_0aab8e1abe4a8f324d874f9a30de87ad63865522_activefence"}
{"timestamp":"2025-07-13T16:59:52.420253","level":"info","event":"Scraped and uploaded: https://www.bbc.com/news/articles/c62g6vdl3vqo","logger":"unusual_prefix_0aab8e1abe4a8f324d874f9a30de87ad63865522_activefence"}
{"timestamp":"2025-07-13T16:59:52.421258","level":"info","event":"Scraped and uploaded: https://www.bbc.com/news/articles/czrve1zrlg3o","logger":"unusual_prefix_0aab8e1abe4a8f324d874f9a30de87ad63865522_activefence"}
{"timestamp":"2025-07-13T16:59:52.452135","level":"info","event":"Scraped and uploaded: https://www.bbc.com/news/articles/c7vnyn17p57o","logger":"unusual_prefix_0aab8e1abe4a8f324d874f9a30de87ad63865522_activefence"}
{"timestamp":"2025-07-13T16:59:52.676022","level":"info","event":"Scraped and uploaded: https://www.bbc.com/news/articles/cql6vgwyv4xo","logger":"unusual_prefix_0aab8e1abe4a8f324d874f9a30de87ad63865522_activefence"}
{"timestamp":"2025-07-13T16:59:52.679615","level":"info","event":"Done. Returned value was: None","logger":"airflow.task.operators.airflow.providers.standard.operators.python.PythonOperator"}
