{"timestamp":"2025-07-13T04:44:12.166975","level":"info","event":"DAG bundles loaded: dags-folder","logger":"airflow.dag_processing.bundles.manager.DagBundlesManager"}
{"timestamp":"2025-07-13T04:44:12.167663","level":"info","event":"Filling up the DagBag from /opt/airflow/dags/bronze.py","logger":"airflow.models.dagbag.DagBag"}
{"timestamp":"2025-07-13T04:44:12.351410","level":"info","event":"Connection Retrieved 'spark_default'","logger":"airflow.hooks.base"}
{"timestamp":"2025-07-13T04:44:12.352584","level":"info","event":"Spark-Submit cmd: spark-submit --master spark-master:7077 --conf spark.master=spark://spark-master:7077 --conf spark.submit.deployMode=client --conf spark.executor.memory=2g --conf spark.driver.memory=1g --conf spark.executor.cores=2 --executor-cores 2 --executor-memory 2g --driver-memory 1g --name minio_processing_job --verbose /opt/spark-jobs/spark_job.py","logger":"airflow.task.hooks.airflow.providers.apache.spark.hooks.spark_submit.SparkSubmitHook"}
{"timestamp":"2025-07-13T04:44:12.412236","level":"info","event":"/home/airflow/.local/lib/python3.12/site-packages/pyspark/bin/load-spark-env.sh: line 68: ps: command not found","logger":"airflow.task.hooks.airflow.providers.apache.spark.hooks.spark_submit.SparkSubmitHook"}
{"timestamp":"2025-07-13T04:44:14.362361","level":"info","event":"Using properties file: null","logger":"airflow.task.hooks.airflow.providers.apache.spark.hooks.spark_submit.SparkSubmitHook"}
{"timestamp":"2025-07-13T04:44:14.490039","level":"info","event":"Parsed arguments:","logger":"airflow.task.hooks.airflow.providers.apache.spark.hooks.spark_submit.SparkSubmitHook"}
{"timestamp":"2025-07-13T04:44:14.490364","level":"info","event":"master                  spark-master:7077","logger":"airflow.task.hooks.airflow.providers.apache.spark.hooks.spark_submit.SparkSubmitHook"}
{"timestamp":"2025-07-13T04:44:14.490466","level":"info","event":"remote                  null","logger":"airflow.task.hooks.airflow.providers.apache.spark.hooks.spark_submit.SparkSubmitHook"}
{"timestamp":"2025-07-13T04:44:14.490520","level":"info","event":"deployMode              client","logger":"airflow.task.hooks.airflow.providers.apache.spark.hooks.spark_submit.SparkSubmitHook"}
{"timestamp":"2025-07-13T04:44:14.490570","level":"info","event":"executorMemory          2g","logger":"airflow.task.hooks.airflow.providers.apache.spark.hooks.spark_submit.SparkSubmitHook"}
{"timestamp":"2025-07-13T04:44:14.490619","level":"info","event":"executorCores           2","logger":"airflow.task.hooks.airflow.providers.apache.spark.hooks.spark_submit.SparkSubmitHook"}
{"timestamp":"2025-07-13T04:44:14.490657","level":"info","event":"totalExecutorCores      null","logger":"airflow.task.hooks.airflow.providers.apache.spark.hooks.spark_submit.SparkSubmitHook"}
{"timestamp":"2025-07-13T04:44:14.490693","level":"info","event":"propertiesFile          null","logger":"airflow.task.hooks.airflow.providers.apache.spark.hooks.spark_submit.SparkSubmitHook"}
{"timestamp":"2025-07-13T04:44:14.490727","level":"info","event":"driverMemory            1g","logger":"airflow.task.hooks.airflow.providers.apache.spark.hooks.spark_submit.SparkSubmitHook"}
{"timestamp":"2025-07-13T04:44:14.490835","level":"info","event":"driverCores             null","logger":"airflow.task.hooks.airflow.providers.apache.spark.hooks.spark_submit.SparkSubmitHook"}
{"timestamp":"2025-07-13T04:44:14.490885","level":"info","event":"driverExtraClassPath    null","logger":"airflow.task.hooks.airflow.providers.apache.spark.hooks.spark_submit.SparkSubmitHook"}
{"timestamp":"2025-07-13T04:44:14.490924","level":"info","event":"driverExtraLibraryPath  null","logger":"airflow.task.hooks.airflow.providers.apache.spark.hooks.spark_submit.SparkSubmitHook"}
{"timestamp":"2025-07-13T04:44:14.490961","level":"info","event":"driverExtraJavaOptions  null","logger":"airflow.task.hooks.airflow.providers.apache.spark.hooks.spark_submit.SparkSubmitHook"}
{"timestamp":"2025-07-13T04:44:14.490996","level":"info","event":"supervise               false","logger":"airflow.task.hooks.airflow.providers.apache.spark.hooks.spark_submit.SparkSubmitHook"}
{"timestamp":"2025-07-13T04:44:14.491031","level":"info","event":"queue                   null","logger":"airflow.task.hooks.airflow.providers.apache.spark.hooks.spark_submit.SparkSubmitHook"}
{"timestamp":"2025-07-13T04:44:14.491066","level":"info","event":"numExecutors            null","logger":"airflow.task.hooks.airflow.providers.apache.spark.hooks.spark_submit.SparkSubmitHook"}
{"timestamp":"2025-07-13T04:44:14.491239","level":"info","event":"files                   null","logger":"airflow.task.hooks.airflow.providers.apache.spark.hooks.spark_submit.SparkSubmitHook"}
{"timestamp":"2025-07-13T04:44:14.491367","level":"info","event":"pyFiles                 null","logger":"airflow.task.hooks.airflow.providers.apache.spark.hooks.spark_submit.SparkSubmitHook"}
{"timestamp":"2025-07-13T04:44:14.491469","level":"info","event":"archives                null","logger":"airflow.task.hooks.airflow.providers.apache.spark.hooks.spark_submit.SparkSubmitHook"}
{"timestamp":"2025-07-13T04:44:14.491585","level":"info","event":"mainClass               null","logger":"airflow.task.hooks.airflow.providers.apache.spark.hooks.spark_submit.SparkSubmitHook"}
{"timestamp":"2025-07-13T04:44:14.491690","level":"info","event":"primaryResource         file:/opt/spark-jobs/spark_job.py","logger":"airflow.task.hooks.airflow.providers.apache.spark.hooks.spark_submit.SparkSubmitHook"}
{"timestamp":"2025-07-13T04:44:14.491789","level":"info","event":"name                    minio_processing_job","logger":"airflow.task.hooks.airflow.providers.apache.spark.hooks.spark_submit.SparkSubmitHook"}
{"timestamp":"2025-07-13T04:44:14.491881","level":"info","event":"childArgs               []","logger":"airflow.task.hooks.airflow.providers.apache.spark.hooks.spark_submit.SparkSubmitHook"}
{"timestamp":"2025-07-13T04:44:14.492011","level":"info","event":"jars                    null","logger":"airflow.task.hooks.airflow.providers.apache.spark.hooks.spark_submit.SparkSubmitHook"}
{"timestamp":"2025-07-13T04:44:14.492099","level":"info","event":"packages                null","logger":"airflow.task.hooks.airflow.providers.apache.spark.hooks.spark_submit.SparkSubmitHook"}
{"timestamp":"2025-07-13T04:44:14.492148","level":"info","event":"packagesExclusions      null","logger":"airflow.task.hooks.airflow.providers.apache.spark.hooks.spark_submit.SparkSubmitHook"}
{"timestamp":"2025-07-13T04:44:14.492187","level":"info","event":"repositories            null","logger":"airflow.task.hooks.airflow.providers.apache.spark.hooks.spark_submit.SparkSubmitHook"}
{"timestamp":"2025-07-13T04:44:14.492222","level":"info","event":"verbose                 true","logger":"airflow.task.hooks.airflow.providers.apache.spark.hooks.spark_submit.SparkSubmitHook"}
{"timestamp":"2025-07-13T04:44:14.492258","level":"info","event":"","logger":"airflow.task.hooks.airflow.providers.apache.spark.hooks.spark_submit.SparkSubmitHook"}
{"timestamp":"2025-07-13T04:44:14.492295","level":"info","event":"Spark properties used, including those specified through","logger":"airflow.task.hooks.airflow.providers.apache.spark.hooks.spark_submit.SparkSubmitHook"}
{"timestamp":"2025-07-13T04:44:14.492330","level":"info","event":"--conf and those from the properties file null:","logger":"airflow.task.hooks.airflow.providers.apache.spark.hooks.spark_submit.SparkSubmitHook"}
{"timestamp":"2025-07-13T04:44:14.492364","level":"info","event":"(spark.driver.memory,1g)","logger":"airflow.task.hooks.airflow.providers.apache.spark.hooks.spark_submit.SparkSubmitHook"}
{"timestamp":"2025-07-13T04:44:14.492397","level":"info","event":"(spark.executor.cores,2)","logger":"airflow.task.hooks.airflow.providers.apache.spark.hooks.spark_submit.SparkSubmitHook"}
{"timestamp":"2025-07-13T04:44:14.492428","level":"info","event":"(spark.executor.memory,2g)","logger":"airflow.task.hooks.airflow.providers.apache.spark.hooks.spark_submit.SparkSubmitHook"}
{"timestamp":"2025-07-13T04:44:14.492460","level":"info","event":"(spark.master,spark://spark-master:7077)","logger":"airflow.task.hooks.airflow.providers.apache.spark.hooks.spark_submit.SparkSubmitHook"}
{"timestamp":"2025-07-13T04:44:14.492494","level":"info","event":"(spark.submit.deployMode,client)","logger":"airflow.task.hooks.airflow.providers.apache.spark.hooks.spark_submit.SparkSubmitHook"}
{"timestamp":"2025-07-13T04:44:14.492528","level":"info","event":"","logger":"airflow.task.hooks.airflow.providers.apache.spark.hooks.spark_submit.SparkSubmitHook"}
{"timestamp":"2025-07-13T04:44:14.492563","level":"info","event":"","logger":"airflow.task.hooks.airflow.providers.apache.spark.hooks.spark_submit.SparkSubmitHook"}
{"timestamp":"2025-07-13T04:44:14.804162","level":"info","event":"Main class:","logger":"airflow.task.hooks.airflow.providers.apache.spark.hooks.spark_submit.SparkSubmitHook"}
{"timestamp":"2025-07-13T04:44:14.804588","level":"info","event":"org.apache.spark.deploy.PythonRunner","logger":"airflow.task.hooks.airflow.providers.apache.spark.hooks.spark_submit.SparkSubmitHook"}
{"timestamp":"2025-07-13T04:44:14.805343","level":"info","event":"Arguments:","logger":"airflow.task.hooks.airflow.providers.apache.spark.hooks.spark_submit.SparkSubmitHook"}
{"timestamp":"2025-07-13T04:44:14.805498","level":"info","event":"file:/opt/spark-jobs/spark_job.py","logger":"airflow.task.hooks.airflow.providers.apache.spark.hooks.spark_submit.SparkSubmitHook"}
{"timestamp":"2025-07-13T04:44:14.805598","level":"info","event":"null","logger":"airflow.task.hooks.airflow.providers.apache.spark.hooks.spark_submit.SparkSubmitHook"}
{"timestamp":"2025-07-13T04:44:14.812228","level":"info","event":"Spark config:","logger":"airflow.task.hooks.airflow.providers.apache.spark.hooks.spark_submit.SparkSubmitHook"}
{"timestamp":"2025-07-13T04:44:14.812561","level":"info","event":"(spark.app.name,minio_processing_job)","logger":"airflow.task.hooks.airflow.providers.apache.spark.hooks.spark_submit.SparkSubmitHook"}
{"timestamp":"2025-07-13T04:44:14.812718","level":"info","event":"(spark.app.submitTime,1752381854776)","logger":"airflow.task.hooks.airflow.providers.apache.spark.hooks.spark_submit.SparkSubmitHook"}
{"timestamp":"2025-07-13T04:44:14.812835","level":"info","event":"(spark.driver.memory,1g)","logger":"airflow.task.hooks.airflow.providers.apache.spark.hooks.spark_submit.SparkSubmitHook"}
{"timestamp":"2025-07-13T04:44:14.812928","level":"info","event":"(spark.executor.cores,2)","logger":"airflow.task.hooks.airflow.providers.apache.spark.hooks.spark_submit.SparkSubmitHook"}
{"timestamp":"2025-07-13T04:44:14.813012","level":"info","event":"(spark.executor.memory,2g)","logger":"airflow.task.hooks.airflow.providers.apache.spark.hooks.spark_submit.SparkSubmitHook"}
{"timestamp":"2025-07-13T04:44:14.813096","level":"info","event":"(spark.master,spark-master:7077)","logger":"airflow.task.hooks.airflow.providers.apache.spark.hooks.spark_submit.SparkSubmitHook"}
{"timestamp":"2025-07-13T04:44:14.813180","level":"info","event":"(spark.submit.deployMode,client)","logger":"airflow.task.hooks.airflow.providers.apache.spark.hooks.spark_submit.SparkSubmitHook"}
{"timestamp":"2025-07-13T04:44:14.813257","level":"info","event":"(spark.submit.pyFiles,)","logger":"airflow.task.hooks.airflow.providers.apache.spark.hooks.spark_submit.SparkSubmitHook"}
{"timestamp":"2025-07-13T04:44:14.813358","level":"info","event":"Classpath elements:","logger":"airflow.task.hooks.airflow.providers.apache.spark.hooks.spark_submit.SparkSubmitHook"}
{"timestamp":"2025-07-13T04:44:14.813434","level":"info","event":"","logger":"airflow.task.hooks.airflow.providers.apache.spark.hooks.spark_submit.SparkSubmitHook"}
{"timestamp":"2025-07-13T04:44:14.813520","level":"info","event":"","logger":"airflow.task.hooks.airflow.providers.apache.spark.hooks.spark_submit.SparkSubmitHook"}
{"timestamp":"2025-07-13T04:44:14.813663","level":"info","event":"","logger":"airflow.task.hooks.airflow.providers.apache.spark.hooks.spark_submit.SparkSubmitHook"}
{"timestamp":"2025-07-13T04:44:16.293518","level":"info","event":"25/07/13 04:44:16 INFO SparkContext: Running Spark version 3.5.1","logger":"airflow.task.hooks.airflow.providers.apache.spark.hooks.spark_submit.SparkSubmitHook"}
{"timestamp":"2025-07-13T04:44:16.296914","level":"info","event":"25/07/13 04:44:16 INFO SparkContext: OS info Linux, 5.15.153.1-microsoft-standard-WSL2, amd64","logger":"airflow.task.hooks.airflow.providers.apache.spark.hooks.spark_submit.SparkSubmitHook"}
{"timestamp":"2025-07-13T04:44:16.297140","level":"info","event":"25/07/13 04:44:16 INFO SparkContext: Java version 17.0.15","logger":"airflow.task.hooks.airflow.providers.apache.spark.hooks.spark_submit.SparkSubmitHook"}
{"timestamp":"2025-07-13T04:44:16.375792","level":"info","event":"25/07/13 04:44:16 WARN NativeCodeLoader: Unable to load native-hadoop library for your platform... using builtin-java classes where applicable","logger":"airflow.task.hooks.airflow.providers.apache.spark.hooks.spark_submit.SparkSubmitHook"}
{"timestamp":"2025-07-13T04:44:16.500150","level":"info","event":"25/07/13 04:44:16 INFO ResourceUtils: ==============================================================","logger":"airflow.task.hooks.airflow.providers.apache.spark.hooks.spark_submit.SparkSubmitHook"}
{"timestamp":"2025-07-13T04:44:16.500396","level":"info","event":"25/07/13 04:44:16 INFO ResourceUtils: No custom resources configured for spark.driver.","logger":"airflow.task.hooks.airflow.providers.apache.spark.hooks.spark_submit.SparkSubmitHook"}
{"timestamp":"2025-07-13T04:44:16.500706","level":"info","event":"25/07/13 04:44:16 INFO ResourceUtils: ==============================================================","logger":"airflow.task.hooks.airflow.providers.apache.spark.hooks.spark_submit.SparkSubmitHook"}
{"timestamp":"2025-07-13T04:44:16.501064","level":"info","event":"25/07/13 04:44:16 INFO SparkContext: Submitted application: MinIOProcessingJob","logger":"airflow.task.hooks.airflow.providers.apache.spark.hooks.spark_submit.SparkSubmitHook"}
{"timestamp":"2025-07-13T04:44:16.531843","level":"info","event":"25/07/13 04:44:16 INFO ResourceProfile: Default ResourceProfile created, executor resources: Map(cores -> name: cores, amount: 2, script: , vendor: , memory -> name: memory, amount: 2048, script: , vendor: , offHeap -> name: offHeap, amount: 0, script: , vendor: ), task resources: Map(cpus -> name: cpus, amount: 1.0)","logger":"airflow.task.hooks.airflow.providers.apache.spark.hooks.spark_submit.SparkSubmitHook"}
{"timestamp":"2025-07-13T04:44:16.543306","level":"info","event":"25/07/13 04:44:16 INFO ResourceProfile: Limiting resource is cpus at 2 tasks per executor","logger":"airflow.task.hooks.airflow.providers.apache.spark.hooks.spark_submit.SparkSubmitHook"}
{"timestamp":"2025-07-13T04:44:16.545534","level":"info","event":"25/07/13 04:44:16 INFO ResourceProfileManager: Added ResourceProfile id: 0","logger":"airflow.task.hooks.airflow.providers.apache.spark.hooks.spark_submit.SparkSubmitHook"}
{"timestamp":"2025-07-13T04:44:16.623875","level":"info","event":"25/07/13 04:44:16 INFO SecurityManager: Changing view acls to: airflow","logger":"airflow.task.hooks.airflow.providers.apache.spark.hooks.spark_submit.SparkSubmitHook"}
{"timestamp":"2025-07-13T04:44:16.625078","level":"info","event":"25/07/13 04:44:16 INFO SecurityManager: Changing modify acls to: airflow","logger":"airflow.task.hooks.airflow.providers.apache.spark.hooks.spark_submit.SparkSubmitHook"}
{"timestamp":"2025-07-13T04:44:16.626197","level":"info","event":"25/07/13 04:44:16 INFO SecurityManager: Changing view acls groups to:","logger":"airflow.task.hooks.airflow.providers.apache.spark.hooks.spark_submit.SparkSubmitHook"}
{"timestamp":"2025-07-13T04:44:16.627729","level":"info","event":"25/07/13 04:44:16 INFO SecurityManager: Changing modify acls groups to:","logger":"airflow.task.hooks.airflow.providers.apache.spark.hooks.spark_submit.SparkSubmitHook"}
{"timestamp":"2025-07-13T04:44:16.628636","level":"info","event":"25/07/13 04:44:16 INFO SecurityManager: SecurityManager: authentication disabled; ui acls disabled; users with view permissions: airflow; groups with view permissions: EMPTY; users with modify permissions: airflow; groups with modify permissions: EMPTY","logger":"airflow.task.hooks.airflow.providers.apache.spark.hooks.spark_submit.SparkSubmitHook"}
{"timestamp":"2025-07-13T04:44:16.962595","level":"info","event":"25/07/13 04:44:16 INFO Utils: Successfully started service 'sparkDriver' on port 39697.","logger":"airflow.task.hooks.airflow.providers.apache.spark.hooks.spark_submit.SparkSubmitHook"}
{"timestamp":"2025-07-13T04:44:17.009322","level":"info","event":"25/07/13 04:44:17 INFO SparkEnv: Registering MapOutputTracker","logger":"airflow.task.hooks.airflow.providers.apache.spark.hooks.spark_submit.SparkSubmitHook"}
{"timestamp":"2025-07-13T04:44:17.068323","level":"info","event":"25/07/13 04:44:17 INFO SparkEnv: Registering BlockManagerMaster","logger":"airflow.task.hooks.airflow.providers.apache.spark.hooks.spark_submit.SparkSubmitHook"}
{"timestamp":"2025-07-13T04:44:17.105996","level":"info","event":"25/07/13 04:44:17 INFO BlockManagerMasterEndpoint: Using org.apache.spark.storage.DefaultTopologyMapper for getting topology information","logger":"airflow.task.hooks.airflow.providers.apache.spark.hooks.spark_submit.SparkSubmitHook"}
{"timestamp":"2025-07-13T04:44:17.106870","level":"info","event":"25/07/13 04:44:17 INFO BlockManagerMasterEndpoint: BlockManagerMasterEndpoint up","logger":"airflow.task.hooks.airflow.providers.apache.spark.hooks.spark_submit.SparkSubmitHook"}
{"timestamp":"2025-07-13T04:44:17.113663","level":"info","event":"25/07/13 04:44:17 INFO SparkEnv: Registering BlockManagerMasterHeartbeat","logger":"airflow.task.hooks.airflow.providers.apache.spark.hooks.spark_submit.SparkSubmitHook"}
{"timestamp":"2025-07-13T04:44:17.161992","level":"info","event":"25/07/13 04:44:17 INFO DiskBlockManager: Created local directory at /tmp/blockmgr-eae80194-0366-453e-98b2-36d244e8159d","logger":"airflow.task.hooks.airflow.providers.apache.spark.hooks.spark_submit.SparkSubmitHook"}
{"timestamp":"2025-07-13T04:44:17.195778","level":"info","event":"25/07/13 04:44:17 INFO MemoryStore: MemoryStore started with capacity 434.4 MiB","logger":"airflow.task.hooks.airflow.providers.apache.spark.hooks.spark_submit.SparkSubmitHook"}
{"timestamp":"2025-07-13T04:44:17.225303","level":"info","event":"25/07/13 04:44:17 INFO SparkEnv: Registering OutputCommitCoordinator","logger":"airflow.task.hooks.airflow.providers.apache.spark.hooks.spark_submit.SparkSubmitHook"}
{"timestamp":"2025-07-13T04:44:17.450603","level":"info","event":"25/07/13 04:44:17 INFO JettyUtils: Start Jetty 0.0.0.0:4040 for SparkUI","logger":"airflow.task.hooks.airflow.providers.apache.spark.hooks.spark_submit.SparkSubmitHook"}
{"timestamp":"2025-07-13T04:44:17.539465","level":"info","event":"25/07/13 04:44:17 INFO Utils: Successfully started service 'SparkUI' on port 4040.","logger":"airflow.task.hooks.airflow.providers.apache.spark.hooks.spark_submit.SparkSubmitHook"}
{"timestamp":"2025-07-13T04:44:17.692392","level":"info","event":"25/07/13 04:44:17 INFO StandaloneAppClient$ClientEndpoint: Connecting to master spark://spark-master:7077...","logger":"airflow.task.hooks.airflow.providers.apache.spark.hooks.spark_submit.SparkSubmitHook"}
{"timestamp":"2025-07-13T04:44:17.742947","level":"info","event":"25/07/13 04:44:17 INFO TransportClientFactory: Successfully created connection to spark-master/172.22.0.7:7077 after 27 ms (0 ms spent in bootstraps)","logger":"airflow.task.hooks.airflow.providers.apache.spark.hooks.spark_submit.SparkSubmitHook"}
{"timestamp":"2025-07-13T04:44:17.946694","level":"info","event":"25/07/13 04:44:17 INFO StandaloneSchedulerBackend: Connected to Spark cluster with app ID app-20250713044417-0000","logger":"airflow.task.hooks.airflow.providers.apache.spark.hooks.spark_submit.SparkSubmitHook"}
{"timestamp":"2025-07-13T04:44:17.956003","level":"info","event":"25/07/13 04:44:17 INFO Utils: Successfully started service 'org.apache.spark.network.netty.NettyBlockTransferService' on port 37595.","logger":"airflow.task.hooks.airflow.providers.apache.spark.hooks.spark_submit.SparkSubmitHook"}
{"timestamp":"2025-07-13T04:44:17.956384","level":"info","event":"25/07/13 04:44:17 INFO NettyBlockTransferService: Server created on 8088475841d3:37595","logger":"airflow.task.hooks.airflow.providers.apache.spark.hooks.spark_submit.SparkSubmitHook"}
{"timestamp":"2025-07-13T04:44:17.959034","level":"info","event":"25/07/13 04:44:17 INFO BlockManager: Using org.apache.spark.storage.RandomBlockReplicationPolicy for block replication policy","logger":"airflow.task.hooks.airflow.providers.apache.spark.hooks.spark_submit.SparkSubmitHook"}
{"timestamp":"2025-07-13T04:44:17.969775","level":"info","event":"25/07/13 04:44:17 INFO BlockManagerMaster: Registering BlockManager BlockManagerId(driver, 8088475841d3, 37595, None)","logger":"airflow.task.hooks.airflow.providers.apache.spark.hooks.spark_submit.SparkSubmitHook"}
{"timestamp":"2025-07-13T04:44:17.974237","level":"info","event":"25/07/13 04:44:17 INFO BlockManagerMasterEndpoint: Registering block manager 8088475841d3:37595 with 434.4 MiB RAM, BlockManagerId(driver, 8088475841d3, 37595, None)","logger":"airflow.task.hooks.airflow.providers.apache.spark.hooks.spark_submit.SparkSubmitHook"}
{"timestamp":"2025-07-13T04:44:17.975797","level":"info","event":"25/07/13 04:44:17 INFO StandaloneAppClient$ClientEndpoint: Executor added: app-20250713044417-0000/0 on worker-20250713044217-172.22.0.8-46089 (172.22.0.8:46089) with 2 core(s)","logger":"airflow.task.hooks.airflow.providers.apache.spark.hooks.spark_submit.SparkSubmitHook"}
{"timestamp":"2025-07-13T04:44:17.976676","level":"info","event":"25/07/13 04:44:17 INFO BlockManagerMaster: Registered BlockManager BlockManagerId(driver, 8088475841d3, 37595, None)","logger":"airflow.task.hooks.airflow.providers.apache.spark.hooks.spark_submit.SparkSubmitHook"}
{"timestamp":"2025-07-13T04:44:17.977995","level":"info","event":"25/07/13 04:44:17 INFO StandaloneSchedulerBackend: Granted executor ID app-20250713044417-0000/0 on hostPort 172.22.0.8:46089 with 2 core(s), 2.0 GiB RAM","logger":"airflow.task.hooks.airflow.providers.apache.spark.hooks.spark_submit.SparkSubmitHook"}
{"timestamp":"2025-07-13T04:44:17.978209","level":"info","event":"25/07/13 04:44:17 INFO BlockManager: Initialized BlockManager: BlockManagerId(driver, 8088475841d3, 37595, None)","logger":"airflow.task.hooks.airflow.providers.apache.spark.hooks.spark_submit.SparkSubmitHook"}
{"timestamp":"2025-07-13T04:44:18.161598","level":"info","event":"25/07/13 04:44:18 INFO StandaloneAppClient$ClientEndpoint: Executor updated: app-20250713044417-0000/0 is now RUNNING","logger":"airflow.task.hooks.airflow.providers.apache.spark.hooks.spark_submit.SparkSubmitHook"}
{"timestamp":"2025-07-13T04:44:18.228521","level":"info","event":"25/07/13 04:44:18 INFO StandaloneSchedulerBackend: SchedulerBackend is ready for scheduling beginning after reached minRegisteredResourcesRatio: 0.0","logger":"airflow.task.hooks.airflow.providers.apache.spark.hooks.spark_submit.SparkSubmitHook"}
{"timestamp":"2025-07-13T04:44:18.475825","level":"info","event":"INFO:__main__:Spark session created successfully","logger":"airflow.task.hooks.airflow.providers.apache.spark.hooks.spark_submit.SparkSubmitHook"}
{"timestamp":"2025-07-13T04:44:18.476193","level":"info","event":"INFO:__main__:Reading data from s3a://input-bucket/input_data","logger":"airflow.task.hooks.airflow.providers.apache.spark.hooks.spark_submit.SparkSubmitHook"}
{"timestamp":"2025-07-13T04:44:18.567397","level":"info","event":"25/07/13 04:44:18 INFO SharedState: Setting hive.metastore.warehouse.dir ('null') to the value of spark.sql.warehouse.dir.","logger":"airflow.task.hooks.airflow.providers.apache.spark.hooks.spark_submit.SparkSubmitHook"}
{"timestamp":"2025-07-13T04:44:18.579408","level":"info","event":"25/07/13 04:44:18 INFO SharedState: Warehouse path is 'file:/opt/airflow/spark-warehouse'.","logger":"airflow.task.hooks.airflow.providers.apache.spark.hooks.spark_submit.SparkSubmitHook"}
{"timestamp":"2025-07-13T04:44:19.608166","level":"info","event":"25/07/13 04:44:19 WARN FileStreamSink: Assume no metadata directory. Error while looking for metadata directory in the path: s3a://input-bucket/input_data.","logger":"airflow.task.hooks.airflow.providers.apache.spark.hooks.spark_submit.SparkSubmitHook"}
{"timestamp":"2025-07-13T04:44:19.608770","level":"info","event":"java.lang.RuntimeException: java.lang.ClassNotFoundException: Class org.apache.hadoop.fs.s3a.S3AFileSystem not found","logger":"airflow.task.hooks.airflow.providers.apache.spark.hooks.spark_submit.SparkSubmitHook"}
{"timestamp":"2025-07-13T04:44:19.608895","level":"info","event":"at org.apache.hadoop.conf.Configuration.getClass(Configuration.java:2688)","logger":"airflow.task.hooks.airflow.providers.apache.spark.hooks.spark_submit.SparkSubmitHook"}
{"timestamp":"2025-07-13T04:44:19.608966","level":"info","event":"at org.apache.hadoop.fs.FileSystem.getFileSystemClass(FileSystem.java:3431)","logger":"airflow.task.hooks.airflow.providers.apache.spark.hooks.spark_submit.SparkSubmitHook"}
{"timestamp":"2025-07-13T04:44:19.609032","level":"info","event":"at org.apache.hadoop.fs.FileSystem.createFileSystem(FileSystem.java:3466)","logger":"airflow.task.hooks.airflow.providers.apache.spark.hooks.spark_submit.SparkSubmitHook"}
{"timestamp":"2025-07-13T04:44:19.609090","level":"info","event":"at org.apache.hadoop.fs.FileSystem.access$300(FileSystem.java:174)","logger":"airflow.task.hooks.airflow.providers.apache.spark.hooks.spark_submit.SparkSubmitHook"}
{"timestamp":"2025-07-13T04:44:19.609142","level":"info","event":"at org.apache.hadoop.fs.FileSystem$Cache.getInternal(FileSystem.java:3574)","logger":"airflow.task.hooks.airflow.providers.apache.spark.hooks.spark_submit.SparkSubmitHook"}
{"timestamp":"2025-07-13T04:44:19.609203","level":"info","event":"at org.apache.hadoop.fs.FileSystem$Cache.get(FileSystem.java:3521)","logger":"airflow.task.hooks.airflow.providers.apache.spark.hooks.spark_submit.SparkSubmitHook"}
{"timestamp":"2025-07-13T04:44:19.609257","level":"info","event":"at org.apache.hadoop.fs.FileSystem.get(FileSystem.java:540)","logger":"airflow.task.hooks.airflow.providers.apache.spark.hooks.spark_submit.SparkSubmitHook"}
{"timestamp":"2025-07-13T04:44:19.609310","level":"info","event":"at org.apache.hadoop.fs.Path.getFileSystem(Path.java:365)","logger":"airflow.task.hooks.airflow.providers.apache.spark.hooks.spark_submit.SparkSubmitHook"}
{"timestamp":"2025-07-13T04:44:19.609417","level":"info","event":"at org.apache.spark.sql.execution.streaming.FileStreamSink$.hasMetadata(FileStreamSink.scala:53)","logger":"airflow.task.hooks.airflow.providers.apache.spark.hooks.spark_submit.SparkSubmitHook"}
{"timestamp":"2025-07-13T04:44:19.609505","level":"info","event":"at org.apache.spark.sql.execution.datasources.DataSource.resolveRelation(DataSource.scala:366)","logger":"airflow.task.hooks.airflow.providers.apache.spark.hooks.spark_submit.SparkSubmitHook"}
{"timestamp":"2025-07-13T04:44:19.609578","level":"info","event":"at org.apache.spark.sql.DataFrameReader.loadV1Source(DataFrameReader.scala:229)","logger":"airflow.task.hooks.airflow.providers.apache.spark.hooks.spark_submit.SparkSubmitHook"}
{"timestamp":"2025-07-13T04:44:19.609642","level":"info","event":"at org.apache.spark.sql.DataFrameReader.$anonfun$load$2(DataFrameReader.scala:211)","logger":"airflow.task.hooks.airflow.providers.apache.spark.hooks.spark_submit.SparkSubmitHook"}
{"timestamp":"2025-07-13T04:44:19.609711","level":"info","event":"at scala.Option.getOrElse(Option.scala:189)","logger":"airflow.task.hooks.airflow.providers.apache.spark.hooks.spark_submit.SparkSubmitHook"}
{"timestamp":"2025-07-13T04:44:19.609769","level":"info","event":"at org.apache.spark.sql.DataFrameReader.load(DataFrameReader.scala:211)","logger":"airflow.task.hooks.airflow.providers.apache.spark.hooks.spark_submit.SparkSubmitHook"}
{"timestamp":"2025-07-13T04:44:19.609829","level":"info","event":"at org.apache.spark.sql.DataFrameReader.parquet(DataFrameReader.scala:563)","logger":"airflow.task.hooks.airflow.providers.apache.spark.hooks.spark_submit.SparkSubmitHook"}
{"timestamp":"2025-07-13T04:44:19.609888","level":"info","event":"at java.base/jdk.internal.reflect.NativeMethodAccessorImpl.invoke0(Native Method)","logger":"airflow.task.hooks.airflow.providers.apache.spark.hooks.spark_submit.SparkSubmitHook"}
{"timestamp":"2025-07-13T04:44:19.609947","level":"info","event":"at java.base/jdk.internal.reflect.NativeMethodAccessorImpl.invoke(NativeMethodAccessorImpl.java:77)","logger":"airflow.task.hooks.airflow.providers.apache.spark.hooks.spark_submit.SparkSubmitHook"}
{"timestamp":"2025-07-13T04:44:19.610005","level":"info","event":"at java.base/jdk.internal.reflect.DelegatingMethodAccessorImpl.invoke(DelegatingMethodAccessorImpl.java:43)","logger":"airflow.task.hooks.airflow.providers.apache.spark.hooks.spark_submit.SparkSubmitHook"}
{"timestamp":"2025-07-13T04:44:19.610065","level":"info","event":"at java.base/java.lang.reflect.Method.invoke(Method.java:569)","logger":"airflow.task.hooks.airflow.providers.apache.spark.hooks.spark_submit.SparkSubmitHook"}
{"timestamp":"2025-07-13T04:44:19.610120","level":"info","event":"at py4j.reflection.MethodInvoker.invoke(MethodInvoker.java:244)","logger":"airflow.task.hooks.airflow.providers.apache.spark.hooks.spark_submit.SparkSubmitHook"}
{"timestamp":"2025-07-13T04:44:19.610171","level":"info","event":"at py4j.reflection.ReflectionEngine.invoke(ReflectionEngine.java:374)","logger":"airflow.task.hooks.airflow.providers.apache.spark.hooks.spark_submit.SparkSubmitHook"}
{"timestamp":"2025-07-13T04:44:19.610226","level":"info","event":"at py4j.Gateway.invoke(Gateway.java:282)","logger":"airflow.task.hooks.airflow.providers.apache.spark.hooks.spark_submit.SparkSubmitHook"}
{"timestamp":"2025-07-13T04:44:19.610279","level":"info","event":"at py4j.commands.AbstractCommand.invokeMethod(AbstractCommand.java:132)","logger":"airflow.task.hooks.airflow.providers.apache.spark.hooks.spark_submit.SparkSubmitHook"}
{"timestamp":"2025-07-13T04:44:19.610334","level":"info","event":"at py4j.commands.CallCommand.execute(CallCommand.java:79)","logger":"airflow.task.hooks.airflow.providers.apache.spark.hooks.spark_submit.SparkSubmitHook"}
{"timestamp":"2025-07-13T04:44:19.610389","level":"info","event":"at py4j.ClientServerConnection.waitForCommands(ClientServerConnection.java:182)","logger":"airflow.task.hooks.airflow.providers.apache.spark.hooks.spark_submit.SparkSubmitHook"}
{"timestamp":"2025-07-13T04:44:19.610444","level":"info","event":"at py4j.ClientServerConnection.run(ClientServerConnection.java:106)","logger":"airflow.task.hooks.airflow.providers.apache.spark.hooks.spark_submit.SparkSubmitHook"}
{"timestamp":"2025-07-13T04:44:19.610498","level":"info","event":"at java.base/java.lang.Thread.run(Thread.java:840)","logger":"airflow.task.hooks.airflow.providers.apache.spark.hooks.spark_submit.SparkSubmitHook"}
{"timestamp":"2025-07-13T04:44:19.610553","level":"info","event":"Caused by: java.lang.ClassNotFoundException: Class org.apache.hadoop.fs.s3a.S3AFileSystem not found","logger":"airflow.task.hooks.airflow.providers.apache.spark.hooks.spark_submit.SparkSubmitHook"}
{"timestamp":"2025-07-13T04:44:19.610609","level":"info","event":"at org.apache.hadoop.conf.Configuration.getClassByName(Configuration.java:2592)","logger":"airflow.task.hooks.airflow.providers.apache.spark.hooks.spark_submit.SparkSubmitHook"}
{"timestamp":"2025-07-13T04:44:19.610668","level":"info","event":"at org.apache.hadoop.conf.Configuration.getClass(Configuration.java:2686)","logger":"airflow.task.hooks.airflow.providers.apache.spark.hooks.spark_submit.SparkSubmitHook"}
{"timestamp":"2025-07-13T04:44:19.610725","level":"info","event":"... 26 more","logger":"airflow.task.hooks.airflow.providers.apache.spark.hooks.spark_submit.SparkSubmitHook"}
{"timestamp":"2025-07-13T04:44:19.691219","level":"info","event":"ERROR:__main__:Error in Spark job: An error occurred while calling o40.parquet.","logger":"airflow.task.hooks.airflow.providers.apache.spark.hooks.spark_submit.SparkSubmitHook"}
{"timestamp":"2025-07-13T04:44:19.691563","level":"info","event":": java.lang.RuntimeException: java.lang.ClassNotFoundException: Class org.apache.hadoop.fs.s3a.S3AFileSystem not found","logger":"airflow.task.hooks.airflow.providers.apache.spark.hooks.spark_submit.SparkSubmitHook"}
{"timestamp":"2025-07-13T04:44:19.691716","level":"info","event":"at org.apache.hadoop.conf.Configuration.getClass(Configuration.java:2688)","logger":"airflow.task.hooks.airflow.providers.apache.spark.hooks.spark_submit.SparkSubmitHook"}
{"timestamp":"2025-07-13T04:44:19.691803","level":"info","event":"at org.apache.hadoop.fs.FileSystem.getFileSystemClass(FileSystem.java:3431)","logger":"airflow.task.hooks.airflow.providers.apache.spark.hooks.spark_submit.SparkSubmitHook"}
{"timestamp":"2025-07-13T04:44:19.691918","level":"info","event":"at org.apache.hadoop.fs.FileSystem.createFileSystem(FileSystem.java:3466)","logger":"airflow.task.hooks.airflow.providers.apache.spark.hooks.spark_submit.SparkSubmitHook"}
{"timestamp":"2025-07-13T04:44:19.691992","level":"info","event":"at org.apache.hadoop.fs.FileSystem.access$300(FileSystem.java:174)","logger":"airflow.task.hooks.airflow.providers.apache.spark.hooks.spark_submit.SparkSubmitHook"}
{"timestamp":"2025-07-13T04:44:19.692040","level":"info","event":"at org.apache.hadoop.fs.FileSystem$Cache.getInternal(FileSystem.java:3574)","logger":"airflow.task.hooks.airflow.providers.apache.spark.hooks.spark_submit.SparkSubmitHook"}
{"timestamp":"2025-07-13T04:44:19.692081","level":"info","event":"at org.apache.hadoop.fs.FileSystem$Cache.get(FileSystem.java:3521)","logger":"airflow.task.hooks.airflow.providers.apache.spark.hooks.spark_submit.SparkSubmitHook"}
{"timestamp":"2025-07-13T04:44:19.692116","level":"info","event":"at org.apache.hadoop.fs.FileSystem.get(FileSystem.java:540)","logger":"airflow.task.hooks.airflow.providers.apache.spark.hooks.spark_submit.SparkSubmitHook"}
{"timestamp":"2025-07-13T04:44:19.692152","level":"info","event":"at org.apache.hadoop.fs.Path.getFileSystem(Path.java:365)","logger":"airflow.task.hooks.airflow.providers.apache.spark.hooks.spark_submit.SparkSubmitHook"}
{"timestamp":"2025-07-13T04:44:19.692187","level":"info","event":"at org.apache.spark.sql.execution.datasources.DataSource$.$anonfun$checkAndGlobPathIfNecessary$1(DataSource.scala:724)","logger":"airflow.task.hooks.airflow.providers.apache.spark.hooks.spark_submit.SparkSubmitHook"}
{"timestamp":"2025-07-13T04:44:19.692229","level":"info","event":"at scala.collection.immutable.List.map(List.scala:293)","logger":"airflow.task.hooks.airflow.providers.apache.spark.hooks.spark_submit.SparkSubmitHook"}
{"timestamp":"2025-07-13T04:44:19.692263","level":"info","event":"at org.apache.spark.sql.execution.datasources.DataSource$.checkAndGlobPathIfNecessary(DataSource.scala:722)","logger":"airflow.task.hooks.airflow.providers.apache.spark.hooks.spark_submit.SparkSubmitHook"}
{"timestamp":"2025-07-13T04:44:19.692297","level":"info","event":"at org.apache.spark.sql.execution.datasources.DataSource.checkAndGlobPathIfNecessary(DataSource.scala:551)","logger":"airflow.task.hooks.airflow.providers.apache.spark.hooks.spark_submit.SparkSubmitHook"}
{"timestamp":"2025-07-13T04:44:19.692331","level":"info","event":"at org.apache.spark.sql.execution.datasources.DataSource.resolveRelation(DataSource.scala:404)","logger":"airflow.task.hooks.airflow.providers.apache.spark.hooks.spark_submit.SparkSubmitHook"}
{"timestamp":"2025-07-13T04:44:19.692367","level":"info","event":"at org.apache.spark.sql.DataFrameReader.loadV1Source(DataFrameReader.scala:229)","logger":"airflow.task.hooks.airflow.providers.apache.spark.hooks.spark_submit.SparkSubmitHook"}
{"timestamp":"2025-07-13T04:44:19.692404","level":"info","event":"at org.apache.spark.sql.DataFrameReader.$anonfun$load$2(DataFrameReader.scala:211)","logger":"airflow.task.hooks.airflow.providers.apache.spark.hooks.spark_submit.SparkSubmitHook"}
{"timestamp":"2025-07-13T04:44:19.692440","level":"info","event":"at scala.Option.getOrElse(Option.scala:189)","logger":"airflow.task.hooks.airflow.providers.apache.spark.hooks.spark_submit.SparkSubmitHook"}
{"timestamp":"2025-07-13T04:44:19.692474","level":"info","event":"at org.apache.spark.sql.DataFrameReader.load(DataFrameReader.scala:211)","logger":"airflow.task.hooks.airflow.providers.apache.spark.hooks.spark_submit.SparkSubmitHook"}
{"timestamp":"2025-07-13T04:44:19.692509","level":"info","event":"at org.apache.spark.sql.DataFrameReader.parquet(DataFrameReader.scala:563)","logger":"airflow.task.hooks.airflow.providers.apache.spark.hooks.spark_submit.SparkSubmitHook"}
{"timestamp":"2025-07-13T04:44:19.692548","level":"info","event":"at java.base/jdk.internal.reflect.NativeMethodAccessorImpl.invoke0(Native Method)","logger":"airflow.task.hooks.airflow.providers.apache.spark.hooks.spark_submit.SparkSubmitHook"}
{"timestamp":"2025-07-13T04:44:19.692582","level":"info","event":"at java.base/jdk.internal.reflect.NativeMethodAccessorImpl.invoke(NativeMethodAccessorImpl.java:77)","logger":"airflow.task.hooks.airflow.providers.apache.spark.hooks.spark_submit.SparkSubmitHook"}
{"timestamp":"2025-07-13T04:44:19.692689","level":"info","event":"at java.base/jdk.internal.reflect.DelegatingMethodAccessorImpl.invoke(DelegatingMethodAccessorImpl.java:43)","logger":"airflow.task.hooks.airflow.providers.apache.spark.hooks.spark_submit.SparkSubmitHook"}
{"timestamp":"2025-07-13T04:44:19.692739","level":"info","event":"at java.base/java.lang.reflect.Method.invoke(Method.java:569)","logger":"airflow.task.hooks.airflow.providers.apache.spark.hooks.spark_submit.SparkSubmitHook"}
{"timestamp":"2025-07-13T04:44:19.692778","level":"info","event":"at py4j.reflection.MethodInvoker.invoke(MethodInvoker.java:244)","logger":"airflow.task.hooks.airflow.providers.apache.spark.hooks.spark_submit.SparkSubmitHook"}
{"timestamp":"2025-07-13T04:44:19.692830","level":"info","event":"at py4j.reflection.ReflectionEngine.invoke(ReflectionEngine.java:374)","logger":"airflow.task.hooks.airflow.providers.apache.spark.hooks.spark_submit.SparkSubmitHook"}
{"timestamp":"2025-07-13T04:44:19.692893","level":"info","event":"at py4j.Gateway.invoke(Gateway.java:282)","logger":"airflow.task.hooks.airflow.providers.apache.spark.hooks.spark_submit.SparkSubmitHook"}
{"timestamp":"2025-07-13T04:44:19.692943","level":"info","event":"at py4j.commands.AbstractCommand.invokeMethod(AbstractCommand.java:132)","logger":"airflow.task.hooks.airflow.providers.apache.spark.hooks.spark_submit.SparkSubmitHook"}
{"timestamp":"2025-07-13T04:44:19.692982","level":"info","event":"at py4j.commands.CallCommand.execute(CallCommand.java:79)","logger":"airflow.task.hooks.airflow.providers.apache.spark.hooks.spark_submit.SparkSubmitHook"}
{"timestamp":"2025-07-13T04:44:19.693018","level":"info","event":"at py4j.ClientServerConnection.waitForCommands(ClientServerConnection.java:182)","logger":"airflow.task.hooks.airflow.providers.apache.spark.hooks.spark_submit.SparkSubmitHook"}
{"timestamp":"2025-07-13T04:44:19.693053","level":"info","event":"at py4j.ClientServerConnection.run(ClientServerConnection.java:106)","logger":"airflow.task.hooks.airflow.providers.apache.spark.hooks.spark_submit.SparkSubmitHook"}
{"timestamp":"2025-07-13T04:44:19.693087","level":"info","event":"at java.base/java.lang.Thread.run(Thread.java:840)","logger":"airflow.task.hooks.airflow.providers.apache.spark.hooks.spark_submit.SparkSubmitHook"}
{"timestamp":"2025-07-13T04:44:19.693120","level":"info","event":"Caused by: java.lang.ClassNotFoundException: Class org.apache.hadoop.fs.s3a.S3AFileSystem not found","logger":"airflow.task.hooks.airflow.providers.apache.spark.hooks.spark_submit.SparkSubmitHook"}
{"timestamp":"2025-07-13T04:44:19.693155","level":"info","event":"at org.apache.hadoop.conf.Configuration.getClassByName(Configuration.java:2592)","logger":"airflow.task.hooks.airflow.providers.apache.spark.hooks.spark_submit.SparkSubmitHook"}
{"timestamp":"2025-07-13T04:44:19.693242","level":"info","event":"at org.apache.hadoop.conf.Configuration.getClass(Configuration.java:2686)","logger":"airflow.task.hooks.airflow.providers.apache.spark.hooks.spark_submit.SparkSubmitHook"}
{"timestamp":"2025-07-13T04:44:19.693284","level":"info","event":"... 29 more","logger":"airflow.task.hooks.airflow.providers.apache.spark.hooks.spark_submit.SparkSubmitHook"}
{"timestamp":"2025-07-13T04:44:19.693324","level":"info","event":"","logger":"airflow.task.hooks.airflow.providers.apache.spark.hooks.spark_submit.SparkSubmitHook"}
{"timestamp":"2025-07-13T04:44:19.693364","level":"info","event":"25/07/13 04:44:19 INFO SparkContext: SparkContext is stopping with exitCode 0.","logger":"airflow.task.hooks.airflow.providers.apache.spark.hooks.spark_submit.SparkSubmitHook"}
{"timestamp":"2025-07-13T04:44:19.703290","level":"info","event":"25/07/13 04:44:19 INFO SparkUI: Stopped Spark web UI at http://8088475841d3:4040","logger":"airflow.task.hooks.airflow.providers.apache.spark.hooks.spark_submit.SparkSubmitHook"}
{"timestamp":"2025-07-13T04:44:19.708377","level":"info","event":"25/07/13 04:44:19 INFO StandaloneSchedulerBackend: Shutting down all executors","logger":"airflow.task.hooks.airflow.providers.apache.spark.hooks.spark_submit.SparkSubmitHook"}
{"timestamp":"2025-07-13T04:44:19.713882","level":"info","event":"25/07/13 04:44:19 INFO StandaloneSchedulerBackend$StandaloneDriverEndpoint: Asking each executor to shut down","logger":"airflow.task.hooks.airflow.providers.apache.spark.hooks.spark_submit.SparkSubmitHook"}
{"timestamp":"2025-07-13T04:44:19.729414","level":"info","event":"25/07/13 04:44:19 INFO MapOutputTrackerMasterEndpoint: MapOutputTrackerMasterEndpoint stopped!","logger":"airflow.task.hooks.airflow.providers.apache.spark.hooks.spark_submit.SparkSubmitHook"}
{"timestamp":"2025-07-13T04:44:19.748000","level":"info","event":"25/07/13 04:44:19 INFO MemoryStore: MemoryStore cleared","logger":"airflow.task.hooks.airflow.providers.apache.spark.hooks.spark_submit.SparkSubmitHook"}
{"timestamp":"2025-07-13T04:44:19.748675","level":"info","event":"25/07/13 04:44:19 INFO BlockManager: BlockManager stopped","logger":"airflow.task.hooks.airflow.providers.apache.spark.hooks.spark_submit.SparkSubmitHook"}
{"timestamp":"2025-07-13T04:44:19.755193","level":"info","event":"25/07/13 04:44:19 INFO BlockManagerMaster: BlockManagerMaster stopped","logger":"airflow.task.hooks.airflow.providers.apache.spark.hooks.spark_submit.SparkSubmitHook"}
{"timestamp":"2025-07-13T04:44:19.757483","level":"info","event":"25/07/13 04:44:19 INFO OutputCommitCoordinator$OutputCommitCoordinatorEndpoint: OutputCommitCoordinator stopped!","logger":"airflow.task.hooks.airflow.providers.apache.spark.hooks.spark_submit.SparkSubmitHook"}
{"timestamp":"2025-07-13T04:44:19.768830","level":"info","event":"25/07/13 04:44:19 INFO SparkContext: Successfully stopped SparkContext","logger":"airflow.task.hooks.airflow.providers.apache.spark.hooks.spark_submit.SparkSubmitHook"}
{"timestamp":"2025-07-13T04:44:20.265828","level":"info","event":"INFO:__main__:Spark session stopped","logger":"airflow.task.hooks.airflow.providers.apache.spark.hooks.spark_submit.SparkSubmitHook"}
{"timestamp":"2025-07-13T04:44:20.266273","level":"info","event":"Traceback (most recent call last):","logger":"airflow.task.hooks.airflow.providers.apache.spark.hooks.spark_submit.SparkSubmitHook"}
{"timestamp":"2025-07-13T04:44:20.266466","level":"info","event":"File \"/opt/spark-jobs/spark_job.py\", line 63, in <module>","logger":"airflow.task.hooks.airflow.providers.apache.spark.hooks.spark_submit.SparkSubmitHook"}
{"timestamp":"2025-07-13T04:44:20.273736","level":"info","event":"main()","logger":"airflow.task.hooks.airflow.providers.apache.spark.hooks.spark_submit.SparkSubmitHook"}
{"timestamp":"2025-07-13T04:44:20.273975","level":"info","event":"File \"/opt/spark-jobs/spark_job.py\", line 44, in main","logger":"airflow.task.hooks.airflow.providers.apache.spark.hooks.spark_submit.SparkSubmitHook"}
{"timestamp":"2025-07-13T04:44:20.279676","level":"info","event":"df = spark.read.parquet(INPUT_PATH)","logger":"airflow.task.hooks.airflow.providers.apache.spark.hooks.spark_submit.SparkSubmitHook"}
{"timestamp":"2025-07-13T04:44:20.279858","level":"info","event":"^^^^^^^^^^^^^^^^^^^^^^^^^^^^^^","logger":"airflow.task.hooks.airflow.providers.apache.spark.hooks.spark_submit.SparkSubmitHook"}
{"timestamp":"2025-07-13T04:44:20.279935","level":"info","event":"File \"/home/airflow/.local/lib/python3.12/site-packages/pyspark/python/lib/pyspark.zip/pyspark/sql/readwriter.py\", line 544, in parquet","logger":"airflow.task.hooks.airflow.providers.apache.spark.hooks.spark_submit.SparkSubmitHook"}
{"timestamp":"2025-07-13T04:44:20.280021","level":"info","event":"File \"/home/airflow/.local/lib/python3.12/site-packages/pyspark/python/lib/py4j-0.10.9.7-src.zip/py4j/java_gateway.py\", line 1322, in __call__","logger":"airflow.task.hooks.airflow.providers.apache.spark.hooks.spark_submit.SparkSubmitHook"}
{"timestamp":"2025-07-13T04:44:20.280429","level":"info","event":"File \"/home/airflow/.local/lib/python3.12/site-packages/pyspark/python/lib/pyspark.zip/pyspark/errors/exceptions/captured.py\", line 179, in deco","logger":"airflow.task.hooks.airflow.providers.apache.spark.hooks.spark_submit.SparkSubmitHook"}
{"timestamp":"2025-07-13T04:44:20.281094","level":"info","event":"File \"/home/airflow/.local/lib/python3.12/site-packages/pyspark/python/lib/py4j-0.10.9.7-src.zip/py4j/protocol.py\", line 326, in get_return_value","logger":"airflow.task.hooks.airflow.providers.apache.spark.hooks.spark_submit.SparkSubmitHook"}
{"timestamp":"2025-07-13T04:44:20.283166","level":"info","event":"py4j.protocol.Py4JJavaError: An error occurred while calling o40.parquet.","logger":"airflow.task.hooks.airflow.providers.apache.spark.hooks.spark_submit.SparkSubmitHook"}
{"timestamp":"2025-07-13T04:44:20.283379","level":"info","event":": java.lang.RuntimeException: java.lang.ClassNotFoundException: Class org.apache.hadoop.fs.s3a.S3AFileSystem not found","logger":"airflow.task.hooks.airflow.providers.apache.spark.hooks.spark_submit.SparkSubmitHook"}
{"timestamp":"2025-07-13T04:44:20.283489","level":"info","event":"at org.apache.hadoop.conf.Configuration.getClass(Configuration.java:2688)","logger":"airflow.task.hooks.airflow.providers.apache.spark.hooks.spark_submit.SparkSubmitHook"}
{"timestamp":"2025-07-13T04:44:20.283581","level":"info","event":"at org.apache.hadoop.fs.FileSystem.getFileSystemClass(FileSystem.java:3431)","logger":"airflow.task.hooks.airflow.providers.apache.spark.hooks.spark_submit.SparkSubmitHook"}
{"timestamp":"2025-07-13T04:44:20.283668","level":"info","event":"at org.apache.hadoop.fs.FileSystem.createFileSystem(FileSystem.java:3466)","logger":"airflow.task.hooks.airflow.providers.apache.spark.hooks.spark_submit.SparkSubmitHook"}
{"timestamp":"2025-07-13T04:44:20.283764","level":"info","event":"at org.apache.hadoop.fs.FileSystem.access$300(FileSystem.java:174)","logger":"airflow.task.hooks.airflow.providers.apache.spark.hooks.spark_submit.SparkSubmitHook"}
{"timestamp":"2025-07-13T04:44:20.283858","level":"info","event":"at org.apache.hadoop.fs.FileSystem$Cache.getInternal(FileSystem.java:3574)","logger":"airflow.task.hooks.airflow.providers.apache.spark.hooks.spark_submit.SparkSubmitHook"}
{"timestamp":"2025-07-13T04:44:20.283950","level":"info","event":"at org.apache.hadoop.fs.FileSystem$Cache.get(FileSystem.java:3521)","logger":"airflow.task.hooks.airflow.providers.apache.spark.hooks.spark_submit.SparkSubmitHook"}
{"timestamp":"2025-07-13T04:44:20.284043","level":"info","event":"at org.apache.hadoop.fs.FileSystem.get(FileSystem.java:540)","logger":"airflow.task.hooks.airflow.providers.apache.spark.hooks.spark_submit.SparkSubmitHook"}
{"timestamp":"2025-07-13T04:44:20.284297","level":"info","event":"at org.apache.hadoop.fs.Path.getFileSystem(Path.java:365)","logger":"airflow.task.hooks.airflow.providers.apache.spark.hooks.spark_submit.SparkSubmitHook"}
{"timestamp":"2025-07-13T04:44:20.284430","level":"info","event":"at org.apache.spark.sql.execution.datasources.DataSource$.$anonfun$checkAndGlobPathIfNecessary$1(DataSource.scala:724)","logger":"airflow.task.hooks.airflow.providers.apache.spark.hooks.spark_submit.SparkSubmitHook"}
{"timestamp":"2025-07-13T04:44:20.284537","level":"info","event":"at scala.collection.immutable.List.map(List.scala:293)","logger":"airflow.task.hooks.airflow.providers.apache.spark.hooks.spark_submit.SparkSubmitHook"}
{"timestamp":"2025-07-13T04:44:20.284632","level":"info","event":"at org.apache.spark.sql.execution.datasources.DataSource$.checkAndGlobPathIfNecessary(DataSource.scala:722)","logger":"airflow.task.hooks.airflow.providers.apache.spark.hooks.spark_submit.SparkSubmitHook"}
{"timestamp":"2025-07-13T04:44:20.284808","level":"info","event":"at org.apache.spark.sql.execution.datasources.DataSource.checkAndGlobPathIfNecessary(DataSource.scala:551)","logger":"airflow.task.hooks.airflow.providers.apache.spark.hooks.spark_submit.SparkSubmitHook"}
{"timestamp":"2025-07-13T04:44:20.284916","level":"info","event":"at org.apache.spark.sql.execution.datasources.DataSource.resolveRelation(DataSource.scala:404)","logger":"airflow.task.hooks.airflow.providers.apache.spark.hooks.spark_submit.SparkSubmitHook"}
{"timestamp":"2025-07-13T04:44:20.285012","level":"info","event":"at org.apache.spark.sql.DataFrameReader.loadV1Source(DataFrameReader.scala:229)","logger":"airflow.task.hooks.airflow.providers.apache.spark.hooks.spark_submit.SparkSubmitHook"}
{"timestamp":"2025-07-13T04:44:20.285102","level":"info","event":"at org.apache.spark.sql.DataFrameReader.$anonfun$load$2(DataFrameReader.scala:211)","logger":"airflow.task.hooks.airflow.providers.apache.spark.hooks.spark_submit.SparkSubmitHook"}
{"timestamp":"2025-07-13T04:44:20.285192","level":"info","event":"at scala.Option.getOrElse(Option.scala:189)","logger":"airflow.task.hooks.airflow.providers.apache.spark.hooks.spark_submit.SparkSubmitHook"}
{"timestamp":"2025-07-13T04:44:20.285280","level":"info","event":"at org.apache.spark.sql.DataFrameReader.load(DataFrameReader.scala:211)","logger":"airflow.task.hooks.airflow.providers.apache.spark.hooks.spark_submit.SparkSubmitHook"}
{"timestamp":"2025-07-13T04:44:20.285365","level":"info","event":"at org.apache.spark.sql.DataFrameReader.parquet(DataFrameReader.scala:563)","logger":"airflow.task.hooks.airflow.providers.apache.spark.hooks.spark_submit.SparkSubmitHook"}
{"timestamp":"2025-07-13T04:44:20.285450","level":"info","event":"at java.base/jdk.internal.reflect.NativeMethodAccessorImpl.invoke0(Native Method)","logger":"airflow.task.hooks.airflow.providers.apache.spark.hooks.spark_submit.SparkSubmitHook"}
{"timestamp":"2025-07-13T04:44:20.285533","level":"info","event":"at java.base/jdk.internal.reflect.NativeMethodAccessorImpl.invoke(NativeMethodAccessorImpl.java:77)","logger":"airflow.task.hooks.airflow.providers.apache.spark.hooks.spark_submit.SparkSubmitHook"}
{"timestamp":"2025-07-13T04:44:20.285619","level":"info","event":"at java.base/jdk.internal.reflect.DelegatingMethodAccessorImpl.invoke(DelegatingMethodAccessorImpl.java:43)","logger":"airflow.task.hooks.airflow.providers.apache.spark.hooks.spark_submit.SparkSubmitHook"}
{"timestamp":"2025-07-13T04:44:20.285702","level":"info","event":"at java.base/java.lang.reflect.Method.invoke(Method.java:569)","logger":"airflow.task.hooks.airflow.providers.apache.spark.hooks.spark_submit.SparkSubmitHook"}
{"timestamp":"2025-07-13T04:44:20.285785","level":"info","event":"at py4j.reflection.MethodInvoker.invoke(MethodInvoker.java:244)","logger":"airflow.task.hooks.airflow.providers.apache.spark.hooks.spark_submit.SparkSubmitHook"}
{"timestamp":"2025-07-13T04:44:20.285889","level":"info","event":"at py4j.reflection.ReflectionEngine.invoke(ReflectionEngine.java:374)","logger":"airflow.task.hooks.airflow.providers.apache.spark.hooks.spark_submit.SparkSubmitHook"}
{"timestamp":"2025-07-13T04:44:20.285937","level":"info","event":"at py4j.Gateway.invoke(Gateway.java:282)","logger":"airflow.task.hooks.airflow.providers.apache.spark.hooks.spark_submit.SparkSubmitHook"}
{"timestamp":"2025-07-13T04:44:20.285978","level":"info","event":"at py4j.commands.AbstractCommand.invokeMethod(AbstractCommand.java:132)","logger":"airflow.task.hooks.airflow.providers.apache.spark.hooks.spark_submit.SparkSubmitHook"}
{"timestamp":"2025-07-13T04:44:20.286017","level":"info","event":"at py4j.commands.CallCommand.execute(CallCommand.java:79)","logger":"airflow.task.hooks.airflow.providers.apache.spark.hooks.spark_submit.SparkSubmitHook"}
{"timestamp":"2025-07-13T04:44:20.286056","level":"info","event":"at py4j.ClientServerConnection.waitForCommands(ClientServerConnection.java:182)","logger":"airflow.task.hooks.airflow.providers.apache.spark.hooks.spark_submit.SparkSubmitHook"}
{"timestamp":"2025-07-13T04:44:20.286096","level":"info","event":"at py4j.ClientServerConnection.run(ClientServerConnection.java:106)","logger":"airflow.task.hooks.airflow.providers.apache.spark.hooks.spark_submit.SparkSubmitHook"}
{"timestamp":"2025-07-13T04:44:20.286134","level":"info","event":"at java.base/java.lang.Thread.run(Thread.java:840)","logger":"airflow.task.hooks.airflow.providers.apache.spark.hooks.spark_submit.SparkSubmitHook"}
{"timestamp":"2025-07-13T04:44:20.286174","level":"info","event":"Caused by: java.lang.ClassNotFoundException: Class org.apache.hadoop.fs.s3a.S3AFileSystem not found","logger":"airflow.task.hooks.airflow.providers.apache.spark.hooks.spark_submit.SparkSubmitHook"}
{"timestamp":"2025-07-13T04:44:20.286212","level":"info","event":"at org.apache.hadoop.conf.Configuration.getClassByName(Configuration.java:2592)","logger":"airflow.task.hooks.airflow.providers.apache.spark.hooks.spark_submit.SparkSubmitHook"}
{"timestamp":"2025-07-13T04:44:20.286260","level":"info","event":"at org.apache.hadoop.conf.Configuration.getClass(Configuration.java:2686)","logger":"airflow.task.hooks.airflow.providers.apache.spark.hooks.spark_submit.SparkSubmitHook"}
{"timestamp":"2025-07-13T04:44:20.286318","level":"info","event":"... 29 more","logger":"airflow.task.hooks.airflow.providers.apache.spark.hooks.spark_submit.SparkSubmitHook"}
{"timestamp":"2025-07-13T04:44:20.286386","level":"info","event":"","logger":"airflow.task.hooks.airflow.providers.apache.spark.hooks.spark_submit.SparkSubmitHook"}
{"timestamp":"2025-07-13T04:44:20.286453","level":"info","event":"INFO:py4j.clientserver:Closing down clientserver connection","logger":"airflow.task.hooks.airflow.providers.apache.spark.hooks.spark_submit.SparkSubmitHook"}
{"timestamp":"2025-07-13T04:44:20.365185","level":"info","event":"25/07/13 04:44:20 INFO ShutdownHookManager: Shutdown hook called","logger":"airflow.task.hooks.airflow.providers.apache.spark.hooks.spark_submit.SparkSubmitHook"}
{"timestamp":"2025-07-13T04:44:20.365831","level":"info","event":"25/07/13 04:44:20 INFO ShutdownHookManager: Deleting directory /tmp/spark-920d5ebd-2a93-4bd6-a144-98e3d7b9250d/pyspark-80fa3405-726b-4ef0-a5f9-324bfa0a3328","logger":"airflow.task.hooks.airflow.providers.apache.spark.hooks.spark_submit.SparkSubmitHook"}
{"timestamp":"2025-07-13T04:44:20.372456","level":"info","event":"25/07/13 04:44:20 INFO ShutdownHookManager: Deleting directory /tmp/spark-920d5ebd-2a93-4bd6-a144-98e3d7b9250d","logger":"airflow.task.hooks.airflow.providers.apache.spark.hooks.spark_submit.SparkSubmitHook"}
{"timestamp":"2025-07-13T04:44:20.379889","level":"info","event":"25/07/13 04:44:20 INFO ShutdownHookManager: Deleting directory /tmp/spark-5701909b-c662-4f19-af46-654370c35c75","logger":"airflow.task.hooks.airflow.providers.apache.spark.hooks.spark_submit.SparkSubmitHook"}
{"timestamp":"2025-07-13T04:44:20.426063","level":"error","event":"Task failed with exception","logger":"task","error_detail":[{"exc_type":"AirflowException","exc_value":"Cannot execute: spark-submit --master spark-master:7077 --conf spark.master=spark://spark-master:7077 --conf spark.submit.deployMode=client --conf spark.executor.memory=2g --conf spark.driver.memory=1g --conf spark.executor.cores=2 --executor-cores 2 --executor-memory 2g --driver-memory 1g --name minio_processing_job --verbose /opt/spark-jobs/spark_job.py. Error code is: 1.","exc_notes":[],"syntax_error":null,"is_cause":false,"frames":[{"filename":"/home/airflow/.local/lib/python3.12/site-packages/airflow/sdk/execution_time/task_runner.py","lineno":867,"name":"run"},{"filename":"/home/airflow/.local/lib/python3.12/site-packages/airflow/sdk/execution_time/task_runner.py","lineno":1159,"name":"_execute_task"},{"filename":"/home/airflow/.local/lib/python3.12/site-packages/airflow/sdk/bases/operator.py","lineno":397,"name":"wrapper"},{"filename":"/home/airflow/.local/lib/python3.12/site-packages/airflow/providers/apache/spark/operators/spark_submit.py","lineno":197,"name":"execute"},{"filename":"/home/airflow/.local/lib/python3.12/site-packages/airflow/providers/apache/spark/hooks/spark_submit.py","lineno":566,"name":"submit"}],"is_group":false,"exceptions":[]}]}
